<?xml version="1.0" encoding="UTF-8"?>
<testsuite xmlns:xsi="http://www.w3.org/2001/XMLSchema-instance" xsi:noNamespaceSchemaLocation="https://maven.apache.org/surefire/maven-surefire-plugin/xsd/surefire-test-report-3.0.xsd" version="3.0" name="com.api.automation.postrequest.TestPostRunner" time="0.65" tests="7" errors="0" skipped="0" failures="1">
  <properties>
    <property name="java.specification.version" value="16"/>
    <property name="sun.jnu.encoding" value="UTF-8"/>
    <property name="java.class.path" value="/Users/jaredsalinas/IdeaProjects/KarateFrameworkTest/target/test-classes:/Users/jaredsalinas/IdeaProjects/KarateFrameworkTest/target/classes:/Users/jaredsalinas/.m2/repository/com/intuit/karate/karate-junit5/1.4.1/karate-junit5-1.4.1.jar:/Users/jaredsalinas/.m2/repository/com/intuit/karate/karate-core/1.4.1/karate-core-1.4.1.jar:/Users/jaredsalinas/.m2/repository/org/graalvm/js/js-scriptengine/22.3.3/js-scriptengine-22.3.3.jar:/Users/jaredsalinas/.m2/repository/org/graalvm/sdk/graal-sdk/22.3.3/graal-sdk-22.3.3.jar:/Users/jaredsalinas/.m2/repository/org/graalvm/js/js/22.3.3/js-22.3.3.jar:/Users/jaredsalinas/.m2/repository/org/graalvm/regex/regex/22.3.3/regex-22.3.3.jar:/Users/jaredsalinas/.m2/repository/org/graalvm/truffle/truffle-api/22.3.3/truffle-api-22.3.3.jar:/Users/jaredsalinas/.m2/repository/com/ibm/icu/icu4j/71.1/icu4j-71.1.jar:/Users/jaredsalinas/.m2/repository/org/thymeleaf/thymeleaf/3.1.2.RELEASE/thymeleaf-3.1.2.RELEASE.jar:/Users/jaredsalinas/.m2/repository/ognl/ognl/3.3.4/ognl-3.3.4.jar:/Users/jaredsalinas/.m2/repository/org/javassist/javassist/3.29.0-GA/javassist-3.29.0-GA.jar:/Users/jaredsalinas/.m2/repository/org/attoparser/attoparser/2.0.7.RELEASE/attoparser-2.0.7.RELEASE.jar:/Users/jaredsalinas/.m2/repository/org/unbescape/unbescape/1.1.6.RELEASE/unbescape-1.1.6.RELEASE.jar:/Users/jaredsalinas/.m2/repository/org/slf4j/slf4j-api/2.0.7/slf4j-api-2.0.7.jar:/Users/jaredsalinas/.m2/repository/com/linecorp/armeria/armeria/1.25.2/armeria-1.25.2.jar:/Users/jaredsalinas/.m2/repository/com/fasterxml/jackson/core/jackson-core/2.15.2/jackson-core-2.15.2.jar:/Users/jaredsalinas/.m2/repository/com/fasterxml/jackson/core/jackson-annotations/2.15.2/jackson-annotations-2.15.2.jar:/Users/jaredsalinas/.m2/repository/com/fasterxml/jackson/core/jackson-databind/2.15.2/jackson-databind-2.15.2.jar:/Users/jaredsalinas/.m2/repository/com/fasterxml/jackson/datatype/jackson-datatype-jdk8/2.15.2/jackson-datatype-jdk8-2.15.2.jar:/Users/jaredsalinas/.m2/repository/com/fasterxml/jackson/datatype/jackson-datatype-jsr310/2.15.2/jackson-datatype-jsr310-2.15.2.jar:/Users/jaredsalinas/.m2/repository/io/micrometer/micrometer-core/1.11.3/micrometer-core-1.11.3.jar:/Users/jaredsalinas/.m2/repository/io/micrometer/micrometer-commons/1.11.3/micrometer-commons-1.11.3.jar:/Users/jaredsalinas/.m2/repository/io/micrometer/micrometer-observation/1.11.3/micrometer-observation-1.11.3.jar:/Users/jaredsalinas/.m2/repository/org/hdrhistogram/HdrHistogram/2.1.12/HdrHistogram-2.1.12.jar:/Users/jaredsalinas/.m2/repository/org/latencyutils/LatencyUtils/2.0.3/LatencyUtils-2.0.3.jar:/Users/jaredsalinas/.m2/repository/io/netty/netty-transport/4.1.96.Final/netty-transport-4.1.96.Final.jar:/Users/jaredsalinas/.m2/repository/io/netty/netty-common/4.1.96.Final/netty-common-4.1.96.Final.jar:/Users/jaredsalinas/.m2/repository/io/netty/netty-buffer/4.1.96.Final/netty-buffer-4.1.96.Final.jar:/Users/jaredsalinas/.m2/repository/io/netty/netty-resolver/4.1.96.Final/netty-resolver-4.1.96.Final.jar:/Users/jaredsalinas/.m2/repository/io/netty/netty-codec-haproxy/4.1.96.Final/netty-codec-haproxy-4.1.96.Final.jar:/Users/jaredsalinas/.m2/repository/io/netty/netty-codec/4.1.96.Final/netty-codec-4.1.96.Final.jar:/Users/jaredsalinas/.m2/repository/io/netty/netty-codec-http2/4.1.96.Final/netty-codec-http2-4.1.96.Final.jar:/Users/jaredsalinas/.m2/repository/io/netty/netty-handler/4.1.96.Final/netty-handler-4.1.96.Final.jar:/Users/jaredsalinas/.m2/repository/io/netty/netty-codec-http/4.1.96.Final/netty-codec-http-4.1.96.Final.jar:/Users/jaredsalinas/.m2/repository/io/netty/netty-resolver-dns/4.1.96.Final/netty-resolver-dns-4.1.96.Final.jar:/Users/jaredsalinas/.m2/repository/io/netty/netty-codec-dns/4.1.96.Final/netty-codec-dns-4.1.96.Final.jar:/Users/jaredsalinas/.m2/repository/org/reactivestreams/reactive-streams/1.0.4/reactive-streams-1.0.4.jar:/Users/jaredsalinas/.m2/repository/com/google/code/findbugs/jsr305/3.0.2/jsr305-3.0.2.jar:/Users/jaredsalinas/.m2/repository/io/netty/netty-handler-proxy/4.1.96.Final/netty-handler-proxy-4.1.96.Final.jar:/Users/jaredsalinas/.m2/repository/io/netty/netty-codec-socks/4.1.96.Final/netty-codec-socks-4.1.96.Final.jar:/Users/jaredsalinas/.m2/repository/io/netty/netty-transport-native-unix-common/4.1.96.Final/netty-transport-native-unix-common-4.1.96.Final-linux-x86_64.jar:/Users/jaredsalinas/.m2/repository/io/netty/netty-transport-native-epoll/4.1.96.Final/netty-transport-native-epoll-4.1.96.Final-linux-x86_64.jar:/Users/jaredsalinas/.m2/repository/io/netty/netty-transport-native-unix-common/4.1.96.Final/netty-transport-native-unix-common-4.1.96.Final.jar:/Users/jaredsalinas/.m2/repository/io/netty/netty-transport-classes-epoll/4.1.96.Final/netty-transport-classes-epoll-4.1.96.Final.jar:/Users/jaredsalinas/.m2/repository/io/netty/netty-transport-native-unix-common/4.1.96.Final/netty-transport-native-unix-common-4.1.96.Final-linux-aarch_64.jar:/Users/jaredsalinas/.m2/repository/io/netty/netty-transport-native-epoll/4.1.96.Final/netty-transport-native-epoll-4.1.96.Final-linux-aarch_64.jar:/Users/jaredsalinas/.m2/repository/io/netty/netty-transport-native-unix-common/4.1.96.Final/netty-transport-native-unix-common-4.1.96.Final-osx-x86_64.jar:/Users/jaredsalinas/.m2/repository/io/netty/netty-transport-native-kqueue/4.1.96.Final/netty-transport-native-kqueue-4.1.96.Final-osx-x86_64.jar:/Users/jaredsalinas/.m2/repository/io/netty/netty-transport-classes-kqueue/4.1.96.Final/netty-transport-classes-kqueue-4.1.96.Final.jar:/Users/jaredsalinas/.m2/repository/io/netty/netty-resolver-dns-native-macos/4.1.96.Final/netty-resolver-dns-native-macos-4.1.96.Final-osx-x86_64.jar:/Users/jaredsalinas/.m2/repository/io/netty/netty-resolver-dns-classes-macos/4.1.96.Final/netty-resolver-dns-classes-macos-4.1.96.Final.jar:/Users/jaredsalinas/.m2/repository/io/netty/netty-transport-native-unix-common/4.1.96.Final/netty-transport-native-unix-common-4.1.96.Final-osx-aarch_64.jar:/Users/jaredsalinas/.m2/repository/io/netty/netty-transport-native-kqueue/4.1.96.Final/netty-transport-native-kqueue-4.1.96.Final-osx-aarch_64.jar:/Users/jaredsalinas/.m2/repository/io/netty/netty-resolver-dns-native-macos/4.1.96.Final/netty-resolver-dns-native-macos-4.1.96.Final-osx-aarch_64.jar:/Users/jaredsalinas/.m2/repository/io/netty/netty-tcnative-boringssl-static/2.0.61.Final/netty-tcnative-boringssl-static-2.0.61.Final-linux-x86_64.jar:/Users/jaredsalinas/.m2/repository/io/netty/netty-tcnative-classes/2.0.61.Final/netty-tcnative-classes-2.0.61.Final.jar:/Users/jaredsalinas/.m2/repository/io/netty/netty-tcnative-boringssl-static/2.0.61.Final/netty-tcnative-boringssl-static-2.0.61.Final-linux-aarch_64.jar:/Users/jaredsalinas/.m2/repository/io/netty/netty-tcnative-boringssl-static/2.0.61.Final/netty-tcnative-boringssl-static-2.0.61.Final-osx-x86_64.jar:/Users/jaredsalinas/.m2/repository/io/netty/netty-tcnative-boringssl-static/2.0.61.Final/netty-tcnative-boringssl-static-2.0.61.Final-osx-aarch_64.jar:/Users/jaredsalinas/.m2/repository/io/netty/netty-tcnative-boringssl-static/2.0.61.Final/netty-tcnative-boringssl-static-2.0.61.Final-windows-x86_64.jar:/Users/jaredsalinas/.m2/repository/com/aayushatharva/brotli4j/brotli4j/1.12.0/brotli4j-1.12.0.jar:/Users/jaredsalinas/.m2/repository/com/aayushatharva/brotli4j/service/1.12.0/service-1.12.0.jar:/Users/jaredsalinas/.m2/repository/com/aayushatharva/brotli4j/native-osx-x86_64/1.12.0/native-osx-x86_64-1.12.0.jar:/Users/jaredsalinas/.m2/repository/org/apache/httpcomponents/httpclient/4.5.14/httpclient-4.5.14.jar:/Users/jaredsalinas/.m2/repository/org/apache/httpcomponents/httpcore/4.4.16/httpcore-4.4.16.jar:/Users/jaredsalinas/.m2/repository/commons-codec/commons-codec/1.16.0/commons-codec-1.16.0.jar:/Users/jaredsalinas/.m2/repository/ch/qos/logback/logback-classic/1.4.11/logback-classic-1.4.11.jar:/Users/jaredsalinas/.m2/repository/ch/qos/logback/logback-core/1.4.11/logback-core-1.4.11.jar:/Users/jaredsalinas/.m2/repository/org/slf4j/jcl-over-slf4j/2.0.9/jcl-over-slf4j-2.0.9.jar:/Users/jaredsalinas/.m2/repository/org/antlr/antlr4-runtime/4.11.1/antlr4-runtime-4.11.1.jar:/Users/jaredsalinas/.m2/repository/com/jayway/jsonpath/json-path/2.8.0/json-path-2.8.0.jar:/Users/jaredsalinas/.m2/repository/net/minidev/json-smart/2.4.10/json-smart-2.4.10.jar:/Users/jaredsalinas/.m2/repository/net/minidev/accessors-smart/2.4.9/accessors-smart-2.4.9.jar:/Users/jaredsalinas/.m2/repository/org/ow2/asm/asm/9.3/asm-9.3.jar:/Users/jaredsalinas/.m2/repository/org/yaml/snakeyaml/2.0/snakeyaml-2.0.jar:/Users/jaredsalinas/.m2/repository/de/siegmar/fastcsv/2.2.1/fastcsv-2.2.1.jar:/Users/jaredsalinas/.m2/repository/info/picocli/picocli/4.7.1/picocli-4.7.1.jar:/Users/jaredsalinas/.m2/repository/io/github/classgraph/classgraph/4.8.160/classgraph-4.8.160.jar:/Users/jaredsalinas/.m2/repository/io/github/t12y/resemble/1.0.2/resemble-1.0.2.jar:/Users/jaredsalinas/.m2/repository/io/github/t12y/ssim/1.0.0/ssim-1.0.0.jar:/Users/jaredsalinas/.m2/repository/org/junit/jupiter/junit-jupiter-api/5.9.3/junit-jupiter-api-5.9.3.jar:/Users/jaredsalinas/.m2/repository/org/opentest4j/opentest4j/1.2.0/opentest4j-1.2.0.jar:/Users/jaredsalinas/.m2/repository/org/junit/platform/junit-platform-commons/1.9.3/junit-platform-commons-1.9.3.jar:/Users/jaredsalinas/.m2/repository/org/apiguardian/apiguardian-api/1.1.2/apiguardian-api-1.1.2.jar:/Users/jaredsalinas/.m2/repository/org/junit/jupiter/junit-jupiter-engine/5.9.3/junit-jupiter-engine-5.9.3.jar:/Users/jaredsalinas/.m2/repository/org/junit/platform/junit-platform-engine/1.9.3/junit-platform-engine-1.9.3.jar:"/>
    <property name="java.vm.vendor" value="Oracle Corporation"/>
    <property name="sun.arch.data.model" value="64"/>
    <property name="java.vendor.url" value="https://java.oracle.com/"/>
    <property name="user.timezone" value="America/Mexico_City"/>
    <property name="os.name" value="Mac OS X"/>
    <property name="java.vm.specification.version" value="16"/>
    <property name="sun.java.launcher" value="SUN_STANDARD"/>
    <property name="user.country" value="MX"/>
    <property name="sun.boot.library.path" value="/Library/Java/JavaVirtualMachines/jdk-16.0.1.jdk/Contents/Home/lib"/>
    <property name="sun.java.command" value="/Users/jaredsalinas/IdeaProjects/KarateFrameworkTest/target/surefire/surefirebooter-20240627141931629_3.jar /Users/jaredsalinas/IdeaProjects/KarateFrameworkTest/target/surefire 2024-06-27T14-19-31_277-jvmRun1 surefire-20240627141931629_1tmp surefire_0-20240627141931629_2tmp"/>
    <property name="http.nonProxyHosts" value="local|*.local|169.254/16|*.169.254/16"/>
    <property name="jdk.debug" value="release"/>
    <property name="surefire.test.class.path" value="/Users/jaredsalinas/IdeaProjects/KarateFrameworkTest/target/test-classes:/Users/jaredsalinas/IdeaProjects/KarateFrameworkTest/target/classes:/Users/jaredsalinas/.m2/repository/com/intuit/karate/karate-junit5/1.4.1/karate-junit5-1.4.1.jar:/Users/jaredsalinas/.m2/repository/com/intuit/karate/karate-core/1.4.1/karate-core-1.4.1.jar:/Users/jaredsalinas/.m2/repository/org/graalvm/js/js-scriptengine/22.3.3/js-scriptengine-22.3.3.jar:/Users/jaredsalinas/.m2/repository/org/graalvm/sdk/graal-sdk/22.3.3/graal-sdk-22.3.3.jar:/Users/jaredsalinas/.m2/repository/org/graalvm/js/js/22.3.3/js-22.3.3.jar:/Users/jaredsalinas/.m2/repository/org/graalvm/regex/regex/22.3.3/regex-22.3.3.jar:/Users/jaredsalinas/.m2/repository/org/graalvm/truffle/truffle-api/22.3.3/truffle-api-22.3.3.jar:/Users/jaredsalinas/.m2/repository/com/ibm/icu/icu4j/71.1/icu4j-71.1.jar:/Users/jaredsalinas/.m2/repository/org/thymeleaf/thymeleaf/3.1.2.RELEASE/thymeleaf-3.1.2.RELEASE.jar:/Users/jaredsalinas/.m2/repository/ognl/ognl/3.3.4/ognl-3.3.4.jar:/Users/jaredsalinas/.m2/repository/org/javassist/javassist/3.29.0-GA/javassist-3.29.0-GA.jar:/Users/jaredsalinas/.m2/repository/org/attoparser/attoparser/2.0.7.RELEASE/attoparser-2.0.7.RELEASE.jar:/Users/jaredsalinas/.m2/repository/org/unbescape/unbescape/1.1.6.RELEASE/unbescape-1.1.6.RELEASE.jar:/Users/jaredsalinas/.m2/repository/org/slf4j/slf4j-api/2.0.7/slf4j-api-2.0.7.jar:/Users/jaredsalinas/.m2/repository/com/linecorp/armeria/armeria/1.25.2/armeria-1.25.2.jar:/Users/jaredsalinas/.m2/repository/com/fasterxml/jackson/core/jackson-core/2.15.2/jackson-core-2.15.2.jar:/Users/jaredsalinas/.m2/repository/com/fasterxml/jackson/core/jackson-annotations/2.15.2/jackson-annotations-2.15.2.jar:/Users/jaredsalinas/.m2/repository/com/fasterxml/jackson/core/jackson-databind/2.15.2/jackson-databind-2.15.2.jar:/Users/jaredsalinas/.m2/repository/com/fasterxml/jackson/datatype/jackson-datatype-jdk8/2.15.2/jackson-datatype-jdk8-2.15.2.jar:/Users/jaredsalinas/.m2/repository/com/fasterxml/jackson/datatype/jackson-datatype-jsr310/2.15.2/jackson-datatype-jsr310-2.15.2.jar:/Users/jaredsalinas/.m2/repository/io/micrometer/micrometer-core/1.11.3/micrometer-core-1.11.3.jar:/Users/jaredsalinas/.m2/repository/io/micrometer/micrometer-commons/1.11.3/micrometer-commons-1.11.3.jar:/Users/jaredsalinas/.m2/repository/io/micrometer/micrometer-observation/1.11.3/micrometer-observation-1.11.3.jar:/Users/jaredsalinas/.m2/repository/org/hdrhistogram/HdrHistogram/2.1.12/HdrHistogram-2.1.12.jar:/Users/jaredsalinas/.m2/repository/org/latencyutils/LatencyUtils/2.0.3/LatencyUtils-2.0.3.jar:/Users/jaredsalinas/.m2/repository/io/netty/netty-transport/4.1.96.Final/netty-transport-4.1.96.Final.jar:/Users/jaredsalinas/.m2/repository/io/netty/netty-common/4.1.96.Final/netty-common-4.1.96.Final.jar:/Users/jaredsalinas/.m2/repository/io/netty/netty-buffer/4.1.96.Final/netty-buffer-4.1.96.Final.jar:/Users/jaredsalinas/.m2/repository/io/netty/netty-resolver/4.1.96.Final/netty-resolver-4.1.96.Final.jar:/Users/jaredsalinas/.m2/repository/io/netty/netty-codec-haproxy/4.1.96.Final/netty-codec-haproxy-4.1.96.Final.jar:/Users/jaredsalinas/.m2/repository/io/netty/netty-codec/4.1.96.Final/netty-codec-4.1.96.Final.jar:/Users/jaredsalinas/.m2/repository/io/netty/netty-codec-http2/4.1.96.Final/netty-codec-http2-4.1.96.Final.jar:/Users/jaredsalinas/.m2/repository/io/netty/netty-handler/4.1.96.Final/netty-handler-4.1.96.Final.jar:/Users/jaredsalinas/.m2/repository/io/netty/netty-codec-http/4.1.96.Final/netty-codec-http-4.1.96.Final.jar:/Users/jaredsalinas/.m2/repository/io/netty/netty-resolver-dns/4.1.96.Final/netty-resolver-dns-4.1.96.Final.jar:/Users/jaredsalinas/.m2/repository/io/netty/netty-codec-dns/4.1.96.Final/netty-codec-dns-4.1.96.Final.jar:/Users/jaredsalinas/.m2/repository/org/reactivestreams/reactive-streams/1.0.4/reactive-streams-1.0.4.jar:/Users/jaredsalinas/.m2/repository/com/google/code/findbugs/jsr305/3.0.2/jsr305-3.0.2.jar:/Users/jaredsalinas/.m2/repository/io/netty/netty-handler-proxy/4.1.96.Final/netty-handler-proxy-4.1.96.Final.jar:/Users/jaredsalinas/.m2/repository/io/netty/netty-codec-socks/4.1.96.Final/netty-codec-socks-4.1.96.Final.jar:/Users/jaredsalinas/.m2/repository/io/netty/netty-transport-native-unix-common/4.1.96.Final/netty-transport-native-unix-common-4.1.96.Final-linux-x86_64.jar:/Users/jaredsalinas/.m2/repository/io/netty/netty-transport-native-epoll/4.1.96.Final/netty-transport-native-epoll-4.1.96.Final-linux-x86_64.jar:/Users/jaredsalinas/.m2/repository/io/netty/netty-transport-native-unix-common/4.1.96.Final/netty-transport-native-unix-common-4.1.96.Final.jar:/Users/jaredsalinas/.m2/repository/io/netty/netty-transport-classes-epoll/4.1.96.Final/netty-transport-classes-epoll-4.1.96.Final.jar:/Users/jaredsalinas/.m2/repository/io/netty/netty-transport-native-unix-common/4.1.96.Final/netty-transport-native-unix-common-4.1.96.Final-linux-aarch_64.jar:/Users/jaredsalinas/.m2/repository/io/netty/netty-transport-native-epoll/4.1.96.Final/netty-transport-native-epoll-4.1.96.Final-linux-aarch_64.jar:/Users/jaredsalinas/.m2/repository/io/netty/netty-transport-native-unix-common/4.1.96.Final/netty-transport-native-unix-common-4.1.96.Final-osx-x86_64.jar:/Users/jaredsalinas/.m2/repository/io/netty/netty-transport-native-kqueue/4.1.96.Final/netty-transport-native-kqueue-4.1.96.Final-osx-x86_64.jar:/Users/jaredsalinas/.m2/repository/io/netty/netty-transport-classes-kqueue/4.1.96.Final/netty-transport-classes-kqueue-4.1.96.Final.jar:/Users/jaredsalinas/.m2/repository/io/netty/netty-resolver-dns-native-macos/4.1.96.Final/netty-resolver-dns-native-macos-4.1.96.Final-osx-x86_64.jar:/Users/jaredsalinas/.m2/repository/io/netty/netty-resolver-dns-classes-macos/4.1.96.Final/netty-resolver-dns-classes-macos-4.1.96.Final.jar:/Users/jaredsalinas/.m2/repository/io/netty/netty-transport-native-unix-common/4.1.96.Final/netty-transport-native-unix-common-4.1.96.Final-osx-aarch_64.jar:/Users/jaredsalinas/.m2/repository/io/netty/netty-transport-native-kqueue/4.1.96.Final/netty-transport-native-kqueue-4.1.96.Final-osx-aarch_64.jar:/Users/jaredsalinas/.m2/repository/io/netty/netty-resolver-dns-native-macos/4.1.96.Final/netty-resolver-dns-native-macos-4.1.96.Final-osx-aarch_64.jar:/Users/jaredsalinas/.m2/repository/io/netty/netty-tcnative-boringssl-static/2.0.61.Final/netty-tcnative-boringssl-static-2.0.61.Final-linux-x86_64.jar:/Users/jaredsalinas/.m2/repository/io/netty/netty-tcnative-classes/2.0.61.Final/netty-tcnative-classes-2.0.61.Final.jar:/Users/jaredsalinas/.m2/repository/io/netty/netty-tcnative-boringssl-static/2.0.61.Final/netty-tcnative-boringssl-static-2.0.61.Final-linux-aarch_64.jar:/Users/jaredsalinas/.m2/repository/io/netty/netty-tcnative-boringssl-static/2.0.61.Final/netty-tcnative-boringssl-static-2.0.61.Final-osx-x86_64.jar:/Users/jaredsalinas/.m2/repository/io/netty/netty-tcnative-boringssl-static/2.0.61.Final/netty-tcnative-boringssl-static-2.0.61.Final-osx-aarch_64.jar:/Users/jaredsalinas/.m2/repository/io/netty/netty-tcnative-boringssl-static/2.0.61.Final/netty-tcnative-boringssl-static-2.0.61.Final-windows-x86_64.jar:/Users/jaredsalinas/.m2/repository/com/aayushatharva/brotli4j/brotli4j/1.12.0/brotli4j-1.12.0.jar:/Users/jaredsalinas/.m2/repository/com/aayushatharva/brotli4j/service/1.12.0/service-1.12.0.jar:/Users/jaredsalinas/.m2/repository/com/aayushatharva/brotli4j/native-osx-x86_64/1.12.0/native-osx-x86_64-1.12.0.jar:/Users/jaredsalinas/.m2/repository/org/apache/httpcomponents/httpclient/4.5.14/httpclient-4.5.14.jar:/Users/jaredsalinas/.m2/repository/org/apache/httpcomponents/httpcore/4.4.16/httpcore-4.4.16.jar:/Users/jaredsalinas/.m2/repository/commons-codec/commons-codec/1.16.0/commons-codec-1.16.0.jar:/Users/jaredsalinas/.m2/repository/ch/qos/logback/logback-classic/1.4.11/logback-classic-1.4.11.jar:/Users/jaredsalinas/.m2/repository/ch/qos/logback/logback-core/1.4.11/logback-core-1.4.11.jar:/Users/jaredsalinas/.m2/repository/org/slf4j/jcl-over-slf4j/2.0.9/jcl-over-slf4j-2.0.9.jar:/Users/jaredsalinas/.m2/repository/org/antlr/antlr4-runtime/4.11.1/antlr4-runtime-4.11.1.jar:/Users/jaredsalinas/.m2/repository/com/jayway/jsonpath/json-path/2.8.0/json-path-2.8.0.jar:/Users/jaredsalinas/.m2/repository/net/minidev/json-smart/2.4.10/json-smart-2.4.10.jar:/Users/jaredsalinas/.m2/repository/net/minidev/accessors-smart/2.4.9/accessors-smart-2.4.9.jar:/Users/jaredsalinas/.m2/repository/org/ow2/asm/asm/9.3/asm-9.3.jar:/Users/jaredsalinas/.m2/repository/org/yaml/snakeyaml/2.0/snakeyaml-2.0.jar:/Users/jaredsalinas/.m2/repository/de/siegmar/fastcsv/2.2.1/fastcsv-2.2.1.jar:/Users/jaredsalinas/.m2/repository/info/picocli/picocli/4.7.1/picocli-4.7.1.jar:/Users/jaredsalinas/.m2/repository/io/github/classgraph/classgraph/4.8.160/classgraph-4.8.160.jar:/Users/jaredsalinas/.m2/repository/io/github/t12y/resemble/1.0.2/resemble-1.0.2.jar:/Users/jaredsalinas/.m2/repository/io/github/t12y/ssim/1.0.0/ssim-1.0.0.jar:/Users/jaredsalinas/.m2/repository/org/junit/jupiter/junit-jupiter-api/5.9.3/junit-jupiter-api-5.9.3.jar:/Users/jaredsalinas/.m2/repository/org/opentest4j/opentest4j/1.2.0/opentest4j-1.2.0.jar:/Users/jaredsalinas/.m2/repository/org/junit/platform/junit-platform-commons/1.9.3/junit-platform-commons-1.9.3.jar:/Users/jaredsalinas/.m2/repository/org/apiguardian/apiguardian-api/1.1.2/apiguardian-api-1.1.2.jar:/Users/jaredsalinas/.m2/repository/org/junit/jupiter/junit-jupiter-engine/5.9.3/junit-jupiter-engine-5.9.3.jar:/Users/jaredsalinas/.m2/repository/org/junit/platform/junit-platform-engine/1.9.3/junit-platform-engine-1.9.3.jar:"/>
    <property name="sun.cpu.endian" value="little"/>
    <property name="user.home" value="/Users/jaredsalinas"/>
    <property name="user.language" value="en"/>
    <property name="java.specification.vendor" value="Oracle Corporation"/>
    <property name="java.version.date" value="2021-04-20"/>
    <property name="java.home" value="/Library/Java/JavaVirtualMachines/jdk-16.0.1.jdk/Contents/Home"/>
    <property name="file.separator" value="/"/>
    <property name="basedir" value="/Users/jaredsalinas/IdeaProjects/KarateFrameworkTest"/>
    <property name="java.vm.compressedOopsMode" value="Zero based"/>
    <property name="line.separator" value="&#10;"/>
    <property name="java.specification.name" value="Java Platform API Specification"/>
    <property name="java.vm.specification.vendor" value="Oracle Corporation"/>
    <property name="surefire.real.class.path" value="/Users/jaredsalinas/IdeaProjects/KarateFrameworkTest/target/surefire/surefirebooter-20240627141931629_3.jar"/>
    <property name="sun.management.compiler" value="HotSpot 64-Bit Tiered Compilers"/>
    <property name="ftp.nonProxyHosts" value="local|*.local|169.254/16|*.169.254/16"/>
    <property name="java.runtime.version" value="16.0.1+9-24"/>
    <property name="user.name" value="jaredsalinas"/>
    <property name="path.separator" value=":"/>
    <property name="os.version" value="11.4"/>
    <property name="java.runtime.name" value="Java(TM) SE Runtime Environment"/>
    <property name="file.encoding" value="UTF-8"/>
    <property name="java.vm.name" value="Java HotSpot(TM) 64-Bit Server VM"/>
    <property name="localRepository" value="/Users/jaredsalinas/.m2/repository"/>
    <property name="java.vendor.url.bug" value="https://bugreport.java.com/bugreport/"/>
    <property name="java.io.tmpdir" value="/var/folders/wm/kc35rbg56t32llzjx6yh6d_40000gn/T/"/>
    <property name="java.version" value="16.0.1"/>
    <property name="user.dir" value="/Users/jaredsalinas/IdeaProjects/KarateFrameworkTest"/>
    <property name="os.arch" value="x86_64"/>
    <property name="java.vm.specification.name" value="Java Virtual Machine Specification"/>
    <property name="java.library.path" value="/Users/jaredsalinas/Library/Java/Extensions:/Library/Java/Extensions:/Network/Library/Java/Extensions:/System/Library/Java/Extensions:/usr/lib/java:."/>
    <property name="java.vm.info" value="mixed mode, sharing"/>
    <property name="java.vendor" value="Oracle Corporation"/>
    <property name="java.vm.version" value="16.0.1+9-24"/>
    <property name="sun.io.unicode.encoding" value="UnicodeBig"/>
    <property name="socksNonProxyHosts" value="local|*.local|169.254/16|*.169.254/16"/>
    <property name="java.class.version" value="60.0"/>
  </properties>
  <testcase name="[1:8] To create the job entry in JSON format" classname="com/api/automation/postrequest/createJobEntry" time="0.02">
    <system-out><![CDATA[14:19:47.023 [main] DEBUG com.intuit.karate.Suite - [config] classpath:karate-config.js
14:19:47.030 [main] INFO  com.intuit.karate - karate.env system property was: null 
14:19:47.035 [main] DEBUG com.intuit.karate - request:
1 > POST http://localhost:9897/normal/webapi/add
1 > Accept: application/json
1 > Content-Type: application/json; charset=UTF-8
1 > Content-Length: 175
1 > Host: localhost:9897
1 > Connection: Keep-Alive
1 > User-Agent: Apache-HttpClient/4.5.14 (Java/16.0.1)
1 > Accept-Encoding: gzip,deflate
{"jobId":3,"jobTitle":"Data Engg","jobDescription":"Create machine learning apps","experience":["IBM","INTEL"],"project":[{"projectName":"SCASE","technology":["Python","R"]}]}

14:19:47.043 [main] DEBUG com.intuit.karate - response time in milliseconds: 6
1 < 201
1 < X-Content-Type-Options: nosniff
1 < X-XSS-Protection: 1; mode=block
1 < Cache-Control: no-cache, no-store, max-age=0, must-revalidate
1 < Pragma: no-cache
1 < Expires: 0
1 < X-Frame-Options: DENY
1 < Content-Type: application/json
1 < Transfer-Encoding: chunked
1 < Date: Thu, 27 Jun 2024 19:19:46 GMT
1 < Keep-Alive: timeout=60
1 < Connection: keep-alive
{"jobId":3,"jobTitle":"Data Engg","jobDescription":"Create machine learning apps","experience":["IBM","INTEL"],"project":[{"projectName":"SCASE","technology":["Python","R"]}]}

]]></system-out>
  </testcase>
  <testcase name="[2:18] To create the job entry in XML format" classname="com/api/automation/postrequest/createJobEntry" time="0.078">
    <system-out><![CDATA[14:19:47.049 [main] INFO  com.intuit.karate - karate.env system property was: null 
14:19:47.077 [main] DEBUG com.intuit.karate - request:
1 > POST http://localhost:9897/normal/webapi/add
1 > Accept: application/xml
1 > Content-Type: application/xml; charset=UTF-8
1 > Content-Length: 621
1 > Host: localhost:9897
1 > Connection: Keep-Alive
1 > User-Agent: Apache-HttpClient/4.5.14 (Java/16.0.1)
1 > Accept-Encoding: gzip,deflate
<item>
        <jobId>4</jobId>
        <jobTitle>QA Tester</jobTitle>
        <jobDescription>To develop andriod application</jobDescription>
        <experience>
            <experience>RRD</experience>
            <experience>ApD</experience>
            <experience>MobileIron</experience>
        </experience>
        <project>
            <project>
                <projectName>Eccc</projectName>
                <technology>
                    <technology>Selenium</technology>
                    <technology>Robot</technology>
                </technology>
            </project>
        </project>
    </item>

14:19:47.095 [main] DEBUG com.intuit.karate - response time in milliseconds: 18
1 < 201
1 < X-Content-Type-Options: nosniff
1 < X-XSS-Protection: 1; mode=block
1 < Cache-Control: no-cache, no-store, max-age=0, must-revalidate
1 < Pragma: no-cache
1 < Expires: 0
1 < X-Frame-Options: DENY
1 < Content-Type: application/xml
1 < Transfer-Encoding: chunked
1 < Date: Thu, 27 Jun 2024 19:19:46 GMT
1 < Keep-Alive: timeout=60
1 < Connection: keep-alive
<Job><jobId>4</jobId><jobTitle>QA Tester</jobTitle><jobDescription>To develop andriod application</jobDescription><experience><experience>RRD</experience><experience>ApD</experience><experience>MobileIron</experience></experience><project><project><projectName>Eccc</projectName><technology><technology>Selenium</technology><technology>Robot</technology></technology></project></project></Job>

14:19:47.100 [main] INFO  com.intuit.karate - [print] <Job>
  <jobId>4</jobId>
  <jobTitle>QA Tester</jobTitle>
  <jobDescription>To develop andriod application</jobDescription>
  <experience>
    <experience>RRD</experience>
    <experience>ApD</experience>
    <experience>MobileIron</experience>
  </experience>
  <project>
    <project>
      <projectName>Eccc</projectName>
      <technology>
        <technology>Selenium</technology>
        <technology>Robot</technology>
      </technology>
    </project>
  </project>
</Job>
 
]]></system-out>
  </testcase>
  <testcase name="[3:29] To create the job entry in JSON format WITH EMBEDEED expression" classname="com/api/automation/postrequest/createJobEntry" time="0.023">
    <system-out><![CDATA[14:19:47.127 [main] INFO  com.intuit.karate - karate.env system property was: null 
14:19:47.133 [main] DEBUG com.intuit.karate - request:
1 > POST http://localhost:9897/normal/webapi/add
1 > Accept: application/json
1 > Content-Type: application/json; charset=UTF-8
1 > Content-Length: 176
1 > Host: localhost:9897
1 > Connection: Keep-Alive
1 > User-Agent: Apache-HttpClient/4.5.14 (Java/16.0.1)
1 > Accept-Encoding: gzip,deflate
{"jobId":82,"jobTitle":"Data Engg","jobDescription":"Create machine learning apps","experience":["IBM","INTEL"],"project":[{"projectName":"SCASE","technology":["Python","R"]}]}

14:19:47.145 [main] DEBUG com.intuit.karate - response time in milliseconds: 11
1 < 201
1 < X-Content-Type-Options: nosniff
1 < X-XSS-Protection: 1; mode=block
1 < Cache-Control: no-cache, no-store, max-age=0, must-revalidate
1 < Pragma: no-cache
1 < Expires: 0
1 < X-Frame-Options: DENY
1 < Content-Type: application/json
1 < Transfer-Encoding: chunked
1 < Date: Thu, 27 Jun 2024 19:19:46 GMT
1 < Keep-Alive: timeout=60
1 < Connection: keep-alive
{"jobId":82,"jobTitle":"Data Engg","jobDescription":"Create machine learning apps","experience":["IBM","INTEL"],"project":[{"projectName":"SCASE","technology":["Python","R"]}]}

]]></system-out>
  </testcase>
  <testcase name="[4:41] To create the job entry in XML format WITH EMBEDEED expression" classname="com/api/automation/postrequest/createJobEntry" time="0.164">
    <system-out><![CDATA[14:19:47.151 [main] INFO  com.intuit.karate - karate.env system property was: null 
14:19:47.162 [main] DEBUG com.intuit.karate - request:
1 > POST http://localhost:9897/normal/webapi/add
1 > Accept: application/xml
1 > Content-Type: application/xml; charset=UTF-8
1 > Content-Length: 397
1 > Host: localhost:9897
1 > Connection: Keep-Alive
1 > User-Agent: Apache-HttpClient/4.5.14 (Java/16.0.1)
1 > Accept-Encoding: gzip,deflate
<item><jobId>291</jobId><jobTitle>QA Tester</jobTitle><jobDescription>To develop andriod application</jobDescription><experience><experience>RRD</experience><experience>ApD</experience><experience>MobileIron</experience></experience><project><project><projectName>Eccc</projectName><technology><technology>Selenium</technology><technology>Robot</technology></technology></project></project></item>

14:19:47.179 [main] DEBUG com.intuit.karate - response time in milliseconds: 16
1 < 201
1 < X-Content-Type-Options: nosniff
1 < X-XSS-Protection: 1; mode=block
1 < Cache-Control: no-cache, no-store, max-age=0, must-revalidate
1 < Pragma: no-cache
1 < Expires: 0
1 < X-Frame-Options: DENY
1 < Content-Type: application/xml
1 < Transfer-Encoding: chunked
1 < Date: Thu, 27 Jun 2024 19:19:46 GMT
1 < Keep-Alive: timeout=60
1 < Connection: keep-alive
<Job><jobId>291</jobId><jobTitle>QA Tester</jobTitle><jobDescription>To develop andriod application</jobDescription><experience><experience>RRD</experience><experience>ApD</experience><experience>MobileIron</experience></experience><project><project><projectName>Eccc</projectName><technology><technology>Selenium</technology><technology>Robot</technology></technology></project></project></Job>

14:19:47.182 [main] INFO  com.intuit.karate - [print] <Job>
  <jobId>291</jobId>
  <jobTitle>QA Tester</jobTitle>
  <jobDescription>To develop andriod application</jobDescription>
  <experience>
    <experience>RRD</experience>
    <experience>ApD</experience>
    <experience>MobileIron</experience>
  </experience>
  <project>
    <project>
      <projectName>Eccc</projectName>
      <technology>
        <technology>Selenium</technology>
        <technology>Robot</technology>
      </technology>
    </project>
  </project>
</Job>
 
---------------------------------------------------------
feature: classpath:com/api/automation/postrequest/createJobEntry.feature
scenarios:  4 | passed:  4 | failed:  0 | time: 0.1379
---------------------------------------------------------

]]></system-out>
  </testcase>
  <testcase name="[1:7] Schema Validation in a JSON response" classname="com/api/automation/postrequest/schemaValidation" time="0.036">
    <system-out><![CDATA[14:19:47.320 [main] INFO  com.intuit.karate - karate.env system property was: null 
14:19:47.324 [main] DEBUG com.intuit.karate - request:
1 > POST http://localhost:9897/normal/webapi/add
1 > Accept: application/json
1 > Content-Type: application/json; charset=UTF-8
1 > Content-Length: 175
1 > Host: localhost:9897
1 > Connection: Keep-Alive
1 > User-Agent: Apache-HttpClient/4.5.14 (Java/16.0.1)
1 > Accept-Encoding: gzip,deflate
{"jobId":3,"jobTitle":"Data Engg","jobDescription":"Create machine learning apps","experience":["IBM","INTEL"],"project":[{"projectName":"SCASE","technology":["Python","R"]}]}

14:19:47.344 [main] DEBUG com.intuit.karate - response time in milliseconds: 20
1 < 201
1 < X-Content-Type-Options: nosniff
1 < X-XSS-Protection: 1; mode=block
1 < Cache-Control: no-cache, no-store, max-age=0, must-revalidate
1 < Pragma: no-cache
1 < Expires: 0
1 < X-Frame-Options: DENY
1 < Content-Type: application/json
1 < Transfer-Encoding: chunked
1 < Date: Thu, 27 Jun 2024 19:19:46 GMT
1 < Keep-Alive: timeout=60
1 < Connection: keep-alive
{"jobId":3,"jobTitle":"Data Engg","jobDescription":"Create machine learning apps","experience":["IBM","INTEL"],"project":[{"projectName":"SCASE","technology":["Python","R"]}]}

]]></system-out>
  </testcase>
  <testcase name="[2:17] Schema Validation for GET end point" classname="com/api/automation/postrequest/schemaValidation" time="0.156">
    <failure message="match failed: EQUALS&#10;  $ | all array elements matched (LIST:STRING)&#10;  [{&quot;jobId&quot;:1,&quot;jobTitle&quot;:&quot;Software Engg&quot;,&quot;jobDescription&quot;:&quot;To develop andriod application&quot;,&quot;experience&quot;:[&quot;Google&quot;,&quot;Apple&quot;,&quot;Mobile Iron&quot;],&quot;project&quot;:[{&quot;projectName&quot;:&quot;Movie App&quot;,&quot;technology&quot;:[&quot;Kotlin&quot;,&quot;SQL Lite&quot;,&quot;Gradle&quot;]}]},{&quot;jobId&quot;:3,&quot;jobTitle&quot;:&quot;Data Engg&quot;,&quot;jobDescription&quot;:&quot;Create machine learning apps&quot;,&quot;experience&quot;:[&quot;IBM&quot;,&quot;INTEL&quot;],&quot;project&quot;:[{&quot;projectName&quot;:&quot;SCASE&quot;,&quot;technology&quot;:[&quot;Python&quot;,&quot;R&quot;]}]},{&quot;jobId&quot;:4,&quot;jobTitle&quot;:&quot;Software Engg - 2&quot;,&quot;jobDescription&quot;:&quot;To develop andriod application and web application&quot;,&quot;experience&quot;:[&quot;RRD&quot;,&quot;ApD&quot;,&quot;MobileIron&quot;],&quot;project&quot;:[{&quot;projectName&quot;:&quot;Eccc&quot;,&quot;technology&quot;:[&quot;Selenium&quot;,&quot;Robot&quot;]}]},{&quot;jobId&quot;:640,&quot;jobTitle&quot;:&quot;Data Engg&quot;,&quot;jobDescription&quot;:&quot;Create machine learning apps&quot;,&quot;experience&quot;:[&quot;IBM&quot;,&quot;INTEL&quot;],&quot;project&quot;:[{&quot;projectName&quot;:&quot;SCASE&quot;,&quot;technology&quot;:[&quot;Python&quot;,&quot;R&quot;]}]},{&quot;jobId&quot;:430,&quot;jobTitle&quot;:&quot;QA Tester&quot;,&quot;jobDescription&quot;:&quot;To develop andriod application&quot;,&quot;experience&quot;:[&quot;RRD&quot;,&quot;ApD&quot;,&quot;MobileIron&quot;],&quot;project&quot;:[{&quot;projectName&quot;:&quot;Eccc&quot;,&quot;technology&quot;:[&quot;Selenium&quot;,&quot;Robot&quot;]}]},{&quot;jobId&quot;:3,&quot;jobTitle&quot;:&quot;Data Engg&quot;,&quot;jobDescription&quot;:&quot;Create machine learning apps&quot;,&quot;experience&quot;:[&quot;IBM&quot;,&quot;INTEL&quot;],&quot;project&quot;:[{&quot;projectName&quot;:&quot;SCASE&quot;,&quot;technology&quot;:[&quot;Python&quot;,&quot;R&quot;]}]},{&quot;jobId&quot;:3,&quot;jobTitle&quot;:&quot;Data Engg&quot;,&quot;jobDescription&quot;:&quot;Create machine learning apps&quot;,&quot;experience&quot;:[&quot;IBM&quot;,&quot;INTEL&quot;],&quot;project&quot;:[{&quot;projectName&quot;:&quot;SCASE&quot;,&quot;technology&quot;:[&quot;Python&quot;,&quot;R&quot;]}]},{&quot;jobId&quot;:4,&quot;jobTitle&quot;:&quot;QA Tester&quot;,&quot;jobDescription&quot;:&quot;To develop andriod application&quot;,&quot;experience&quot;:[&quot;RRD&quot;,&quot;ApD&quot;,&quot;MobileIron&quot;],&quot;project&quot;:[{&quot;projectName&quot;:&quot;Eccc&quot;,&quot;technology&quot;:[&quot;Selenium&quot;,&quot;Robot&quot;]}]},{&quot;jobId&quot;:404,&quot;jobTitle&quot;:&quot;Data Engg&quot;,&quot;jobDescription&quot;:&quot;Create machine learning apps&quot;,&quot;experience&quot;:[&quot;IBM&quot;,&quot;INTEL&quot;],&quot;project&quot;:[{&quot;projectName&quot;:&quot;SCASE&quot;,&quot;technology&quot;:[&quot;Python&quot;,&quot;R&quot;]}]},{&quot;jobId&quot;:412,&quot;jobTitle&quot;:&quot;QA Tester&quot;,&quot;jobDescription&quot;:&quot;To develop andriod application&quot;,&quot;experience&quot;:[&quot;RRD&quot;,&quot;ApD&quot;,&quot;MobileIron&quot;],&quot;project&quot;:[{&quot;projectName&quot;:&quot;Eccc&quot;,&quot;technology&quot;:[&quot;Selenium&quot;,&quot;Robot&quot;]}]},{&quot;jobId&quot;:3,&quot;jobTitle&quot;:&quot;Data Engg&quot;,&quot;jobDescription&quot;:&quot;Create machine learning apps&quot;,&quot;experience&quot;:[&quot;IBM&quot;,&quot;INTEL&quot;],&quot;project&quot;:[{&quot;projectName&quot;:&quot;SCASE&quot;,&quot;technology&quot;:[&quot;Python&quot;,&quot;R&quot;]}]},{&quot;jobId&quot;:3,&quot;jobTitle&quot;:&quot;Data Engg&quot;,&quot;jobDescription&quot;:&quot;Create machine learning apps&quot;,&quot;experience&quot;:[&quot;IBM&quot;,&quot;INTEL&quot;],&quot;project&quot;:[{&quot;projectName&quot;:&quot;SCASE&quot;,&quot;technology&quot;:[&quot;Python&quot;,&quot;R&quot;]}]},{&quot;jobId&quot;:4,&quot;jobTitle&quot;:&quot;QA Tester&quot;,&quot;jobDescription&quot;:&quot;To develop andriod application&quot;,&quot;experience&quot;:[&quot;RRD&quot;,&quot;ApD&quot;,&quot;MobileIron&quot;],&quot;project&quot;:[{&quot;projectName&quot;:&quot;Eccc&quot;,&quot;technology&quot;:[&quot;Selenium&quot;,&quot;Robot&quot;]}]},{&quot;jobId&quot;:612,&quot;jobTitle&quot;:&quot;Data Engg&quot;,&quot;jobDescription&quot;:&quot;Create machine learning apps&quot;,&quot;experience&quot;:[&quot;IBM&quot;,&quot;INTEL&quot;],&quot;project&quot;:[{&quot;projectName&quot;:&quot;SCASE&quot;,&quot;technology&quot;:[&quot;Python&quot;,&quot;R&quot;]}]},{&quot;jobId&quot;:124,&quot;jobTitle&quot;:&quot;QA Tester&quot;,&quot;jobDescription&quot;:&quot;To develop andriod application&quot;,&quot;experience&quot;:[&quot;RRD&quot;,&quot;ApD&quot;,&quot;MobileIron&quot;],&quot;project&quot;:[{&quot;projectName&quot;:&quot;Eccc&quot;,&quot;technology&quot;:[&quot;Selenium&quot;,&quot;Robot&quot;]}]},{&quot;jobId&quot;:3,&quot;jobTitle&quot;:&quot;Data Engg&quot;,&quot;jobDescription&quot;:&quot;Create machine learning apps&quot;,&quot;experience&quot;:[&quot;IBM&quot;,&quot;INTEL&quot;],&quot;project&quot;:[{&quot;projectName&quot;:&quot;SCASE&quot;,&quot;technology&quot;:[&quot;Python&quot;,&quot;R&quot;]}]},{&quot;jobId&quot;:3,&quot;jobTitle&quot;:&quot;Data Engg&quot;,&quot;jobDescription&quot;:&quot;Create machine learning apps&quot;,&quot;experience&quot;:[&quot;IBM&quot;,&quot;INTEL&quot;],&quot;project&quot;:[{&quot;projectName&quot;:&quot;SCASE&quot;,&quot;technology&quot;:[&quot;Python&quot;,&quot;R&quot;]}]},{&quot;jobId&quot;:4,&quot;jobTitle&quot;:&quot;QA Tester&quot;,&quot;jobDescription&quot;:&quot;To develop andriod application&quot;,&quot;experience&quot;:[&quot;RRD&quot;,&quot;ApD&quot;,&quot;MobileIron&quot;],&quot;project&quot;:[{&quot;projectName&quot;:&quot;Eccc&quot;,&quot;technology&quot;:[&quot;Selenium&quot;,&quot;Robot&quot;]}]},{&quot;jobId&quot;:27,&quot;jobTitle&quot;:&quot;Data Engg&quot;,&quot;jobDescription&quot;:&quot;Create machine learning apps&quot;,&quot;experience&quot;:[&quot;IBM&quot;,&quot;INTEL&quot;],&quot;project&quot;:[{&quot;projectName&quot;:&quot;SCASE&quot;,&quot;technology&quot;:[&quot;Python&quot;,&quot;R&quot;]}]},{&quot;jobId&quot;:276,&quot;jobTitle&quot;:&quot;QA Tester&quot;,&quot;jobDescription&quot;:&quot;To develop andriod application&quot;,&quot;experience&quot;:[&quot;RRD&quot;,&quot;ApD&quot;,&quot;MobileIron&quot;],&quot;project&quot;:[{&quot;projectName&quot;:&quot;Eccc&quot;,&quot;technology&quot;:[&quot;Selenium&quot;,&quot;Robot&quot;]}]},{&quot;jobId&quot;:3,&quot;jobTitle&quot;:&quot;Data Engg&quot;,&quot;jobDescription&quot;:&quot;Create machine learning apps&quot;,&quot;experience&quot;:[&quot;IBM&quot;,&quot;INTEL&quot;],&quot;project&quot;:[{&quot;projectName&quot;:&quot;SCASE&quot;,&quot;technology&quot;:[&quot;Python&quot;,&quot;R&quot;]}]},{&quot;jobId&quot;:47,&quot;jobTitle&quot;:&quot;LOS&quot;,&quot;jobDescription&quot;:&quot;SOL&quot;,&quot;experience&quot;:[&quot;Nothing&quot;],&quot;project&quot;:[]},{&quot;jobId&quot;:99,&quot;jobTitle&quot;:&quot;LOS&quot;,&quot;jobDescription&quot;:&quot;SOL&quot;,&quot;experience&quot;:[&quot;Nothing&quot;],&quot;project&quot;:[]},{&quot;jobId&quot;:49,&quot;jobTitle&quot;:&quot;LOS&quot;,&quot;jobDescription&quot;:&quot;SOL&quot;,&quot;experience&quot;:[&quot;Nothing&quot;],&quot;project&quot;:[]},{&quot;jobId&quot;:99,&quot;jobTitle&quot;:&quot;LOS&quot;,&quot;jobDescription&quot;:&quot;SOL&quot;,&quot;experience&quot;:[&quot;Nothing&quot;],&quot;project&quot;:[]},{&quot;jobId&quot;:80,&quot;jobTitle&quot;:&quot;LOS&quot;,&quot;jobDescription&quot;:&quot;SOL&quot;,&quot;experience&quot;:[&quot;Nothing&quot;],&quot;project&quot;:[]},{&quot;jobId&quot;:0,&quot;jobTitle&quot;:&quot;LOS&quot;,&quot;jobDescription&quot;:&quot;SOL&quot;,&quot;experience&quot;:[&quot;Nothing&quot;],&quot;project&quot;:[]},{&quot;jobId&quot;:0,&quot;jobTitle&quot;:&quot;LOS&quot;,&quot;jobDescription&quot;:&quot;SOL&quot;,&quot;experience&quot;:[&quot;Nothing&quot;],&quot;project&quot;:[]},{&quot;jobId&quot;:0,&quot;jobTitle&quot;:&quot;LOS&quot;,&quot;jobDescription&quot;:&quot;SOL&quot;,&quot;experience&quot;:[&quot;Nothing&quot;],&quot;project&quot;:[]},{&quot;jobId&quot;:45,&quot;jobTitle&quot;:&quot;QA Tester&quot;,&quot;jobDescription&quot;:&quot;Finding bugs&quot;,&quot;experience&quot;:[&quot;Nothing&quot;],&quot;project&quot;:[]},{&quot;jobId&quot;:64,&quot;jobTitle&quot;:&quot;QA Tester&quot;,&quot;jobDescription&quot;:&quot;Finding bugs&quot;,&quot;experience&quot;:[&quot;Nothing&quot;],&quot;project&quot;:[]},{&quot;jobId&quot;:38,&quot;jobTitle&quot;:&quot;QA Tester&quot;,&quot;jobDescription&quot;:&quot;Finding bugs&quot;,&quot;experience&quot;:[&quot;Nothing&quot;],&quot;project&quot;:[]},{&quot;jobId&quot;:85,&quot;jobTitle&quot;:&quot;LOS&quot;,&quot;jobDescription&quot;:&quot;SOL&quot;,&quot;experience&quot;:[&quot;Nothing&quot;],&quot;project&quot;:[]},{&quot;jobId&quot;:9,&quot;jobTitle&quot;:&quot;QA Tester&quot;,&quot;jobDescription&quot;:&quot;Finding bugs&quot;,&quot;experience&quot;:[&quot;Nothing&quot;],&quot;project&quot;:[]},{&quot;jobId&quot;:85,&quot;jobTitle&quot;:&quot;LOS&quot;,&quot;jobDescription&quot;:&quot;SOL&quot;,&quot;experience&quot;:[&quot;Nothing&quot;],&quot;project&quot;:[]},{&quot;jobId&quot;:36,&quot;jobTitle&quot;:&quot;LOS&quot;,&quot;jobDescription&quot;:&quot;SOL&quot;,&quot;experience&quot;:[&quot;Nothing&quot;],&quot;project&quot;:[]},{&quot;jobId&quot;:41,&quot;jobTitle&quot;:&quot;QA Tester&quot;,&quot;jobDescription&quot;:&quot;Finding bugs&quot;,&quot;experience&quot;:[&quot;Nothing&quot;],&quot;project&quot;:[]},{&quot;jobId&quot;:42,&quot;jobTitle&quot;:&quot;LOS&quot;,&quot;jobDescription&quot;:&quot;SOL&quot;,&quot;experience&quot;:[&quot;Nothing&quot;],&quot;project&quot;:[]},{&quot;jobId&quot;:69,&quot;jobTitle&quot;:&quot;LOS&quot;,&quot;jobDescription&quot;:&quot;SOL&quot;,&quot;experience&quot;:[&quot;Nothing&quot;],&quot;project&quot;:[]},{&quot;jobId&quot;:13,&quot;jobTitle&quot;:&quot;LOS&quot;,&quot;jobDescription&quot;:&quot;SOL&quot;,&quot;experience&quot;:[&quot;Nothing&quot;],&quot;project&quot;:[]},{&quot;jobId&quot;:15,&quot;jobTitle&quot;:&quot;LOS&quot;,&quot;jobDescription&quot;:&quot;To develop andriod application and web application&quot;,&quot;experience&quot;:[&quot;Nothing&quot;],&quot;project&quot;:[]},{&quot;jobId&quot;:19,&quot;jobTitle&quot;:&quot;LOS&quot;,&quot;jobDescription&quot;:&quot;SOL&quot;,&quot;experience&quot;:[&quot;Nothing&quot;],&quot;project&quot;:[]},{&quot;jobId&quot;:92,&quot;jobTitle&quot;:&quot;Software Engg - 2&quot;,&quot;jobDescription&quot;:&quot;To develop andriod application and web application&quot;,&quot;experience&quot;:[&quot;Nothing&quot;],&quot;project&quot;:[]},{&quot;jobId&quot;:54,&quot;jobTitle&quot;:&quot;LOS&quot;,&quot;jobDescription&quot;:&quot;SOL&quot;,&quot;experience&quot;:[&quot;Nothing&quot;],&quot;project&quot;:[]},{&quot;jobId&quot;:90,&quot;jobTitle&quot;:&quot;Software Engg - 2&quot;,&quot;jobDescription&quot;:&quot;To develop andriod application and web application&quot;,&quot;experience&quot;:[&quot;Nothing&quot;],&quot;project&quot;:[]},{&quot;jobId&quot;:38,&quot;jobTitle&quot;:&quot;LOS&quot;,&quot;jobDescription&quot;:&quot;SOL&quot;,&quot;experience&quot;:[&quot;Nothing&quot;],&quot;project&quot;:[]},{&quot;jobId&quot;:5,&quot;jobTitle&quot;:&quot;Software Engg - 2&quot;,&quot;jobDescription&quot;:&quot;To develop andriod application&quot;,&quot;experience&quot;:[&quot;Google&quot;,&quot;Apple&quot;,&quot;Mobile Iron&quot;,&quot;Google&quot;],&quot;project&quot;:[{&quot;projectName&quot;:&quot;Movie App&quot;,&quot;technology&quot;:[&quot;Kotlin&quot;,&quot;SQL Lite&quot;,&quot;Gradle&quot;,&quot;Jenkins&quot;]}]},{&quot;jobId&quot;:623,&quot;jobTitle&quot;:&quot;Data Engg&quot;,&quot;jobDescription&quot;:&quot;Create machine learning apps&quot;,&quot;experience&quot;:[&quot;IBM&quot;,&quot;INTEL&quot;],&quot;project&quot;:[{&quot;projectName&quot;:&quot;SCASE&quot;,&quot;technology&quot;:[&quot;Python&quot;,&quot;R&quot;]}]},{&quot;jobId&quot;:3,&quot;jobTitle&quot;:&quot;Data Engg&quot;,&quot;jobDescription&quot;:&quot;Create machine learning apps&quot;,&quot;experience&quot;:[&quot;IBM&quot;,&quot;INTEL&quot;],&quot;project&quot;:[{&quot;projectName&quot;:&quot;SCASE&quot;,&quot;technology&quot;:[&quot;Python&quot;,&quot;R&quot;]}]},{&quot;jobId&quot;:4,&quot;jobTitle&quot;:&quot;QA Tester&quot;,&quot;jobDescription&quot;:&quot;To develop andriod application&quot;,&quot;experience&quot;:[&quot;RRD&quot;,&quot;ApD&quot;,&quot;MobileIron&quot;],&quot;project&quot;:[{&quot;projectName&quot;:&quot;Eccc&quot;,&quot;technology&quot;:[&quot;Selenium&quot;,&quot;Robot&quot;]}]},{&quot;jobId&quot;:345,&quot;jobTitle&quot;:&quot;QA Tester&quot;,&quot;jobDescription&quot;:&quot;To develop andriod application&quot;,&quot;experience&quot;:[&quot;RRD&quot;,&quot;ApD&quot;,&quot;MobileIron&quot;],&quot;project&quot;:[{&quot;projectName&quot;:&quot;Eccc&quot;,&quot;technology&quot;:[&quot;Selenium&quot;,&quot;Robot&quot;]}]},{&quot;jobId&quot;:7,&quot;jobTitle&quot;:&quot;Software Engg&quot;,&quot;jobDescription&quot;:&quot;To develop andriod application&quot;,&quot;experience&quot;:[&quot;Google&quot;,&quot;Apple&quot;,&quot;Mobile Iron&quot;,&quot;Subex&quot;],&quot;project&quot;:[{&quot;projectName&quot;:&quot;Movie App&quot;,&quot;technology&quot;:[&quot;Kotlin&quot;,&quot;SQL Lite&quot;,&quot;Gradle&quot;,&quot;Jenkins&quot;]}]},{&quot;jobId&quot;:7,&quot;jobTitle&quot;:&quot;Software Engg&quot;,&quot;jobDescription&quot;:&quot;To develop andriod application&quot;,&quot;experience&quot;:[&quot;Google&quot;,&quot;Apple&quot;,&quot;Mobile Iron&quot;,&quot;Subex&quot;],&quot;project&quot;:[{&quot;projectName&quot;:&quot;Movie App&quot;,&quot;technology&quot;:[&quot;Kotlin&quot;,&quot;SQL Lite&quot;,&quot;Gradle&quot;,&quot;Jenkins&quot;]}]},{&quot;jobId&quot;:50,&quot;jobTitle&quot;:&quot;Software Engg - 2&quot;,&quot;jobDescription&quot;:&quot;To develop andriod application&quot;,&quot;experience&quot;:[&quot;Google&quot;,&quot;Apple&quot;,&quot;Mobile Iron&quot;,&quot;Google&quot;],&quot;project&quot;:[{&quot;projectName&quot;:&quot;Movie App&quot;,&quot;technology&quot;:[&quot;Kotlin&quot;,&quot;SQL Lite&quot;,&quot;Gradle&quot;,&quot;Jenkins&quot;]}]},{&quot;jobId&quot;:43,&quot;jobTitle&quot;:&quot;Software Engg&quot;,&quot;jobDescription&quot;:&quot;To develop andriod application&quot;,&quot;experience&quot;:[&quot;Google&quot;,&quot;Apple&quot;,&quot;Mobile Iron&quot;,&quot;Subex&quot;],&quot;project&quot;:[{&quot;projectName&quot;:&quot;Movie App&quot;,&quot;technology&quot;:[&quot;Kotlin&quot;,&quot;SQL Lite&quot;,&quot;Gradle&quot;,&quot;Jenkins&quot;]}]},{&quot;jobId&quot;:19,&quot;jobTitle&quot;:&quot;LOS&quot;,&quot;jobDescription&quot;:&quot;SOL&quot;,&quot;experience&quot;:[&quot;Nothing&quot;],&quot;project&quot;:[]},{&quot;jobId&quot;:7,&quot;jobTitle&quot;:&quot;LOS&quot;,&quot;jobDescription&quot;:&quot;SOL&quot;,&quot;experience&quot;:[&quot;Nothing&quot;],&quot;project&quot;:[]},{&quot;jobId&quot;:3,&quot;jobTitle&quot;:&quot;Data Engg&quot;,&quot;jobDescription&quot;:&quot;Create machine learning apps&quot;,&quot;experience&quot;:[&quot;IBM&quot;,&quot;INTEL&quot;],&quot;project&quot;:[{&quot;projectName&quot;:&quot;SCASE&quot;,&quot;technology&quot;:[&quot;Python&quot;,&quot;R&quot;]}]},{&quot;jobId&quot;:5,&quot;jobTitle&quot;:&quot;Software Engg - 2&quot;,&quot;jobDescription&quot;:&quot;To develop andriod application&quot;,&quot;experience&quot;:[&quot;Google&quot;,&quot;Apple&quot;,&quot;Mobile Iron&quot;,&quot;Google&quot;],&quot;project&quot;:[{&quot;projectName&quot;:&quot;Movie App&quot;,&quot;technology&quot;:[&quot;Kotlin&quot;,&quot;SQL Lite&quot;,&quot;Gradle&quot;,&quot;Jenkins&quot;]}]},{&quot;jobId&quot;:4,&quot;jobTitle&quot;:&quot;QA Tester&quot;,&quot;jobDescription&quot;:&quot;To develop andriod application&quot;,&quot;experience&quot;:[&quot;RRD&quot;,&quot;ApD&quot;,&quot;MobileIron&quot;],&quot;project&quot;:[{&quot;projectName&quot;:&quot;Eccc&quot;,&quot;technology&quot;:[&quot;Selenium&quot;,&quot;Robot&quot;]}]},{&quot;jobId&quot;:135,&quot;jobTitle&quot;:&quot;Data Engg&quot;,&quot;jobDescription&quot;:&quot;Create machine learning apps&quot;,&quot;experience&quot;:[&quot;IBM&quot;,&quot;INTEL&quot;],&quot;project&quot;:[{&quot;projectName&quot;:&quot;SCASE&quot;,&quot;technology&quot;:[&quot;Python&quot;,&quot;R&quot;]}]},{&quot;jobId&quot;:647,&quot;jobTitle&quot;:&quot;QA Tester&quot;,&quot;jobDescription&quot;:&quot;To develop andriod application&quot;,&quot;experience&quot;:[&quot;RRD&quot;,&quot;ApD&quot;,&quot;MobileIron&quot;],&quot;project&quot;:[{&quot;projectName&quot;:&quot;Eccc&quot;,&quot;technology&quot;:[&quot;Selenium&quot;,&quot;Robot&quot;]}]},{&quot;jobId&quot;:7,&quot;jobTitle&quot;:&quot;Software Engg&quot;,&quot;jobDescription&quot;:&quot;To develop andriod application&quot;,&quot;experience&quot;:[&quot;Google&quot;,&quot;Apple&quot;,&quot;Mobile Iron&quot;,&quot;Subex&quot;],&quot;project&quot;:[{&quot;projectName&quot;:&quot;Movie App&quot;,&quot;technology&quot;:[&quot;Kotlin&quot;,&quot;SQL Lite&quot;,&quot;Gradle&quot;,&quot;Jenkins&quot;]}]},{&quot;jobId&quot;:7,&quot;jobTitle&quot;:&quot;Software Engg&quot;,&quot;jobDescription&quot;:&quot;To develop andriod application&quot;,&quot;experience&quot;:[&quot;Google&quot;,&quot;Apple&quot;,&quot;Mobile Iron&quot;,&quot;Subex&quot;],&quot;project&quot;:[{&quot;projectName&quot;:&quot;Movie App&quot;,&quot;technology&quot;:[&quot;Kotlin&quot;,&quot;SQL Lite&quot;,&quot;Gradle&quot;,&quot;Jenkins&quot;]}]},{&quot;jobId&quot;:36,&quot;jobTitle&quot;:&quot;Software Engg - 2&quot;,&quot;jobDescription&quot;:&quot;To develop andriod application&quot;,&quot;experience&quot;:[&quot;Google&quot;,&quot;Apple&quot;,&quot;Mobile Iron&quot;,&quot;Google&quot;],&quot;project&quot;:[{&quot;projectName&quot;:&quot;Movie App&quot;,&quot;technology&quot;:[&quot;Kotlin&quot;,&quot;SQL Lite&quot;,&quot;Gradle&quot;,&quot;Jenkins&quot;]}]},{&quot;jobId&quot;:6,&quot;jobTitle&quot;:&quot;Software Engg&quot;,&quot;jobDescription&quot;:&quot;To develop andriod application&quot;,&quot;experience&quot;:[&quot;Google&quot;,&quot;Apple&quot;,&quot;Mobile Iron&quot;,&quot;Subex&quot;],&quot;project&quot;:[{&quot;projectName&quot;:&quot;Movie App&quot;,&quot;technology&quot;:[&quot;Kotlin&quot;,&quot;SQL Lite&quot;,&quot;Gradle&quot;,&quot;Jenkins&quot;]}]},{&quot;jobId&quot;:40,&quot;jobTitle&quot;:&quot;LOS&quot;,&quot;jobDescription&quot;:&quot;SOL&quot;,&quot;experience&quot;:[&quot;Nothing&quot;],&quot;project&quot;:[]},{&quot;jobId&quot;:59,&quot;jobTitle&quot;:&quot;LOS&quot;,&quot;jobDescription&quot;:&quot;SOL&quot;,&quot;experience&quot;:[&quot;Nothing&quot;],&quot;project&quot;:[]},{&quot;jobId&quot;:80,&quot;jobTitle&quot;:&quot;LOS&quot;,&quot;jobDescription&quot;:&quot;SOL&quot;,&quot;experience&quot;:[&quot;Nothing&quot;],&quot;project&quot;:[]},{&quot;jobId&quot;:4,&quot;jobTitle&quot;:&quot;LOS&quot;,&quot;jobDescription&quot;:&quot;SOL&quot;,&quot;experience&quot;:[&quot;Nothing&quot;],&quot;project&quot;:[]},{&quot;jobId&quot;:33,&quot;jobTitle&quot;:&quot;LOS&quot;,&quot;jobDescription&quot;:&quot;SOL&quot;,&quot;experience&quot;:[&quot;Nothing&quot;],&quot;project&quot;:[]},{&quot;jobId&quot;:70,&quot;jobTitle&quot;:&quot;Software Engg - 2&quot;,&quot;jobDescription&quot;:&quot;To develop andriod application and web application&quot;,&quot;experience&quot;:[&quot;Nothing&quot;],&quot;project&quot;:[]},{&quot;jobId&quot;:40,&quot;jobTitle&quot;:&quot;LOS&quot;,&quot;jobDescription&quot;:&quot;SOL&quot;,&quot;experience&quot;:[&quot;Nothing&quot;],&quot;project&quot;:[]},{&quot;jobId&quot;:32,&quot;jobTitle&quot;:&quot;LOS&quot;,&quot;jobDescription&quot;:&quot;SOL&quot;,&quot;experience&quot;:[&quot;Nothing&quot;],&quot;project&quot;:[]},{&quot;jobId&quot;:370,&quot;jobTitle&quot;:&quot;IOS&quot;,&quot;jobDescription&quot;:&quot;APPLE&quot;,&quot;experience&quot;:[&quot;Nothing&quot;],&quot;project&quot;:[]},{&quot;jobId&quot;:676,&quot;jobTitle&quot;:&quot;IOS&quot;,&quot;jobDescription&quot;:&quot;APPLE&quot;,&quot;experience&quot;:[&quot;Nothing&quot;],&quot;project&quot;:[]},{&quot;jobId&quot;:704,&quot;jobTitle&quot;:&quot;IOS&quot;,&quot;jobDescription&quot;:&quot;APPLE&quot;,&quot;experience&quot;:[&quot;Nothing&quot;],&quot;project&quot;:[]},{&quot;jobId&quot;:9980,&quot;jobTitle&quot;:&quot;Data Analyst&quot;,&quot;jobDescription&quot;:&quot;Develop machine learning models&quot;,&quot;experience&quot;:[&quot;Nothing&quot;],&quot;project&quot;:[]},{&quot;jobId&quot;:9980,&quot;jobTitle&quot;:&quot;Data Analyst&quot;,&quot;jobDescription&quot;:&quot;Develop machine learning models&quot;,&quot;experience&quot;:[&quot;Nothing&quot;],&quot;project&quot;:[]},{&quot;jobId&quot;:3,&quot;jobTitle&quot;:&quot;Data Engg&quot;,&quot;jobDescription&quot;:&quot;Create machine learning apps&quot;,&quot;experience&quot;:[&quot;IBM&quot;,&quot;INTEL&quot;],&quot;project&quot;:[{&quot;projectName&quot;:&quot;SCASE&quot;,&quot;technology&quot;:[&quot;Python&quot;,&quot;R&quot;]}]},{&quot;jobId&quot;:4,&quot;jobTitle&quot;:&quot;QA Tester&quot;,&quot;jobDescription&quot;:&quot;To develop andriod application&quot;,&quot;experience&quot;:[&quot;RRD&quot;,&quot;ApD&quot;,&quot;MobileIron&quot;],&quot;project&quot;:[{&quot;projectName&quot;:&quot;Eccc&quot;,&quot;technology&quot;:[&quot;Selenium&quot;,&quot;Robot&quot;]}]},{&quot;jobId&quot;:82,&quot;jobTitle&quot;:&quot;Data Engg&quot;,&quot;jobDescription&quot;:&quot;Create machine learning apps&quot;,&quot;experience&quot;:[&quot;IBM&quot;,&quot;INTEL&quot;],&quot;project&quot;:[{&quot;projectName&quot;:&quot;SCASE&quot;,&quot;technology&quot;:[&quot;Python&quot;,&quot;R&quot;]}]},{&quot;jobId&quot;:291,&quot;jobTitle&quot;:&quot;QA Tester&quot;,&quot;jobDescription&quot;:&quot;To develop andriod application&quot;,&quot;experience&quot;:[&quot;RRD&quot;,&quot;ApD&quot;,&quot;MobileIron&quot;],&quot;project&quot;:[{&quot;projectName&quot;:&quot;Eccc&quot;,&quot;technology&quot;:[&quot;Selenium&quot;,&quot;Robot&quot;]}]},{&quot;jobId&quot;:3,&quot;jobTitle&quot;:&quot;Data Engg&quot;,&quot;jobDescription&quot;:&quot;Create machine learning apps&quot;,&quot;experience&quot;:[&quot;IBM&quot;,&quot;INTEL&quot;],&quot;project&quot;:[{&quot;projectName&quot;:&quot;SCASE&quot;,&quot;technology&quot;:[&quot;Python&quot;,&quot;R&quot;]}]}]&#10;  &apos;#[] ##(mainSchema)&apos;&#10;&#10;    $[21] | not equal | match failed for name: &apos;project&apos; (MAP:MAP)&#10;    {&quot;jobId&quot;:47,&quot;jobTitle&quot;:&quot;LOS&quot;,&quot;jobDescription&quot;:&quot;SOL&quot;,&quot;experience&quot;:[&quot;Nothing&quot;],&quot;project&quot;:[]}&#10;    {&quot;jobId&quot;:&quot;#number&quot;,&quot;jobTitle&quot;:&quot;#string&quot;,&quot;jobDescription&quot;:&quot;#string&quot;,&quot;experience&quot;:&quot;#[] #string&quot;,&quot;project&quot;:&quot;#[] ##(projectSchema)&quot;}&#10;&#10;      $[21].project | all array elements matched (LIST:STRING)&#10;      []&#10;      &apos;#[] ##(projectSchema)&apos;&#10;&#10;&#10;classpath:com/api/automation/postrequest/schemaValidation.feature:26" type="org.opentest4j.AssertionFailedError"><![CDATA[org.opentest4j.AssertionFailedError: 
match failed: EQUALS
  $ | all array elements matched (LIST:STRING)
  [{"jobId":1,"jobTitle":"Software Engg","jobDescription":"To develop andriod application","experience":["Google","Apple","Mobile Iron"],"project":[{"projectName":"Movie App","technology":["Kotlin","SQL Lite","Gradle"]}]},{"jobId":3,"jobTitle":"Data Engg","jobDescription":"Create machine learning apps","experience":["IBM","INTEL"],"project":[{"projectName":"SCASE","technology":["Python","R"]}]},{"jobId":4,"jobTitle":"Software Engg - 2","jobDescription":"To develop andriod application and web application","experience":["RRD","ApD","MobileIron"],"project":[{"projectName":"Eccc","technology":["Selenium","Robot"]}]},{"jobId":640,"jobTitle":"Data Engg","jobDescription":"Create machine learning apps","experience":["IBM","INTEL"],"project":[{"projectName":"SCASE","technology":["Python","R"]}]},{"jobId":430,"jobTitle":"QA Tester","jobDescription":"To develop andriod application","experience":["RRD","ApD","MobileIron"],"project":[{"projectName":"Eccc","technology":["Selenium","Robot"]}]},{"jobId":3,"jobTitle":"Data Engg","jobDescription":"Create machine learning apps","experience":["IBM","INTEL"],"project":[{"projectName":"SCASE","technology":["Python","R"]}]},{"jobId":3,"jobTitle":"Data Engg","jobDescription":"Create machine learning apps","experience":["IBM","INTEL"],"project":[{"projectName":"SCASE","technology":["Python","R"]}]},{"jobId":4,"jobTitle":"QA Tester","jobDescription":"To develop andriod application","experience":["RRD","ApD","MobileIron"],"project":[{"projectName":"Eccc","technology":["Selenium","Robot"]}]},{"jobId":404,"jobTitle":"Data Engg","jobDescription":"Create machine learning apps","experience":["IBM","INTEL"],"project":[{"projectName":"SCASE","technology":["Python","R"]}]},{"jobId":412,"jobTitle":"QA Tester","jobDescription":"To develop andriod application","experience":["RRD","ApD","MobileIron"],"project":[{"projectName":"Eccc","technology":["Selenium","Robot"]}]},{"jobId":3,"jobTitle":"Data Engg","jobDescription":"Create machine learning apps","experience":["IBM","INTEL"],"project":[{"projectName":"SCASE","technology":["Python","R"]}]},{"jobId":3,"jobTitle":"Data Engg","jobDescription":"Create machine learning apps","experience":["IBM","INTEL"],"project":[{"projectName":"SCASE","technology":["Python","R"]}]},{"jobId":4,"jobTitle":"QA Tester","jobDescription":"To develop andriod application","experience":["RRD","ApD","MobileIron"],"project":[{"projectName":"Eccc","technology":["Selenium","Robot"]}]},{"jobId":612,"jobTitle":"Data Engg","jobDescription":"Create machine learning apps","experience":["IBM","INTEL"],"project":[{"projectName":"SCASE","technology":["Python","R"]}]},{"jobId":124,"jobTitle":"QA Tester","jobDescription":"To develop andriod application","experience":["RRD","ApD","MobileIron"],"project":[{"projectName":"Eccc","technology":["Selenium","Robot"]}]},{"jobId":3,"jobTitle":"Data Engg","jobDescription":"Create machine learning apps","experience":["IBM","INTEL"],"project":[{"projectName":"SCASE","technology":["Python","R"]}]},{"jobId":3,"jobTitle":"Data Engg","jobDescription":"Create machine learning apps","experience":["IBM","INTEL"],"project":[{"projectName":"SCASE","technology":["Python","R"]}]},{"jobId":4,"jobTitle":"QA Tester","jobDescription":"To develop andriod application","experience":["RRD","ApD","MobileIron"],"project":[{"projectName":"Eccc","technology":["Selenium","Robot"]}]},{"jobId":27,"jobTitle":"Data Engg","jobDescription":"Create machine learning apps","experience":["IBM","INTEL"],"project":[{"projectName":"SCASE","technology":["Python","R"]}]},{"jobId":276,"jobTitle":"QA Tester","jobDescription":"To develop andriod application","experience":["RRD","ApD","MobileIron"],"project":[{"projectName":"Eccc","technology":["Selenium","Robot"]}]},{"jobId":3,"jobTitle":"Data Engg","jobDescription":"Create machine learning apps","experience":["IBM","INTEL"],"project":[{"projectName":"SCASE","technology":["Python","R"]}]},{"jobId":47,"jobTitle":"LOS","jobDescription":"SOL","experience":["Nothing"],"project":[]},{"jobId":99,"jobTitle":"LOS","jobDescription":"SOL","experience":["Nothing"],"project":[]},{"jobId":49,"jobTitle":"LOS","jobDescription":"SOL","experience":["Nothing"],"project":[]},{"jobId":99,"jobTitle":"LOS","jobDescription":"SOL","experience":["Nothing"],"project":[]},{"jobId":80,"jobTitle":"LOS","jobDescription":"SOL","experience":["Nothing"],"project":[]},{"jobId":0,"jobTitle":"LOS","jobDescription":"SOL","experience":["Nothing"],"project":[]},{"jobId":0,"jobTitle":"LOS","jobDescription":"SOL","experience":["Nothing"],"project":[]},{"jobId":0,"jobTitle":"LOS","jobDescription":"SOL","experience":["Nothing"],"project":[]},{"jobId":45,"jobTitle":"QA Tester","jobDescription":"Finding bugs","experience":["Nothing"],"project":[]},{"jobId":64,"jobTitle":"QA Tester","jobDescription":"Finding bugs","experience":["Nothing"],"project":[]},{"jobId":38,"jobTitle":"QA Tester","jobDescription":"Finding bugs","experience":["Nothing"],"project":[]},{"jobId":85,"jobTitle":"LOS","jobDescription":"SOL","experience":["Nothing"],"project":[]},{"jobId":9,"jobTitle":"QA Tester","jobDescription":"Finding bugs","experience":["Nothing"],"project":[]},{"jobId":85,"jobTitle":"LOS","jobDescription":"SOL","experience":["Nothing"],"project":[]},{"jobId":36,"jobTitle":"LOS","jobDescription":"SOL","experience":["Nothing"],"project":[]},{"jobId":41,"jobTitle":"QA Tester","jobDescription":"Finding bugs","experience":["Nothing"],"project":[]},{"jobId":42,"jobTitle":"LOS","jobDescription":"SOL","experience":["Nothing"],"project":[]},{"jobId":69,"jobTitle":"LOS","jobDescription":"SOL","experience":["Nothing"],"project":[]},{"jobId":13,"jobTitle":"LOS","jobDescription":"SOL","experience":["Nothing"],"project":[]},{"jobId":15,"jobTitle":"LOS","jobDescription":"To develop andriod application and web application","experience":["Nothing"],"project":[]},{"jobId":19,"jobTitle":"LOS","jobDescription":"SOL","experience":["Nothing"],"project":[]},{"jobId":92,"jobTitle":"Software Engg - 2","jobDescription":"To develop andriod application and web application","experience":["Nothing"],"project":[]},{"jobId":54,"jobTitle":"LOS","jobDescription":"SOL","experience":["Nothing"],"project":[]},{"jobId":90,"jobTitle":"Software Engg - 2","jobDescription":"To develop andriod application and web application","experience":["Nothing"],"project":[]},{"jobId":38,"jobTitle":"LOS","jobDescription":"SOL","experience":["Nothing"],"project":[]},{"jobId":5,"jobTitle":"Software Engg - 2","jobDescription":"To develop andriod application","experience":["Google","Apple","Mobile Iron","Google"],"project":[{"projectName":"Movie App","technology":["Kotlin","SQL Lite","Gradle","Jenkins"]}]},{"jobId":623,"jobTitle":"Data Engg","jobDescription":"Create machine learning apps","experience":["IBM","INTEL"],"project":[{"projectName":"SCASE","technology":["Python","R"]}]},{"jobId":3,"jobTitle":"Data Engg","jobDescription":"Create machine learning apps","experience":["IBM","INTEL"],"project":[{"projectName":"SCASE","technology":["Python","R"]}]},{"jobId":4,"jobTitle":"QA Tester","jobDescription":"To develop andriod application","experience":["RRD","ApD","MobileIron"],"project":[{"projectName":"Eccc","technology":["Selenium","Robot"]}]},{"jobId":345,"jobTitle":"QA Tester","jobDescription":"To develop andriod application","experience":["RRD","ApD","MobileIron"],"project":[{"projectName":"Eccc","technology":["Selenium","Robot"]}]},{"jobId":7,"jobTitle":"Software Engg","jobDescription":"To develop andriod application","experience":["Google","Apple","Mobile Iron","Subex"],"project":[{"projectName":"Movie App","technology":["Kotlin","SQL Lite","Gradle","Jenkins"]}]},{"jobId":7,"jobTitle":"Software Engg","jobDescription":"To develop andriod application","experience":["Google","Apple","Mobile Iron","Subex"],"project":[{"projectName":"Movie App","technology":["Kotlin","SQL Lite","Gradle","Jenkins"]}]},{"jobId":50,"jobTitle":"Software Engg - 2","jobDescription":"To develop andriod application","experience":["Google","Apple","Mobile Iron","Google"],"project":[{"projectName":"Movie App","technology":["Kotlin","SQL Lite","Gradle","Jenkins"]}]},{"jobId":43,"jobTitle":"Software Engg","jobDescription":"To develop andriod application","experience":["Google","Apple","Mobile Iron","Subex"],"project":[{"projectName":"Movie App","technology":["Kotlin","SQL Lite","Gradle","Jenkins"]}]},{"jobId":19,"jobTitle":"LOS","jobDescription":"SOL","experience":["Nothing"],"project":[]},{"jobId":7,"jobTitle":"LOS","jobDescription":"SOL","experience":["Nothing"],"project":[]},{"jobId":3,"jobTitle":"Data Engg","jobDescription":"Create machine learning apps","experience":["IBM","INTEL"],"project":[{"projectName":"SCASE","technology":["Python","R"]}]},{"jobId":5,"jobTitle":"Software Engg - 2","jobDescription":"To develop andriod application","experience":["Google","Apple","Mobile Iron","Google"],"project":[{"projectName":"Movie App","technology":["Kotlin","SQL Lite","Gradle","Jenkins"]}]},{"jobId":4,"jobTitle":"QA Tester","jobDescription":"To develop andriod application","experience":["RRD","ApD","MobileIron"],"project":[{"projectName":"Eccc","technology":["Selenium","Robot"]}]},{"jobId":135,"jobTitle":"Data Engg","jobDescription":"Create machine learning apps","experience":["IBM","INTEL"],"project":[{"projectName":"SCASE","technology":["Python","R"]}]},{"jobId":647,"jobTitle":"QA Tester","jobDescription":"To develop andriod application","experience":["RRD","ApD","MobileIron"],"project":[{"projectName":"Eccc","technology":["Selenium","Robot"]}]},{"jobId":7,"jobTitle":"Software Engg","jobDescription":"To develop andriod application","experience":["Google","Apple","Mobile Iron","Subex"],"project":[{"projectName":"Movie App","technology":["Kotlin","SQL Lite","Gradle","Jenkins"]}]},{"jobId":7,"jobTitle":"Software Engg","jobDescription":"To develop andriod application","experience":["Google","Apple","Mobile Iron","Subex"],"project":[{"projectName":"Movie App","technology":["Kotlin","SQL Lite","Gradle","Jenkins"]}]},{"jobId":36,"jobTitle":"Software Engg - 2","jobDescription":"To develop andriod application","experience":["Google","Apple","Mobile Iron","Google"],"project":[{"projectName":"Movie App","technology":["Kotlin","SQL Lite","Gradle","Jenkins"]}]},{"jobId":6,"jobTitle":"Software Engg","jobDescription":"To develop andriod application","experience":["Google","Apple","Mobile Iron","Subex"],"project":[{"projectName":"Movie App","technology":["Kotlin","SQL Lite","Gradle","Jenkins"]}]},{"jobId":40,"jobTitle":"LOS","jobDescription":"SOL","experience":["Nothing"],"project":[]},{"jobId":59,"jobTitle":"LOS","jobDescription":"SOL","experience":["Nothing"],"project":[]},{"jobId":80,"jobTitle":"LOS","jobDescription":"SOL","experience":["Nothing"],"project":[]},{"jobId":4,"jobTitle":"LOS","jobDescription":"SOL","experience":["Nothing"],"project":[]},{"jobId":33,"jobTitle":"LOS","jobDescription":"SOL","experience":["Nothing"],"project":[]},{"jobId":70,"jobTitle":"Software Engg - 2","jobDescription":"To develop andriod application and web application","experience":["Nothing"],"project":[]},{"jobId":40,"jobTitle":"LOS","jobDescription":"SOL","experience":["Nothing"],"project":[]},{"jobId":32,"jobTitle":"LOS","jobDescription":"SOL","experience":["Nothing"],"project":[]},{"jobId":370,"jobTitle":"IOS","jobDescription":"APPLE","experience":["Nothing"],"project":[]},{"jobId":676,"jobTitle":"IOS","jobDescription":"APPLE","experience":["Nothing"],"project":[]},{"jobId":704,"jobTitle":"IOS","jobDescription":"APPLE","experience":["Nothing"],"project":[]},{"jobId":9980,"jobTitle":"Data Analyst","jobDescription":"Develop machine learning models","experience":["Nothing"],"project":[]},{"jobId":9980,"jobTitle":"Data Analyst","jobDescription":"Develop machine learning models","experience":["Nothing"],"project":[]},{"jobId":3,"jobTitle":"Data Engg","jobDescription":"Create machine learning apps","experience":["IBM","INTEL"],"project":[{"projectName":"SCASE","technology":["Python","R"]}]},{"jobId":4,"jobTitle":"QA Tester","jobDescription":"To develop andriod application","experience":["RRD","ApD","MobileIron"],"project":[{"projectName":"Eccc","technology":["Selenium","Robot"]}]},{"jobId":82,"jobTitle":"Data Engg","jobDescription":"Create machine learning apps","experience":["IBM","INTEL"],"project":[{"projectName":"SCASE","technology":["Python","R"]}]},{"jobId":291,"jobTitle":"QA Tester","jobDescription":"To develop andriod application","experience":["RRD","ApD","MobileIron"],"project":[{"projectName":"Eccc","technology":["Selenium","Robot"]}]},{"jobId":3,"jobTitle":"Data Engg","jobDescription":"Create machine learning apps","experience":["IBM","INTEL"],"project":[{"projectName":"SCASE","technology":["Python","R"]}]}]
  '#[] ##(mainSchema)'

    $[21] | not equal | match failed for name: 'project' (MAP:MAP)
    {"jobId":47,"jobTitle":"LOS","jobDescription":"SOL","experience":["Nothing"],"project":[]}
    {"jobId":"#number","jobTitle":"#string","jobDescription":"#string","experience":"#[] #string","project":"#[] ##(projectSchema)"}

      $[21].project | all array elements matched (LIST:STRING)
      []
      '#[] ##(projectSchema)'


classpath:com/api/automation/postrequest/schemaValidation.feature:26
	at org.junit.jupiter.api.AssertionUtils.fail(AssertionUtils.java:38)
	at org.junit.jupiter.api.Assertions.fail(Assertions.java:135)
	at com.intuit.karate.junit5.FeatureNode.lambda$next$1(FeatureNode.java:86)
	at org.junit.jupiter.engine.descriptor.DynamicTestTestDescriptor.lambda$execute$0(DynamicTestTestDescriptor.java:53)
	at org.junit.jupiter.engine.execution.InvocationInterceptorChain$ValidatingInvocation.proceed(InvocationInterceptorChain.java:131)
	at org.junit.jupiter.api.extension.InvocationInterceptor.interceptDynamicTest(InvocationInterceptor.java:167)
	at org.junit.jupiter.api.extension.InvocationInterceptor.interceptDynamicTest(InvocationInterceptor.java:184)
	at org.junit.jupiter.engine.descriptor.DynamicTestTestDescriptor.lambda$execute$1(DynamicTestTestDescriptor.java:61)
	at org.junit.jupiter.engine.execution.InvocationInterceptorChain$InterceptorCall.lambda$ofVoid$0(InvocationInterceptorChain.java:78)
	at org.junit.jupiter.engine.execution.InvocationInterceptorChain$InterceptedInvocation.proceed(InvocationInterceptorChain.java:106)
	at org.junit.jupiter.engine.execution.InvocationInterceptorChain.proceed(InvocationInterceptorChain.java:64)
	at org.junit.jupiter.engine.execution.InvocationInterceptorChain.chainAndInvoke(InvocationInterceptorChain.java:45)
	at org.junit.jupiter.engine.execution.InvocationInterceptorChain.invoke(InvocationInterceptorChain.java:37)
	at org.junit.jupiter.engine.descriptor.DynamicTestTestDescriptor.execute(DynamicTestTestDescriptor.java:60)
	at org.junit.jupiter.engine.descriptor.DynamicTestTestDescriptor.execute(DynamicTestTestDescriptor.java:32)
	at org.junit.platform.engine.support.hierarchical.NodeTestTask.lambda$executeRecursively$6(NodeTestTask.java:151)
	at org.junit.platform.engine.support.hierarchical.ThrowableCollector.execute(ThrowableCollector.java:73)
	at org.junit.platform.engine.support.hierarchical.NodeTestTask.lambda$executeRecursively$8(NodeTestTask.java:141)
	at org.junit.platform.engine.support.hierarchical.Node.around(Node.java:137)
	at org.junit.platform.engine.support.hierarchical.NodeTestTask.lambda$executeRecursively$9(NodeTestTask.java:139)
	at org.junit.platform.engine.support.hierarchical.ThrowableCollector.execute(ThrowableCollector.java:73)
	at org.junit.platform.engine.support.hierarchical.NodeTestTask.executeRecursively(NodeTestTask.java:138)
	at org.junit.platform.engine.support.hierarchical.NodeTestTask.execute(NodeTestTask.java:95)
	at org.junit.platform.engine.support.hierarchical.SameThreadHierarchicalTestExecutorService.submit(SameThreadHierarchicalTestExecutorService.java:35)
	at org.junit.platform.engine.support.hierarchical.NodeTestTask$DefaultDynamicTestExecutor.execute(NodeTestTask.java:226)
	at org.junit.platform.engine.support.hierarchical.NodeTestTask$DefaultDynamicTestExecutor.execute(NodeTestTask.java:204)
	at java.base/java.util.stream.ForEachOps$ForEachOp$OfRef.accept(ForEachOps.java:183)
	at java.base/java.util.stream.ReferencePipeline$3$1.accept(ReferencePipeline.java:197)
	at java.base/java.util.stream.ReferencePipeline$2$1.accept(ReferencePipeline.java:179)
	at java.base/java.util.stream.ReferencePipeline$3$1.accept(ReferencePipeline.java:197)
	at java.base/java.util.Iterator.forEachRemaining(Iterator.java:133)
	at java.base/java.util.Spliterators$IteratorSpliterator.forEachRemaining(Spliterators.java:1801)
	at java.base/java.util.stream.AbstractPipeline.copyInto(AbstractPipeline.java:484)
	at java.base/java.util.stream.AbstractPipeline.wrapAndCopyInto(AbstractPipeline.java:474)
	at java.base/java.util.stream.ForEachOps$ForEachOp.evaluateSequential(ForEachOps.java:150)
	at java.base/java.util.stream.ForEachOps$ForEachOp$OfRef.evaluateSequential(ForEachOps.java:173)
	at java.base/java.util.stream.AbstractPipeline.evaluate(AbstractPipeline.java:234)
	at java.base/java.util.stream.ReferencePipeline.forEachOrdered(ReferencePipeline.java:601)
	at org.junit.jupiter.engine.descriptor.DynamicContainerTestDescriptor.execute(DynamicContainerTestDescriptor.java:67)
	at org.junit.jupiter.engine.descriptor.DynamicContainerTestDescriptor.execute(DynamicContainerTestDescriptor.java:33)
	at org.junit.platform.engine.support.hierarchical.NodeTestTask.lambda$executeRecursively$6(NodeTestTask.java:151)
	at org.junit.platform.engine.support.hierarchical.ThrowableCollector.execute(ThrowableCollector.java:73)
	at org.junit.platform.engine.support.hierarchical.NodeTestTask.lambda$executeRecursively$8(NodeTestTask.java:141)
	at org.junit.platform.engine.support.hierarchical.Node.around(Node.java:137)
	at org.junit.platform.engine.support.hierarchical.NodeTestTask.lambda$executeRecursively$9(NodeTestTask.java:139)
	at org.junit.platform.engine.support.hierarchical.ThrowableCollector.execute(ThrowableCollector.java:73)
	at org.junit.platform.engine.support.hierarchical.NodeTestTask.executeRecursively(NodeTestTask.java:138)
	at org.junit.platform.engine.support.hierarchical.NodeTestTask.execute(NodeTestTask.java:95)
	at org.junit.platform.engine.support.hierarchical.SameThreadHierarchicalTestExecutorService.submit(SameThreadHierarchicalTestExecutorService.java:35)
	at org.junit.platform.engine.support.hierarchical.NodeTestTask$DefaultDynamicTestExecutor.execute(NodeTestTask.java:226)
	at org.junit.platform.engine.support.hierarchical.NodeTestTask$DefaultDynamicTestExecutor.execute(NodeTestTask.java:204)
	at java.base/java.util.Optional.ifPresent(Optional.java:178)
	at org.junit.jupiter.engine.descriptor.TestFactoryTestDescriptor.lambda$invokeTestMethod$1(TestFactoryTestDescriptor.java:108)
	at org.junit.platform.engine.support.hierarchical.ThrowableCollector.execute(ThrowableCollector.java:73)
	at org.junit.jupiter.engine.descriptor.TestFactoryTestDescriptor.invokeTestMethod(TestFactoryTestDescriptor.java:95)
	at org.junit.jupiter.engine.descriptor.TestMethodTestDescriptor.execute(TestMethodTestDescriptor.java:138)
	at org.junit.jupiter.engine.descriptor.TestMethodTestDescriptor.execute(TestMethodTestDescriptor.java:68)
	at org.junit.platform.engine.support.hierarchical.NodeTestTask.lambda$executeRecursively$6(NodeTestTask.java:151)
	at org.junit.platform.engine.support.hierarchical.ThrowableCollector.execute(ThrowableCollector.java:73)
	at org.junit.platform.engine.support.hierarchical.NodeTestTask.lambda$executeRecursively$8(NodeTestTask.java:141)
	at org.junit.platform.engine.support.hierarchical.Node.around(Node.java:137)
	at org.junit.platform.engine.support.hierarchical.NodeTestTask.lambda$executeRecursively$9(NodeTestTask.java:139)
	at org.junit.platform.engine.support.hierarchical.ThrowableCollector.execute(ThrowableCollector.java:73)
	at org.junit.platform.engine.support.hierarchical.NodeTestTask.executeRecursively(NodeTestTask.java:138)
	at org.junit.platform.engine.support.hierarchical.NodeTestTask.execute(NodeTestTask.java:95)
	at java.base/java.util.ArrayList.forEach(ArrayList.java:1511)
	at org.junit.platform.engine.support.hierarchical.SameThreadHierarchicalTestExecutorService.invokeAll(SameThreadHierarchicalTestExecutorService.java:41)
	at org.junit.platform.engine.support.hierarchical.NodeTestTask.lambda$executeRecursively$6(NodeTestTask.java:155)
	at org.junit.platform.engine.support.hierarchical.ThrowableCollector.execute(ThrowableCollector.java:73)
	at org.junit.platform.engine.support.hierarchical.NodeTestTask.lambda$executeRecursively$8(NodeTestTask.java:141)
	at org.junit.platform.engine.support.hierarchical.Node.around(Node.java:137)
	at org.junit.platform.engine.support.hierarchical.NodeTestTask.lambda$executeRecursively$9(NodeTestTask.java:139)
	at org.junit.platform.engine.support.hierarchical.ThrowableCollector.execute(ThrowableCollector.java:73)
	at org.junit.platform.engine.support.hierarchical.NodeTestTask.executeRecursively(NodeTestTask.java:138)
	at org.junit.platform.engine.support.hierarchical.NodeTestTask.execute(NodeTestTask.java:95)
	at java.base/java.util.ArrayList.forEach(ArrayList.java:1511)
	at org.junit.platform.engine.support.hierarchical.SameThreadHierarchicalTestExecutorService.invokeAll(SameThreadHierarchicalTestExecutorService.java:41)
	at org.junit.platform.engine.support.hierarchical.NodeTestTask.lambda$executeRecursively$6(NodeTestTask.java:155)
	at org.junit.platform.engine.support.hierarchical.ThrowableCollector.execute(ThrowableCollector.java:73)
	at org.junit.platform.engine.support.hierarchical.NodeTestTask.lambda$executeRecursively$8(NodeTestTask.java:141)
	at org.junit.platform.engine.support.hierarchical.Node.around(Node.java:137)
	at org.junit.platform.engine.support.hierarchical.NodeTestTask.lambda$executeRecursively$9(NodeTestTask.java:139)
	at org.junit.platform.engine.support.hierarchical.ThrowableCollector.execute(ThrowableCollector.java:73)
	at org.junit.platform.engine.support.hierarchical.NodeTestTask.executeRecursively(NodeTestTask.java:138)
	at org.junit.platform.engine.support.hierarchical.NodeTestTask.execute(NodeTestTask.java:95)
	at org.junit.platform.engine.support.hierarchical.SameThreadHierarchicalTestExecutorService.submit(SameThreadHierarchicalTestExecutorService.java:35)
	at org.junit.platform.engine.support.hierarchical.HierarchicalTestExecutor.execute(HierarchicalTestExecutor.java:57)
	at org.junit.platform.engine.support.hierarchical.HierarchicalTestEngine.execute(HierarchicalTestEngine.java:54)
	at org.junit.platform.launcher.core.EngineExecutionOrchestrator.execute(EngineExecutionOrchestrator.java:147)
	at org.junit.platform.launcher.core.EngineExecutionOrchestrator.execute(EngineExecutionOrchestrator.java:127)
	at org.junit.platform.launcher.core.EngineExecutionOrchestrator.execute(EngineExecutionOrchestrator.java:90)
	at org.junit.platform.launcher.core.EngineExecutionOrchestrator.lambda$execute$0(EngineExecutionOrchestrator.java:55)
	at org.junit.platform.launcher.core.EngineExecutionOrchestrator.withInterceptedStreams(EngineExecutionOrchestrator.java:102)
	at org.junit.platform.launcher.core.EngineExecutionOrchestrator.execute(EngineExecutionOrchestrator.java:54)
	at org.junit.platform.launcher.core.DefaultLauncher.execute(DefaultLauncher.java:114)
	at org.junit.platform.launcher.core.DefaultLauncher.execute(DefaultLauncher.java:86)
	at org.junit.platform.launcher.core.DefaultLauncherSession$DelegatingLauncher.execute(DefaultLauncherSession.java:86)
	at org.apache.maven.surefire.junitplatform.LazyLauncher.execute(LazyLauncher.java:50)
	at org.apache.maven.surefire.junitplatform.JUnitPlatformProvider.execute(JUnitPlatformProvider.java:184)
	at org.apache.maven.surefire.junitplatform.JUnitPlatformProvider.invokeAllTests(JUnitPlatformProvider.java:148)
	at org.apache.maven.surefire.junitplatform.JUnitPlatformProvider.invoke(JUnitPlatformProvider.java:122)
	at org.apache.maven.surefire.booter.ForkedBooter.runSuitesInProcess(ForkedBooter.java:385)
	at org.apache.maven.surefire.booter.ForkedBooter.execute(ForkedBooter.java:162)
	at org.apache.maven.surefire.booter.ForkedBooter.run(ForkedBooter.java:507)
	at org.apache.maven.surefire.booter.ForkedBooter.main(ForkedBooter.java:495)
]]></failure>
    <system-out><![CDATA[14:19:47.356 [main] INFO  com.intuit.karate - karate.env system property was: null 
14:19:47.359 [main] DEBUG com.intuit.karate - request:
1 > GET http://localhost:9897/normal/webapi/all
1 > Accept: application/json
1 > Host: localhost:9897
1 > Connection: Keep-Alive
1 > User-Agent: Apache-HttpClient/4.5.14 (Java/16.0.1)
1 > Accept-Encoding: gzip,deflate


14:19:47.367 [main] DEBUG com.intuit.karate - response time in milliseconds: 8
1 < 200
1 < X-Content-Type-Options: nosniff
1 < X-XSS-Protection: 1; mode=block
1 < Cache-Control: no-cache, no-store, max-age=0, must-revalidate
1 < Pragma: no-cache
1 < Expires: 0
1 < X-Frame-Options: DENY
1 < Content-Type: application/json
1 < Transfer-Encoding: chunked
1 < Date: Thu, 27 Jun 2024 19:19:47 GMT
1 < Keep-Alive: timeout=60
1 < Connection: keep-alive
[{"jobId":1,"jobTitle":"Software Engg","jobDescription":"To develop andriod application","experience":["Google","Apple","Mobile Iron"],"project":[{"projectName":"Movie App","technology":["Kotlin","SQL Lite","Gradle"]}]},{"jobId":3,"jobTitle":"Data Engg","jobDescription":"Create machine learning apps","experience":["IBM","INTEL"],"project":[{"projectName":"SCASE","technology":["Python","R"]}]},{"jobId":4,"jobTitle":"Software Engg - 2","jobDescription":"To develop andriod application and web application","experience":["RRD","ApD","MobileIron"],"project":[{"projectName":"Eccc","technology":["Selenium","Robot"]}]},{"jobId":640,"jobTitle":"Data Engg","jobDescription":"Create machine learning apps","experience":["IBM","INTEL"],"project":[{"projectName":"SCASE","technology":["Python","R"]}]},{"jobId":430,"jobTitle":"QA Tester","jobDescription":"To develop andriod application","experience":["RRD","ApD","MobileIron"],"project":[{"projectName":"Eccc","technology":["Selenium","Robot"]}]},{"jobId":3,"jobTitle":"Data Engg","jobDescription":"Create machine learning apps","experience":["IBM","INTEL"],"project":[{"projectName":"SCASE","technology":["Python","R"]}]},{"jobId":3,"jobTitle":"Data Engg","jobDescription":"Create machine learning apps","experience":["IBM","INTEL"],"project":[{"projectName":"SCASE","technology":["Python","R"]}]},{"jobId":4,"jobTitle":"QA Tester","jobDescription":"To develop andriod application","experience":["RRD","ApD","MobileIron"],"project":[{"projectName":"Eccc","technology":["Selenium","Robot"]}]},{"jobId":404,"jobTitle":"Data Engg","jobDescription":"Create machine learning apps","experience":["IBM","INTEL"],"project":[{"projectName":"SCASE","technology":["Python","R"]}]},{"jobId":412,"jobTitle":"QA Tester","jobDescription":"To develop andriod application","experience":["RRD","ApD","MobileIron"],"project":[{"projectName":"Eccc","technology":["Selenium","Robot"]}]},{"jobId":3,"jobTitle":"Data Engg","jobDescription":"Create machine learning apps","experience":["IBM","INTEL"],"project":[{"projectName":"SCASE","technology":["Python","R"]}]},{"jobId":3,"jobTitle":"Data Engg","jobDescription":"Create machine learning apps","experience":["IBM","INTEL"],"project":[{"projectName":"SCASE","technology":["Python","R"]}]},{"jobId":4,"jobTitle":"QA Tester","jobDescription":"To develop andriod application","experience":["RRD","ApD","MobileIron"],"project":[{"projectName":"Eccc","technology":["Selenium","Robot"]}]},{"jobId":612,"jobTitle":"Data Engg","jobDescription":"Create machine learning apps","experience":["IBM","INTEL"],"project":[{"projectName":"SCASE","technology":["Python","R"]}]},{"jobId":124,"jobTitle":"QA Tester","jobDescription":"To develop andriod application","experience":["RRD","ApD","MobileIron"],"project":[{"projectName":"Eccc","technology":["Selenium","Robot"]}]},{"jobId":3,"jobTitle":"Data Engg","jobDescription":"Create machine learning apps","experience":["IBM","INTEL"],"project":[{"projectName":"SCASE","technology":["Python","R"]}]},{"jobId":3,"jobTitle":"Data Engg","jobDescription":"Create machine learning apps","experience":["IBM","INTEL"],"project":[{"projectName":"SCASE","technology":["Python","R"]}]},{"jobId":4,"jobTitle":"QA Tester","jobDescription":"To develop andriod application","experience":["RRD","ApD","MobileIron"],"project":[{"projectName":"Eccc","technology":["Selenium","Robot"]}]},{"jobId":27,"jobTitle":"Data Engg","jobDescription":"Create machine learning apps","experience":["IBM","INTEL"],"project":[{"projectName":"SCASE","technology":["Python","R"]}]},{"jobId":276,"jobTitle":"QA Tester","jobDescription":"To develop andriod application","experience":["RRD","ApD","MobileIron"],"project":[{"projectName":"Eccc","technology":["Selenium","Robot"]}]},{"jobId":3,"jobTitle":"Data Engg","jobDescription":"Create machine learning apps","experience":["IBM","INTEL"],"project":[{"projectName":"SCASE","technology":["Python","R"]}]},{"jobId":47,"jobTitle":"LOS","jobDescription":"SOL","experience":["Nothing"],"project":[]},{"jobId":99,"jobTitle":"LOS","jobDescription":"SOL","experience":["Nothing"],"project":[]},{"jobId":49,"jobTitle":"LOS","jobDescription":"SOL","experience":["Nothing"],"project":[]},{"jobId":99,"jobTitle":"LOS","jobDescription":"SOL","experience":["Nothing"],"project":[]},{"jobId":80,"jobTitle":"LOS","jobDescription":"SOL","experience":["Nothing"],"project":[]},{"jobId":0,"jobTitle":"LOS","jobDescription":"SOL","experience":["Nothing"],"project":[]},{"jobId":0,"jobTitle":"LOS","jobDescription":"SOL","experience":["Nothing"],"project":[]},{"jobId":0,"jobTitle":"LOS","jobDescription":"SOL","experience":["Nothing"],"project":[]},{"jobId":45,"jobTitle":"QA Tester","jobDescription":"Finding bugs","experience":["Nothing"],"project":[]},{"jobId":64,"jobTitle":"QA Tester","jobDescription":"Finding bugs","experience":["Nothing"],"project":[]},{"jobId":38,"jobTitle":"QA Tester","jobDescription":"Finding bugs","experience":["Nothing"],"project":[]},{"jobId":85,"jobTitle":"LOS","jobDescription":"SOL","experience":["Nothing"],"project":[]},{"jobId":9,"jobTitle":"QA Tester","jobDescription":"Finding bugs","experience":["Nothing"],"project":[]},{"jobId":85,"jobTitle":"LOS","jobDescription":"SOL","experience":["Nothing"],"project":[]},{"jobId":36,"jobTitle":"LOS","jobDescription":"SOL","experience":["Nothing"],"project":[]},{"jobId":41,"jobTitle":"QA Tester","jobDescription":"Finding bugs","experience":["Nothing"],"project":[]},{"jobId":42,"jobTitle":"LOS","jobDescription":"SOL","experience":["Nothing"],"project":[]},{"jobId":69,"jobTitle":"LOS","jobDescription":"SOL","experience":["Nothing"],"project":[]},{"jobId":13,"jobTitle":"LOS","jobDescription":"SOL","experience":["Nothing"],"project":[]},{"jobId":15,"jobTitle":"LOS","jobDescription":"To develop andriod application and web application","experience":["Nothing"],"project":[]},{"jobId":19,"jobTitle":"LOS","jobDescription":"SOL","experience":["Nothing"],"project":[]},{"jobId":92,"jobTitle":"Software Engg - 2","jobDescription":"To develop andriod application and web application","experience":["Nothing"],"project":[]},{"jobId":54,"jobTitle":"LOS","jobDescription":"SOL","experience":["Nothing"],"project":[]},{"jobId":90,"jobTitle":"Software Engg - 2","jobDescription":"To develop andriod application and web application","experience":["Nothing"],"project":[]},{"jobId":38,"jobTitle":"LOS","jobDescription":"SOL","experience":["Nothing"],"project":[]},{"jobId":5,"jobTitle":"Software Engg - 2","jobDescription":"To develop andriod application","experience":["Google","Apple","Mobile Iron","Google"],"project":[{"projectName":"Movie App","technology":["Kotlin","SQL Lite","Gradle","Jenkins"]}]},{"jobId":623,"jobTitle":"Data Engg","jobDescription":"Create machine learning apps","experience":["IBM","INTEL"],"project":[{"projectName":"SCASE","technology":["Python","R"]}]},{"jobId":3,"jobTitle":"Data Engg","jobDescription":"Create machine learning apps","experience":["IBM","INTEL"],"project":[{"projectName":"SCASE","technology":["Python","R"]}]},{"jobId":4,"jobTitle":"QA Tester","jobDescription":"To develop andriod application","experience":["RRD","ApD","MobileIron"],"project":[{"projectName":"Eccc","technology":["Selenium","Robot"]}]},{"jobId":345,"jobTitle":"QA Tester","jobDescription":"To develop andriod application","experience":["RRD","ApD","MobileIron"],"project":[{"projectName":"Eccc","technology":["Selenium","Robot"]}]},{"jobId":7,"jobTitle":"Software Engg","jobDescription":"To develop andriod application","experience":["Google","Apple","Mobile Iron","Subex"],"project":[{"projectName":"Movie App","technology":["Kotlin","SQL Lite","Gradle","Jenkins"]}]},{"jobId":7,"jobTitle":"Software Engg","jobDescription":"To develop andriod application","experience":["Google","Apple","Mobile Iron","Subex"],"project":[{"projectName":"Movie App","technology":["Kotlin","SQL Lite","Gradle","Jenkins"]}]},{"jobId":50,"jobTitle":"Software Engg - 2","jobDescription":"To develop andriod application","experience":["Google","Apple","Mobile Iron","Google"],"project":[{"projectName":"Movie App","technology":["Kotlin","SQL Lite","Gradle","Jenkins"]}]},{"jobId":43,"jobTitle":"Software Engg","jobDescription":"To develop andriod application","experience":["Google","Apple","Mobile Iron","Subex"],"project":[{"projectName":"Movie App","technology":["Kotlin","SQL Lite","Gradle","Jenkins"]}]},{"jobId":19,"jobTitle":"LOS","jobDescription":"SOL","experience":["Nothing"],"project":[]},{"jobId":7,"jobTitle":"LOS","jobDescription":"SOL","experience":["Nothing"],"project":[]},{"jobId":3,"jobTitle":"Data Engg","jobDescription":"Create machine learning apps","experience":["IBM","INTEL"],"project":[{"projectName":"SCASE","technology":["Python","R"]}]},{"jobId":5,"jobTitle":"Software Engg - 2","jobDescription":"To develop andriod application","experience":["Google","Apple","Mobile Iron","Google"],"project":[{"projectName":"Movie App","technology":["Kotlin","SQL Lite","Gradle","Jenkins"]}]},{"jobId":4,"jobTitle":"QA Tester","jobDescription":"To develop andriod application","experience":["RRD","ApD","MobileIron"],"project":[{"projectName":"Eccc","technology":["Selenium","Robot"]}]},{"jobId":135,"jobTitle":"Data Engg","jobDescription":"Create machine learning apps","experience":["IBM","INTEL"],"project":[{"projectName":"SCASE","technology":["Python","R"]}]},{"jobId":647,"jobTitle":"QA Tester","jobDescription":"To develop andriod application","experience":["RRD","ApD","MobileIron"],"project":[{"projectName":"Eccc","technology":["Selenium","Robot"]}]},{"jobId":7,"jobTitle":"Software Engg","jobDescription":"To develop andriod application","experience":["Google","Apple","Mobile Iron","Subex"],"project":[{"projectName":"Movie App","technology":["Kotlin","SQL Lite","Gradle","Jenkins"]}]},{"jobId":7,"jobTitle":"Software Engg","jobDescription":"To develop andriod application","experience":["Google","Apple","Mobile Iron","Subex"],"project":[{"projectName":"Movie App","technology":["Kotlin","SQL Lite","Gradle","Jenkins"]}]},{"jobId":36,"jobTitle":"Software Engg - 2","jobDescription":"To develop andriod application","experience":["Google","Apple","Mobile Iron","Google"],"project":[{"projectName":"Movie App","technology":["Kotlin","SQL Lite","Gradle","Jenkins"]}]},{"jobId":6,"jobTitle":"Software Engg","jobDescription":"To develop andriod application","experience":["Google","Apple","Mobile Iron","Subex"],"project":[{"projectName":"Movie App","technology":["Kotlin","SQL Lite","Gradle","Jenkins"]}]},{"jobId":40,"jobTitle":"LOS","jobDescription":"SOL","experience":["Nothing"],"project":[]},{"jobId":59,"jobTitle":"LOS","jobDescription":"SOL","experience":["Nothing"],"project":[]},{"jobId":80,"jobTitle":"LOS","jobDescription":"SOL","experience":["Nothing"],"project":[]},{"jobId":4,"jobTitle":"LOS","jobDescription":"SOL","experience":["Nothing"],"project":[]},{"jobId":33,"jobTitle":"LOS","jobDescription":"SOL","experience":["Nothing"],"project":[]},{"jobId":70,"jobTitle":"Software Engg - 2","jobDescription":"To develop andriod application and web application","experience":["Nothing"],"project":[]},{"jobId":40,"jobTitle":"LOS","jobDescription":"SOL","experience":["Nothing"],"project":[]},{"jobId":32,"jobTitle":"LOS","jobDescription":"SOL","experience":["Nothing"],"project":[]},{"jobId":370,"jobTitle":"IOS","jobDescription":"APPLE","experience":["Nothing"],"project":[]},{"jobId":676,"jobTitle":"IOS","jobDescription":"APPLE","experience":["Nothing"],"project":[]},{"jobId":704,"jobTitle":"IOS","jobDescription":"APPLE","experience":["Nothing"],"project":[]},{"jobId":9980,"jobTitle":"Data Analyst","jobDescription":"Develop machine learning models","experience":["Nothing"],"project":[]},{"jobId":9980,"jobTitle":"Data Analyst","jobDescription":"Develop machine learning models","experience":["Nothing"],"project":[]},{"jobId":3,"jobTitle":"Data Engg","jobDescription":"Create machine learning apps","experience":["IBM","INTEL"],"project":[{"projectName":"SCASE","technology":["Python","R"]}]},{"jobId":4,"jobTitle":"QA Tester","jobDescription":"To develop andriod application","experience":["RRD","ApD","MobileIron"],"project":[{"projectName":"Eccc","technology":["Selenium","Robot"]}]},{"jobId":82,"jobTitle":"Data Engg","jobDescription":"Create machine learning apps","experience":["IBM","INTEL"],"project":[{"projectName":"SCASE","technology":["Python","R"]}]},{"jobId":291,"jobTitle":"QA Tester","jobDescription":"To develop andriod application","experience":["RRD","ApD","MobileIron"],"project":[{"projectName":"Eccc","technology":["Selenium","Robot"]}]},{"jobId":3,"jobTitle":"Data Engg","jobDescription":"Create machine learning apps","experience":["IBM","INTEL"],"project":[{"projectName":"SCASE","technology":["Python","R"]}]}]

14:19:47.371 [main] INFO  com.intuit.karate - [print] {
  "jobId": "#number",
  "jobTitle": "#string",
  "jobDescription": "#string",
  "experience": "#[] #string",
  "project": "#[] ##(projectSchema)"
}
 
14:19:47.448 [main] ERROR com.intuit.karate - classpath:com/api/automation/postrequest/schemaValidation.feature:26
And match response ==
"""
'#[] ##(mainSchema)'
"""
match failed: EQUALS
  $ | all array elements matched (LIST:STRING)
  [{"jobId":1,"jobTitle":"Software Engg","jobDescription":"To develop andriod application","experience":["Google","Apple","Mobile Iron"],"project":[{"projectName":"Movie App","technology":["Kotlin","SQL Lite","Gradle"]}]},{"jobId":3,"jobTitle":"Data Engg","jobDescription":"Create machine learning apps","experience":["IBM","INTEL"],"project":[{"projectName":"SCASE","technology":["Python","R"]}]},{"jobId":4,"jobTitle":"Software Engg - 2","jobDescription":"To develop andriod application and web application","experience":["RRD","ApD","MobileIron"],"project":[{"projectName":"Eccc","technology":["Selenium","Robot"]}]},{"jobId":640,"jobTitle":"Data Engg","jobDescription":"Create machine learning apps","experience":["IBM","INTEL"],"project":[{"projectName":"SCASE","technology":["Python","R"]}]},{"jobId":430,"jobTitle":"QA Tester","jobDescription":"To develop andriod application","experience":["RRD","ApD","MobileIron"],"project":[{"projectName":"Eccc","technology":["Selenium","Robot"]}]},{"jobId":3,"jobTitle":"Data Engg","jobDescription":"Create machine learning apps","experience":["IBM","INTEL"],"project":[{"projectName":"SCASE","technology":["Python","R"]}]},{"jobId":3,"jobTitle":"Data Engg","jobDescription":"Create machine learning apps","experience":["IBM","INTEL"],"project":[{"projectName":"SCASE","technology":["Python","R"]}]},{"jobId":4,"jobTitle":"QA Tester","jobDescription":"To develop andriod application","experience":["RRD","ApD","MobileIron"],"project":[{"projectName":"Eccc","technology":["Selenium","Robot"]}]},{"jobId":404,"jobTitle":"Data Engg","jobDescription":"Create machine learning apps","experience":["IBM","INTEL"],"project":[{"projectName":"SCASE","technology":["Python","R"]}]},{"jobId":412,"jobTitle":"QA Tester","jobDescription":"To develop andriod application","experience":["RRD","ApD","MobileIron"],"project":[{"projectName":"Eccc","technology":["Selenium","Robot"]}]},{"jobId":3,"jobTitle":"Data Engg","jobDescription":"Create machine learning apps","experience":["IBM","INTEL"],"project":[{"projectName":"SCASE","technology":["Python","R"]}]},{"jobId":3,"jobTitle":"Data Engg","jobDescription":"Create machine learning apps","experience":["IBM","INTEL"],"project":[{"projectName":"SCASE","technology":["Python","R"]}]},{"jobId":4,"jobTitle":"QA Tester","jobDescription":"To develop andriod application","experience":["RRD","ApD","MobileIron"],"project":[{"projectName":"Eccc","technology":["Selenium","Robot"]}]},{"jobId":612,"jobTitle":"Data Engg","jobDescription":"Create machine learning apps","experience":["IBM","INTEL"],"project":[{"projectName":"SCASE","technology":["Python","R"]}]},{"jobId":124,"jobTitle":"QA Tester","jobDescription":"To develop andriod application","experience":["RRD","ApD","MobileIron"],"project":[{"projectName":"Eccc","technology":["Selenium","Robot"]}]},{"jobId":3,"jobTitle":"Data Engg","jobDescription":"Create machine learning apps","experience":["IBM","INTEL"],"project":[{"projectName":"SCASE","technology":["Python","R"]}]},{"jobId":3,"jobTitle":"Data Engg","jobDescription":"Create machine learning apps","experience":["IBM","INTEL"],"project":[{"projectName":"SCASE","technology":["Python","R"]}]},{"jobId":4,"jobTitle":"QA Tester","jobDescription":"To develop andriod application","experience":["RRD","ApD","MobileIron"],"project":[{"projectName":"Eccc","technology":["Selenium","Robot"]}]},{"jobId":27,"jobTitle":"Data Engg","jobDescription":"Create machine learning apps","experience":["IBM","INTEL"],"project":[{"projectName":"SCASE","technology":["Python","R"]}]},{"jobId":276,"jobTitle":"QA Tester","jobDescription":"To develop andriod application","experience":["RRD","ApD","MobileIron"],"project":[{"projectName":"Eccc","technology":["Selenium","Robot"]}]},{"jobId":3,"jobTitle":"Data Engg","jobDescription":"Create machine learning apps","experience":["IBM","INTEL"],"project":[{"projectName":"SCASE","technology":["Python","R"]}]},{"jobId":47,"jobTitle":"LOS","jobDescription":"SOL","experience":["Nothing"],"project":[]},{"jobId":99,"jobTitle":"LOS","jobDescription":"SOL","experience":["Nothing"],"project":[]},{"jobId":49,"jobTitle":"LOS","jobDescription":"SOL","experience":["Nothing"],"project":[]},{"jobId":99,"jobTitle":"LOS","jobDescription":"SOL","experience":["Nothing"],"project":[]},{"jobId":80,"jobTitle":"LOS","jobDescription":"SOL","experience":["Nothing"],"project":[]},{"jobId":0,"jobTitle":"LOS","jobDescription":"SOL","experience":["Nothing"],"project":[]},{"jobId":0,"jobTitle":"LOS","jobDescription":"SOL","experience":["Nothing"],"project":[]},{"jobId":0,"jobTitle":"LOS","jobDescription":"SOL","experience":["Nothing"],"project":[]},{"jobId":45,"jobTitle":"QA Tester","jobDescription":"Finding bugs","experience":["Nothing"],"project":[]},{"jobId":64,"jobTitle":"QA Tester","jobDescription":"Finding bugs","experience":["Nothing"],"project":[]},{"jobId":38,"jobTitle":"QA Tester","jobDescription":"Finding bugs","experience":["Nothing"],"project":[]},{"jobId":85,"jobTitle":"LOS","jobDescription":"SOL","experience":["Nothing"],"project":[]},{"jobId":9,"jobTitle":"QA Tester","jobDescription":"Finding bugs","experience":["Nothing"],"project":[]},{"jobId":85,"jobTitle":"LOS","jobDescription":"SOL","experience":["Nothing"],"project":[]},{"jobId":36,"jobTitle":"LOS","jobDescription":"SOL","experience":["Nothing"],"project":[]},{"jobId":41,"jobTitle":"QA Tester","jobDescription":"Finding bugs","experience":["Nothing"],"project":[]},{"jobId":42,"jobTitle":"LOS","jobDescription":"SOL","experience":["Nothing"],"project":[]},{"jobId":69,"jobTitle":"LOS","jobDescription":"SOL","experience":["Nothing"],"project":[]},{"jobId":13,"jobTitle":"LOS","jobDescription":"SOL","experience":["Nothing"],"project":[]},{"jobId":15,"jobTitle":"LOS","jobDescription":"To develop andriod application and web application","experience":["Nothing"],"project":[]},{"jobId":19,"jobTitle":"LOS","jobDescription":"SOL","experience":["Nothing"],"project":[]},{"jobId":92,"jobTitle":"Software Engg - 2","jobDescription":"To develop andriod application and web application","experience":["Nothing"],"project":[]},{"jobId":54,"jobTitle":"LOS","jobDescription":"SOL","experience":["Nothing"],"project":[]},{"jobId":90,"jobTitle":"Software Engg - 2","jobDescription":"To develop andriod application and web application","experience":["Nothing"],"project":[]},{"jobId":38,"jobTitle":"LOS","jobDescription":"SOL","experience":["Nothing"],"project":[]},{"jobId":5,"jobTitle":"Software Engg - 2","jobDescription":"To develop andriod application","experience":["Google","Apple","Mobile Iron","Google"],"project":[{"projectName":"Movie App","technology":["Kotlin","SQL Lite","Gradle","Jenkins"]}]},{"jobId":623,"jobTitle":"Data Engg","jobDescription":"Create machine learning apps","experience":["IBM","INTEL"],"project":[{"projectName":"SCASE","technology":["Python","R"]}]},{"jobId":3,"jobTitle":"Data Engg","jobDescription":"Create machine learning apps","experience":["IBM","INTEL"],"project":[{"projectName":"SCASE","technology":["Python","R"]}]},{"jobId":4,"jobTitle":"QA Tester","jobDescription":"To develop andriod application","experience":["RRD","ApD","MobileIron"],"project":[{"projectName":"Eccc","technology":["Selenium","Robot"]}]},{"jobId":345,"jobTitle":"QA Tester","jobDescription":"To develop andriod application","experience":["RRD","ApD","MobileIron"],"project":[{"projectName":"Eccc","technology":["Selenium","Robot"]}]},{"jobId":7,"jobTitle":"Software Engg","jobDescription":"To develop andriod application","experience":["Google","Apple","Mobile Iron","Subex"],"project":[{"projectName":"Movie App","technology":["Kotlin","SQL Lite","Gradle","Jenkins"]}]},{"jobId":7,"jobTitle":"Software Engg","jobDescription":"To develop andriod application","experience":["Google","Apple","Mobile Iron","Subex"],"project":[{"projectName":"Movie App","technology":["Kotlin","SQL Lite","Gradle","Jenkins"]}]},{"jobId":50,"jobTitle":"Software Engg - 2","jobDescription":"To develop andriod application","experience":["Google","Apple","Mobile Iron","Google"],"project":[{"projectName":"Movie App","technology":["Kotlin","SQL Lite","Gradle","Jenkins"]}]},{"jobId":43,"jobTitle":"Software Engg","jobDescription":"To develop andriod application","experience":["Google","Apple","Mobile Iron","Subex"],"project":[{"projectName":"Movie App","technology":["Kotlin","SQL Lite","Gradle","Jenkins"]}]},{"jobId":19,"jobTitle":"LOS","jobDescription":"SOL","experience":["Nothing"],"project":[]},{"jobId":7,"jobTitle":"LOS","jobDescription":"SOL","experience":["Nothing"],"project":[]},{"jobId":3,"jobTitle":"Data Engg","jobDescription":"Create machine learning apps","experience":["IBM","INTEL"],"project":[{"projectName":"SCASE","technology":["Python","R"]}]},{"jobId":5,"jobTitle":"Software Engg - 2","jobDescription":"To develop andriod application","experience":["Google","Apple","Mobile Iron","Google"],"project":[{"projectName":"Movie App","technology":["Kotlin","SQL Lite","Gradle","Jenkins"]}]},{"jobId":4,"jobTitle":"QA Tester","jobDescription":"To develop andriod application","experience":["RRD","ApD","MobileIron"],"project":[{"projectName":"Eccc","technology":["Selenium","Robot"]}]},{"jobId":135,"jobTitle":"Data Engg","jobDescription":"Create machine learning apps","experience":["IBM","INTEL"],"project":[{"projectName":"SCASE","technology":["Python","R"]}]},{"jobId":647,"jobTitle":"QA Tester","jobDescription":"To develop andriod application","experience":["RRD","ApD","MobileIron"],"project":[{"projectName":"Eccc","technology":["Selenium","Robot"]}]},{"jobId":7,"jobTitle":"Software Engg","jobDescription":"To develop andriod application","experience":["Google","Apple","Mobile Iron","Subex"],"project":[{"projectName":"Movie App","technology":["Kotlin","SQL Lite","Gradle","Jenkins"]}]},{"jobId":7,"jobTitle":"Software Engg","jobDescription":"To develop andriod application","experience":["Google","Apple","Mobile Iron","Subex"],"project":[{"projectName":"Movie App","technology":["Kotlin","SQL Lite","Gradle","Jenkins"]}]},{"jobId":36,"jobTitle":"Software Engg - 2","jobDescription":"To develop andriod application","experience":["Google","Apple","Mobile Iron","Google"],"project":[{"projectName":"Movie App","technology":["Kotlin","SQL Lite","Gradle","Jenkins"]}]},{"jobId":6,"jobTitle":"Software Engg","jobDescription":"To develop andriod application","experience":["Google","Apple","Mobile Iron","Subex"],"project":[{"projectName":"Movie App","technology":["Kotlin","SQL Lite","Gradle","Jenkins"]}]},{"jobId":40,"jobTitle":"LOS","jobDescription":"SOL","experience":["Nothing"],"project":[]},{"jobId":59,"jobTitle":"LOS","jobDescription":"SOL","experience":["Nothing"],"project":[]},{"jobId":80,"jobTitle":"LOS","jobDescription":"SOL","experience":["Nothing"],"project":[]},{"jobId":4,"jobTitle":"LOS","jobDescription":"SOL","experience":["Nothing"],"project":[]},{"jobId":33,"jobTitle":"LOS","jobDescription":"SOL","experience":["Nothing"],"project":[]},{"jobId":70,"jobTitle":"Software Engg - 2","jobDescription":"To develop andriod application and web application","experience":["Nothing"],"project":[]},{"jobId":40,"jobTitle":"LOS","jobDescription":"SOL","experience":["Nothing"],"project":[]},{"jobId":32,"jobTitle":"LOS","jobDescription":"SOL","experience":["Nothing"],"project":[]},{"jobId":370,"jobTitle":"IOS","jobDescription":"APPLE","experience":["Nothing"],"project":[]},{"jobId":676,"jobTitle":"IOS","jobDescription":"APPLE","experience":["Nothing"],"project":[]},{"jobId":704,"jobTitle":"IOS","jobDescription":"APPLE","experience":["Nothing"],"project":[]},{"jobId":9980,"jobTitle":"Data Analyst","jobDescription":"Develop machine learning models","experience":["Nothing"],"project":[]},{"jobId":9980,"jobTitle":"Data Analyst","jobDescription":"Develop machine learning models","experience":["Nothing"],"project":[]},{"jobId":3,"jobTitle":"Data Engg","jobDescription":"Create machine learning apps","experience":["IBM","INTEL"],"project":[{"projectName":"SCASE","technology":["Python","R"]}]},{"jobId":4,"jobTitle":"QA Tester","jobDescription":"To develop andriod application","experience":["RRD","ApD","MobileIron"],"project":[{"projectName":"Eccc","technology":["Selenium","Robot"]}]},{"jobId":82,"jobTitle":"Data Engg","jobDescription":"Create machine learning apps","experience":["IBM","INTEL"],"project":[{"projectName":"SCASE","technology":["Python","R"]}]},{"jobId":291,"jobTitle":"QA Tester","jobDescription":"To develop andriod application","experience":["RRD","ApD","MobileIron"],"project":[{"projectName":"Eccc","technology":["Selenium","Robot"]}]},{"jobId":3,"jobTitle":"Data Engg","jobDescription":"Create machine learning apps","experience":["IBM","INTEL"],"project":[{"projectName":"SCASE","technology":["Python","R"]}]}]
  '#[] ##(mainSchema)'

    $[21] | not equal | match failed for name: 'project' (MAP:MAP)
    {"jobId":47,"jobTitle":"LOS","jobDescription":"SOL","experience":["Nothing"],"project":[]}
    {"jobId":"#number","jobTitle":"#string","jobDescription":"#string","experience":"#[] #string","project":"#[] ##(projectSchema)"}

      $[21].project | all array elements matched (LIST:STRING)
      []
      '#[] ##(projectSchema)'


classpath:com/api/automation/postrequest/schemaValidation.feature:26
---------------------------------------------------------
feature: classpath:com/api/automation/postrequest/schemaValidation.feature
scenarios:  2 | passed:  1 | failed:  1 | time: 0.1204
---------------------------------------------------------

]]></system-out>
  </testcase>
  <testcase name="[1:3] Execute Java Script function with and without parameter" classname="com/api/automation/postrequest/javaScriptExecutor" time="0.148">
    <system-out><![CDATA[14:19:47.519 [main] INFO  com.intuit.karate - karate.env system property was: null 
14:19:47.531 [main] INFO  com.intuit.karate - [print] 10 
14:19:47.534 [main] INFO  com.intuit.karate - [print] Random Value as :  4 
14:19:47.538 [main] INFO  com.intuit.karate - [print] Argument:  Hello World 
---------------------------------------------------------
feature: classpath:com/api/automation/postrequest/javaScriptExecutor.feature
scenarios:  1 | passed:  1 | failed:  0 | time: 0.0121
---------------------------------------------------------

Karate version: 1.4.1
======================================================
elapsed:   0.57 | threads:    1 | thread time: 0.27 
features:     3 | skipped:    0 | efficiency: 0.47
scenarios:    7 | passed:     6 | failed: 1
======================================================
>>> failed features:
match failed: EQUALS
  $ | all array elements matched (LIST:STRING)
  [{"jobId":1,"jobTitle":"Software Engg","jobDescription":"To develop andriod application","experience":["Google","Apple","Mobile Iron"],"project":[{"projectName":"Movie App","technology":["Kotlin","SQL Lite","Gradle"]}]},{"jobId":3,"jobTitle":"Data Engg","jobDescription":"Create machine learning apps","experience":["IBM","INTEL"],"project":[{"projectName":"SCASE","technology":["Python","R"]}]},{"jobId":4,"jobTitle":"Software Engg - 2","jobDescription":"To develop andriod application and web application","experience":["RRD","ApD","MobileIron"],"project":[{"projectName":"Eccc","technology":["Selenium","Robot"]}]},{"jobId":640,"jobTitle":"Data Engg","jobDescription":"Create machine learning apps","experience":["IBM","INTEL"],"project":[{"projectName":"SCASE","technology":["Python","R"]}]},{"jobId":430,"jobTitle":"QA Tester","jobDescription":"To develop andriod application","experience":["RRD","ApD","MobileIron"],"project":[{"projectName":"Eccc","technology":["Selenium","Robot"]}]},{"jobId":3,"jobTitle":"Data Engg","jobDescription":"Create machine learning apps","experience":["IBM","INTEL"],"project":[{"projectName":"SCASE","technology":["Python","R"]}]},{"jobId":3,"jobTitle":"Data Engg","jobDescription":"Create machine learning apps","experience":["IBM","INTEL"],"project":[{"projectName":"SCASE","technology":["Python","R"]}]},{"jobId":4,"jobTitle":"QA Tester","jobDescription":"To develop andriod application","experience":["RRD","ApD","MobileIron"],"project":[{"projectName":"Eccc","technology":["Selenium","Robot"]}]},{"jobId":404,"jobTitle":"Data Engg","jobDescription":"Create machine learning apps","experience":["IBM","INTEL"],"project":[{"projectName":"SCASE","technology":["Python","R"]}]},{"jobId":412,"jobTitle":"QA Tester","jobDescription":"To develop andriod application","experience":["RRD","ApD","MobileIron"],"project":[{"projectName":"Eccc","technology":["Selenium","Robot"]}]},{"jobId":3,"jobTitle":"Data Engg","jobDescription":"Create machine learning apps","experience":["IBM","INTEL"],"project":[{"projectName":"SCASE","technology":["Python","R"]}]},{"jobId":3,"jobTitle":"Data Engg","jobDescription":"Create machine learning apps","experience":["IBM","INTEL"],"project":[{"projectName":"SCASE","technology":["Python","R"]}]},{"jobId":4,"jobTitle":"QA Tester","jobDescription":"To develop andriod application","experience":["RRD","ApD","MobileIron"],"project":[{"projectName":"Eccc","technology":["Selenium","Robot"]}]},{"jobId":612,"jobTitle":"Data Engg","jobDescription":"Create machine learning apps","experience":["IBM","INTEL"],"project":[{"projectName":"SCASE","technology":["Python","R"]}]},{"jobId":124,"jobTitle":"QA Tester","jobDescription":"To develop andriod application","experience":["RRD","ApD","MobileIron"],"project":[{"projectName":"Eccc","technology":["Selenium","Robot"]}]},{"jobId":3,"jobTitle":"Data Engg","jobDescription":"Create machine learning apps","experience":["IBM","INTEL"],"project":[{"projectName":"SCASE","technology":["Python","R"]}]},{"jobId":3,"jobTitle":"Data Engg","jobDescription":"Create machine learning apps","experience":["IBM","INTEL"],"project":[{"projectName":"SCASE","technology":["Python","R"]}]},{"jobId":4,"jobTitle":"QA Tester","jobDescription":"To develop andriod application","experience":["RRD","ApD","MobileIron"],"project":[{"projectName":"Eccc","technology":["Selenium","Robot"]}]},{"jobId":27,"jobTitle":"Data Engg","jobDescription":"Create machine learning apps","experience":["IBM","INTEL"],"project":[{"projectName":"SCASE","technology":["Python","R"]}]},{"jobId":276,"jobTitle":"QA Tester","jobDescription":"To develop andriod application","experience":["RRD","ApD","MobileIron"],"project":[{"projectName":"Eccc","technology":["Selenium","Robot"]}]},{"jobId":3,"jobTitle":"Data Engg","jobDescription":"Create machine learning apps","experience":["IBM","INTEL"],"project":[{"projectName":"SCASE","technology":["Python","R"]}]},{"jobId":47,"jobTitle":"LOS","jobDescription":"SOL","experience":["Nothing"],"project":[]},{"jobId":99,"jobTitle":"LOS","jobDescription":"SOL","experience":["Nothing"],"project":[]},{"jobId":49,"jobTitle":"LOS","jobDescription":"SOL","experience":["Nothing"],"project":[]},{"jobId":99,"jobTitle":"LOS","jobDescription":"SOL","experience":["Nothing"],"project":[]},{"jobId":80,"jobTitle":"LOS","jobDescription":"SOL","experience":["Nothing"],"project":[]},{"jobId":0,"jobTitle":"LOS","jobDescription":"SOL","experience":["Nothing"],"project":[]},{"jobId":0,"jobTitle":"LOS","jobDescription":"SOL","experience":["Nothing"],"project":[]},{"jobId":0,"jobTitle":"LOS","jobDescription":"SOL","experience":["Nothing"],"project":[]},{"jobId":45,"jobTitle":"QA Tester","jobDescription":"Finding bugs","experience":["Nothing"],"project":[]},{"jobId":64,"jobTitle":"QA Tester","jobDescription":"Finding bugs","experience":["Nothing"],"project":[]},{"jobId":38,"jobTitle":"QA Tester","jobDescription":"Finding bugs","experience":["Nothing"],"project":[]},{"jobId":85,"jobTitle":"LOS","jobDescription":"SOL","experience":["Nothing"],"project":[]},{"jobId":9,"jobTitle":"QA Tester","jobDescription":"Finding bugs","experience":["Nothing"],"project":[]},{"jobId":85,"jobTitle":"LOS","jobDescription":"SOL","experience":["Nothing"],"project":[]},{"jobId":36,"jobTitle":"LOS","jobDescription":"SOL","experience":["Nothing"],"project":[]},{"jobId":41,"jobTitle":"QA Tester","jobDescription":"Finding bugs","experience":["Nothing"],"project":[]},{"jobId":42,"jobTitle":"LOS","jobDescription":"SOL","experience":["Nothing"],"project":[]},{"jobId":69,"jobTitle":"LOS","jobDescription":"SOL","experience":["Nothing"],"project":[]},{"jobId":13,"jobTitle":"LOS","jobDescription":"SOL","experience":["Nothing"],"project":[]},{"jobId":15,"jobTitle":"LOS","jobDescription":"To develop andriod application and web application","experience":["Nothing"],"project":[]},{"jobId":19,"jobTitle":"LOS","jobDescription":"SOL","experience":["Nothing"],"project":[]},{"jobId":92,"jobTitle":"Software Engg - 2","jobDescription":"To develop andriod application and web application","experience":["Nothing"],"project":[]},{"jobId":54,"jobTitle":"LOS","jobDescription":"SOL","experience":["Nothing"],"project":[]},{"jobId":90,"jobTitle":"Software Engg - 2","jobDescription":"To develop andriod application and web application","experience":["Nothing"],"project":[]},{"jobId":38,"jobTitle":"LOS","jobDescription":"SOL","experience":["Nothing"],"project":[]},{"jobId":5,"jobTitle":"Software Engg - 2","jobDescription":"To develop andriod application","experience":["Google","Apple","Mobile Iron","Google"],"project":[{"projectName":"Movie App","technology":["Kotlin","SQL Lite","Gradle","Jenkins"]}]},{"jobId":623,"jobTitle":"Data Engg","jobDescription":"Create machine learning apps","experience":["IBM","INTEL"],"project":[{"projectName":"SCASE","technology":["Python","R"]}]},{"jobId":3,"jobTitle":"Data Engg","jobDescription":"Create machine learning apps","experience":["IBM","INTEL"],"project":[{"projectName":"SCASE","technology":["Python","R"]}]},{"jobId":4,"jobTitle":"QA Tester","jobDescription":"To develop andriod application","experience":["RRD","ApD","MobileIron"],"project":[{"projectName":"Eccc","technology":["Selenium","Robot"]}]},{"jobId":345,"jobTitle":"QA Tester","jobDescription":"To develop andriod application","experience":["RRD","ApD","MobileIron"],"project":[{"projectName":"Eccc","technology":["Selenium","Robot"]}]},{"jobId":7,"jobTitle":"Software Engg","jobDescription":"To develop andriod application","experience":["Google","Apple","Mobile Iron","Subex"],"project":[{"projectName":"Movie App","technology":["Kotlin","SQL Lite","Gradle","Jenkins"]}]},{"jobId":7,"jobTitle":"Software Engg","jobDescription":"To develop andriod application","experience":["Google","Apple","Mobile Iron","Subex"],"project":[{"projectName":"Movie App","technology":["Kotlin","SQL Lite","Gradle","Jenkins"]}]},{"jobId":50,"jobTitle":"Software Engg - 2","jobDescription":"To develop andriod application","experience":["Google","Apple","Mobile Iron","Google"],"project":[{"projectName":"Movie App","technology":["Kotlin","SQL Lite","Gradle","Jenkins"]}]},{"jobId":43,"jobTitle":"Software Engg","jobDescription":"To develop andriod application","experience":["Google","Apple","Mobile Iron","Subex"],"project":[{"projectName":"Movie App","technology":["Kotlin","SQL Lite","Gradle","Jenkins"]}]},{"jobId":19,"jobTitle":"LOS","jobDescription":"SOL","experience":["Nothing"],"project":[]},{"jobId":7,"jobTitle":"LOS","jobDescription":"SOL","experience":["Nothing"],"project":[]},{"jobId":3,"jobTitle":"Data Engg","jobDescription":"Create machine learning apps","experience":["IBM","INTEL"],"project":[{"projectName":"SCASE","technology":["Python","R"]}]},{"jobId":5,"jobTitle":"Software Engg - 2","jobDescription":"To develop andriod application","experience":["Google","Apple","Mobile Iron","Google"],"project":[{"projectName":"Movie App","technology":["Kotlin","SQL Lite","Gradle","Jenkins"]}]},{"jobId":4,"jobTitle":"QA Tester","jobDescription":"To develop andriod application","experience":["RRD","ApD","MobileIron"],"project":[{"projectName":"Eccc","technology":["Selenium","Robot"]}]},{"jobId":135,"jobTitle":"Data Engg","jobDescription":"Create machine learning apps","experience":["IBM","INTEL"],"project":[{"projectName":"SCASE","technology":["Python","R"]}]},{"jobId":647,"jobTitle":"QA Tester","jobDescription":"To develop andriod application","experience":["RRD","ApD","MobileIron"],"project":[{"projectName":"Eccc","technology":["Selenium","Robot"]}]},{"jobId":7,"jobTitle":"Software Engg","jobDescription":"To develop andriod application","experience":["Google","Apple","Mobile Iron","Subex"],"project":[{"projectName":"Movie App","technology":["Kotlin","SQL Lite","Gradle","Jenkins"]}]},{"jobId":7,"jobTitle":"Software Engg","jobDescription":"To develop andriod application","experience":["Google","Apple","Mobile Iron","Subex"],"project":[{"projectName":"Movie App","technology":["Kotlin","SQL Lite","Gradle","Jenkins"]}]},{"jobId":36,"jobTitle":"Software Engg - 2","jobDescription":"To develop andriod application","experience":["Google","Apple","Mobile Iron","Google"],"project":[{"projectName":"Movie App","technology":["Kotlin","SQL Lite","Gradle","Jenkins"]}]},{"jobId":6,"jobTitle":"Software Engg","jobDescription":"To develop andriod application","experience":["Google","Apple","Mobile Iron","Subex"],"project":[{"projectName":"Movie App","technology":["Kotlin","SQL Lite","Gradle","Jenkins"]}]},{"jobId":40,"jobTitle":"LOS","jobDescription":"SOL","experience":["Nothing"],"project":[]},{"jobId":59,"jobTitle":"LOS","jobDescription":"SOL","experience":["Nothing"],"project":[]},{"jobId":80,"jobTitle":"LOS","jobDescription":"SOL","experience":["Nothing"],"project":[]},{"jobId":4,"jobTitle":"LOS","jobDescription":"SOL","experience":["Nothing"],"project":[]},{"jobId":33,"jobTitle":"LOS","jobDescription":"SOL","experience":["Nothing"],"project":[]},{"jobId":70,"jobTitle":"Software Engg - 2","jobDescription":"To develop andriod application and web application","experience":["Nothing"],"project":[]},{"jobId":40,"jobTitle":"LOS","jobDescription":"SOL","experience":["Nothing"],"project":[]},{"jobId":32,"jobTitle":"LOS","jobDescription":"SOL","experience":["Nothing"],"project":[]},{"jobId":370,"jobTitle":"IOS","jobDescription":"APPLE","experience":["Nothing"],"project":[]},{"jobId":676,"jobTitle":"IOS","jobDescription":"APPLE","experience":["Nothing"],"project":[]},{"jobId":704,"jobTitle":"IOS","jobDescription":"APPLE","experience":["Nothing"],"project":[]},{"jobId":9980,"jobTitle":"Data Analyst","jobDescription":"Develop machine learning models","experience":["Nothing"],"project":[]},{"jobId":9980,"jobTitle":"Data Analyst","jobDescription":"Develop machine learning models","experience":["Nothing"],"project":[]},{"jobId":3,"jobTitle":"Data Engg","jobDescription":"Create machine learning apps","experience":["IBM","INTEL"],"project":[{"projectName":"SCASE","technology":["Python","R"]}]},{"jobId":4,"jobTitle":"QA Tester","jobDescription":"To develop andriod application","experience":["RRD","ApD","MobileIron"],"project":[{"projectName":"Eccc","technology":["Selenium","Robot"]}]},{"jobId":82,"jobTitle":"Data Engg","jobDescription":"Create machine learning apps","experience":["IBM","INTEL"],"project":[{"projectName":"SCASE","technology":["Python","R"]}]},{"jobId":291,"jobTitle":"QA Tester","jobDescription":"To develop andriod application","experience":["RRD","ApD","MobileIron"],"project":[{"projectName":"Eccc","technology":["Selenium","Robot"]}]},{"jobId":3,"jobTitle":"Data Engg","jobDescription":"Create machine learning apps","experience":["IBM","INTEL"],"project":[{"projectName":"SCASE","technology":["Python","R"]}]}]
  '#[] ##(mainSchema)'

    $[21] | not equal | match failed for name: 'project' (MAP:MAP)
    {"jobId":47,"jobTitle":"LOS","jobDescription":"SOL","experience":["Nothing"],"project":[]}
    {"jobId":"#number","jobTitle":"#string","jobDescription":"#string","experience":"#[] #string","project":"#[] ##(projectSchema)"}

      $[21].project | all array elements matched (LIST:STRING)
      []
      '#[] ##(projectSchema)'


classpath:com/api/automation/postrequest/schemaValidation.feature:26
<<<

HTML report: (paste into browser to view) | Karate version: 1.4.1
file:///Users/jaredsalinas/IdeaProjects/KarateFrameworkTest/target/karate-reports/karate-summary.html
===================================================================

]]></system-out>
  </testcase>
</testsuite>