<?xml version="1.0" encoding="UTF-8"?>
<testsuite xmlns:xsi="http://www.w3.org/2001/XMLSchema-instance" xsi:noNamespaceSchemaLocation="https://maven.apache.org/surefire/maven-surefire-plugin/xsd/surefire-test-report-3.0.xsd" version="3.0" name="com.api.automation.ParallelBuilder" time="18.191" tests="1" errors="0" skipped="0" failures="0">
  <properties>
    <property name="java.specification.version" value="16"/>
    <property name="sun.jnu.encoding" value="UTF-8"/>
    <property name="java.class.path" value="/Users/jaredsalinas/IdeaProjects/KarateFrameworkTest/target/test-classes:/Users/jaredsalinas/IdeaProjects/KarateFrameworkTest/target/classes:/Users/jaredsalinas/.m2/repository/com/intuit/karate/karate-junit5/1.4.1/karate-junit5-1.4.1.jar:/Users/jaredsalinas/.m2/repository/com/intuit/karate/karate-core/1.4.1/karate-core-1.4.1.jar:/Users/jaredsalinas/.m2/repository/org/graalvm/js/js-scriptengine/22.3.3/js-scriptengine-22.3.3.jar:/Users/jaredsalinas/.m2/repository/org/graalvm/sdk/graal-sdk/22.3.3/graal-sdk-22.3.3.jar:/Users/jaredsalinas/.m2/repository/org/graalvm/js/js/22.3.3/js-22.3.3.jar:/Users/jaredsalinas/.m2/repository/org/graalvm/regex/regex/22.3.3/regex-22.3.3.jar:/Users/jaredsalinas/.m2/repository/org/graalvm/truffle/truffle-api/22.3.3/truffle-api-22.3.3.jar:/Users/jaredsalinas/.m2/repository/com/ibm/icu/icu4j/71.1/icu4j-71.1.jar:/Users/jaredsalinas/.m2/repository/org/thymeleaf/thymeleaf/3.1.2.RELEASE/thymeleaf-3.1.2.RELEASE.jar:/Users/jaredsalinas/.m2/repository/ognl/ognl/3.3.4/ognl-3.3.4.jar:/Users/jaredsalinas/.m2/repository/org/javassist/javassist/3.29.0-GA/javassist-3.29.0-GA.jar:/Users/jaredsalinas/.m2/repository/org/attoparser/attoparser/2.0.7.RELEASE/attoparser-2.0.7.RELEASE.jar:/Users/jaredsalinas/.m2/repository/org/unbescape/unbescape/1.1.6.RELEASE/unbescape-1.1.6.RELEASE.jar:/Users/jaredsalinas/.m2/repository/org/slf4j/slf4j-api/2.0.7/slf4j-api-2.0.7.jar:/Users/jaredsalinas/.m2/repository/com/linecorp/armeria/armeria/1.25.2/armeria-1.25.2.jar:/Users/jaredsalinas/.m2/repository/com/fasterxml/jackson/core/jackson-core/2.15.2/jackson-core-2.15.2.jar:/Users/jaredsalinas/.m2/repository/com/fasterxml/jackson/core/jackson-annotations/2.15.2/jackson-annotations-2.15.2.jar:/Users/jaredsalinas/.m2/repository/com/fasterxml/jackson/core/jackson-databind/2.15.2/jackson-databind-2.15.2.jar:/Users/jaredsalinas/.m2/repository/com/fasterxml/jackson/datatype/jackson-datatype-jdk8/2.15.2/jackson-datatype-jdk8-2.15.2.jar:/Users/jaredsalinas/.m2/repository/com/fasterxml/jackson/datatype/jackson-datatype-jsr310/2.15.2/jackson-datatype-jsr310-2.15.2.jar:/Users/jaredsalinas/.m2/repository/io/micrometer/micrometer-core/1.11.3/micrometer-core-1.11.3.jar:/Users/jaredsalinas/.m2/repository/io/micrometer/micrometer-commons/1.11.3/micrometer-commons-1.11.3.jar:/Users/jaredsalinas/.m2/repository/io/micrometer/micrometer-observation/1.11.3/micrometer-observation-1.11.3.jar:/Users/jaredsalinas/.m2/repository/org/hdrhistogram/HdrHistogram/2.1.12/HdrHistogram-2.1.12.jar:/Users/jaredsalinas/.m2/repository/org/latencyutils/LatencyUtils/2.0.3/LatencyUtils-2.0.3.jar:/Users/jaredsalinas/.m2/repository/io/netty/netty-transport/4.1.96.Final/netty-transport-4.1.96.Final.jar:/Users/jaredsalinas/.m2/repository/io/netty/netty-common/4.1.96.Final/netty-common-4.1.96.Final.jar:/Users/jaredsalinas/.m2/repository/io/netty/netty-buffer/4.1.96.Final/netty-buffer-4.1.96.Final.jar:/Users/jaredsalinas/.m2/repository/io/netty/netty-resolver/4.1.96.Final/netty-resolver-4.1.96.Final.jar:/Users/jaredsalinas/.m2/repository/io/netty/netty-codec-haproxy/4.1.96.Final/netty-codec-haproxy-4.1.96.Final.jar:/Users/jaredsalinas/.m2/repository/io/netty/netty-codec/4.1.96.Final/netty-codec-4.1.96.Final.jar:/Users/jaredsalinas/.m2/repository/io/netty/netty-codec-http2/4.1.96.Final/netty-codec-http2-4.1.96.Final.jar:/Users/jaredsalinas/.m2/repository/io/netty/netty-handler/4.1.96.Final/netty-handler-4.1.96.Final.jar:/Users/jaredsalinas/.m2/repository/io/netty/netty-codec-http/4.1.96.Final/netty-codec-http-4.1.96.Final.jar:/Users/jaredsalinas/.m2/repository/io/netty/netty-resolver-dns/4.1.96.Final/netty-resolver-dns-4.1.96.Final.jar:/Users/jaredsalinas/.m2/repository/io/netty/netty-codec-dns/4.1.96.Final/netty-codec-dns-4.1.96.Final.jar:/Users/jaredsalinas/.m2/repository/org/reactivestreams/reactive-streams/1.0.4/reactive-streams-1.0.4.jar:/Users/jaredsalinas/.m2/repository/com/google/code/findbugs/jsr305/3.0.2/jsr305-3.0.2.jar:/Users/jaredsalinas/.m2/repository/io/netty/netty-handler-proxy/4.1.96.Final/netty-handler-proxy-4.1.96.Final.jar:/Users/jaredsalinas/.m2/repository/io/netty/netty-codec-socks/4.1.96.Final/netty-codec-socks-4.1.96.Final.jar:/Users/jaredsalinas/.m2/repository/io/netty/netty-transport-native-unix-common/4.1.96.Final/netty-transport-native-unix-common-4.1.96.Final-linux-x86_64.jar:/Users/jaredsalinas/.m2/repository/io/netty/netty-transport-native-epoll/4.1.96.Final/netty-transport-native-epoll-4.1.96.Final-linux-x86_64.jar:/Users/jaredsalinas/.m2/repository/io/netty/netty-transport-native-unix-common/4.1.96.Final/netty-transport-native-unix-common-4.1.96.Final.jar:/Users/jaredsalinas/.m2/repository/io/netty/netty-transport-classes-epoll/4.1.96.Final/netty-transport-classes-epoll-4.1.96.Final.jar:/Users/jaredsalinas/.m2/repository/io/netty/netty-transport-native-unix-common/4.1.96.Final/netty-transport-native-unix-common-4.1.96.Final-linux-aarch_64.jar:/Users/jaredsalinas/.m2/repository/io/netty/netty-transport-native-epoll/4.1.96.Final/netty-transport-native-epoll-4.1.96.Final-linux-aarch_64.jar:/Users/jaredsalinas/.m2/repository/io/netty/netty-transport-native-unix-common/4.1.96.Final/netty-transport-native-unix-common-4.1.96.Final-osx-x86_64.jar:/Users/jaredsalinas/.m2/repository/io/netty/netty-transport-native-kqueue/4.1.96.Final/netty-transport-native-kqueue-4.1.96.Final-osx-x86_64.jar:/Users/jaredsalinas/.m2/repository/io/netty/netty-transport-classes-kqueue/4.1.96.Final/netty-transport-classes-kqueue-4.1.96.Final.jar:/Users/jaredsalinas/.m2/repository/io/netty/netty-resolver-dns-native-macos/4.1.96.Final/netty-resolver-dns-native-macos-4.1.96.Final-osx-x86_64.jar:/Users/jaredsalinas/.m2/repository/io/netty/netty-resolver-dns-classes-macos/4.1.96.Final/netty-resolver-dns-classes-macos-4.1.96.Final.jar:/Users/jaredsalinas/.m2/repository/io/netty/netty-transport-native-unix-common/4.1.96.Final/netty-transport-native-unix-common-4.1.96.Final-osx-aarch_64.jar:/Users/jaredsalinas/.m2/repository/io/netty/netty-transport-native-kqueue/4.1.96.Final/netty-transport-native-kqueue-4.1.96.Final-osx-aarch_64.jar:/Users/jaredsalinas/.m2/repository/io/netty/netty-resolver-dns-native-macos/4.1.96.Final/netty-resolver-dns-native-macos-4.1.96.Final-osx-aarch_64.jar:/Users/jaredsalinas/.m2/repository/io/netty/netty-tcnative-boringssl-static/2.0.61.Final/netty-tcnative-boringssl-static-2.0.61.Final-linux-x86_64.jar:/Users/jaredsalinas/.m2/repository/io/netty/netty-tcnative-classes/2.0.61.Final/netty-tcnative-classes-2.0.61.Final.jar:/Users/jaredsalinas/.m2/repository/io/netty/netty-tcnative-boringssl-static/2.0.61.Final/netty-tcnative-boringssl-static-2.0.61.Final-linux-aarch_64.jar:/Users/jaredsalinas/.m2/repository/io/netty/netty-tcnative-boringssl-static/2.0.61.Final/netty-tcnative-boringssl-static-2.0.61.Final-osx-x86_64.jar:/Users/jaredsalinas/.m2/repository/io/netty/netty-tcnative-boringssl-static/2.0.61.Final/netty-tcnative-boringssl-static-2.0.61.Final-osx-aarch_64.jar:/Users/jaredsalinas/.m2/repository/io/netty/netty-tcnative-boringssl-static/2.0.61.Final/netty-tcnative-boringssl-static-2.0.61.Final-windows-x86_64.jar:/Users/jaredsalinas/.m2/repository/com/aayushatharva/brotli4j/brotli4j/1.12.0/brotli4j-1.12.0.jar:/Users/jaredsalinas/.m2/repository/com/aayushatharva/brotli4j/service/1.12.0/service-1.12.0.jar:/Users/jaredsalinas/.m2/repository/com/aayushatharva/brotli4j/native-osx-x86_64/1.12.0/native-osx-x86_64-1.12.0.jar:/Users/jaredsalinas/.m2/repository/org/apache/httpcomponents/httpclient/4.5.14/httpclient-4.5.14.jar:/Users/jaredsalinas/.m2/repository/org/apache/httpcomponents/httpcore/4.4.16/httpcore-4.4.16.jar:/Users/jaredsalinas/.m2/repository/commons-codec/commons-codec/1.16.0/commons-codec-1.16.0.jar:/Users/jaredsalinas/.m2/repository/ch/qos/logback/logback-classic/1.4.11/logback-classic-1.4.11.jar:/Users/jaredsalinas/.m2/repository/ch/qos/logback/logback-core/1.4.11/logback-core-1.4.11.jar:/Users/jaredsalinas/.m2/repository/org/slf4j/jcl-over-slf4j/2.0.9/jcl-over-slf4j-2.0.9.jar:/Users/jaredsalinas/.m2/repository/org/antlr/antlr4-runtime/4.11.1/antlr4-runtime-4.11.1.jar:/Users/jaredsalinas/.m2/repository/com/jayway/jsonpath/json-path/2.8.0/json-path-2.8.0.jar:/Users/jaredsalinas/.m2/repository/net/minidev/json-smart/2.4.10/json-smart-2.4.10.jar:/Users/jaredsalinas/.m2/repository/net/minidev/accessors-smart/2.4.9/accessors-smart-2.4.9.jar:/Users/jaredsalinas/.m2/repository/org/ow2/asm/asm/9.3/asm-9.3.jar:/Users/jaredsalinas/.m2/repository/org/yaml/snakeyaml/2.0/snakeyaml-2.0.jar:/Users/jaredsalinas/.m2/repository/de/siegmar/fastcsv/2.2.1/fastcsv-2.2.1.jar:/Users/jaredsalinas/.m2/repository/info/picocli/picocli/4.7.1/picocli-4.7.1.jar:/Users/jaredsalinas/.m2/repository/io/github/classgraph/classgraph/4.8.160/classgraph-4.8.160.jar:/Users/jaredsalinas/.m2/repository/io/github/t12y/resemble/1.0.2/resemble-1.0.2.jar:/Users/jaredsalinas/.m2/repository/io/github/t12y/ssim/1.0.0/ssim-1.0.0.jar:/Users/jaredsalinas/.m2/repository/org/junit/jupiter/junit-jupiter-api/5.9.3/junit-jupiter-api-5.9.3.jar:/Users/jaredsalinas/.m2/repository/org/opentest4j/opentest4j/1.2.0/opentest4j-1.2.0.jar:/Users/jaredsalinas/.m2/repository/org/junit/platform/junit-platform-commons/1.9.3/junit-platform-commons-1.9.3.jar:/Users/jaredsalinas/.m2/repository/org/apiguardian/apiguardian-api/1.1.2/apiguardian-api-1.1.2.jar:/Users/jaredsalinas/.m2/repository/org/junit/jupiter/junit-jupiter-engine/5.9.3/junit-jupiter-engine-5.9.3.jar:/Users/jaredsalinas/.m2/repository/org/junit/platform/junit-platform-engine/1.9.3/junit-platform-engine-1.9.3.jar:"/>
    <property name="java.vm.vendor" value="Oracle Corporation"/>
    <property name="sun.arch.data.model" value="64"/>
    <property name="java.vendor.url" value="https://java.oracle.com/"/>
    <property name="user.timezone" value="America/Mexico_City"/>
    <property name="os.name" value="Mac OS X"/>
    <property name="java.vm.specification.version" value="16"/>
    <property name="sun.java.launcher" value="SUN_STANDARD"/>
    <property name="user.country" value="MX"/>
    <property name="sun.boot.library.path" value="/Library/Java/JavaVirtualMachines/jdk-16.0.1.jdk/Contents/Home/lib"/>
    <property name="sun.java.command" value="/Users/jaredsalinas/IdeaProjects/KarateFrameworkTest/target/surefire/surefirebooter-20240627142248772_3.jar /Users/jaredsalinas/IdeaProjects/KarateFrameworkTest/target/surefire 2024-06-27T14-22-48_559-jvmRun1 surefire-20240627142248772_1tmp surefire_0-20240627142248772_2tmp"/>
    <property name="http.nonProxyHosts" value="local|*.local|169.254/16|*.169.254/16"/>
    <property name="jdk.debug" value="release"/>
    <property name="surefire.test.class.path" value="/Users/jaredsalinas/IdeaProjects/KarateFrameworkTest/target/test-classes:/Users/jaredsalinas/IdeaProjects/KarateFrameworkTest/target/classes:/Users/jaredsalinas/.m2/repository/com/intuit/karate/karate-junit5/1.4.1/karate-junit5-1.4.1.jar:/Users/jaredsalinas/.m2/repository/com/intuit/karate/karate-core/1.4.1/karate-core-1.4.1.jar:/Users/jaredsalinas/.m2/repository/org/graalvm/js/js-scriptengine/22.3.3/js-scriptengine-22.3.3.jar:/Users/jaredsalinas/.m2/repository/org/graalvm/sdk/graal-sdk/22.3.3/graal-sdk-22.3.3.jar:/Users/jaredsalinas/.m2/repository/org/graalvm/js/js/22.3.3/js-22.3.3.jar:/Users/jaredsalinas/.m2/repository/org/graalvm/regex/regex/22.3.3/regex-22.3.3.jar:/Users/jaredsalinas/.m2/repository/org/graalvm/truffle/truffle-api/22.3.3/truffle-api-22.3.3.jar:/Users/jaredsalinas/.m2/repository/com/ibm/icu/icu4j/71.1/icu4j-71.1.jar:/Users/jaredsalinas/.m2/repository/org/thymeleaf/thymeleaf/3.1.2.RELEASE/thymeleaf-3.1.2.RELEASE.jar:/Users/jaredsalinas/.m2/repository/ognl/ognl/3.3.4/ognl-3.3.4.jar:/Users/jaredsalinas/.m2/repository/org/javassist/javassist/3.29.0-GA/javassist-3.29.0-GA.jar:/Users/jaredsalinas/.m2/repository/org/attoparser/attoparser/2.0.7.RELEASE/attoparser-2.0.7.RELEASE.jar:/Users/jaredsalinas/.m2/repository/org/unbescape/unbescape/1.1.6.RELEASE/unbescape-1.1.6.RELEASE.jar:/Users/jaredsalinas/.m2/repository/org/slf4j/slf4j-api/2.0.7/slf4j-api-2.0.7.jar:/Users/jaredsalinas/.m2/repository/com/linecorp/armeria/armeria/1.25.2/armeria-1.25.2.jar:/Users/jaredsalinas/.m2/repository/com/fasterxml/jackson/core/jackson-core/2.15.2/jackson-core-2.15.2.jar:/Users/jaredsalinas/.m2/repository/com/fasterxml/jackson/core/jackson-annotations/2.15.2/jackson-annotations-2.15.2.jar:/Users/jaredsalinas/.m2/repository/com/fasterxml/jackson/core/jackson-databind/2.15.2/jackson-databind-2.15.2.jar:/Users/jaredsalinas/.m2/repository/com/fasterxml/jackson/datatype/jackson-datatype-jdk8/2.15.2/jackson-datatype-jdk8-2.15.2.jar:/Users/jaredsalinas/.m2/repository/com/fasterxml/jackson/datatype/jackson-datatype-jsr310/2.15.2/jackson-datatype-jsr310-2.15.2.jar:/Users/jaredsalinas/.m2/repository/io/micrometer/micrometer-core/1.11.3/micrometer-core-1.11.3.jar:/Users/jaredsalinas/.m2/repository/io/micrometer/micrometer-commons/1.11.3/micrometer-commons-1.11.3.jar:/Users/jaredsalinas/.m2/repository/io/micrometer/micrometer-observation/1.11.3/micrometer-observation-1.11.3.jar:/Users/jaredsalinas/.m2/repository/org/hdrhistogram/HdrHistogram/2.1.12/HdrHistogram-2.1.12.jar:/Users/jaredsalinas/.m2/repository/org/latencyutils/LatencyUtils/2.0.3/LatencyUtils-2.0.3.jar:/Users/jaredsalinas/.m2/repository/io/netty/netty-transport/4.1.96.Final/netty-transport-4.1.96.Final.jar:/Users/jaredsalinas/.m2/repository/io/netty/netty-common/4.1.96.Final/netty-common-4.1.96.Final.jar:/Users/jaredsalinas/.m2/repository/io/netty/netty-buffer/4.1.96.Final/netty-buffer-4.1.96.Final.jar:/Users/jaredsalinas/.m2/repository/io/netty/netty-resolver/4.1.96.Final/netty-resolver-4.1.96.Final.jar:/Users/jaredsalinas/.m2/repository/io/netty/netty-codec-haproxy/4.1.96.Final/netty-codec-haproxy-4.1.96.Final.jar:/Users/jaredsalinas/.m2/repository/io/netty/netty-codec/4.1.96.Final/netty-codec-4.1.96.Final.jar:/Users/jaredsalinas/.m2/repository/io/netty/netty-codec-http2/4.1.96.Final/netty-codec-http2-4.1.96.Final.jar:/Users/jaredsalinas/.m2/repository/io/netty/netty-handler/4.1.96.Final/netty-handler-4.1.96.Final.jar:/Users/jaredsalinas/.m2/repository/io/netty/netty-codec-http/4.1.96.Final/netty-codec-http-4.1.96.Final.jar:/Users/jaredsalinas/.m2/repository/io/netty/netty-resolver-dns/4.1.96.Final/netty-resolver-dns-4.1.96.Final.jar:/Users/jaredsalinas/.m2/repository/io/netty/netty-codec-dns/4.1.96.Final/netty-codec-dns-4.1.96.Final.jar:/Users/jaredsalinas/.m2/repository/org/reactivestreams/reactive-streams/1.0.4/reactive-streams-1.0.4.jar:/Users/jaredsalinas/.m2/repository/com/google/code/findbugs/jsr305/3.0.2/jsr305-3.0.2.jar:/Users/jaredsalinas/.m2/repository/io/netty/netty-handler-proxy/4.1.96.Final/netty-handler-proxy-4.1.96.Final.jar:/Users/jaredsalinas/.m2/repository/io/netty/netty-codec-socks/4.1.96.Final/netty-codec-socks-4.1.96.Final.jar:/Users/jaredsalinas/.m2/repository/io/netty/netty-transport-native-unix-common/4.1.96.Final/netty-transport-native-unix-common-4.1.96.Final-linux-x86_64.jar:/Users/jaredsalinas/.m2/repository/io/netty/netty-transport-native-epoll/4.1.96.Final/netty-transport-native-epoll-4.1.96.Final-linux-x86_64.jar:/Users/jaredsalinas/.m2/repository/io/netty/netty-transport-native-unix-common/4.1.96.Final/netty-transport-native-unix-common-4.1.96.Final.jar:/Users/jaredsalinas/.m2/repository/io/netty/netty-transport-classes-epoll/4.1.96.Final/netty-transport-classes-epoll-4.1.96.Final.jar:/Users/jaredsalinas/.m2/repository/io/netty/netty-transport-native-unix-common/4.1.96.Final/netty-transport-native-unix-common-4.1.96.Final-linux-aarch_64.jar:/Users/jaredsalinas/.m2/repository/io/netty/netty-transport-native-epoll/4.1.96.Final/netty-transport-native-epoll-4.1.96.Final-linux-aarch_64.jar:/Users/jaredsalinas/.m2/repository/io/netty/netty-transport-native-unix-common/4.1.96.Final/netty-transport-native-unix-common-4.1.96.Final-osx-x86_64.jar:/Users/jaredsalinas/.m2/repository/io/netty/netty-transport-native-kqueue/4.1.96.Final/netty-transport-native-kqueue-4.1.96.Final-osx-x86_64.jar:/Users/jaredsalinas/.m2/repository/io/netty/netty-transport-classes-kqueue/4.1.96.Final/netty-transport-classes-kqueue-4.1.96.Final.jar:/Users/jaredsalinas/.m2/repository/io/netty/netty-resolver-dns-native-macos/4.1.96.Final/netty-resolver-dns-native-macos-4.1.96.Final-osx-x86_64.jar:/Users/jaredsalinas/.m2/repository/io/netty/netty-resolver-dns-classes-macos/4.1.96.Final/netty-resolver-dns-classes-macos-4.1.96.Final.jar:/Users/jaredsalinas/.m2/repository/io/netty/netty-transport-native-unix-common/4.1.96.Final/netty-transport-native-unix-common-4.1.96.Final-osx-aarch_64.jar:/Users/jaredsalinas/.m2/repository/io/netty/netty-transport-native-kqueue/4.1.96.Final/netty-transport-native-kqueue-4.1.96.Final-osx-aarch_64.jar:/Users/jaredsalinas/.m2/repository/io/netty/netty-resolver-dns-native-macos/4.1.96.Final/netty-resolver-dns-native-macos-4.1.96.Final-osx-aarch_64.jar:/Users/jaredsalinas/.m2/repository/io/netty/netty-tcnative-boringssl-static/2.0.61.Final/netty-tcnative-boringssl-static-2.0.61.Final-linux-x86_64.jar:/Users/jaredsalinas/.m2/repository/io/netty/netty-tcnative-classes/2.0.61.Final/netty-tcnative-classes-2.0.61.Final.jar:/Users/jaredsalinas/.m2/repository/io/netty/netty-tcnative-boringssl-static/2.0.61.Final/netty-tcnative-boringssl-static-2.0.61.Final-linux-aarch_64.jar:/Users/jaredsalinas/.m2/repository/io/netty/netty-tcnative-boringssl-static/2.0.61.Final/netty-tcnative-boringssl-static-2.0.61.Final-osx-x86_64.jar:/Users/jaredsalinas/.m2/repository/io/netty/netty-tcnative-boringssl-static/2.0.61.Final/netty-tcnative-boringssl-static-2.0.61.Final-osx-aarch_64.jar:/Users/jaredsalinas/.m2/repository/io/netty/netty-tcnative-boringssl-static/2.0.61.Final/netty-tcnative-boringssl-static-2.0.61.Final-windows-x86_64.jar:/Users/jaredsalinas/.m2/repository/com/aayushatharva/brotli4j/brotli4j/1.12.0/brotli4j-1.12.0.jar:/Users/jaredsalinas/.m2/repository/com/aayushatharva/brotli4j/service/1.12.0/service-1.12.0.jar:/Users/jaredsalinas/.m2/repository/com/aayushatharva/brotli4j/native-osx-x86_64/1.12.0/native-osx-x86_64-1.12.0.jar:/Users/jaredsalinas/.m2/repository/org/apache/httpcomponents/httpclient/4.5.14/httpclient-4.5.14.jar:/Users/jaredsalinas/.m2/repository/org/apache/httpcomponents/httpcore/4.4.16/httpcore-4.4.16.jar:/Users/jaredsalinas/.m2/repository/commons-codec/commons-codec/1.16.0/commons-codec-1.16.0.jar:/Users/jaredsalinas/.m2/repository/ch/qos/logback/logback-classic/1.4.11/logback-classic-1.4.11.jar:/Users/jaredsalinas/.m2/repository/ch/qos/logback/logback-core/1.4.11/logback-core-1.4.11.jar:/Users/jaredsalinas/.m2/repository/org/slf4j/jcl-over-slf4j/2.0.9/jcl-over-slf4j-2.0.9.jar:/Users/jaredsalinas/.m2/repository/org/antlr/antlr4-runtime/4.11.1/antlr4-runtime-4.11.1.jar:/Users/jaredsalinas/.m2/repository/com/jayway/jsonpath/json-path/2.8.0/json-path-2.8.0.jar:/Users/jaredsalinas/.m2/repository/net/minidev/json-smart/2.4.10/json-smart-2.4.10.jar:/Users/jaredsalinas/.m2/repository/net/minidev/accessors-smart/2.4.9/accessors-smart-2.4.9.jar:/Users/jaredsalinas/.m2/repository/org/ow2/asm/asm/9.3/asm-9.3.jar:/Users/jaredsalinas/.m2/repository/org/yaml/snakeyaml/2.0/snakeyaml-2.0.jar:/Users/jaredsalinas/.m2/repository/de/siegmar/fastcsv/2.2.1/fastcsv-2.2.1.jar:/Users/jaredsalinas/.m2/repository/info/picocli/picocli/4.7.1/picocli-4.7.1.jar:/Users/jaredsalinas/.m2/repository/io/github/classgraph/classgraph/4.8.160/classgraph-4.8.160.jar:/Users/jaredsalinas/.m2/repository/io/github/t12y/resemble/1.0.2/resemble-1.0.2.jar:/Users/jaredsalinas/.m2/repository/io/github/t12y/ssim/1.0.0/ssim-1.0.0.jar:/Users/jaredsalinas/.m2/repository/org/junit/jupiter/junit-jupiter-api/5.9.3/junit-jupiter-api-5.9.3.jar:/Users/jaredsalinas/.m2/repository/org/opentest4j/opentest4j/1.2.0/opentest4j-1.2.0.jar:/Users/jaredsalinas/.m2/repository/org/junit/platform/junit-platform-commons/1.9.3/junit-platform-commons-1.9.3.jar:/Users/jaredsalinas/.m2/repository/org/apiguardian/apiguardian-api/1.1.2/apiguardian-api-1.1.2.jar:/Users/jaredsalinas/.m2/repository/org/junit/jupiter/junit-jupiter-engine/5.9.3/junit-jupiter-engine-5.9.3.jar:/Users/jaredsalinas/.m2/repository/org/junit/platform/junit-platform-engine/1.9.3/junit-platform-engine-1.9.3.jar:"/>
    <property name="sun.cpu.endian" value="little"/>
    <property name="user.home" value="/Users/jaredsalinas"/>
    <property name="user.language" value="en"/>
    <property name="java.specification.vendor" value="Oracle Corporation"/>
    <property name="java.version.date" value="2021-04-20"/>
    <property name="java.home" value="/Library/Java/JavaVirtualMachines/jdk-16.0.1.jdk/Contents/Home"/>
    <property name="file.separator" value="/"/>
    <property name="basedir" value="/Users/jaredsalinas/IdeaProjects/KarateFrameworkTest"/>
    <property name="java.vm.compressedOopsMode" value="Zero based"/>
    <property name="line.separator" value="&#10;"/>
    <property name="java.specification.name" value="Java Platform API Specification"/>
    <property name="java.vm.specification.vendor" value="Oracle Corporation"/>
    <property name="surefire.real.class.path" value="/Users/jaredsalinas/IdeaProjects/KarateFrameworkTest/target/surefire/surefirebooter-20240627142248772_3.jar"/>
    <property name="sun.management.compiler" value="HotSpot 64-Bit Tiered Compilers"/>
    <property name="ftp.nonProxyHosts" value="local|*.local|169.254/16|*.169.254/16"/>
    <property name="java.runtime.version" value="16.0.1+9-24"/>
    <property name="user.name" value="jaredsalinas"/>
    <property name="path.separator" value=":"/>
    <property name="os.version" value="11.4"/>
    <property name="java.runtime.name" value="Java(TM) SE Runtime Environment"/>
    <property name="file.encoding" value="UTF-8"/>
    <property name="java.vm.name" value="Java HotSpot(TM) 64-Bit Server VM"/>
    <property name="localRepository" value="/Users/jaredsalinas/.m2/repository"/>
    <property name="java.vendor.url.bug" value="https://bugreport.java.com/bugreport/"/>
    <property name="java.io.tmpdir" value="/var/folders/wm/kc35rbg56t32llzjx6yh6d_40000gn/T/"/>
    <property name="java.version" value="16.0.1"/>
    <property name="user.dir" value="/Users/jaredsalinas/IdeaProjects/KarateFrameworkTest"/>
    <property name="os.arch" value="x86_64"/>
    <property name="java.vm.specification.name" value="Java Virtual Machine Specification"/>
    <property name="java.library.path" value="/Users/jaredsalinas/Library/Java/Extensions:/Library/Java/Extensions:/Network/Library/Java/Extensions:/System/Library/Java/Extensions:/usr/lib/java:."/>
    <property name="java.vm.info" value="mixed mode, sharing"/>
    <property name="java.vendor" value="Oracle Corporation"/>
    <property name="java.vm.version" value="16.0.1+9-24"/>
    <property name="sun.io.unicode.encoding" value="UnicodeBig"/>
    <property name="socksNonProxyHosts" value="local|*.local|169.254/16|*.169.254/16"/>
    <property name="java.class.version" value="60.0"/>
  </properties>
  <testcase name="executeKarateTest" classname="com.api.automation.ParallelBuilder" time="18.156">
    <system-out><![CDATA[14:22:53.118 [main] DEBUG com.intuit.karate.Suite - [config] classpath:karate-config.js
14:22:53.152 [main] INFO  com.intuit.karate.Suite - backed up existing 'target/karate-reports' dir to: target/karate-reports_1719516173132
14:22:53.165 [main] DEBUG com.intuit.karate.Suite - waiting for 23 features to complete
14:22:56.173 [pool-2-thread-1] INFO  com.intuit.karate - karate.env system property was: null 
14:22:56.173 [pool-2-thread-5] INFO  com.intuit.karate - karate.env system property was: null 
14:22:56.173 [pool-2-thread-4] INFO  com.intuit.karate - karate.env system property was: null 
14:22:56.174 [pool-2-thread-3] INFO  com.intuit.karate - karate.env system property was: null 
14:22:56.173 [pool-2-thread-2] INFO  com.intuit.karate - karate.env system property was: null 
14:22:56.533 [pool-2-thread-3] INFO  com.intuit.karate - [print] 2 
14:22:56.563 [pool-2-thread-2] ERROR com.intuit.karate - classpath:com/api/automation/createJobEntryWithVariables.feature:5
Given url _url
js failed:
>>>>
01: _url
<<<<
org.graalvm.polyglot.PolyglotException: ReferenceError: "_url" is not defined
- <js>.:program(Unnamed:1)

classpath:com/api/automation/createJobEntryWithVariables.feature:5
14:22:56.758 [pool-2-thread-2] INFO  com.intuit.karate - karate.env system property was: null 
14:22:57.236 [pool-2-thread-1] DEBUG com.intuit.karate - request:
1 > POST http://localhost:9897/normal/webapi/add
1 > Accept: application/json
1 > Content-Type: application/json; charset=UTF-8
1 > Content-Length: 78
1 > Host: localhost:9897
1 > Connection: Keep-Alive
1 > User-Agent: Apache-HttpClient/4.5.14 (Java/16.0.1)
1 > Accept-Encoding: gzip,deflate
{"jobId":251,"jobTitle":"LOS","jobDescription":"SOL","experience":["Nothing"]}

14:22:57.236 [pool-2-thread-3] DEBUG com.intuit.karate - request:
1 > POST http://localhost:9897/normal/webapi/add
1 > Accept: application/json
1 > Content-Type: application/json; charset=UTF-8
1 > Content-Length: 76
1 > Host: localhost:9897
1 > Connection: Keep-Alive
1 > User-Agent: Apache-HttpClient/4.5.14 (Java/16.0.1)
1 > Accept-Encoding: gzip,deflate
{"jobId":2,"jobTitle":"LOS","jobDescription":"SOL","experience":["Nothing"]}

14:22:57.236 [pool-2-thread-5] DEBUG com.intuit.karate - request:
1 > GET http://localhost:9897/normal/webapi/all
1 > Accept: application/json
1 > Host: localhost:9897
1 > Connection: Keep-Alive
1 > User-Agent: Apache-HttpClient/4.5.14 (Java/16.0.1)
1 > Accept-Encoding: gzip,deflate


14:22:57.236 [pool-2-thread-2] DEBUG com.intuit.karate - request:
1 > GET http://localhost:9897/normal/webapi/all
1 > Accept: application/xml
1 > Host: localhost:9897
1 > Connection: Keep-Alive
1 > User-Agent: Apache-HttpClient/4.5.14 (Java/16.0.1)
1 > Accept-Encoding: gzip,deflate


14:22:57.236 [pool-2-thread-4] DEBUG com.intuit.karate - request:
1 > POST http://localhost:9897/normal/webapi/add
1 > Accept: application/json
1 > Content-Type: application/json; charset=UTF-8
1 > Content-Length: 77
1 > Host: localhost:9897
1 > Connection: Keep-Alive
1 > User-Agent: Apache-HttpClient/4.5.14 (Java/16.0.1)
1 > Accept-Encoding: gzip,deflate
{"jobId":19,"jobTitle":"LOS","jobDescription":"SOL","experience":["Nothing"]}

14:22:57.338 [pool-2-thread-1] DEBUG com.intuit.karate - response time in milliseconds: 91
1 < 201
1 < X-Content-Type-Options: nosniff
1 < X-XSS-Protection: 1; mode=block
1 < Cache-Control: no-cache, no-store, max-age=0, must-revalidate
1 < Pragma: no-cache
1 < Expires: 0
1 < X-Frame-Options: DENY
1 < Content-Type: application/json
1 < Transfer-Encoding: chunked
1 < Date: Thu, 27 Jun 2024 19:22:57 GMT
1 < Keep-Alive: timeout=60
1 < Connection: keep-alive
{"jobId":251,"jobTitle":"LOS","jobDescription":"SOL","experience":["Nothing"],"project":[]}

14:22:57.340 [pool-2-thread-5] DEBUG com.intuit.karate - response time in milliseconds: 91
1 < 200
1 < X-Content-Type-Options: nosniff
1 < X-XSS-Protection: 1; mode=block
1 < Cache-Control: no-cache, no-store, max-age=0, must-revalidate
1 < Pragma: no-cache
1 < Expires: 0
1 < X-Frame-Options: DENY
1 < Content-Type: application/json
1 < Transfer-Encoding: chunked
1 < Date: Thu, 27 Jun 2024 19:22:57 GMT
1 < Keep-Alive: timeout=60
1 < Connection: keep-alive
[{"jobId":1,"jobTitle":"Software Engg","jobDescription":"To develop andriod application","experience":["Google","Apple","Mobile Iron"],"project":[{"projectName":"Movie App","technology":["Kotlin","SQL Lite","Gradle"]}]},{"jobId":3,"jobTitle":"Data Engg","jobDescription":"Create machine learning apps","experience":["IBM","INTEL"],"project":[{"projectName":"SCASE","technology":["Python","R"]}]},{"jobId":4,"jobTitle":"Software Engg - 2","jobDescription":"To develop andriod application and web application","experience":["RRD","ApD","MobileIron"],"project":[{"projectName":"Eccc","technology":["Selenium","Robot"]}]},{"jobId":640,"jobTitle":"Data Engg","jobDescription":"Create machine learning apps","experience":["IBM","INTEL"],"project":[{"projectName":"SCASE","technology":["Python","R"]}]},{"jobId":430,"jobTitle":"QA Tester","jobDescription":"To develop andriod application","experience":["RRD","ApD","MobileIron"],"project":[{"projectName":"Eccc","technology":["Selenium","Robot"]}]},{"jobId":3,"jobTitle":"Data Engg","jobDescription":"Create machine learning apps","experience":["IBM","INTEL"],"project":[{"projectName":"SCASE","technology":["Python","R"]}]},{"jobId":3,"jobTitle":"Data Engg","jobDescription":"Create machine learning apps","experience":["IBM","INTEL"],"project":[{"projectName":"SCASE","technology":["Python","R"]}]},{"jobId":4,"jobTitle":"QA Tester","jobDescription":"To develop andriod application","experience":["RRD","ApD","MobileIron"],"project":[{"projectName":"Eccc","technology":["Selenium","Robot"]}]},{"jobId":404,"jobTitle":"Data Engg","jobDescription":"Create machine learning apps","experience":["IBM","INTEL"],"project":[{"projectName":"SCASE","technology":["Python","R"]}]},{"jobId":412,"jobTitle":"QA Tester","jobDescription":"To develop andriod application","experience":["RRD","ApD","MobileIron"],"project":[{"projectName":"Eccc","technology":["Selenium","Robot"]}]},{"jobId":3,"jobTitle":"Data Engg","jobDescription":"Create machine learning apps","experience":["IBM","INTEL"],"project":[{"projectName":"SCASE","technology":["Python","R"]}]},{"jobId":3,"jobTitle":"Data Engg","jobDescription":"Create machine learning apps","experience":["IBM","INTEL"],"project":[{"projectName":"SCASE","technology":["Python","R"]}]},{"jobId":4,"jobTitle":"QA Tester","jobDescription":"To develop andriod application","experience":["RRD","ApD","MobileIron"],"project":[{"projectName":"Eccc","technology":["Selenium","Robot"]}]},{"jobId":612,"jobTitle":"Data Engg","jobDescription":"Create machine learning apps","experience":["IBM","INTEL"],"project":[{"projectName":"SCASE","technology":["Python","R"]}]},{"jobId":124,"jobTitle":"QA Tester","jobDescription":"To develop andriod application","experience":["RRD","ApD","MobileIron"],"project":[{"projectName":"Eccc","technology":["Selenium","Robot"]}]},{"jobId":3,"jobTitle":"Data Engg","jobDescription":"Create machine learning apps","experience":["IBM","INTEL"],"project":[{"projectName":"SCASE","technology":["Python","R"]}]},{"jobId":3,"jobTitle":"Data Engg","jobDescription":"Create machine learning apps","experience":["IBM","INTEL"],"project":[{"projectName":"SCASE","technology":["Python","R"]}]},{"jobId":4,"jobTitle":"QA Tester","jobDescription":"To develop andriod application","experience":["RRD","ApD","MobileIron"],"project":[{"projectName":"Eccc","technology":["Selenium","Robot"]}]},{"jobId":27,"jobTitle":"Data Engg","jobDescription":"Create machine learning apps","experience":["IBM","INTEL"],"project":[{"projectName":"SCASE","technology":["Python","R"]}]},{"jobId":276,"jobTitle":"QA Tester","jobDescription":"To develop andriod application","experience":["RRD","ApD","MobileIron"],"project":[{"projectName":"Eccc","technology":["Selenium","Robot"]}]},{"jobId":3,"jobTitle":"Data Engg","jobDescription":"Create machine learning apps","experience":["IBM","INTEL"],"project":[{"projectName":"SCASE","technology":["Python","R"]}]},{"jobId":47,"jobTitle":"LOS","jobDescription":"SOL","experience":["Nothing"],"project":[]},{"jobId":99,"jobTitle":"LOS","jobDescription":"SOL","experience":["Nothing"],"project":[]},{"jobId":49,"jobTitle":"LOS","jobDescription":"SOL","experience":["Nothing"],"project":[]},{"jobId":99,"jobTitle":"LOS","jobDescription":"SOL","experience":["Nothing"],"project":[]},{"jobId":80,"jobTitle":"LOS","jobDescription":"SOL","experience":["Nothing"],"project":[]},{"jobId":0,"jobTitle":"LOS","jobDescription":"SOL","experience":["Nothing"],"project":[]},{"jobId":0,"jobTitle":"LOS","jobDescription":"SOL","experience":["Nothing"],"project":[]},{"jobId":0,"jobTitle":"LOS","jobDescription":"SOL","experience":["Nothing"],"project":[]},{"jobId":45,"jobTitle":"QA Tester","jobDescription":"Finding bugs","experience":["Nothing"],"project":[]},{"jobId":64,"jobTitle":"QA Tester","jobDescription":"Finding bugs","experience":["Nothing"],"project":[]},{"jobId":38,"jobTitle":"QA Tester","jobDescription":"Finding bugs","experience":["Nothing"],"project":[]},{"jobId":85,"jobTitle":"LOS","jobDescription":"SOL","experience":["Nothing"],"project":[]},{"jobId":9,"jobTitle":"QA Tester","jobDescription":"Finding bugs","experience":["Nothing"],"project":[]},{"jobId":85,"jobTitle":"LOS","jobDescription":"SOL","experience":["Nothing"],"project":[]},{"jobId":36,"jobTitle":"LOS","jobDescription":"SOL","experience":["Nothing"],"project":[]},{"jobId":41,"jobTitle":"QA Tester","jobDescription":"Finding bugs","experience":["Nothing"],"project":[]},{"jobId":42,"jobTitle":"LOS","jobDescription":"SOL","experience":["Nothing"],"project":[]},{"jobId":69,"jobTitle":"LOS","jobDescription":"SOL","experience":["Nothing"],"project":[]},{"jobId":13,"jobTitle":"LOS","jobDescription":"SOL","experience":["Nothing"],"project":[]},{"jobId":15,"jobTitle":"LOS","jobDescription":"To develop andriod application and web application","experience":["Nothing"],"project":[]},{"jobId":19,"jobTitle":"LOS","jobDescription":"SOL","experience":["Nothing"],"project":[]},{"jobId":92,"jobTitle":"Software Engg - 2","jobDescription":"To develop andriod application and web application","experience":["Nothing"],"project":[]},{"jobId":54,"jobTitle":"LOS","jobDescription":"SOL","experience":["Nothing"],"project":[]},{"jobId":90,"jobTitle":"Software Engg - 2","jobDescription":"To develop andriod application and web application","experience":["Nothing"],"project":[]},{"jobId":38,"jobTitle":"LOS","jobDescription":"SOL","experience":["Nothing"],"project":[]},{"jobId":5,"jobTitle":"Software Engg - 2","jobDescription":"To develop andriod application","experience":["Google","Apple","Mobile Iron","Google"],"project":[{"projectName":"Movie App","technology":["Kotlin","SQL Lite","Gradle","Jenkins"]}]},{"jobId":623,"jobTitle":"Data Engg","jobDescription":"Create machine learning apps","experience":["IBM","INTEL"],"project":[{"projectName":"SCASE","technology":["Python","R"]}]},{"jobId":3,"jobTitle":"Data Engg","jobDescription":"Create machine learning apps","experience":["IBM","INTEL"],"project":[{"projectName":"SCASE","technology":["Python","R"]}]},{"jobId":4,"jobTitle":"QA Tester","jobDescription":"To develop andriod application","experience":["RRD","ApD","MobileIron"],"project":[{"projectName":"Eccc","technology":["Selenium","Robot"]}]},{"jobId":345,"jobTitle":"QA Tester","jobDescription":"To develop andriod application","experience":["RRD","ApD","MobileIron"],"project":[{"projectName":"Eccc","technology":["Selenium","Robot"]}]},{"jobId":7,"jobTitle":"Software Engg","jobDescription":"To develop andriod application","experience":["Google","Apple","Mobile Iron","Subex"],"project":[{"projectName":"Movie App","technology":["Kotlin","SQL Lite","Gradle","Jenkins"]}]},{"jobId":7,"jobTitle":"Software Engg","jobDescription":"To develop andriod application","experience":["Google","Apple","Mobile Iron","Subex"],"project":[{"projectName":"Movie App","technology":["Kotlin","SQL Lite","Gradle","Jenkins"]}]},{"jobId":50,"jobTitle":"Software Engg - 2","jobDescription":"To develop andriod application","experience":["Google","Apple","Mobile Iron","Google"],"project":[{"projectName":"Movie App","technology":["Kotlin","SQL Lite","Gradle","Jenkins"]}]},{"jobId":43,"jobTitle":"Software Engg","jobDescription":"To develop andriod application","experience":["Google","Apple","Mobile Iron","Subex"],"project":[{"projectName":"Movie App","technology":["Kotlin","SQL Lite","Gradle","Jenkins"]}]},{"jobId":19,"jobTitle":"LOS","jobDescription":"SOL","experience":["Nothing"],"project":[]},{"jobId":7,"jobTitle":"LOS","jobDescription":"SOL","experience":["Nothing"],"project":[]},{"jobId":3,"jobTitle":"Data Engg","jobDescription":"Create machine learning apps","experience":["IBM","INTEL"],"project":[{"projectName":"SCASE","technology":["Python","R"]}]},{"jobId":5,"jobTitle":"Software Engg - 2","jobDescription":"To develop andriod application","experience":["Google","Apple","Mobile Iron","Google"],"project":[{"projectName":"Movie App","technology":["Kotlin","SQL Lite","Gradle","Jenkins"]}]},{"jobId":4,"jobTitle":"QA Tester","jobDescription":"To develop andriod application","experience":["RRD","ApD","MobileIron"],"project":[{"projectName":"Eccc","technology":["Selenium","Robot"]}]},{"jobId":135,"jobTitle":"Data Engg","jobDescription":"Create machine learning apps","experience":["IBM","INTEL"],"project":[{"projectName":"SCASE","technology":["Python","R"]}]},{"jobId":647,"jobTitle":"QA Tester","jobDescription":"To develop andriod application","experience":["RRD","ApD","MobileIron"],"project":[{"projectName":"Eccc","technology":["Selenium","Robot"]}]},{"jobId":7,"jobTitle":"Software Engg","jobDescription":"To develop andriod application","experience":["Google","Apple","Mobile Iron","Subex"],"project":[{"projectName":"Movie App","technology":["Kotlin","SQL Lite","Gradle","Jenkins"]}]},{"jobId":7,"jobTitle":"Software Engg","jobDescription":"To develop andriod application","experience":["Google","Apple","Mobile Iron","Subex"],"project":[{"projectName":"Movie App","technology":["Kotlin","SQL Lite","Gradle","Jenkins"]}]},{"jobId":36,"jobTitle":"Software Engg - 2","jobDescription":"To develop andriod application","experience":["Google","Apple","Mobile Iron","Google"],"project":[{"projectName":"Movie App","technology":["Kotlin","SQL Lite","Gradle","Jenkins"]}]},{"jobId":6,"jobTitle":"Software Engg","jobDescription":"To develop andriod application","experience":["Google","Apple","Mobile Iron","Subex"],"project":[{"projectName":"Movie App","technology":["Kotlin","SQL Lite","Gradle","Jenkins"]}]},{"jobId":40,"jobTitle":"LOS","jobDescription":"SOL","experience":["Nothing"],"project":[]},{"jobId":59,"jobTitle":"LOS","jobDescription":"SOL","experience":["Nothing"],"project":[]},{"jobId":80,"jobTitle":"LOS","jobDescription":"SOL","experience":["Nothing"],"project":[]},{"jobId":4,"jobTitle":"LOS","jobDescription":"SOL","experience":["Nothing"],"project":[]},{"jobId":33,"jobTitle":"LOS","jobDescription":"SOL","experience":["Nothing"],"project":[]},{"jobId":70,"jobTitle":"Software Engg - 2","jobDescription":"To develop andriod application and web application","experience":["Nothing"],"project":[]},{"jobId":40,"jobTitle":"LOS","jobDescription":"SOL","experience":["Nothing"],"project":[]},{"jobId":32,"jobTitle":"LOS","jobDescription":"SOL","experience":["Nothing"],"project":[]},{"jobId":370,"jobTitle":"IOS","jobDescription":"APPLE","experience":["Nothing"],"project":[]},{"jobId":676,"jobTitle":"IOS","jobDescription":"APPLE","experience":["Nothing"],"project":[]},{"jobId":704,"jobTitle":"IOS","jobDescription":"APPLE","experience":["Nothing"],"project":[]},{"jobId":9980,"jobTitle":"Data Analyst","jobDescription":"Develop machine learning models","experience":["Nothing"],"project":[]},{"jobId":9980,"jobTitle":"Data Analyst","jobDescription":"Develop machine learning models","experience":["Nothing"],"project":[]},{"jobId":3,"jobTitle":"Data Engg","jobDescription":"Create machine learning apps","experience":["IBM","INTEL"],"project":[{"projectName":"SCASE","technology":["Python","R"]}]},{"jobId":4,"jobTitle":"QA Tester","jobDescription":"To develop andriod application","experience":["RRD","ApD","MobileIron"],"project":[{"projectName":"Eccc","technology":["Selenium","Robot"]}]},{"jobId":82,"jobTitle":"Data Engg","jobDescription":"Create machine learning apps","experience":["IBM","INTEL"],"project":[{"projectName":"SCASE","technology":["Python","R"]}]},{"jobId":291,"jobTitle":"QA Tester","jobDescription":"To develop andriod application","experience":["RRD","ApD","MobileIron"],"project":[{"projectName":"Eccc","technology":["Selenium","Robot"]}]},{"jobId":3,"jobTitle":"Data Engg","jobDescription":"Create machine learning apps","experience":["IBM","INTEL"],"project":[{"projectName":"SCASE","technology":["Python","R"]}]},{"jobId":3,"jobTitle":"Data Engg","jobDescription":"Create machine learning apps","experience":["IBM","INTEL"],"project":[{"projectName":"SCASE","technology":["Python","R"]}]},{"jobId":251,"jobTitle":"LOS","jobDescription":"SOL","experience":["Nothing"],"project":[]}]

14:22:57.341 [pool-2-thread-3] DEBUG com.intuit.karate - response time in milliseconds: 91
1 < 201
1 < X-Content-Type-Options: nosniff
1 < X-XSS-Protection: 1; mode=block
1 < Cache-Control: no-cache, no-store, max-age=0, must-revalidate
1 < Pragma: no-cache
1 < Expires: 0
1 < X-Frame-Options: DENY
1 < Content-Type: application/json
1 < Transfer-Encoding: chunked
1 < Date: Thu, 27 Jun 2024 19:22:57 GMT
1 < Keep-Alive: timeout=60
1 < Connection: keep-alive
{"jobId":2,"jobTitle":"LOS","jobDescription":"SOL","experience":["Nothing"],"project":[]}

14:22:57.341 [pool-2-thread-2] DEBUG com.intuit.karate - response time in milliseconds: 91
1 < 200
1 < X-Content-Type-Options: nosniff
1 < X-XSS-Protection: 1; mode=block
1 < Cache-Control: no-cache, no-store, max-age=0, must-revalidate
1 < Pragma: no-cache
1 < Expires: 0
1 < X-Frame-Options: DENY
1 < Content-Type: application/xml
1 < Transfer-Encoding: chunked
1 < Date: Thu, 27 Jun 2024 19:22:57 GMT
1 < Keep-Alive: timeout=60
1 < Connection: keep-alive
<List><item><jobId>1</jobId><jobTitle>Software Engg</jobTitle><jobDescription>To develop andriod application</jobDescription><experience><experience>Google</experience><experience>Apple</experience><experience>Mobile Iron</experience></experience><project><project><projectName>Movie App</projectName><technology><technology>Kotlin</technology><technology>SQL Lite</technology><technology>Gradle</technology></technology></project></project></item><item><jobId>3</jobId><jobTitle>Data Engg</jobTitle><jobDescription>Create machine learning apps</jobDescription><experience><experience>IBM</experience><experience>INTEL</experience></experience><project><project><projectName>SCASE</projectName><technology><technology>Python</technology><technology>R</technology></technology></project></project></item><item><jobId>4</jobId><jobTitle>Software Engg - 2</jobTitle><jobDescription>To develop andriod application and web application</jobDescription><experience><experience>RRD</experience><experience>ApD</experience><experience>MobileIron</experience></experience><project><project><projectName>Eccc</projectName><technology><technology>Selenium</technology><technology>Robot</technology></technology></project></project></item><item><jobId>640</jobId><jobTitle>Data Engg</jobTitle><jobDescription>Create machine learning apps</jobDescription><experience><experience>IBM</experience><experience>INTEL</experience></experience><project><project><projectName>SCASE</projectName><technology><technology>Python</technology><technology>R</technology></technology></project></project></item><item><jobId>430</jobId><jobTitle>QA Tester</jobTitle><jobDescription>To develop andriod application</jobDescription><experience><experience>RRD</experience><experience>ApD</experience><experience>MobileIron</experience></experience><project><project><projectName>Eccc</projectName><technology><technology>Selenium</technology><technology>Robot</technology></technology></project></project></item><item><jobId>3</jobId><jobTitle>Data Engg</jobTitle><jobDescription>Create machine learning apps</jobDescription><experience><experience>IBM</experience><experience>INTEL</experience></experience><project><project><projectName>SCASE</projectName><technology><technology>Python</technology><technology>R</technology></technology></project></project></item><item><jobId>3</jobId><jobTitle>Data Engg</jobTitle><jobDescription>Create machine learning apps</jobDescription><experience><experience>IBM</experience><experience>INTEL</experience></experience><project><project><projectName>SCASE</projectName><technology><technology>Python</technology><technology>R</technology></technology></project></project></item><item><jobId>4</jobId><jobTitle>QA Tester</jobTitle><jobDescription>To develop andriod application</jobDescription><experience><experience>RRD</experience><experience>ApD</experience><experience>MobileIron</experience></experience><project><project><projectName>Eccc</projectName><technology><technology>Selenium</technology><technology>Robot</technology></technology></project></project></item><item><jobId>404</jobId><jobTitle>Data Engg</jobTitle><jobDescription>Create machine learning apps</jobDescription><experience><experience>IBM</experience><experience>INTEL</experience></experience><project><project><projectName>SCASE</projectName><technology><technology>Python</technology><technology>R</technology></technology></project></project></item><item><jobId>412</jobId><jobTitle>QA Tester</jobTitle><jobDescription>To develop andriod application</jobDescription><experience><experience>RRD</experience><experience>ApD</experience><experience>MobileIron</experience></experience><project><project><projectName>Eccc</projectName><technology><technology>Selenium</technology><technology>Robot</technology></technology></project></project></item><item><jobId>3</jobId><jobTitle>Data Engg</jobTitle><jobDescription>Create machine learning apps</jobDescription><experience><experience>IBM</experience><experience>INTEL</experience></experience><project><project><projectName>SCASE</projectName><technology><technology>Python</technology><technology>R</technology></technology></project></project></item><item><jobId>3</jobId><jobTitle>Data Engg</jobTitle><jobDescription>Create machine learning apps</jobDescription><experience><experience>IBM</experience><experience>INTEL</experience></experience><project><project><projectName>SCASE</projectName><technology><technology>Python</technology><technology>R</technology></technology></project></project></item><item><jobId>4</jobId><jobTitle>QA Tester</jobTitle><jobDescription>To develop andriod application</jobDescription><experience><experience>RRD</experience><experience>ApD</experience><experience>MobileIron</experience></experience><project><project><projectName>Eccc</projectName><technology><technology>Selenium</technology><technology>Robot</technology></technology></project></project></item><item><jobId>612</jobId><jobTitle>Data Engg</jobTitle><jobDescription>Create machine learning apps</jobDescription><experience><experience>IBM</experience><experience>INTEL</experience></experience><project><project><projectName>SCASE</projectName><technology><technology>Python</technology><technology>R</technology></technology></project></project></item><item><jobId>124</jobId><jobTitle>QA Tester</jobTitle><jobDescription>To develop andriod application</jobDescription><experience><experience>RRD</experience><experience>ApD</experience><experience>MobileIron</experience></experience><project><project><projectName>Eccc</projectName><technology><technology>Selenium</technology><technology>Robot</technology></technology></project></project></item><item><jobId>3</jobId><jobTitle>Data Engg</jobTitle><jobDescription>Create machine learning apps</jobDescription><experience><experience>IBM</experience><experience>INTEL</experience></experience><project><project><projectName>SCASE</projectName><technology><technology>Python</technology><technology>R</technology></technology></project></project></item><item><jobId>3</jobId><jobTitle>Data Engg</jobTitle><jobDescription>Create machine learning apps</jobDescription><experience><experience>IBM</experience><experience>INTEL</experience></experience><project><project><projectName>SCASE</projectName><technology><technology>Python</technology><technology>R</technology></technology></project></project></item><item><jobId>4</jobId><jobTitle>QA Tester</jobTitle><jobDescription>To develop andriod application</jobDescription><experience><experience>RRD</experience><experience>ApD</experience><experience>MobileIron</experience></experience><project><project><projectName>Eccc</projectName><technology><technology>Selenium</technology><technology>Robot</technology></technology></project></project></item><item><jobId>27</jobId><jobTitle>Data Engg</jobTitle><jobDescription>Create machine learning apps</jobDescription><experience><experience>IBM</experience><experience>INTEL</experience></experience><project><project><projectName>SCASE</projectName><technology><technology>Python</technology><technology>R</technology></technology></project></project></item><item><jobId>276</jobId><jobTitle>QA Tester</jobTitle><jobDescription>To develop andriod application</jobDescription><experience><experience>RRD</experience><experience>ApD</experience><experience>MobileIron</experience></experience><project><project><projectName>Eccc</projectName><technology><technology>Selenium</technology><technology>Robot</technology></technology></project></project></item><item><jobId>3</jobId><jobTitle>Data Engg</jobTitle><jobDescription>Create machine learning apps</jobDescription><experience><experience>IBM</experience><experience>INTEL</experience></experience><project><project><projectName>SCASE</projectName><technology><technology>Python</technology><technology>R</technology></technology></project></project></item><item><jobId>47</jobId><jobTitle>LOS</jobTitle><jobDescription>SOL</jobDescription><experience><experience>Nothing</experience></experience><project/></item><item><jobId>99</jobId><jobTitle>LOS</jobTitle><jobDescription>SOL</jobDescription><experience><experience>Nothing</experience></experience><project/></item><item><jobId>49</jobId><jobTitle>LOS</jobTitle><jobDescription>SOL</jobDescription><experience><experience>Nothing</experience></experience><project/></item><item><jobId>99</jobId><jobTitle>LOS</jobTitle><jobDescription>SOL</jobDescription><experience><experience>Nothing</experience></experience><project/></item><item><jobId>80</jobId><jobTitle>LOS</jobTitle><jobDescription>SOL</jobDescription><experience><experience>Nothing</experience></experience><project/></item><item><jobId>0</jobId><jobTitle>LOS</jobTitle><jobDescription>SOL</jobDescription><experience><experience>Nothing</experience></experience><project/></item><item><jobId>0</jobId><jobTitle>LOS</jobTitle><jobDescription>SOL</jobDescription><experience><experience>Nothing</experience></experience><project/></item><item><jobId>0</jobId><jobTitle>LOS</jobTitle><jobDescription>SOL</jobDescription><experience><experience>Nothing</experience></experience><project/></item><item><jobId>45</jobId><jobTitle>QA Tester</jobTitle><jobDescription>Finding bugs</jobDescription><experience><experience>Nothing</experience></experience><project/></item><item><jobId>64</jobId><jobTitle>QA Tester</jobTitle><jobDescription>Finding bugs</jobDescription><experience><experience>Nothing</experience></experience><project/></item><item><jobId>38</jobId><jobTitle>QA Tester</jobTitle><jobDescription>Finding bugs</jobDescription><experience><experience>Nothing</experience></experience><project/></item><item><jobId>85</jobId><jobTitle>LOS</jobTitle><jobDescription>SOL</jobDescription><experience><experience>Nothing</experience></experience><project/></item><item><jobId>9</jobId><jobTitle>QA Tester</jobTitle><jobDescription>Finding bugs</jobDescription><experience><experience>Nothing</experience></experience><project/></item><item><jobId>85</jobId><jobTitle>LOS</jobTitle><jobDescription>SOL</jobDescription><experience><experience>Nothing</experience></experience><project/></item><item><jobId>36</jobId><jobTitle>LOS</jobTitle><jobDescription>SOL</jobDescription><experience><experience>Nothing</experience></experience><project/></item><item><jobId>41</jobId><jobTitle>QA Tester</jobTitle><jobDescription>Finding bugs</jobDescription><experience><experience>Nothing</experience></experience><project/></item><item><jobId>42</jobId><jobTitle>LOS</jobTitle><jobDescription>SOL</jobDescription><experience><experience>Nothing</experience></experience><project/></item><item><jobId>69</jobId><jobTitle>LOS</jobTitle><jobDescription>SOL</jobDescription><experience><experience>Nothing</experience></experience><project/></item><item><jobId>13</jobId><jobTitle>LOS</jobTitle><jobDescription>SOL</jobDescription><experience><experience>Nothing</experience></experience><project/></item><item><jobId>15</jobId><jobTitle>LOS</jobTitle><jobDescription>To develop andriod application and web application</jobDescription><experience><experience>Nothing</experience></experience><project/></item><item><jobId>19</jobId><jobTitle>LOS</jobTitle><jobDescription>SOL</jobDescription><experience><experience>Nothing</experience></experience><project/></item><item><jobId>92</jobId><jobTitle>Software Engg - 2</jobTitle><jobDescription>To develop andriod application and web application</jobDescription><experience><experience>Nothing</experience></experience><project/></item><item><jobId>54</jobId><jobTitle>LOS</jobTitle><jobDescription>SOL</jobDescription><experience><experience>Nothing</experience></experience><project/></item><item><jobId>90</jobId><jobTitle>Software Engg - 2</jobTitle><jobDescription>To develop andriod application and web application</jobDescription><experience><experience>Nothing</experience></experience><project/></item><item><jobId>38</jobId><jobTitle>LOS</jobTitle><jobDescription>SOL</jobDescription><experience><experience>Nothing</experience></experience><project/></item><item><jobId>5</jobId><jobTitle>Software Engg - 2</jobTitle><jobDescription>To develop andriod application</jobDescription><experience><experience>Google</experience><experience>Apple</experience><experience>Mobile Iron</experience><experience>Google</experience></experience><project><project><projectName>Movie App</projectName><technology><technology>Kotlin</technology><technology>SQL Lite</technology><technology>Gradle</technology><technology>Jenkins</technology></technology></project></project></item><item><jobId>623</jobId><jobTitle>Data Engg</jobTitle><jobDescription>Create machine learning apps</jobDescription><experience><experience>IBM</experience><experience>INTEL</experience></experience><project><project><projectName>SCASE</projectName><technology><technology>Python</technology><technology>R</technology></technology></project></project></item><item><jobId>3</jobId><jobTitle>Data Engg</jobTitle><jobDescription>Create machine learning apps</jobDescription><experience><experience>IBM</experience><experience>INTEL</experience></experience><project><project><projectName>SCASE</projectName><technology><technology>Python</technology><technology>R</technology></technology></project></project></item><item><jobId>4</jobId><jobTitle>QA Tester</jobTitle><jobDescription>To develop andriod application</jobDescription><experience><experience>RRD</experience><experience>ApD</experience><experience>MobileIron</experience></experience><project><project><projectName>Eccc</projectName><technology><technology>Selenium</technology><technology>Robot</technology></technology></project></project></item><item><jobId>345</jobId><jobTitle>QA Tester</jobTitle><jobDescription>To develop andriod application</jobDescription><experience><experience>RRD</experience><experience>ApD</experience><experience>MobileIron</experience></experience><project><project><projectName>Eccc</projectName><technology><technology>Selenium</technology><technology>Robot</technology></technology></project></project></item><item><jobId>7</jobId><jobTitle>Software Engg</jobTitle><jobDescription>To develop andriod application</jobDescription><experience><experience>Google</experience><experience>Apple</experience><experience>Mobile Iron</experience><experience>Subex</experience></experience><project><project><projectName>Movie App</projectName><technology><technology>Kotlin</technology><technology>SQL Lite</technology><technology>Gradle</technology><technology>Jenkins</technology></technology></project></project></item><item><jobId>7</jobId><jobTitle>Software Engg</jobTitle><jobDescription>To develop andriod application</jobDescription><experience><experience>Google</experience><experience>Apple</experience><experience>Mobile Iron</experience><experience>Subex</experience></experience><project><project><projectName>Movie App</projectName><technology><technology>Kotlin</technology><technology>SQL Lite</technology><technology>Gradle</technology><technology>Jenkins</technology></technology></project></project></item><item><jobId>50</jobId><jobTitle>Software Engg - 2</jobTitle><jobDescription>To develop andriod application</jobDescription><experience><experience>Google</experience><experience>Apple</experience><experience>Mobile Iron</experience><experience>Google</experience></experience><project><project><projectName>Movie App</projectName><technology><technology>Kotlin</technology><technology>SQL Lite</technology><technology>Gradle</technology><technology>Jenkins</technology></technology></project></project></item><item><jobId>43</jobId><jobTitle>Software Engg</jobTitle><jobDescription>To develop andriod application</jobDescription><experience><experience>Google</experience><experience>Apple</experience><experience>Mobile Iron</experience><experience>Subex</experience></experience><project><project><projectName>Movie App</projectName><technology><technology>Kotlin</technology><technology>SQL Lite</technology><technology>Gradle</technology><technology>Jenkins</technology></technology></project></project></item><item><jobId>19</jobId><jobTitle>LOS</jobTitle><jobDescription>SOL</jobDescription><experience><experience>Nothing</experience></experience><project/></item><item><jobId>7</jobId><jobTitle>LOS</jobTitle><jobDescription>SOL</jobDescription><experience><experience>Nothing</experience></experience><project/></item><item><jobId>3</jobId><jobTitle>Data Engg</jobTitle><jobDescription>Create machine learning apps</jobDescription><experience><experience>IBM</experience><experience>INTEL</experience></experience><project><project><projectName>SCASE</projectName><technology><technology>Python</technology><technology>R</technology></technology></project></project></item><item><jobId>5</jobId><jobTitle>Software Engg - 2</jobTitle><jobDescription>To develop andriod application</jobDescription><experience><experience>Google</experience><experience>Apple</experience><experience>Mobile Iron</experience><experience>Google</experience></experience><project><project><projectName>Movie App</projectName><technology><technology>Kotlin</technology><technology>SQL Lite</technology><technology>Gradle</technology><technology>Jenkins</technology></technology></project></project></item><item><jobId>4</jobId><jobTitle>QA Tester</jobTitle><jobDescription>To develop andriod application</jobDescription><experience><experience>RRD</experience><experience>ApD</experience><experience>MobileIron</experience></experience><project><project><projectName>Eccc</projectName><technology><technology>Selenium</technology><technology>Robot</technology></technology></project></project></item><item><jobId>135</jobId><jobTitle>Data Engg</jobTitle><jobDescription>Create machine learning apps</jobDescription><experience><experience>IBM</experience><experience>INTEL</experience></experience><project><project><projectName>SCASE</projectName><technology><technology>Python</technology><technology>R</technology></technology></project></project></item><item><jobId>647</jobId><jobTitle>QA Tester</jobTitle><jobDescription>To develop andriod application</jobDescription><experience><experience>RRD</experience><experience>ApD</experience><experience>MobileIron</experience></experience><project><project><projectName>Eccc</projectName><technology><technology>Selenium</technology><technology>Robot</technology></technology></project></project></item><item><jobId>7</jobId><jobTitle>Software Engg</jobTitle><jobDescription>To develop andriod application</jobDescription><experience><experience>Google</experience><experience>Apple</experience><experience>Mobile Iron</experience><experience>Subex</experience></experience><project><project><projectName>Movie App</projectName><technology><technology>Kotlin</technology><technology>SQL Lite</technology><technology>Gradle</technology><technology>Jenkins</technology></technology></project></project></item><item><jobId>7</jobId><jobTitle>Software Engg</jobTitle><jobDescription>To develop andriod application</jobDescription><experience><experience>Google</experience><experience>Apple</experience><experience>Mobile Iron</experience><experience>Subex</experience></experience><project><project><projectName>Movie App</projectName><technology><technology>Kotlin</technology><technology>SQL Lite</technology><technology>Gradle</technology><technology>Jenkins</technology></technology></project></project></item><item><jobId>36</jobId><jobTitle>Software Engg - 2</jobTitle><jobDescription>To develop andriod application</jobDescription><experience><experience>Google</experience><experience>Apple</experience><experience>Mobile Iron</experience><experience>Google</experience></experience><project><project><projectName>Movie App</projectName><technology><technology>Kotlin</technology><technology>SQL Lite</technology><technology>Gradle</technology><technology>Jenkins</technology></technology></project></project></item><item><jobId>6</jobId><jobTitle>Software Engg</jobTitle><jobDescription>To develop andriod application</jobDescription><experience><experience>Google</experience><experience>Apple</experience><experience>Mobile Iron</experience><experience>Subex</experience></experience><project><project><projectName>Movie App</projectName><technology><technology>Kotlin</technology><technology>SQL Lite</technology><technology>Gradle</technology><technology>Jenkins</technology></technology></project></project></item><item><jobId>40</jobId><jobTitle>LOS</jobTitle><jobDescription>SOL</jobDescription><experience><experience>Nothing</experience></experience><project/></item><item><jobId>59</jobId><jobTitle>LOS</jobTitle><jobDescription>SOL</jobDescription><experience><experience>Nothing</experience></experience><project/></item><item><jobId>80</jobId><jobTitle>LOS</jobTitle><jobDescription>SOL</jobDescription><experience><experience>Nothing</experience></experience><project/></item><item><jobId>4</jobId><jobTitle>LOS</jobTitle><jobDescription>SOL</jobDescription><experience><experience>Nothing</experience></experience><project/></item><item><jobId>33</jobId><jobTitle>LOS</jobTitle><jobDescription>SOL</jobDescription><experience><experience>Nothing</experience></experience><project/></item><item><jobId>70</jobId><jobTitle>Software Engg - 2</jobTitle><jobDescription>To develop andriod application and web application</jobDescription><experience><experience>Nothing</experience></experience><project/></item><item><jobId>40</jobId><jobTitle>LOS</jobTitle><jobDescription>SOL</jobDescription><experience><experience>Nothing</experience></experience><project/></item><item><jobId>32</jobId><jobTitle>LOS</jobTitle><jobDescription>SOL</jobDescription><experience><experience>Nothing</experience></experience><project/></item><item><jobId>370</jobId><jobTitle>IOS</jobTitle><jobDescription>APPLE</jobDescription><experience><experience>Nothing</experience></experience><project/></item><item><jobId>676</jobId><jobTitle>IOS</jobTitle><jobDescription>APPLE</jobDescription><experience><experience>Nothing</experience></experience><project/></item><item><jobId>704</jobId><jobTitle>IOS</jobTitle><jobDescription>APPLE</jobDescription><experience><experience>Nothing</experience></experience><project/></item><item><jobId>9980</jobId><jobTitle>Data Analyst</jobTitle><jobDescription>Develop machine learning models</jobDescription><experience><experience>Nothing</experience></experience><project/></item><item><jobId>9980</jobId><jobTitle>Data Analyst</jobTitle><jobDescription>Develop machine learning models</jobDescription><experience><experience>Nothing</experience></experience><project/></item><item><jobId>3</jobId><jobTitle>Data Engg</jobTitle><jobDescription>Create machine learning apps</jobDescription><experience><experience>IBM</experience><experience>INTEL</experience></experience><project><project><projectName>SCASE</projectName><technology><technology>Python</technology><technology>R</technology></technology></project></project></item><item><jobId>4</jobId><jobTitle>QA Tester</jobTitle><jobDescription>To develop andriod application</jobDescription><experience><experience>RRD</experience><experience>ApD</experience><experience>MobileIron</experience></experience><project><project><projectName>Eccc</projectName><technology><technology>Selenium</technology><technology>Robot</technology></technology></project></project></item><item><jobId>82</jobId><jobTitle>Data Engg</jobTitle><jobDescription>Create machine learning apps</jobDescription><experience><experience>IBM</experience><experience>INTEL</experience></experience><project><project><projectName>SCASE</projectName><technology><technology>Python</technology><technology>R</technology></technology></project></project></item><item><jobId>291</jobId><jobTitle>QA Tester</jobTitle><jobDescription>To develop andriod application</jobDescription><experience><experience>RRD</experience><experience>ApD</experience><experience>MobileIron</experience></experience><project><project><projectName>Eccc</projectName><technology><technology>Selenium</technology><technology>Robot</technology></technology></project></project></item><item><jobId>3</jobId><jobTitle>Data Engg</jobTitle><jobDescription>Create machine learning apps</jobDescription><experience><experience>IBM</experience><experience>INTEL</experience></experience><project><project><projectName>SCASE</projectName><technology><technology>Python</technology><technology>R</technology></technology></project></project></item><item><jobId>3</jobId><jobTitle>Data Engg</jobTitle><jobDescription>Create machine learning apps</jobDescription><experience><experience>IBM</experience><experience>INTEL</experience></experience><project><project><projectName>SCASE</projectName><technology><technology>Python</technology><technology>R</technology></technology></project></project></item><item><jobId>251</jobId><jobTitle>LOS</jobTitle><jobDescription>SOL</jobDescription><experience><experience>Nothing</experience></experience><project/></item></List>

14:22:57.341 [pool-2-thread-4] DEBUG com.intuit.karate - response time in milliseconds: 91
1 < 201
1 < X-Content-Type-Options: nosniff
1 < X-XSS-Protection: 1; mode=block
1 < Cache-Control: no-cache, no-store, max-age=0, must-revalidate
1 < Pragma: no-cache
1 < Expires: 0
1 < X-Frame-Options: DENY
1 < Content-Type: application/json
1 < Transfer-Encoding: chunked
1 < Date: Thu, 27 Jun 2024 19:22:57 GMT
1 < Keep-Alive: timeout=60
1 < Connection: keep-alive
{"jobId":19,"jobTitle":"LOS","jobDescription":"SOL","experience":["Nothing"],"project":[]}

14:22:57.475 [pool-2-thread-5] INFO  com.intuit.karate - [print] [
  {
    "jobId": 1,
    "jobTitle": "Software Engg",
    "jobDescription": "To develop andriod application",
    "experience": [
      "Google",
      "Apple",
      "Mobile Iron"
    ],
    "project": [
      {
        "projectName": "Movie App",
        "technology": [
          "Kotlin",
          "SQL Lite",
          "Gradle"
        ]
      }
    ]
  },
  {
    "jobId": 3,
    "jobTitle": "Data Engg",
    "jobDescription": "Create machine learning apps",
    "experience": [
      "IBM",
      "INTEL"
    ],
    "project": [
      {
        "projectName": "SCASE",
        "technology": [
          "Python",
          "R"
        ]
      }
    ]
  },
  {
    "jobId": 4,
    "jobTitle": "Software Engg - 2",
    "jobDescription": "To develop andriod application and web application",
    "experience": [
      "RRD",
      "ApD",
      "MobileIron"
    ],
    "project": [
      {
        "projectName": "Eccc",
        "technology": [
          "Selenium",
          "Robot"
        ]
      }
    ]
  },
  {
    "jobId": 640,
    "jobTitle": "Data Engg",
    "jobDescription": "Create machine learning apps",
    "experience": [
      "IBM",
      "INTEL"
    ],
    "project": [
      {
        "projectName": "SCASE",
        "technology": [
          "Python",
          "R"
        ]
      }
    ]
  },
  {
    "jobId": 430,
    "jobTitle": "QA Tester",
    "jobDescription": "To develop andriod application",
    "experience": [
      "RRD",
      "ApD",
      "MobileIron"
    ],
    "project": [
      {
        "projectName": "Eccc",
        "technology": [
          "Selenium",
          "Robot"
        ]
      }
    ]
  },
  {
    "jobId": 3,
    "jobTitle": "Data Engg",
    "jobDescription": "Create machine learning apps",
    "experience": [
      "IBM",
      "INTEL"
    ],
    "project": [
      {
        "projectName": "SCASE",
        "technology": [
          "Python",
          "R"
        ]
      }
    ]
  },
  {
    "jobId": 3,
    "jobTitle": "Data Engg",
    "jobDescription": "Create machine learning apps",
    "experience": [
      "IBM",
      "INTEL"
    ],
    "project": [
      {
        "projectName": "SCASE",
        "technology": [
          "Python",
          "R"
        ]
      }
    ]
  },
  {
    "jobId": 4,
    "jobTitle": "QA Tester",
    "jobDescription": "To develop andriod application",
    "experience": [
      "RRD",
      "ApD",
      "MobileIron"
    ],
    "project": [
      {
        "projectName": "Eccc",
        "technology": [
          "Selenium",
          "Robot"
        ]
      }
    ]
  },
  {
    "jobId": 404,
    "jobTitle": "Data Engg",
    "jobDescription": "Create machine learning apps",
    "experience": [
      "IBM",
      "INTEL"
    ],
    "project": [
      {
        "projectName": "SCASE",
        "technology": [
          "Python",
          "R"
        ]
      }
    ]
  },
  {
    "jobId": 412,
    "jobTitle": "QA Tester",
    "jobDescription": "To develop andriod application",
    "experience": [
      "RRD",
      "ApD",
      "MobileIron"
    ],
    "project": [
      {
        "projectName": "Eccc",
        "technology": [
          "Selenium",
          "Robot"
        ]
      }
    ]
  },
  {
    "jobId": 3,
    "jobTitle": "Data Engg",
    "jobDescription": "Create machine learning apps",
    "experience": [
      "IBM",
      "INTEL"
    ],
    "project": [
      {
        "projectName": "SCASE",
        "technology": [
          "Python",
          "R"
        ]
      }
    ]
  },
  {
    "jobId": 3,
    "jobTitle": "Data Engg",
    "jobDescription": "Create machine learning apps",
    "experience": [
      "IBM",
      "INTEL"
    ],
    "project": [
      {
        "projectName": "SCASE",
        "technology": [
          "Python",
          "R"
        ]
      }
    ]
  },
  {
    "jobId": 4,
    "jobTitle": "QA Tester",
    "jobDescription": "To develop andriod application",
    "experience": [
      "RRD",
      "ApD",
      "MobileIron"
    ],
    "project": [
      {
        "projectName": "Eccc",
        "technology": [
          "Selenium",
          "Robot"
        ]
      }
    ]
  },
  {
    "jobId": 612,
    "jobTitle": "Data Engg",
    "jobDescription": "Create machine learning apps",
    "experience": [
      "IBM",
      "INTEL"
    ],
    "project": [
      {
        "projectName": "SCASE",
        "technology": [
          "Python",
          "R"
        ]
      }
    ]
  },
  {
    "jobId": 124,
    "jobTitle": "QA Tester",
    "jobDescription": "To develop andriod application",
    "experience": [
      "RRD",
      "ApD",
      "MobileIron"
    ],
    "project": [
      {
        "projectName": "Eccc",
        "technology": [
          "Selenium",
          "Robot"
        ]
      }
    ]
  },
  {
    "jobId": 3,
    "jobTitle": "Data Engg",
    "jobDescription": "Create machine learning apps",
    "experience": [
      "IBM",
      "INTEL"
    ],
    "project": [
      {
        "projectName": "SCASE",
        "technology": [
          "Python",
          "R"
        ]
      }
    ]
  },
  {
    "jobId": 3,
    "jobTitle": "Data Engg",
    "jobDescription": "Create machine learning apps",
    "experience": [
      "IBM",
      "INTEL"
    ],
    "project": [
      {
        "projectName": "SCASE",
        "technology": [
          "Python",
          "R"
        ]
      }
    ]
  },
  {
    "jobId": 4,
    "jobTitle": "QA Tester",
    "jobDescription": "To develop andriod application",
    "experience": [
      "RRD",
      "ApD",
      "MobileIron"
    ],
    "project": [
      {
        "projectName": "Eccc",
        "technology": [
          "Selenium",
          "Robot"
        ]
      }
    ]
  },
  {
    "jobId": 27,
    "jobTitle": "Data Engg",
    "jobDescription": "Create machine learning apps",
    "experience": [
      "IBM",
      "INTEL"
    ],
    "project": [
      {
        "projectName": "SCASE",
        "technology": [
          "Python",
          "R"
        ]
      }
    ]
  },
  {
    "jobId": 276,
    "jobTitle": "QA Tester",
    "jobDescription": "To develop andriod application",
    "experience": [
      "RRD",
      "ApD",
      "MobileIron"
    ],
    "project": [
      {
        "projectName": "Eccc",
        "technology": [
          "Selenium",
          "Robot"
        ]
      }
    ]
  },
  {
    "jobId": 3,
    "jobTitle": "Data Engg",
    "jobDescription": "Create machine learning apps",
    "experience": [
      "IBM",
      "INTEL"
    ],
    "project": [
      {
        "projectName": "SCASE",
        "technology": [
          "Python",
          "R"
        ]
      }
    ]
  },
  {
    "jobId": 47,
    "jobTitle": "LOS",
    "jobDescription": "SOL",
    "experience": [
      "Nothing"
    ],
    "project": [
    ]
  },
  {
    "jobId": 99,
    "jobTitle": "LOS",
    "jobDescription": "SOL",
    "experience": [
      "Nothing"
    ],
    "project": [
    ]
  },
  {
    "jobId": 49,
    "jobTitle": "LOS",
    "jobDescription": "SOL",
    "experience": [
      "Nothing"
    ],
    "project": [
    ]
  },
  {
    "jobId": 99,
    "jobTitle": "LOS",
    "jobDescription": "SOL",
    "experience": [
      "Nothing"
    ],
    "project": [
    ]
  },
  {
    "jobId": 80,
    "jobTitle": "LOS",
    "jobDescription": "SOL",
    "experience": [
      "Nothing"
    ],
    "project": [
    ]
  },
  {
    "jobId": 0,
    "jobTitle": "LOS",
    "jobDescription": "SOL",
    "experience": [
      "Nothing"
    ],
    "project": [
    ]
  },
  {
    "jobId": 0,
    "jobTitle": "LOS",
    "jobDescription": "SOL",
    "experience": [
      "Nothing"
    ],
    "project": [
    ]
  },
  {
    "jobId": 0,
    "jobTitle": "LOS",
    "jobDescription": "SOL",
    "experience": [
      "Nothing"
    ],
    "project": [
    ]
  },
  {
    "jobId": 45,
    "jobTitle": "QA Tester",
    "jobDescription": "Finding bugs",
    "experience": [
      "Nothing"
    ],
    "project": [
    ]
  },
  {
    "jobId": 64,
    "jobTitle": "QA Tester",
    "jobDescription": "Finding bugs",
    "experience": [
      "Nothing"
    ],
    "project": [
    ]
  },
  {
    "jobId": 38,
    "jobTitle": "QA Tester",
    "jobDescription": "Finding bugs",
    "experience": [
      "Nothing"
    ],
    "project": [
    ]
  },
  {
    "jobId": 85,
    "jobTitle": "LOS",
    "jobDescription": "SOL",
    "experience": [
      "Nothing"
    ],
    "project": [
    ]
  },
  {
    "jobId": 9,
    "jobTitle": "QA Tester",
    "jobDescription": "Finding bugs",
    "experience": [
      "Nothing"
    ],
    "project": [
    ]
  },
  {
    "jobId": 85,
    "jobTitle": "LOS",
    "jobDescription": "SOL",
    "experience": [
      "Nothing"
    ],
    "project": [
    ]
  },
  {
    "jobId": 36,
    "jobTitle": "LOS",
    "jobDescription": "SOL",
    "experience": [
      "Nothing"
    ],
    "project": [
    ]
  },
  {
    "jobId": 41,
    "jobTitle": "QA Tester",
    "jobDescription": "Finding bugs",
    "experience": [
      "Nothing"
    ],
    "project": [
    ]
  },
  {
    "jobId": 42,
    "jobTitle": "LOS",
    "jobDescription": "SOL",
    "experience": [
      "Nothing"
    ],
    "project": [
    ]
  },
  {
    "jobId": 69,
    "jobTitle": "LOS",
    "jobDescription": "SOL",
    "experience": [
      "Nothing"
    ],
    "project": [
    ]
  },
  {
    "jobId": 13,
    "jobTitle": "LOS",
    "jobDescription": "SOL",
    "experience": [
      "Nothing"
    ],
    "project": [
    ]
  },
  {
    "jobId": 15,
    "jobTitle": "LOS",
    "jobDescription": "To develop andriod application and web application",
    "experience": [
      "Nothing"
    ],
    "project": [
    ]
  },
  {
    "jobId": 19,
    "jobTitle": "LOS",
    "jobDescription": "SOL",
    "experience": [
      "Nothing"
    ],
    "project": [
    ]
  },
  {
    "jobId": 92,
    "jobTitle": "Software Engg - 2",
    "jobDescription": "To develop andriod application and web application",
    "experience": [
      "Nothing"
    ],
    "project": [
    ]
  },
  {
    "jobId": 54,
    "jobTitle": "LOS",
    "jobDescription": "SOL",
    "experience": [
      "Nothing"
    ],
    "project": [
    ]
  },
  {
    "jobId": 90,
    "jobTitle": "Software Engg - 2",
    "jobDescription": "To develop andriod application and web application",
    "experience": [
      "Nothing"
    ],
    "project": [
    ]
  },
  {
    "jobId": 38,
    "jobTitle": "LOS",
    "jobDescription": "SOL",
    "experience": [
      "Nothing"
    ],
    "project": [
    ]
  },
  {
    "jobId": 5,
    "jobTitle": "Software Engg - 2",
    "jobDescription": "To develop andriod application",
    "experience": [
      "Google",
      "Apple",
      "Mobile Iron",
      "Google"
    ],
    "project": [
      {
        "projectName": "Movie App",
        "technology": [
          "Kotlin",
          "SQL Lite",
          "Gradle",
          "Jenkins"
        ]
      }
    ]
  },
  {
    "jobId": 623,
    "jobTitle": "Data Engg",
    "jobDescription": "Create machine learning apps",
    "experience": [
      "IBM",
      "INTEL"
    ],
    "project": [
      {
        "projectName": "SCASE",
        "technology": [
          "Python",
          "R"
        ]
      }
    ]
  },
  {
    "jobId": 3,
    "jobTitle": "Data Engg",
    "jobDescription": "Create machine learning apps",
    "experience": [
      "IBM",
      "INTEL"
    ],
    "project": [
      {
        "projectName": "SCASE",
        "technology": [
          "Python",
          "R"
        ]
      }
    ]
  },
  {
    "jobId": 4,
    "jobTitle": "QA Tester",
    "jobDescription": "To develop andriod application",
    "experience": [
      "RRD",
      "ApD",
      "MobileIron"
    ],
    "project": [
      {
        "projectName": "Eccc",
        "technology": [
          "Selenium",
          "Robot"
        ]
      }
    ]
  },
  {
    "jobId": 345,
    "jobTitle": "QA Tester",
    "jobDescription": "To develop andriod application",
    "experience": [
      "RRD",
      "ApD",
      "MobileIron"
    ],
    "project": [
      {
        "projectName": "Eccc",
        "technology": [
          "Selenium",
          "Robot"
        ]
      }
    ]
  },
  {
    "jobId": 7,
    "jobTitle": "Software Engg",
    "jobDescription": "To develop andriod application",
    "experience": [
      "Google",
      "Apple",
      "Mobile Iron",
      "Subex"
    ],
    "project": [
      {
        "projectName": "Movie App",
        "technology": [
          "Kotlin",
          "SQL Lite",
          "Gradle",
          "Jenkins"
        ]
      }
    ]
  },
  {
    "jobId": 7,
    "jobTitle": "Software Engg",
    "jobDescription": "To develop andriod application",
    "experience": [
      "Google",
      "Apple",
      "Mobile Iron",
      "Subex"
    ],
    "project": [
      {
        "projectName": "Movie App",
        "technology": [
          "Kotlin",
          "SQL Lite",
          "Gradle",
          "Jenkins"
        ]
      }
    ]
  },
  {
    "jobId": 50,
    "jobTitle": "Software Engg - 2",
    "jobDescription": "To develop andriod application",
    "experience": [
      "Google",
      "Apple",
      "Mobile Iron",
      "Google"
    ],
    "project": [
      {
        "projectName": "Movie App",
        "technology": [
          "Kotlin",
          "SQL Lite",
          "Gradle",
          "Jenkins"
        ]
      }
    ]
  },
  {
    "jobId": 43,
    "jobTitle": "Software Engg",
    "jobDescription": "To develop andriod application",
    "experience": [
      "Google",
      "Apple",
      "Mobile Iron",
      "Subex"
    ],
    "project": [
      {
        "projectName": "Movie App",
        "technology": [
          "Kotlin",
          "SQL Lite",
          "Gradle",
          "Jenkins"
        ]
      }
    ]
  },
  {
    "jobId": 19,
    "jobTitle": "LOS",
    "jobDescription": "SOL",
    "experience": [
      "Nothing"
    ],
    "project": [
    ]
  },
  {
    "jobId": 7,
    "jobTitle": "LOS",
    "jobDescription": "SOL",
    "experience": [
      "Nothing"
    ],
    "project": [
    ]
  },
  {
    "jobId": 3,
    "jobTitle": "Data Engg",
    "jobDescription": "Create machine learning apps",
    "experience": [
      "IBM",
      "INTEL"
    ],
    "project": [
      {
        "projectName": "SCASE",
        "technology": [
          "Python",
          "R"
        ]
      }
    ]
  },
  {
    "jobId": 5,
    "jobTitle": "Software Engg - 2",
    "jobDescription": "To develop andriod application",
    "experience": [
      "Google",
      "Apple",
      "Mobile Iron",
      "Google"
    ],
    "project": [
      {
        "projectName": "Movie App",
        "technology": [
          "Kotlin",
          "SQL Lite",
          "Gradle",
          "Jenkins"
        ]
      }
    ]
  },
  {
    "jobId": 4,
    "jobTitle": "QA Tester",
    "jobDescription": "To develop andriod application",
    "experience": [
      "RRD",
      "ApD",
      "MobileIron"
    ],
    "project": [
      {
        "projectName": "Eccc",
        "technology": [
          "Selenium",
          "Robot"
        ]
      }
    ]
  },
  {
    "jobId": 135,
    "jobTitle": "Data Engg",
    "jobDescription": "Create machine learning apps",
    "experience": [
      "IBM",
      "INTEL"
    ],
    "project": [
      {
        "projectName": "SCASE",
        "technology": [
          "Python",
          "R"
        ]
      }
    ]
  },
  {
    "jobId": 647,
    "jobTitle": "QA Tester",
    "jobDescription": "To develop andriod application",
    "experience": [
      "RRD",
      "ApD",
      "MobileIron"
    ],
    "project": [
      {
        "projectName": "Eccc",
        "technology": [
          "Selenium",
          "Robot"
        ]
      }
    ]
  },
  {
    "jobId": 7,
    "jobTitle": "Software Engg",
    "jobDescription": "To develop andriod application",
    "experience": [
      "Google",
      "Apple",
      "Mobile Iron",
      "Subex"
    ],
    "project": [
      {
        "projectName": "Movie App",
        "technology": [
          "Kotlin",
          "SQL Lite",
          "Gradle",
          "Jenkins"
        ]
      }
    ]
  },
  {
    "jobId": 7,
    "jobTitle": "Software Engg",
    "jobDescription": "To develop andriod application",
    "experience": [
      "Google",
      "Apple",
      "Mobile Iron",
      "Subex"
    ],
    "project": [
      {
        "projectName": "Movie App",
        "technology": [
          "Kotlin",
          "SQL Lite",
          "Gradle",
          "Jenkins"
        ]
      }
    ]
  },
  {
    "jobId": 36,
    "jobTitle": "Software Engg - 2",
    "jobDescription": "To develop andriod application",
    "experience": [
      "Google",
      "Apple",
      "Mobile Iron",
      "Google"
    ],
    "project": [
      {
        "projectName": "Movie App",
        "technology": [
          "Kotlin",
          "SQL Lite",
          "Gradle",
          "Jenkins"
        ]
      }
    ]
  },
  {
    "jobId": 6,
    "jobTitle": "Software Engg",
    "jobDescription": "To develop andriod application",
    "experience": [
      "Google",
      "Apple",
      "Mobile Iron",
      "Subex"
    ],
    "project": [
      {
        "projectName": "Movie App",
        "technology": [
          "Kotlin",
          "SQL Lite",
          "Gradle",
          "Jenkins"
        ]
      }
    ]
  },
  {
    "jobId": 40,
    "jobTitle": "LOS",
    "jobDescription": "SOL",
    "experience": [
      "Nothing"
    ],
    "project": [
    ]
  },
  {
    "jobId": 59,
    "jobTitle": "LOS",
    "jobDescription": "SOL",
    "experience": [
      "Nothing"
    ],
    "project": [
    ]
  },
  {
    "jobId": 80,
    "jobTitle": "LOS",
    "jobDescription": "SOL",
    "experience": [
      "Nothing"
    ],
    "project": [
    ]
  },
  {
    "jobId": 4,
    "jobTitle": "LOS",
    "jobDescription": "SOL",
    "experience": [
      "Nothing"
    ],
    "project": [
    ]
  },
  {
    "jobId": 33,
    "jobTitle": "LOS",
    "jobDescription": "SOL",
    "experience": [
      "Nothing"
    ],
    "project": [
    ]
  },
  {
    "jobId": 70,
    "jobTitle": "Software Engg - 2",
    "jobDescription": "To develop andriod application and web application",
    "experience": [
      "Nothing"
    ],
    "project": [
    ]
  },
  {
    "jobId": 40,
    "jobTitle": "LOS",
    "jobDescription": "SOL",
    "experience": [
      "Nothing"
    ],
    "project": [
    ]
  },
  {
    "jobId": 32,
    "jobTitle": "LOS",
    "jobDescription": "SOL",
    "experience": [
      "Nothing"
    ],
    "project": [
    ]
  },
  {
    "jobId": 370,
    "jobTitle": "IOS",
    "jobDescription": "APPLE",
    "experience": [
      "Nothing"
    ],
    "project": [
    ]
  },
  {
    "jobId": 676,
    "jobTitle": "IOS",
    "jobDescription": "APPLE",
    "experience": [
      "Nothing"
    ],
    "project": [
    ]
  },
  {
    "jobId": 704,
    "jobTitle": "IOS",
    "jobDescription": "APPLE",
    "experience": [
      "Nothing"
    ],
    "project": [
    ]
  },
  {
    "jobId": 9980,
    "jobTitle": "Data Analyst",
    "jobDescription": "Develop machine learning models",
    "experience": [
      "Nothing"
    ],
    "project": [
    ]
  },
  {
    "jobId": 9980,
    "jobTitle": "Data Analyst",
    "jobDescription": "Develop machine learning models",
    "experience": [
      "Nothing"
    ],
    "project": [
    ]
  },
  {
    "jobId": 3,
    "jobTitle": "Data Engg",
    "jobDescription": "Create machine learning apps",
    "experience": [
      "IBM",
      "INTEL"
    ],
    "project": [
      {
        "projectName": "SCASE",
        "technology": [
          "Python",
          "R"
        ]
      }
    ]
  },
  {
    "jobId": 4,
    "jobTitle": "QA Tester",
    "jobDescription": "To develop andriod application",
    "experience": [
      "RRD",
      "ApD",
      "MobileIron"
    ],
    "project": [
      {
        "projectName": "Eccc",
        "technology": [
          "Selenium",
          "Robot"
        ]
      }
    ]
  },
  {
    "jobId": 82,
    "jobTitle": "Data Engg",
    "jobDescription": "Create machine learning apps",
    "experience": [
      "IBM",
      "INTEL"
    ],
    "project": [
      {
        "projectName": "SCASE",
        "technology": [
          "Python",
          "R"
        ]
      }
    ]
  },
  {
    "jobId": 291,
    "jobTitle": "QA Tester",
    "jobDescription": "To develop andriod application",
    "experience": [
      "RRD",
      "ApD",
      "MobileIron"
    ],
    "project": [
      {
        "projectName": "Eccc",
        "technology": [
          "Selenium",
          "Robot"
        ]
      }
    ]
  },
  {
    "jobId": 3,
    "jobTitle": "Data Engg",
    "jobDescription": "Create machine learning apps",
    "experience": [
      "IBM",
      "INTEL"
    ],
    "project": [
      {
        "projectName": "SCASE",
        "technology": [
          "Python",
          "R"
        ]
      }
    ]
  },
  {
    "jobId": 3,
    "jobTitle": "Data Engg",
    "jobDescription": "Create machine learning apps",
    "experience": [
      "IBM",
      "INTEL"
    ],
    "project": [
      {
        "projectName": "SCASE",
        "technology": [
          "Python",
          "R"
        ]
      }
    ]
  },
  {
    "jobId": 251,
    "jobTitle": "LOS",
    "jobDescription": "SOL",
    "experience": [
      "Nothing"
    ],
    "project": [
    ]
  }
]
 
14:22:57.739 [pool-2-thread-1] INFO  com.intuit.karate - karate.env system property was: null 
14:22:57.783 [pool-2-thread-3] DEBUG com.intuit.karate - request:
1 > DELETE http://localhost:9897/normal/webapi/remove/2
1 > Accept: application/json
1 > Host: localhost:9897
1 > Connection: Keep-Alive
1 > User-Agent: Apache-HttpClient/4.5.14 (Java/16.0.1)
1 > Accept-Encoding: gzip,deflate


14:22:57.807 [pool-2-thread-3] DEBUG com.intuit.karate - response time in milliseconds: 20
1 < 200
1 < X-Content-Type-Options: nosniff
1 < X-XSS-Protection: 1; mode=block
1 < Cache-Control: no-cache, no-store, max-age=0, must-revalidate
1 < Pragma: no-cache
1 < Expires: 0
1 < X-Frame-Options: DENY
1 < Content-Type: application/json
1 < Transfer-Encoding: chunked
1 < Date: Thu, 27 Jun 2024 19:22:57 GMT
1 < Keep-Alive: timeout=60
1 < Connection: keep-alive
{"jobId":2,"jobTitle":"LOS","jobDescription":"SOL","experience":["Nothing"],"project":[]}

14:22:57.820 [pool-2-thread-5] ERROR com.intuit.karate - classpath:com/api/automation/getrequest/ReadExternalFiles.feature:15
And match response == actualResponseJson
match failed: EQUALS
  $ | not equal | actual array length is not equal to expected - 86:1 (LIST:LIST)
  [{"jobId":1,"jobTitle":"Software Engg","jobDescription":"To develop andriod application","experience":["Google","Apple","Mobile Iron"],"project":[{"projectName":"Movie App","technology":["Kotlin","SQL Lite","Gradle"]}]},{"jobId":3,"jobTitle":"Data Engg","jobDescription":"Create machine learning apps","experience":["IBM","INTEL"],"project":[{"projectName":"SCASE","technology":["Python","R"]}]},{"jobId":4,"jobTitle":"Software Engg - 2","jobDescription":"To develop andriod application and web application","experience":["RRD","ApD","MobileIron"],"project":[{"projectName":"Eccc","technology":["Selenium","Robot"]}]},{"jobId":640,"jobTitle":"Data Engg","jobDescription":"Create machine learning apps","experience":["IBM","INTEL"],"project":[{"projectName":"SCASE","technology":["Python","R"]}]},{"jobId":430,"jobTitle":"QA Tester","jobDescription":"To develop andriod application","experience":["RRD","ApD","MobileIron"],"project":[{"projectName":"Eccc","technology":["Selenium","Robot"]}]},{"jobId":3,"jobTitle":"Data Engg","jobDescription":"Create machine learning apps","experience":["IBM","INTEL"],"project":[{"projectName":"SCASE","technology":["Python","R"]}]},{"jobId":3,"jobTitle":"Data Engg","jobDescription":"Create machine learning apps","experience":["IBM","INTEL"],"project":[{"projectName":"SCASE","technology":["Python","R"]}]},{"jobId":4,"jobTitle":"QA Tester","jobDescription":"To develop andriod application","experience":["RRD","ApD","MobileIron"],"project":[{"projectName":"Eccc","technology":["Selenium","Robot"]}]},{"jobId":404,"jobTitle":"Data Engg","jobDescription":"Create machine learning apps","experience":["IBM","INTEL"],"project":[{"projectName":"SCASE","technology":["Python","R"]}]},{"jobId":412,"jobTitle":"QA Tester","jobDescription":"To develop andriod application","experience":["RRD","ApD","MobileIron"],"project":[{"projectName":"Eccc","technology":["Selenium","Robot"]}]},{"jobId":3,"jobTitle":"Data Engg","jobDescription":"Create machine learning apps","experience":["IBM","INTEL"],"project":[{"projectName":"SCASE","technology":["Python","R"]}]},{"jobId":3,"jobTitle":"Data Engg","jobDescription":"Create machine learning apps","experience":["IBM","INTEL"],"project":[{"projectName":"SCASE","technology":["Python","R"]}]},{"jobId":4,"jobTitle":"QA Tester","jobDescription":"To develop andriod application","experience":["RRD","ApD","MobileIron"],"project":[{"projectName":"Eccc","technology":["Selenium","Robot"]}]},{"jobId":612,"jobTitle":"Data Engg","jobDescription":"Create machine learning apps","experience":["IBM","INTEL"],"project":[{"projectName":"SCASE","technology":["Python","R"]}]},{"jobId":124,"jobTitle":"QA Tester","jobDescription":"To develop andriod application","experience":["RRD","ApD","MobileIron"],"project":[{"projectName":"Eccc","technology":["Selenium","Robot"]}]},{"jobId":3,"jobTitle":"Data Engg","jobDescription":"Create machine learning apps","experience":["IBM","INTEL"],"project":[{"projectName":"SCASE","technology":["Python","R"]}]},{"jobId":3,"jobTitle":"Data Engg","jobDescription":"Create machine learning apps","experience":["IBM","INTEL"],"project":[{"projectName":"SCASE","technology":["Python","R"]}]},{"jobId":4,"jobTitle":"QA Tester","jobDescription":"To develop andriod application","experience":["RRD","ApD","MobileIron"],"project":[{"projectName":"Eccc","technology":["Selenium","Robot"]}]},{"jobId":27,"jobTitle":"Data Engg","jobDescription":"Create machine learning apps","experience":["IBM","INTEL"],"project":[{"projectName":"SCASE","technology":["Python","R"]}]},{"jobId":276,"jobTitle":"QA Tester","jobDescription":"To develop andriod application","experience":["RRD","ApD","MobileIron"],"project":[{"projectName":"Eccc","technology":["Selenium","Robot"]}]},{"jobId":3,"jobTitle":"Data Engg","jobDescription":"Create machine learning apps","experience":["IBM","INTEL"],"project":[{"projectName":"SCASE","technology":["Python","R"]}]},{"jobId":47,"jobTitle":"LOS","jobDescription":"SOL","experience":["Nothing"],"project":[]},{"jobId":99,"jobTitle":"LOS","jobDescription":"SOL","experience":["Nothing"],"project":[]},{"jobId":49,"jobTitle":"LOS","jobDescription":"SOL","experience":["Nothing"],"project":[]},{"jobId":99,"jobTitle":"LOS","jobDescription":"SOL","experience":["Nothing"],"project":[]},{"jobId":80,"jobTitle":"LOS","jobDescription":"SOL","experience":["Nothing"],"project":[]},{"jobId":0,"jobTitle":"LOS","jobDescription":"SOL","experience":["Nothing"],"project":[]},{"jobId":0,"jobTitle":"LOS","jobDescription":"SOL","experience":["Nothing"],"project":[]},{"jobId":0,"jobTitle":"LOS","jobDescription":"SOL","experience":["Nothing"],"project":[]},{"jobId":45,"jobTitle":"QA Tester","jobDescription":"Finding bugs","experience":["Nothing"],"project":[]},{"jobId":64,"jobTitle":"QA Tester","jobDescription":"Finding bugs","experience":["Nothing"],"project":[]},{"jobId":38,"jobTitle":"QA Tester","jobDescription":"Finding bugs","experience":["Nothing"],"project":[]},{"jobId":85,"jobTitle":"LOS","jobDescription":"SOL","experience":["Nothing"],"project":[]},{"jobId":9,"jobTitle":"QA Tester","jobDescription":"Finding bugs","experience":["Nothing"],"project":[]},{"jobId":85,"jobTitle":"LOS","jobDescription":"SOL","experience":["Nothing"],"project":[]},{"jobId":36,"jobTitle":"LOS","jobDescription":"SOL","experience":["Nothing"],"project":[]},{"jobId":41,"jobTitle":"QA Tester","jobDescription":"Finding bugs","experience":["Nothing"],"project":[]},{"jobId":42,"jobTitle":"LOS","jobDescription":"SOL","experience":["Nothing"],"project":[]},{"jobId":69,"jobTitle":"LOS","jobDescription":"SOL","experience":["Nothing"],"project":[]},{"jobId":13,"jobTitle":"LOS","jobDescription":"SOL","experience":["Nothing"],"project":[]},{"jobId":15,"jobTitle":"LOS","jobDescription":"To develop andriod application and web application","experience":["Nothing"],"project":[]},{"jobId":19,"jobTitle":"LOS","jobDescription":"SOL","experience":["Nothing"],"project":[]},{"jobId":92,"jobTitle":"Software Engg - 2","jobDescription":"To develop andriod application and web application","experience":["Nothing"],"project":[]},{"jobId":54,"jobTitle":"LOS","jobDescription":"SOL","experience":["Nothing"],"project":[]},{"jobId":90,"jobTitle":"Software Engg - 2","jobDescription":"To develop andriod application and web application","experience":["Nothing"],"project":[]},{"jobId":38,"jobTitle":"LOS","jobDescription":"SOL","experience":["Nothing"],"project":[]},{"jobId":5,"jobTitle":"Software Engg - 2","jobDescription":"To develop andriod application","experience":["Google","Apple","Mobile Iron","Google"],"project":[{"projectName":"Movie App","technology":["Kotlin","SQL Lite","Gradle","Jenkins"]}]},{"jobId":623,"jobTitle":"Data Engg","jobDescription":"Create machine learning apps","experience":["IBM","INTEL"],"project":[{"projectName":"SCASE","technology":["Python","R"]}]},{"jobId":3,"jobTitle":"Data Engg","jobDescription":"Create machine learning apps","experience":["IBM","INTEL"],"project":[{"projectName":"SCASE","technology":["Python","R"]}]},{"jobId":4,"jobTitle":"QA Tester","jobDescription":"To develop andriod application","experience":["RRD","ApD","MobileIron"],"project":[{"projectName":"Eccc","technology":["Selenium","Robot"]}]},{"jobId":345,"jobTitle":"QA Tester","jobDescription":"To develop andriod application","experience":["RRD","ApD","MobileIron"],"project":[{"projectName":"Eccc","technology":["Selenium","Robot"]}]},{"jobId":7,"jobTitle":"Software Engg","jobDescription":"To develop andriod application","experience":["Google","Apple","Mobile Iron","Subex"],"project":[{"projectName":"Movie App","technology":["Kotlin","SQL Lite","Gradle","Jenkins"]}]},{"jobId":7,"jobTitle":"Software Engg","jobDescription":"To develop andriod application","experience":["Google","Apple","Mobile Iron","Subex"],"project":[{"projectName":"Movie App","technology":["Kotlin","SQL Lite","Gradle","Jenkins"]}]},{"jobId":50,"jobTitle":"Software Engg - 2","jobDescription":"To develop andriod application","experience":["Google","Apple","Mobile Iron","Google"],"project":[{"projectName":"Movie App","technology":["Kotlin","SQL Lite","Gradle","Jenkins"]}]},{"jobId":43,"jobTitle":"Software Engg","jobDescription":"To develop andriod application","experience":["Google","Apple","Mobile Iron","Subex"],"project":[{"projectName":"Movie App","technology":["Kotlin","SQL Lite","Gradle","Jenkins"]}]},{"jobId":19,"jobTitle":"LOS","jobDescription":"SOL","experience":["Nothing"],"project":[]},{"jobId":7,"jobTitle":"LOS","jobDescription":"SOL","experience":["Nothing"],"project":[]},{"jobId":3,"jobTitle":"Data Engg","jobDescription":"Create machine learning apps","experience":["IBM","INTEL"],"project":[{"projectName":"SCASE","technology":["Python","R"]}]},{"jobId":5,"jobTitle":"Software Engg - 2","jobDescription":"To develop andriod application","experience":["Google","Apple","Mobile Iron","Google"],"project":[{"projectName":"Movie App","technology":["Kotlin","SQL Lite","Gradle","Jenkins"]}]},{"jobId":4,"jobTitle":"QA Tester","jobDescription":"To develop andriod application","experience":["RRD","ApD","MobileIron"],"project":[{"projectName":"Eccc","technology":["Selenium","Robot"]}]},{"jobId":135,"jobTitle":"Data Engg","jobDescription":"Create machine learning apps","experience":["IBM","INTEL"],"project":[{"projectName":"SCASE","technology":["Python","R"]}]},{"jobId":647,"jobTitle":"QA Tester","jobDescription":"To develop andriod application","experience":["RRD","ApD","MobileIron"],"project":[{"projectName":"Eccc","technology":["Selenium","Robot"]}]},{"jobId":7,"jobTitle":"Software Engg","jobDescription":"To develop andriod application","experience":["Google","Apple","Mobile Iron","Subex"],"project":[{"projectName":"Movie App","technology":["Kotlin","SQL Lite","Gradle","Jenkins"]}]},{"jobId":7,"jobTitle":"Software Engg","jobDescription":"To develop andriod application","experience":["Google","Apple","Mobile Iron","Subex"],"project":[{"projectName":"Movie App","technology":["Kotlin","SQL Lite","Gradle","Jenkins"]}]},{"jobId":36,"jobTitle":"Software Engg - 2","jobDescription":"To develop andriod application","experience":["Google","Apple","Mobile Iron","Google"],"project":[{"projectName":"Movie App","technology":["Kotlin","SQL Lite","Gradle","Jenkins"]}]},{"jobId":6,"jobTitle":"Software Engg","jobDescription":"To develop andriod application","experience":["Google","Apple","Mobile Iron","Subex"],"project":[{"projectName":"Movie App","technology":["Kotlin","SQL Lite","Gradle","Jenkins"]}]},{"jobId":40,"jobTitle":"LOS","jobDescription":"SOL","experience":["Nothing"],"project":[]},{"jobId":59,"jobTitle":"LOS","jobDescription":"SOL","experience":["Nothing"],"project":[]},{"jobId":80,"jobTitle":"LOS","jobDescription":"SOL","experience":["Nothing"],"project":[]},{"jobId":4,"jobTitle":"LOS","jobDescription":"SOL","experience":["Nothing"],"project":[]},{"jobId":33,"jobTitle":"LOS","jobDescription":"SOL","experience":["Nothing"],"project":[]},{"jobId":70,"jobTitle":"Software Engg - 2","jobDescription":"To develop andriod application and web application","experience":["Nothing"],"project":[]},{"jobId":40,"jobTitle":"LOS","jobDescription":"SOL","experience":["Nothing"],"project":[]},{"jobId":32,"jobTitle":"LOS","jobDescription":"SOL","experience":["Nothing"],"project":[]},{"jobId":370,"jobTitle":"IOS","jobDescription":"APPLE","experience":["Nothing"],"project":[]},{"jobId":676,"jobTitle":"IOS","jobDescription":"APPLE","experience":["Nothing"],"project":[]},{"jobId":704,"jobTitle":"IOS","jobDescription":"APPLE","experience":["Nothing"],"project":[]},{"jobId":9980,"jobTitle":"Data Analyst","jobDescription":"Develop machine learning models","experience":["Nothing"],"project":[]},{"jobId":9980,"jobTitle":"Data Analyst","jobDescription":"Develop machine learning models","experience":["Nothing"],"project":[]},{"jobId":3,"jobTitle":"Data Engg","jobDescription":"Create machine learning apps","experience":["IBM","INTEL"],"project":[{"projectName":"SCASE","technology":["Python","R"]}]},{"jobId":4,"jobTitle":"QA Tester","jobDescription":"To develop andriod application","experience":["RRD","ApD","MobileIron"],"project":[{"projectName":"Eccc","technology":["Selenium","Robot"]}]},{"jobId":82,"jobTitle":"Data Engg","jobDescription":"Create machine learning apps","experience":["IBM","INTEL"],"project":[{"projectName":"SCASE","technology":["Python","R"]}]},{"jobId":291,"jobTitle":"QA Tester","jobDescription":"To develop andriod application","experience":["RRD","ApD","MobileIron"],"project":[{"projectName":"Eccc","technology":["Selenium","Robot"]}]},{"jobId":3,"jobTitle":"Data Engg","jobDescription":"Create machine learning apps","experience":["IBM","INTEL"],"project":[{"projectName":"SCASE","technology":["Python","R"]}]},{"jobId":3,"jobTitle":"Data Engg","jobDescription":"Create machine learning apps","experience":["IBM","INTEL"],"project":[{"projectName":"SCASE","technology":["Python","R"]}]},{"jobId":251,"jobTitle":"LOS","jobDescription":"SOL","experience":["Nothing"],"project":[]}]
  [{"jobId":1,"jobTitle":"Software Engg","jobDescription":"To develop andriod application","experience":["Google","Apple","Mobile Iron"],"project":[{"projectName":"Movie App","technology":["Kotlin","SQL Lite","Gradle"]}]}]


classpath:com/api/automation/getrequest/ReadExternalFiles.feature:15
14:22:57.843 [pool-2-thread-4] DEBUG com.intuit.karate - request:
1 > PATCH http://localhost:9897/normal/webapi/update/details?jobTitle=LOS&jobDescription=To+develop+andriod+application+and+web+application&id=19
1 > Accept: application/json
1 > Content-Type: application/json; charset=UTF-8
1 > Content-Length: 2
1 > Host: localhost:9897
1 > Connection: Keep-Alive
1 > User-Agent: Apache-HttpClient/4.5.14 (Java/16.0.1)
1 > Accept-Encoding: gzip,deflate
{}

14:22:57.864 [pool-2-thread-4] DEBUG com.intuit.karate - response time in milliseconds: 19
1 < 200
1 < X-Content-Type-Options: nosniff
1 < X-XSS-Protection: 1; mode=block
1 < Cache-Control: no-cache, no-store, max-age=0, must-revalidate
1 < Pragma: no-cache
1 < Expires: 0
1 < X-Frame-Options: DENY
1 < Content-Type: application/json
1 < Transfer-Encoding: chunked
1 < Date: Thu, 27 Jun 2024 19:22:57 GMT
1 < Keep-Alive: timeout=60
1 < Connection: keep-alive
{"jobId":19,"jobTitle":"LOS","jobDescription":"To develop andriod application and web application","experience":["Nothing"],"project":[]}

14:22:57.879 [pool-2-thread-1] INFO  com.intuit.karate - [print] Int variable :  10 
14:22:57.889 [pool-2-thread-4] DEBUG c.intuit.karate.core.ScenarioEngine - over-writing existing variable 'jobId' with new value: response.jobId
14:22:57.901 [pool-2-thread-1] INFO  com.intuit.karate - [print] String variable:  karate 
14:22:57.908 [pool-2-thread-4] DEBUG c.intuit.karate.core.ScenarioEngine - over-writing existing variable 'jobTitle' with new value: response.jobTitle
14:22:57.956 [pool-2-thread-5] INFO  com.intuit.karate - karate.env system property was: null 
14:22:57.957 [pool-2-thread-3] DEBUG com.intuit.karate - request:
2 > GET http://localhost:9897/normal/webapi/find?jobTitle=LOS&id=2
2 > Accept: application/json
2 > Host: localhost:9897
2 > Connection: Keep-Alive
2 > User-Agent: Apache-HttpClient/4.5.14 (Java/16.0.1)
2 > Accept-Encoding: gzip,deflate


14:22:57.969 [pool-2-thread-1] INFO  com.intuit.karate - [print] New variable ==>  20 
14:22:57.978 [pool-2-thread-3] DEBUG com.intuit.karate - response time in milliseconds: 15
2 < 404
2 < X-Content-Type-Options: nosniff
2 < X-XSS-Protection: 1; mode=block
2 < Cache-Control: no-cache, no-store, max-age=0, must-revalidate
2 < Pragma: no-cache
2 < Expires: 0
2 < X-Frame-Options: DENY
2 < Content-Type: application/json
2 < Transfer-Encoding: chunked
2 < Date: Thu, 27 Jun 2024 19:22:57 GMT
2 < Keep-Alive: timeout=60
2 < Connection: keep-alive
{"message":"Failed to find job with id=2, jobTitle=LOS"}

14:22:57.999 [pool-2-thread-1] INFO  com.intuit.karate - [print] Background variable Google 
14:22:58.009 [pool-2-thread-4] DEBUG com.intuit.karate - request:
2 > GET http://localhost:9897/normal/webapi/find?jobTitle=LOS&id=19
2 > Accept: application/json
2 > Host: localhost:9897
2 > Connection: Keep-Alive
2 > User-Agent: Apache-HttpClient/4.5.14 (Java/16.0.1)
2 > Accept-Encoding: gzip,deflate


14:22:58.022 [pool-2-thread-5] INFO  com.intuit.karate - [print] Google 
14:22:58.022 [pool-2-thread-4] DEBUG com.intuit.karate - response time in milliseconds: 11
2 < 200
2 < X-Content-Type-Options: nosniff
2 < X-XSS-Protection: 1; mode=block
2 < Cache-Control: no-cache, no-store, max-age=0, must-revalidate
2 < Pragma: no-cache
2 < Expires: 0
2 < X-Frame-Options: DENY
2 < Content-Type: application/json
2 < Transfer-Encoding: chunked
2 < Date: Thu, 27 Jun 2024 19:22:57 GMT
2 < Keep-Alive: timeout=60
2 < Connection: keep-alive
{"jobId":19,"jobTitle":"LOS","jobDescription":"To develop andriod application and web application","experience":["Nothing"],"project":[]}

14:22:58.041 [pool-2-thread-5] INFO  com.intuit.karate - [print] The other background var 20 
14:22:58.189 [pool-2-thread-1] INFO  com.intuit.karate - karate.env system property was: null 
14:22:58.189 [pool-2-thread-3] INFO  com.intuit.karate - karate.env system property was: null 
14:22:58.226 [pool-2-thread-5] INFO  com.intuit.karate - karate.env system property was: null 
14:22:58.234 [pool-2-thread-1] INFO  com.intuit.karate - [print] ========== This is background keyword ============= 
14:22:58.234 [pool-2-thread-3] INFO  com.intuit.karate - [print] ========== This is background keyword ============= 
14:22:58.229 [pool-2-thread-4] INFO  com.intuit.karate - karate.env system property was: null 
14:22:58.271 [pool-2-thread-5] INFO  com.intuit.karate - [print] ========== This is background keyword ============= 
14:22:58.290 [pool-2-thread-1] DEBUG com.intuit.karate - request:
1 > GET http://localhost:9897/normal/webapi/all
1 > Host: localhost:9897
1 > Connection: Keep-Alive
1 > User-Agent: Apache-HttpClient/4.5.14 (Java/16.0.1)
1 > Accept-Encoding: gzip,deflate


14:22:58.307 [pool-2-thread-4] DEBUG com.intuit.karate - request:
1 > GET http://localhost:9897/normal/webapi/all
1 > Host: localhost:9897
1 > Connection: Keep-Alive
1 > User-Agent: Apache-HttpClient/4.5.14 (Java/16.0.1)
1 > Accept-Encoding: gzip,deflate


14:22:58.310 [pool-2-thread-3] DEBUG com.intuit.karate - request:
1 > GET http://localhost:9897/normal/webapi/all
1 > Accept: application/json
1 > Host: localhost:9897
1 > Connection: Keep-Alive
1 > User-Agent: Apache-HttpClient/4.5.14 (Java/16.0.1)
1 > Accept-Encoding: gzip,deflate


14:22:58.320 [pool-2-thread-1] DEBUG com.intuit.karate - response time in milliseconds: 26
1 < 200
1 < X-Content-Type-Options: nosniff
1 < X-XSS-Protection: 1; mode=block
1 < Cache-Control: no-cache, no-store, max-age=0, must-revalidate
1 < Pragma: no-cache
1 < Expires: 0
1 < X-Frame-Options: DENY
1 < Content-Type: application/json
1 < Transfer-Encoding: chunked
1 < Date: Thu, 27 Jun 2024 19:22:58 GMT
1 < Keep-Alive: timeout=60
1 < Connection: keep-alive
[{"jobId":1,"jobTitle":"Software Engg","jobDescription":"To develop andriod application","experience":["Google","Apple","Mobile Iron"],"project":[{"projectName":"Movie App","technology":["Kotlin","SQL Lite","Gradle"]}]},{"jobId":3,"jobTitle":"Data Engg","jobDescription":"Create machine learning apps","experience":["IBM","INTEL"],"project":[{"projectName":"SCASE","technology":["Python","R"]}]},{"jobId":4,"jobTitle":"Software Engg - 2","jobDescription":"To develop andriod application and web application","experience":["RRD","ApD","MobileIron"],"project":[{"projectName":"Eccc","technology":["Selenium","Robot"]}]},{"jobId":640,"jobTitle":"Data Engg","jobDescription":"Create machine learning apps","experience":["IBM","INTEL"],"project":[{"projectName":"SCASE","technology":["Python","R"]}]},{"jobId":430,"jobTitle":"QA Tester","jobDescription":"To develop andriod application","experience":["RRD","ApD","MobileIron"],"project":[{"projectName":"Eccc","technology":["Selenium","Robot"]}]},{"jobId":3,"jobTitle":"Data Engg","jobDescription":"Create machine learning apps","experience":["IBM","INTEL"],"project":[{"projectName":"SCASE","technology":["Python","R"]}]},{"jobId":3,"jobTitle":"Data Engg","jobDescription":"Create machine learning apps","experience":["IBM","INTEL"],"project":[{"projectName":"SCASE","technology":["Python","R"]}]},{"jobId":4,"jobTitle":"QA Tester","jobDescription":"To develop andriod application","experience":["RRD","ApD","MobileIron"],"project":[{"projectName":"Eccc","technology":["Selenium","Robot"]}]},{"jobId":404,"jobTitle":"Data Engg","jobDescription":"Create machine learning apps","experience":["IBM","INTEL"],"project":[{"projectName":"SCASE","technology":["Python","R"]}]},{"jobId":412,"jobTitle":"QA Tester","jobDescription":"To develop andriod application","experience":["RRD","ApD","MobileIron"],"project":[{"projectName":"Eccc","technology":["Selenium","Robot"]}]},{"jobId":3,"jobTitle":"Data Engg","jobDescription":"Create machine learning apps","experience":["IBM","INTEL"],"project":[{"projectName":"SCASE","technology":["Python","R"]}]},{"jobId":3,"jobTitle":"Data Engg","jobDescription":"Create machine learning apps","experience":["IBM","INTEL"],"project":[{"projectName":"SCASE","technology":["Python","R"]}]},{"jobId":4,"jobTitle":"QA Tester","jobDescription":"To develop andriod application","experience":["RRD","ApD","MobileIron"],"project":[{"projectName":"Eccc","technology":["Selenium","Robot"]}]},{"jobId":612,"jobTitle":"Data Engg","jobDescription":"Create machine learning apps","experience":["IBM","INTEL"],"project":[{"projectName":"SCASE","technology":["Python","R"]}]},{"jobId":124,"jobTitle":"QA Tester","jobDescription":"To develop andriod application","experience":["RRD","ApD","MobileIron"],"project":[{"projectName":"Eccc","technology":["Selenium","Robot"]}]},{"jobId":3,"jobTitle":"Data Engg","jobDescription":"Create machine learning apps","experience":["IBM","INTEL"],"project":[{"projectName":"SCASE","technology":["Python","R"]}]},{"jobId":3,"jobTitle":"Data Engg","jobDescription":"Create machine learning apps","experience":["IBM","INTEL"],"project":[{"projectName":"SCASE","technology":["Python","R"]}]},{"jobId":4,"jobTitle":"QA Tester","jobDescription":"To develop andriod application","experience":["RRD","ApD","MobileIron"],"project":[{"projectName":"Eccc","technology":["Selenium","Robot"]}]},{"jobId":27,"jobTitle":"Data Engg","jobDescription":"Create machine learning apps","experience":["IBM","INTEL"],"project":[{"projectName":"SCASE","technology":["Python","R"]}]},{"jobId":276,"jobTitle":"QA Tester","jobDescription":"To develop andriod application","experience":["RRD","ApD","MobileIron"],"project":[{"projectName":"Eccc","technology":["Selenium","Robot"]}]},{"jobId":3,"jobTitle":"Data Engg","jobDescription":"Create machine learning apps","experience":["IBM","INTEL"],"project":[{"projectName":"SCASE","technology":["Python","R"]}]},{"jobId":47,"jobTitle":"LOS","jobDescription":"SOL","experience":["Nothing"],"project":[]},{"jobId":99,"jobTitle":"LOS","jobDescription":"SOL","experience":["Nothing"],"project":[]},{"jobId":49,"jobTitle":"LOS","jobDescription":"SOL","experience":["Nothing"],"project":[]},{"jobId":99,"jobTitle":"LOS","jobDescription":"SOL","experience":["Nothing"],"project":[]},{"jobId":80,"jobTitle":"LOS","jobDescription":"SOL","experience":["Nothing"],"project":[]},{"jobId":0,"jobTitle":"LOS","jobDescription":"SOL","experience":["Nothing"],"project":[]},{"jobId":0,"jobTitle":"LOS","jobDescription":"SOL","experience":["Nothing"],"project":[]},{"jobId":0,"jobTitle":"LOS","jobDescription":"SOL","experience":["Nothing"],"project":[]},{"jobId":45,"jobTitle":"QA Tester","jobDescription":"Finding bugs","experience":["Nothing"],"project":[]},{"jobId":64,"jobTitle":"QA Tester","jobDescription":"Finding bugs","experience":["Nothing"],"project":[]},{"jobId":38,"jobTitle":"QA Tester","jobDescription":"Finding bugs","experience":["Nothing"],"project":[]},{"jobId":85,"jobTitle":"LOS","jobDescription":"SOL","experience":["Nothing"],"project":[]},{"jobId":9,"jobTitle":"QA Tester","jobDescription":"Finding bugs","experience":["Nothing"],"project":[]},{"jobId":85,"jobTitle":"LOS","jobDescription":"SOL","experience":["Nothing"],"project":[]},{"jobId":36,"jobTitle":"LOS","jobDescription":"SOL","experience":["Nothing"],"project":[]},{"jobId":41,"jobTitle":"QA Tester","jobDescription":"Finding bugs","experience":["Nothing"],"project":[]},{"jobId":42,"jobTitle":"LOS","jobDescription":"SOL","experience":["Nothing"],"project":[]},{"jobId":69,"jobTitle":"LOS","jobDescription":"SOL","experience":["Nothing"],"project":[]},{"jobId":13,"jobTitle":"LOS","jobDescription":"SOL","experience":["Nothing"],"project":[]},{"jobId":15,"jobTitle":"LOS","jobDescription":"To develop andriod application and web application","experience":["Nothing"],"project":[]},{"jobId":19,"jobTitle":"LOS","jobDescription":"To develop andriod application and web application","experience":["Nothing"],"project":[]},{"jobId":92,"jobTitle":"Software Engg - 2","jobDescription":"To develop andriod application and web application","experience":["Nothing"],"project":[]},{"jobId":54,"jobTitle":"LOS","jobDescription":"SOL","experience":["Nothing"],"project":[]},{"jobId":90,"jobTitle":"Software Engg - 2","jobDescription":"To develop andriod application and web application","experience":["Nothing"],"project":[]},{"jobId":38,"jobTitle":"LOS","jobDescription":"SOL","experience":["Nothing"],"project":[]},{"jobId":5,"jobTitle":"Software Engg - 2","jobDescription":"To develop andriod application","experience":["Google","Apple","Mobile Iron","Google"],"project":[{"projectName":"Movie App","technology":["Kotlin","SQL Lite","Gradle","Jenkins"]}]},{"jobId":623,"jobTitle":"Data Engg","jobDescription":"Create machine learning apps","experience":["IBM","INTEL"],"project":[{"projectName":"SCASE","technology":["Python","R"]}]},{"jobId":3,"jobTitle":"Data Engg","jobDescription":"Create machine learning apps","experience":["IBM","INTEL"],"project":[{"projectName":"SCASE","technology":["Python","R"]}]},{"jobId":4,"jobTitle":"QA Tester","jobDescription":"To develop andriod application","experience":["RRD","ApD","MobileIron"],"project":[{"projectName":"Eccc","technology":["Selenium","Robot"]}]},{"jobId":345,"jobTitle":"QA Tester","jobDescription":"To develop andriod application","experience":["RRD","ApD","MobileIron"],"project":[{"projectName":"Eccc","technology":["Selenium","Robot"]}]},{"jobId":7,"jobTitle":"Software Engg","jobDescription":"To develop andriod application","experience":["Google","Apple","Mobile Iron","Subex"],"project":[{"projectName":"Movie App","technology":["Kotlin","SQL Lite","Gradle","Jenkins"]}]},{"jobId":7,"jobTitle":"Software Engg","jobDescription":"To develop andriod application","experience":["Google","Apple","Mobile Iron","Subex"],"project":[{"projectName":"Movie App","technology":["Kotlin","SQL Lite","Gradle","Jenkins"]}]},{"jobId":50,"jobTitle":"Software Engg - 2","jobDescription":"To develop andriod application","experience":["Google","Apple","Mobile Iron","Google"],"project":[{"projectName":"Movie App","technology":["Kotlin","SQL Lite","Gradle","Jenkins"]}]},{"jobId":43,"jobTitle":"Software Engg","jobDescription":"To develop andriod application","experience":["Google","Apple","Mobile Iron","Subex"],"project":[{"projectName":"Movie App","technology":["Kotlin","SQL Lite","Gradle","Jenkins"]}]},{"jobId":19,"jobTitle":"LOS","jobDescription":"SOL","experience":["Nothing"],"project":[]},{"jobId":7,"jobTitle":"LOS","jobDescription":"SOL","experience":["Nothing"],"project":[]},{"jobId":3,"jobTitle":"Data Engg","jobDescription":"Create machine learning apps","experience":["IBM","INTEL"],"project":[{"projectName":"SCASE","technology":["Python","R"]}]},{"jobId":5,"jobTitle":"Software Engg - 2","jobDescription":"To develop andriod application","experience":["Google","Apple","Mobile Iron","Google"],"project":[{"projectName":"Movie App","technology":["Kotlin","SQL Lite","Gradle","Jenkins"]}]},{"jobId":4,"jobTitle":"QA Tester","jobDescription":"To develop andriod application","experience":["RRD","ApD","MobileIron"],"project":[{"projectName":"Eccc","technology":["Selenium","Robot"]}]},{"jobId":135,"jobTitle":"Data Engg","jobDescription":"Create machine learning apps","experience":["IBM","INTEL"],"project":[{"projectName":"SCASE","technology":["Python","R"]}]},{"jobId":647,"jobTitle":"QA Tester","jobDescription":"To develop andriod application","experience":["RRD","ApD","MobileIron"],"project":[{"projectName":"Eccc","technology":["Selenium","Robot"]}]},{"jobId":7,"jobTitle":"Software Engg","jobDescription":"To develop andriod application","experience":["Google","Apple","Mobile Iron","Subex"],"project":[{"projectName":"Movie App","technology":["Kotlin","SQL Lite","Gradle","Jenkins"]}]},{"jobId":7,"jobTitle":"Software Engg","jobDescription":"To develop andriod application","experience":["Google","Apple","Mobile Iron","Subex"],"project":[{"projectName":"Movie App","technology":["Kotlin","SQL Lite","Gradle","Jenkins"]}]},{"jobId":36,"jobTitle":"Software Engg - 2","jobDescription":"To develop andriod application","experience":["Google","Apple","Mobile Iron","Google"],"project":[{"projectName":"Movie App","technology":["Kotlin","SQL Lite","Gradle","Jenkins"]}]},{"jobId":6,"jobTitle":"Software Engg","jobDescription":"To develop andriod application","experience":["Google","Apple","Mobile Iron","Subex"],"project":[{"projectName":"Movie App","technology":["Kotlin","SQL Lite","Gradle","Jenkins"]}]},{"jobId":40,"jobTitle":"LOS","jobDescription":"SOL","experience":["Nothing"],"project":[]},{"jobId":59,"jobTitle":"LOS","jobDescription":"SOL","experience":["Nothing"],"project":[]},{"jobId":80,"jobTitle":"LOS","jobDescription":"SOL","experience":["Nothing"],"project":[]},{"jobId":4,"jobTitle":"LOS","jobDescription":"SOL","experience":["Nothing"],"project":[]},{"jobId":33,"jobTitle":"LOS","jobDescription":"SOL","experience":["Nothing"],"project":[]},{"jobId":70,"jobTitle":"Software Engg - 2","jobDescription":"To develop andriod application and web application","experience":["Nothing"],"project":[]},{"jobId":40,"jobTitle":"LOS","jobDescription":"SOL","experience":["Nothing"],"project":[]},{"jobId":32,"jobTitle":"LOS","jobDescription":"SOL","experience":["Nothing"],"project":[]},{"jobId":370,"jobTitle":"IOS","jobDescription":"APPLE","experience":["Nothing"],"project":[]},{"jobId":676,"jobTitle":"IOS","jobDescription":"APPLE","experience":["Nothing"],"project":[]},{"jobId":704,"jobTitle":"IOS","jobDescription":"APPLE","experience":["Nothing"],"project":[]},{"jobId":9980,"jobTitle":"Data Analyst","jobDescription":"Develop machine learning models","experience":["Nothing"],"project":[]},{"jobId":9980,"jobTitle":"Data Analyst","jobDescription":"Develop machine learning models","experience":["Nothing"],"project":[]},{"jobId":3,"jobTitle":"Data Engg","jobDescription":"Create machine learning apps","experience":["IBM","INTEL"],"project":[{"projectName":"SCASE","technology":["Python","R"]}]},{"jobId":4,"jobTitle":"QA Tester","jobDescription":"To develop andriod application","experience":["RRD","ApD","MobileIron"],"project":[{"projectName":"Eccc","technology":["Selenium","Robot"]}]},{"jobId":82,"jobTitle":"Data Engg","jobDescription":"Create machine learning apps","experience":["IBM","INTEL"],"project":[{"projectName":"SCASE","technology":["Python","R"]}]},{"jobId":291,"jobTitle":"QA Tester","jobDescription":"To develop andriod application","experience":["RRD","ApD","MobileIron"],"project":[{"projectName":"Eccc","technology":["Selenium","Robot"]}]},{"jobId":3,"jobTitle":"Data Engg","jobDescription":"Create machine learning apps","experience":["IBM","INTEL"],"project":[{"projectName":"SCASE","technology":["Python","R"]}]},{"jobId":3,"jobTitle":"Data Engg","jobDescription":"Create machine learning apps","experience":["IBM","INTEL"],"project":[{"projectName":"SCASE","technology":["Python","R"]}]},{"jobId":251,"jobTitle":"LOS","jobDescription":"SOL","experience":["Nothing"],"project":[]},{"jobId":19,"jobTitle":"LOS","jobDescription":"SOL","experience":["Nothing"],"project":[]}]

14:22:58.320 [pool-2-thread-4] DEBUG com.intuit.karate - response time in milliseconds: 9
1 < 200
1 < X-Content-Type-Options: nosniff
1 < X-XSS-Protection: 1; mode=block
1 < Cache-Control: no-cache, no-store, max-age=0, must-revalidate
1 < Pragma: no-cache
1 < Expires: 0
1 < X-Frame-Options: DENY
1 < Content-Type: application/json
1 < Transfer-Encoding: chunked
1 < Date: Thu, 27 Jun 2024 19:22:58 GMT
1 < Keep-Alive: timeout=60
1 < Connection: keep-alive
[{"jobId":1,"jobTitle":"Software Engg","jobDescription":"To develop andriod application","experience":["Google","Apple","Mobile Iron"],"project":[{"projectName":"Movie App","technology":["Kotlin","SQL Lite","Gradle"]}]},{"jobId":3,"jobTitle":"Data Engg","jobDescription":"Create machine learning apps","experience":["IBM","INTEL"],"project":[{"projectName":"SCASE","technology":["Python","R"]}]},{"jobId":4,"jobTitle":"Software Engg - 2","jobDescription":"To develop andriod application and web application","experience":["RRD","ApD","MobileIron"],"project":[{"projectName":"Eccc","technology":["Selenium","Robot"]}]},{"jobId":640,"jobTitle":"Data Engg","jobDescription":"Create machine learning apps","experience":["IBM","INTEL"],"project":[{"projectName":"SCASE","technology":["Python","R"]}]},{"jobId":430,"jobTitle":"QA Tester","jobDescription":"To develop andriod application","experience":["RRD","ApD","MobileIron"],"project":[{"projectName":"Eccc","technology":["Selenium","Robot"]}]},{"jobId":3,"jobTitle":"Data Engg","jobDescription":"Create machine learning apps","experience":["IBM","INTEL"],"project":[{"projectName":"SCASE","technology":["Python","R"]}]},{"jobId":3,"jobTitle":"Data Engg","jobDescription":"Create machine learning apps","experience":["IBM","INTEL"],"project":[{"projectName":"SCASE","technology":["Python","R"]}]},{"jobId":4,"jobTitle":"QA Tester","jobDescription":"To develop andriod application","experience":["RRD","ApD","MobileIron"],"project":[{"projectName":"Eccc","technology":["Selenium","Robot"]}]},{"jobId":404,"jobTitle":"Data Engg","jobDescription":"Create machine learning apps","experience":["IBM","INTEL"],"project":[{"projectName":"SCASE","technology":["Python","R"]}]},{"jobId":412,"jobTitle":"QA Tester","jobDescription":"To develop andriod application","experience":["RRD","ApD","MobileIron"],"project":[{"projectName":"Eccc","technology":["Selenium","Robot"]}]},{"jobId":3,"jobTitle":"Data Engg","jobDescription":"Create machine learning apps","experience":["IBM","INTEL"],"project":[{"projectName":"SCASE","technology":["Python","R"]}]},{"jobId":3,"jobTitle":"Data Engg","jobDescription":"Create machine learning apps","experience":["IBM","INTEL"],"project":[{"projectName":"SCASE","technology":["Python","R"]}]},{"jobId":4,"jobTitle":"QA Tester","jobDescription":"To develop andriod application","experience":["RRD","ApD","MobileIron"],"project":[{"projectName":"Eccc","technology":["Selenium","Robot"]}]},{"jobId":612,"jobTitle":"Data Engg","jobDescription":"Create machine learning apps","experience":["IBM","INTEL"],"project":[{"projectName":"SCASE","technology":["Python","R"]}]},{"jobId":124,"jobTitle":"QA Tester","jobDescription":"To develop andriod application","experience":["RRD","ApD","MobileIron"],"project":[{"projectName":"Eccc","technology":["Selenium","Robot"]}]},{"jobId":3,"jobTitle":"Data Engg","jobDescription":"Create machine learning apps","experience":["IBM","INTEL"],"project":[{"projectName":"SCASE","technology":["Python","R"]}]},{"jobId":3,"jobTitle":"Data Engg","jobDescription":"Create machine learning apps","experience":["IBM","INTEL"],"project":[{"projectName":"SCASE","technology":["Python","R"]}]},{"jobId":4,"jobTitle":"QA Tester","jobDescription":"To develop andriod application","experience":["RRD","ApD","MobileIron"],"project":[{"projectName":"Eccc","technology":["Selenium","Robot"]}]},{"jobId":27,"jobTitle":"Data Engg","jobDescription":"Create machine learning apps","experience":["IBM","INTEL"],"project":[{"projectName":"SCASE","technology":["Python","R"]}]},{"jobId":276,"jobTitle":"QA Tester","jobDescription":"To develop andriod application","experience":["RRD","ApD","MobileIron"],"project":[{"projectName":"Eccc","technology":["Selenium","Robot"]}]},{"jobId":3,"jobTitle":"Data Engg","jobDescription":"Create machine learning apps","experience":["IBM","INTEL"],"project":[{"projectName":"SCASE","technology":["Python","R"]}]},{"jobId":47,"jobTitle":"LOS","jobDescription":"SOL","experience":["Nothing"],"project":[]},{"jobId":99,"jobTitle":"LOS","jobDescription":"SOL","experience":["Nothing"],"project":[]},{"jobId":49,"jobTitle":"LOS","jobDescription":"SOL","experience":["Nothing"],"project":[]},{"jobId":99,"jobTitle":"LOS","jobDescription":"SOL","experience":["Nothing"],"project":[]},{"jobId":80,"jobTitle":"LOS","jobDescription":"SOL","experience":["Nothing"],"project":[]},{"jobId":0,"jobTitle":"LOS","jobDescription":"SOL","experience":["Nothing"],"project":[]},{"jobId":0,"jobTitle":"LOS","jobDescription":"SOL","experience":["Nothing"],"project":[]},{"jobId":0,"jobTitle":"LOS","jobDescription":"SOL","experience":["Nothing"],"project":[]},{"jobId":45,"jobTitle":"QA Tester","jobDescription":"Finding bugs","experience":["Nothing"],"project":[]},{"jobId":64,"jobTitle":"QA Tester","jobDescription":"Finding bugs","experience":["Nothing"],"project":[]},{"jobId":38,"jobTitle":"QA Tester","jobDescription":"Finding bugs","experience":["Nothing"],"project":[]},{"jobId":85,"jobTitle":"LOS","jobDescription":"SOL","experience":["Nothing"],"project":[]},{"jobId":9,"jobTitle":"QA Tester","jobDescription":"Finding bugs","experience":["Nothing"],"project":[]},{"jobId":85,"jobTitle":"LOS","jobDescription":"SOL","experience":["Nothing"],"project":[]},{"jobId":36,"jobTitle":"LOS","jobDescription":"SOL","experience":["Nothing"],"project":[]},{"jobId":41,"jobTitle":"QA Tester","jobDescription":"Finding bugs","experience":["Nothing"],"project":[]},{"jobId":42,"jobTitle":"LOS","jobDescription":"SOL","experience":["Nothing"],"project":[]},{"jobId":69,"jobTitle":"LOS","jobDescription":"SOL","experience":["Nothing"],"project":[]},{"jobId":13,"jobTitle":"LOS","jobDescription":"SOL","experience":["Nothing"],"project":[]},{"jobId":15,"jobTitle":"LOS","jobDescription":"To develop andriod application and web application","experience":["Nothing"],"project":[]},{"jobId":19,"jobTitle":"LOS","jobDescription":"To develop andriod application and web application","experience":["Nothing"],"project":[]},{"jobId":92,"jobTitle":"Software Engg - 2","jobDescription":"To develop andriod application and web application","experience":["Nothing"],"project":[]},{"jobId":54,"jobTitle":"LOS","jobDescription":"SOL","experience":["Nothing"],"project":[]},{"jobId":90,"jobTitle":"Software Engg - 2","jobDescription":"To develop andriod application and web application","experience":["Nothing"],"project":[]},{"jobId":38,"jobTitle":"LOS","jobDescription":"SOL","experience":["Nothing"],"project":[]},{"jobId":5,"jobTitle":"Software Engg - 2","jobDescription":"To develop andriod application","experience":["Google","Apple","Mobile Iron","Google"],"project":[{"projectName":"Movie App","technology":["Kotlin","SQL Lite","Gradle","Jenkins"]}]},{"jobId":623,"jobTitle":"Data Engg","jobDescription":"Create machine learning apps","experience":["IBM","INTEL"],"project":[{"projectName":"SCASE","technology":["Python","R"]}]},{"jobId":3,"jobTitle":"Data Engg","jobDescription":"Create machine learning apps","experience":["IBM","INTEL"],"project":[{"projectName":"SCASE","technology":["Python","R"]}]},{"jobId":4,"jobTitle":"QA Tester","jobDescription":"To develop andriod application","experience":["RRD","ApD","MobileIron"],"project":[{"projectName":"Eccc","technology":["Selenium","Robot"]}]},{"jobId":345,"jobTitle":"QA Tester","jobDescription":"To develop andriod application","experience":["RRD","ApD","MobileIron"],"project":[{"projectName":"Eccc","technology":["Selenium","Robot"]}]},{"jobId":7,"jobTitle":"Software Engg","jobDescription":"To develop andriod application","experience":["Google","Apple","Mobile Iron","Subex"],"project":[{"projectName":"Movie App","technology":["Kotlin","SQL Lite","Gradle","Jenkins"]}]},{"jobId":7,"jobTitle":"Software Engg","jobDescription":"To develop andriod application","experience":["Google","Apple","Mobile Iron","Subex"],"project":[{"projectName":"Movie App","technology":["Kotlin","SQL Lite","Gradle","Jenkins"]}]},{"jobId":50,"jobTitle":"Software Engg - 2","jobDescription":"To develop andriod application","experience":["Google","Apple","Mobile Iron","Google"],"project":[{"projectName":"Movie App","technology":["Kotlin","SQL Lite","Gradle","Jenkins"]}]},{"jobId":43,"jobTitle":"Software Engg","jobDescription":"To develop andriod application","experience":["Google","Apple","Mobile Iron","Subex"],"project":[{"projectName":"Movie App","technology":["Kotlin","SQL Lite","Gradle","Jenkins"]}]},{"jobId":19,"jobTitle":"LOS","jobDescription":"SOL","experience":["Nothing"],"project":[]},{"jobId":7,"jobTitle":"LOS","jobDescription":"SOL","experience":["Nothing"],"project":[]},{"jobId":3,"jobTitle":"Data Engg","jobDescription":"Create machine learning apps","experience":["IBM","INTEL"],"project":[{"projectName":"SCASE","technology":["Python","R"]}]},{"jobId":5,"jobTitle":"Software Engg - 2","jobDescription":"To develop andriod application","experience":["Google","Apple","Mobile Iron","Google"],"project":[{"projectName":"Movie App","technology":["Kotlin","SQL Lite","Gradle","Jenkins"]}]},{"jobId":4,"jobTitle":"QA Tester","jobDescription":"To develop andriod application","experience":["RRD","ApD","MobileIron"],"project":[{"projectName":"Eccc","technology":["Selenium","Robot"]}]},{"jobId":135,"jobTitle":"Data Engg","jobDescription":"Create machine learning apps","experience":["IBM","INTEL"],"project":[{"projectName":"SCASE","technology":["Python","R"]}]},{"jobId":647,"jobTitle":"QA Tester","jobDescription":"To develop andriod application","experience":["RRD","ApD","MobileIron"],"project":[{"projectName":"Eccc","technology":["Selenium","Robot"]}]},{"jobId":7,"jobTitle":"Software Engg","jobDescription":"To develop andriod application","experience":["Google","Apple","Mobile Iron","Subex"],"project":[{"projectName":"Movie App","technology":["Kotlin","SQL Lite","Gradle","Jenkins"]}]},{"jobId":7,"jobTitle":"Software Engg","jobDescription":"To develop andriod application","experience":["Google","Apple","Mobile Iron","Subex"],"project":[{"projectName":"Movie App","technology":["Kotlin","SQL Lite","Gradle","Jenkins"]}]},{"jobId":36,"jobTitle":"Software Engg - 2","jobDescription":"To develop andriod application","experience":["Google","Apple","Mobile Iron","Google"],"project":[{"projectName":"Movie App","technology":["Kotlin","SQL Lite","Gradle","Jenkins"]}]},{"jobId":6,"jobTitle":"Software Engg","jobDescription":"To develop andriod application","experience":["Google","Apple","Mobile Iron","Subex"],"project":[{"projectName":"Movie App","technology":["Kotlin","SQL Lite","Gradle","Jenkins"]}]},{"jobId":40,"jobTitle":"LOS","jobDescription":"SOL","experience":["Nothing"],"project":[]},{"jobId":59,"jobTitle":"LOS","jobDescription":"SOL","experience":["Nothing"],"project":[]},{"jobId":80,"jobTitle":"LOS","jobDescription":"SOL","experience":["Nothing"],"project":[]},{"jobId":4,"jobTitle":"LOS","jobDescription":"SOL","experience":["Nothing"],"project":[]},{"jobId":33,"jobTitle":"LOS","jobDescription":"SOL","experience":["Nothing"],"project":[]},{"jobId":70,"jobTitle":"Software Engg - 2","jobDescription":"To develop andriod application and web application","experience":["Nothing"],"project":[]},{"jobId":40,"jobTitle":"LOS","jobDescription":"SOL","experience":["Nothing"],"project":[]},{"jobId":32,"jobTitle":"LOS","jobDescription":"SOL","experience":["Nothing"],"project":[]},{"jobId":370,"jobTitle":"IOS","jobDescription":"APPLE","experience":["Nothing"],"project":[]},{"jobId":676,"jobTitle":"IOS","jobDescription":"APPLE","experience":["Nothing"],"project":[]},{"jobId":704,"jobTitle":"IOS","jobDescription":"APPLE","experience":["Nothing"],"project":[]},{"jobId":9980,"jobTitle":"Data Analyst","jobDescription":"Develop machine learning models","experience":["Nothing"],"project":[]},{"jobId":9980,"jobTitle":"Data Analyst","jobDescription":"Develop machine learning models","experience":["Nothing"],"project":[]},{"jobId":3,"jobTitle":"Data Engg","jobDescription":"Create machine learning apps","experience":["IBM","INTEL"],"project":[{"projectName":"SCASE","technology":["Python","R"]}]},{"jobId":4,"jobTitle":"QA Tester","jobDescription":"To develop andriod application","experience":["RRD","ApD","MobileIron"],"project":[{"projectName":"Eccc","technology":["Selenium","Robot"]}]},{"jobId":82,"jobTitle":"Data Engg","jobDescription":"Create machine learning apps","experience":["IBM","INTEL"],"project":[{"projectName":"SCASE","technology":["Python","R"]}]},{"jobId":291,"jobTitle":"QA Tester","jobDescription":"To develop andriod application","experience":["RRD","ApD","MobileIron"],"project":[{"projectName":"Eccc","technology":["Selenium","Robot"]}]},{"jobId":3,"jobTitle":"Data Engg","jobDescription":"Create machine learning apps","experience":["IBM","INTEL"],"project":[{"projectName":"SCASE","technology":["Python","R"]}]},{"jobId":3,"jobTitle":"Data Engg","jobDescription":"Create machine learning apps","experience":["IBM","INTEL"],"project":[{"projectName":"SCASE","technology":["Python","R"]}]},{"jobId":251,"jobTitle":"LOS","jobDescription":"SOL","experience":["Nothing"],"project":[]},{"jobId":19,"jobTitle":"LOS","jobDescription":"SOL","experience":["Nothing"],"project":[]}]

14:22:58.331 [pool-2-thread-5] DEBUG com.intuit.karate - request:
1 > GET http://localhost:9897/normal/webapi/all
1 > Accept: application/xml
1 > Host: localhost:9897
1 > Connection: Keep-Alive
1 > User-Agent: Apache-HttpClient/4.5.14 (Java/16.0.1)
1 > Accept-Encoding: gzip,deflate


14:22:58.346 [pool-2-thread-3] DEBUG com.intuit.karate - response time in milliseconds: 22
1 < 200
1 < X-Content-Type-Options: nosniff
1 < X-XSS-Protection: 1; mode=block
1 < Cache-Control: no-cache, no-store, max-age=0, must-revalidate
1 < Pragma: no-cache
1 < Expires: 0
1 < X-Frame-Options: DENY
1 < Content-Type: application/json
1 < Transfer-Encoding: chunked
1 < Date: Thu, 27 Jun 2024 19:22:58 GMT
1 < Keep-Alive: timeout=60
1 < Connection: keep-alive
[{"jobId":1,"jobTitle":"Software Engg","jobDescription":"To develop andriod application","experience":["Google","Apple","Mobile Iron"],"project":[{"projectName":"Movie App","technology":["Kotlin","SQL Lite","Gradle"]}]},{"jobId":3,"jobTitle":"Data Engg","jobDescription":"Create machine learning apps","experience":["IBM","INTEL"],"project":[{"projectName":"SCASE","technology":["Python","R"]}]},{"jobId":4,"jobTitle":"Software Engg - 2","jobDescription":"To develop andriod application and web application","experience":["RRD","ApD","MobileIron"],"project":[{"projectName":"Eccc","technology":["Selenium","Robot"]}]},{"jobId":640,"jobTitle":"Data Engg","jobDescription":"Create machine learning apps","experience":["IBM","INTEL"],"project":[{"projectName":"SCASE","technology":["Python","R"]}]},{"jobId":430,"jobTitle":"QA Tester","jobDescription":"To develop andriod application","experience":["RRD","ApD","MobileIron"],"project":[{"projectName":"Eccc","technology":["Selenium","Robot"]}]},{"jobId":3,"jobTitle":"Data Engg","jobDescription":"Create machine learning apps","experience":["IBM","INTEL"],"project":[{"projectName":"SCASE","technology":["Python","R"]}]},{"jobId":3,"jobTitle":"Data Engg","jobDescription":"Create machine learning apps","experience":["IBM","INTEL"],"project":[{"projectName":"SCASE","technology":["Python","R"]}]},{"jobId":4,"jobTitle":"QA Tester","jobDescription":"To develop andriod application","experience":["RRD","ApD","MobileIron"],"project":[{"projectName":"Eccc","technology":["Selenium","Robot"]}]},{"jobId":404,"jobTitle":"Data Engg","jobDescription":"Create machine learning apps","experience":["IBM","INTEL"],"project":[{"projectName":"SCASE","technology":["Python","R"]}]},{"jobId":412,"jobTitle":"QA Tester","jobDescription":"To develop andriod application","experience":["RRD","ApD","MobileIron"],"project":[{"projectName":"Eccc","technology":["Selenium","Robot"]}]},{"jobId":3,"jobTitle":"Data Engg","jobDescription":"Create machine learning apps","experience":["IBM","INTEL"],"project":[{"projectName":"SCASE","technology":["Python","R"]}]},{"jobId":3,"jobTitle":"Data Engg","jobDescription":"Create machine learning apps","experience":["IBM","INTEL"],"project":[{"projectName":"SCASE","technology":["Python","R"]}]},{"jobId":4,"jobTitle":"QA Tester","jobDescription":"To develop andriod application","experience":["RRD","ApD","MobileIron"],"project":[{"projectName":"Eccc","technology":["Selenium","Robot"]}]},{"jobId":612,"jobTitle":"Data Engg","jobDescription":"Create machine learning apps","experience":["IBM","INTEL"],"project":[{"projectName":"SCASE","technology":["Python","R"]}]},{"jobId":124,"jobTitle":"QA Tester","jobDescription":"To develop andriod application","experience":["RRD","ApD","MobileIron"],"project":[{"projectName":"Eccc","technology":["Selenium","Robot"]}]},{"jobId":3,"jobTitle":"Data Engg","jobDescription":"Create machine learning apps","experience":["IBM","INTEL"],"project":[{"projectName":"SCASE","technology":["Python","R"]}]},{"jobId":3,"jobTitle":"Data Engg","jobDescription":"Create machine learning apps","experience":["IBM","INTEL"],"project":[{"projectName":"SCASE","technology":["Python","R"]}]},{"jobId":4,"jobTitle":"QA Tester","jobDescription":"To develop andriod application","experience":["RRD","ApD","MobileIron"],"project":[{"projectName":"Eccc","technology":["Selenium","Robot"]}]},{"jobId":27,"jobTitle":"Data Engg","jobDescription":"Create machine learning apps","experience":["IBM","INTEL"],"project":[{"projectName":"SCASE","technology":["Python","R"]}]},{"jobId":276,"jobTitle":"QA Tester","jobDescription":"To develop andriod application","experience":["RRD","ApD","MobileIron"],"project":[{"projectName":"Eccc","technology":["Selenium","Robot"]}]},{"jobId":3,"jobTitle":"Data Engg","jobDescription":"Create machine learning apps","experience":["IBM","INTEL"],"project":[{"projectName":"SCASE","technology":["Python","R"]}]},{"jobId":47,"jobTitle":"LOS","jobDescription":"SOL","experience":["Nothing"],"project":[]},{"jobId":99,"jobTitle":"LOS","jobDescription":"SOL","experience":["Nothing"],"project":[]},{"jobId":49,"jobTitle":"LOS","jobDescription":"SOL","experience":["Nothing"],"project":[]},{"jobId":99,"jobTitle":"LOS","jobDescription":"SOL","experience":["Nothing"],"project":[]},{"jobId":80,"jobTitle":"LOS","jobDescription":"SOL","experience":["Nothing"],"project":[]},{"jobId":0,"jobTitle":"LOS","jobDescription":"SOL","experience":["Nothing"],"project":[]},{"jobId":0,"jobTitle":"LOS","jobDescription":"SOL","experience":["Nothing"],"project":[]},{"jobId":0,"jobTitle":"LOS","jobDescription":"SOL","experience":["Nothing"],"project":[]},{"jobId":45,"jobTitle":"QA Tester","jobDescription":"Finding bugs","experience":["Nothing"],"project":[]},{"jobId":64,"jobTitle":"QA Tester","jobDescription":"Finding bugs","experience":["Nothing"],"project":[]},{"jobId":38,"jobTitle":"QA Tester","jobDescription":"Finding bugs","experience":["Nothing"],"project":[]},{"jobId":85,"jobTitle":"LOS","jobDescription":"SOL","experience":["Nothing"],"project":[]},{"jobId":9,"jobTitle":"QA Tester","jobDescription":"Finding bugs","experience":["Nothing"],"project":[]},{"jobId":85,"jobTitle":"LOS","jobDescription":"SOL","experience":["Nothing"],"project":[]},{"jobId":36,"jobTitle":"LOS","jobDescription":"SOL","experience":["Nothing"],"project":[]},{"jobId":41,"jobTitle":"QA Tester","jobDescription":"Finding bugs","experience":["Nothing"],"project":[]},{"jobId":42,"jobTitle":"LOS","jobDescription":"SOL","experience":["Nothing"],"project":[]},{"jobId":69,"jobTitle":"LOS","jobDescription":"SOL","experience":["Nothing"],"project":[]},{"jobId":13,"jobTitle":"LOS","jobDescription":"SOL","experience":["Nothing"],"project":[]},{"jobId":15,"jobTitle":"LOS","jobDescription":"To develop andriod application and web application","experience":["Nothing"],"project":[]},{"jobId":19,"jobTitle":"LOS","jobDescription":"To develop andriod application and web application","experience":["Nothing"],"project":[]},{"jobId":92,"jobTitle":"Software Engg - 2","jobDescription":"To develop andriod application and web application","experience":["Nothing"],"project":[]},{"jobId":54,"jobTitle":"LOS","jobDescription":"SOL","experience":["Nothing"],"project":[]},{"jobId":90,"jobTitle":"Software Engg - 2","jobDescription":"To develop andriod application and web application","experience":["Nothing"],"project":[]},{"jobId":38,"jobTitle":"LOS","jobDescription":"SOL","experience":["Nothing"],"project":[]},{"jobId":5,"jobTitle":"Software Engg - 2","jobDescription":"To develop andriod application","experience":["Google","Apple","Mobile Iron","Google"],"project":[{"projectName":"Movie App","technology":["Kotlin","SQL Lite","Gradle","Jenkins"]}]},{"jobId":623,"jobTitle":"Data Engg","jobDescription":"Create machine learning apps","experience":["IBM","INTEL"],"project":[{"projectName":"SCASE","technology":["Python","R"]}]},{"jobId":3,"jobTitle":"Data Engg","jobDescription":"Create machine learning apps","experience":["IBM","INTEL"],"project":[{"projectName":"SCASE","technology":["Python","R"]}]},{"jobId":4,"jobTitle":"QA Tester","jobDescription":"To develop andriod application","experience":["RRD","ApD","MobileIron"],"project":[{"projectName":"Eccc","technology":["Selenium","Robot"]}]},{"jobId":345,"jobTitle":"QA Tester","jobDescription":"To develop andriod application","experience":["RRD","ApD","MobileIron"],"project":[{"projectName":"Eccc","technology":["Selenium","Robot"]}]},{"jobId":7,"jobTitle":"Software Engg","jobDescription":"To develop andriod application","experience":["Google","Apple","Mobile Iron","Subex"],"project":[{"projectName":"Movie App","technology":["Kotlin","SQL Lite","Gradle","Jenkins"]}]},{"jobId":7,"jobTitle":"Software Engg","jobDescription":"To develop andriod application","experience":["Google","Apple","Mobile Iron","Subex"],"project":[{"projectName":"Movie App","technology":["Kotlin","SQL Lite","Gradle","Jenkins"]}]},{"jobId":50,"jobTitle":"Software Engg - 2","jobDescription":"To develop andriod application","experience":["Google","Apple","Mobile Iron","Google"],"project":[{"projectName":"Movie App","technology":["Kotlin","SQL Lite","Gradle","Jenkins"]}]},{"jobId":43,"jobTitle":"Software Engg","jobDescription":"To develop andriod application","experience":["Google","Apple","Mobile Iron","Subex"],"project":[{"projectName":"Movie App","technology":["Kotlin","SQL Lite","Gradle","Jenkins"]}]},{"jobId":19,"jobTitle":"LOS","jobDescription":"SOL","experience":["Nothing"],"project":[]},{"jobId":7,"jobTitle":"LOS","jobDescription":"SOL","experience":["Nothing"],"project":[]},{"jobId":3,"jobTitle":"Data Engg","jobDescription":"Create machine learning apps","experience":["IBM","INTEL"],"project":[{"projectName":"SCASE","technology":["Python","R"]}]},{"jobId":5,"jobTitle":"Software Engg - 2","jobDescription":"To develop andriod application","experience":["Google","Apple","Mobile Iron","Google"],"project":[{"projectName":"Movie App","technology":["Kotlin","SQL Lite","Gradle","Jenkins"]}]},{"jobId":4,"jobTitle":"QA Tester","jobDescription":"To develop andriod application","experience":["RRD","ApD","MobileIron"],"project":[{"projectName":"Eccc","technology":["Selenium","Robot"]}]},{"jobId":135,"jobTitle":"Data Engg","jobDescription":"Create machine learning apps","experience":["IBM","INTEL"],"project":[{"projectName":"SCASE","technology":["Python","R"]}]},{"jobId":647,"jobTitle":"QA Tester","jobDescription":"To develop andriod application","experience":["RRD","ApD","MobileIron"],"project":[{"projectName":"Eccc","technology":["Selenium","Robot"]}]},{"jobId":7,"jobTitle":"Software Engg","jobDescription":"To develop andriod application","experience":["Google","Apple","Mobile Iron","Subex"],"project":[{"projectName":"Movie App","technology":["Kotlin","SQL Lite","Gradle","Jenkins"]}]},{"jobId":7,"jobTitle":"Software Engg","jobDescription":"To develop andriod application","experience":["Google","Apple","Mobile Iron","Subex"],"project":[{"projectName":"Movie App","technology":["Kotlin","SQL Lite","Gradle","Jenkins"]}]},{"jobId":36,"jobTitle":"Software Engg - 2","jobDescription":"To develop andriod application","experience":["Google","Apple","Mobile Iron","Google"],"project":[{"projectName":"Movie App","technology":["Kotlin","SQL Lite","Gradle","Jenkins"]}]},{"jobId":6,"jobTitle":"Software Engg","jobDescription":"To develop andriod application","experience":["Google","Apple","Mobile Iron","Subex"],"project":[{"projectName":"Movie App","technology":["Kotlin","SQL Lite","Gradle","Jenkins"]}]},{"jobId":40,"jobTitle":"LOS","jobDescription":"SOL","experience":["Nothing"],"project":[]},{"jobId":59,"jobTitle":"LOS","jobDescription":"SOL","experience":["Nothing"],"project":[]},{"jobId":80,"jobTitle":"LOS","jobDescription":"SOL","experience":["Nothing"],"project":[]},{"jobId":4,"jobTitle":"LOS","jobDescription":"SOL","experience":["Nothing"],"project":[]},{"jobId":33,"jobTitle":"LOS","jobDescription":"SOL","experience":["Nothing"],"project":[]},{"jobId":70,"jobTitle":"Software Engg - 2","jobDescription":"To develop andriod application and web application","experience":["Nothing"],"project":[]},{"jobId":40,"jobTitle":"LOS","jobDescription":"SOL","experience":["Nothing"],"project":[]},{"jobId":32,"jobTitle":"LOS","jobDescription":"SOL","experience":["Nothing"],"project":[]},{"jobId":370,"jobTitle":"IOS","jobDescription":"APPLE","experience":["Nothing"],"project":[]},{"jobId":676,"jobTitle":"IOS","jobDescription":"APPLE","experience":["Nothing"],"project":[]},{"jobId":704,"jobTitle":"IOS","jobDescription":"APPLE","experience":["Nothing"],"project":[]},{"jobId":9980,"jobTitle":"Data Analyst","jobDescription":"Develop machine learning models","experience":["Nothing"],"project":[]},{"jobId":9980,"jobTitle":"Data Analyst","jobDescription":"Develop machine learning models","experience":["Nothing"],"project":[]},{"jobId":3,"jobTitle":"Data Engg","jobDescription":"Create machine learning apps","experience":["IBM","INTEL"],"project":[{"projectName":"SCASE","technology":["Python","R"]}]},{"jobId":4,"jobTitle":"QA Tester","jobDescription":"To develop andriod application","experience":["RRD","ApD","MobileIron"],"project":[{"projectName":"Eccc","technology":["Selenium","Robot"]}]},{"jobId":82,"jobTitle":"Data Engg","jobDescription":"Create machine learning apps","experience":["IBM","INTEL"],"project":[{"projectName":"SCASE","technology":["Python","R"]}]},{"jobId":291,"jobTitle":"QA Tester","jobDescription":"To develop andriod application","experience":["RRD","ApD","MobileIron"],"project":[{"projectName":"Eccc","technology":["Selenium","Robot"]}]},{"jobId":3,"jobTitle":"Data Engg","jobDescription":"Create machine learning apps","experience":["IBM","INTEL"],"project":[{"projectName":"SCASE","technology":["Python","R"]}]},{"jobId":3,"jobTitle":"Data Engg","jobDescription":"Create machine learning apps","experience":["IBM","INTEL"],"project":[{"projectName":"SCASE","technology":["Python","R"]}]},{"jobId":251,"jobTitle":"LOS","jobDescription":"SOL","experience":["Nothing"],"project":[]},{"jobId":19,"jobTitle":"LOS","jobDescription":"SOL","experience":["Nothing"],"project":[]}]

14:22:58.371 [pool-2-thread-5] DEBUG com.intuit.karate - response time in milliseconds: 37
1 < 200
1 < X-Content-Type-Options: nosniff
1 < X-XSS-Protection: 1; mode=block
1 < Cache-Control: no-cache, no-store, max-age=0, must-revalidate
1 < Pragma: no-cache
1 < Expires: 0
1 < X-Frame-Options: DENY
1 < Content-Type: application/xml
1 < Transfer-Encoding: chunked
1 < Date: Thu, 27 Jun 2024 19:22:58 GMT
1 < Keep-Alive: timeout=60
1 < Connection: keep-alive
<List><item><jobId>1</jobId><jobTitle>Software Engg</jobTitle><jobDescription>To develop andriod application</jobDescription><experience><experience>Google</experience><experience>Apple</experience><experience>Mobile Iron</experience></experience><project><project><projectName>Movie App</projectName><technology><technology>Kotlin</technology><technology>SQL Lite</technology><technology>Gradle</technology></technology></project></project></item><item><jobId>3</jobId><jobTitle>Data Engg</jobTitle><jobDescription>Create machine learning apps</jobDescription><experience><experience>IBM</experience><experience>INTEL</experience></experience><project><project><projectName>SCASE</projectName><technology><technology>Python</technology><technology>R</technology></technology></project></project></item><item><jobId>4</jobId><jobTitle>Software Engg - 2</jobTitle><jobDescription>To develop andriod application and web application</jobDescription><experience><experience>RRD</experience><experience>ApD</experience><experience>MobileIron</experience></experience><project><project><projectName>Eccc</projectName><technology><technology>Selenium</technology><technology>Robot</technology></technology></project></project></item><item><jobId>640</jobId><jobTitle>Data Engg</jobTitle><jobDescription>Create machine learning apps</jobDescription><experience><experience>IBM</experience><experience>INTEL</experience></experience><project><project><projectName>SCASE</projectName><technology><technology>Python</technology><technology>R</technology></technology></project></project></item><item><jobId>430</jobId><jobTitle>QA Tester</jobTitle><jobDescription>To develop andriod application</jobDescription><experience><experience>RRD</experience><experience>ApD</experience><experience>MobileIron</experience></experience><project><project><projectName>Eccc</projectName><technology><technology>Selenium</technology><technology>Robot</technology></technology></project></project></item><item><jobId>3</jobId><jobTitle>Data Engg</jobTitle><jobDescription>Create machine learning apps</jobDescription><experience><experience>IBM</experience><experience>INTEL</experience></experience><project><project><projectName>SCASE</projectName><technology><technology>Python</technology><technology>R</technology></technology></project></project></item><item><jobId>3</jobId><jobTitle>Data Engg</jobTitle><jobDescription>Create machine learning apps</jobDescription><experience><experience>IBM</experience><experience>INTEL</experience></experience><project><project><projectName>SCASE</projectName><technology><technology>Python</technology><technology>R</technology></technology></project></project></item><item><jobId>4</jobId><jobTitle>QA Tester</jobTitle><jobDescription>To develop andriod application</jobDescription><experience><experience>RRD</experience><experience>ApD</experience><experience>MobileIron</experience></experience><project><project><projectName>Eccc</projectName><technology><technology>Selenium</technology><technology>Robot</technology></technology></project></project></item><item><jobId>404</jobId><jobTitle>Data Engg</jobTitle><jobDescription>Create machine learning apps</jobDescription><experience><experience>IBM</experience><experience>INTEL</experience></experience><project><project><projectName>SCASE</projectName><technology><technology>Python</technology><technology>R</technology></technology></project></project></item><item><jobId>412</jobId><jobTitle>QA Tester</jobTitle><jobDescription>To develop andriod application</jobDescription><experience><experience>RRD</experience><experience>ApD</experience><experience>MobileIron</experience></experience><project><project><projectName>Eccc</projectName><technology><technology>Selenium</technology><technology>Robot</technology></technology></project></project></item><item><jobId>3</jobId><jobTitle>Data Engg</jobTitle><jobDescription>Create machine learning apps</jobDescription><experience><experience>IBM</experience><experience>INTEL</experience></experience><project><project><projectName>SCASE</projectName><technology><technology>Python</technology><technology>R</technology></technology></project></project></item><item><jobId>3</jobId><jobTitle>Data Engg</jobTitle><jobDescription>Create machine learning apps</jobDescription><experience><experience>IBM</experience><experience>INTEL</experience></experience><project><project><projectName>SCASE</projectName><technology><technology>Python</technology><technology>R</technology></technology></project></project></item><item><jobId>4</jobId><jobTitle>QA Tester</jobTitle><jobDescription>To develop andriod application</jobDescription><experience><experience>RRD</experience><experience>ApD</experience><experience>MobileIron</experience></experience><project><project><projectName>Eccc</projectName><technology><technology>Selenium</technology><technology>Robot</technology></technology></project></project></item><item><jobId>612</jobId><jobTitle>Data Engg</jobTitle><jobDescription>Create machine learning apps</jobDescription><experience><experience>IBM</experience><experience>INTEL</experience></experience><project><project><projectName>SCASE</projectName><technology><technology>Python</technology><technology>R</technology></technology></project></project></item><item><jobId>124</jobId><jobTitle>QA Tester</jobTitle><jobDescription>To develop andriod application</jobDescription><experience><experience>RRD</experience><experience>ApD</experience><experience>MobileIron</experience></experience><project><project><projectName>Eccc</projectName><technology><technology>Selenium</technology><technology>Robot</technology></technology></project></project></item><item><jobId>3</jobId><jobTitle>Data Engg</jobTitle><jobDescription>Create machine learning apps</jobDescription><experience><experience>IBM</experience><experience>INTEL</experience></experience><project><project><projectName>SCASE</projectName><technology><technology>Python</technology><technology>R</technology></technology></project></project></item><item><jobId>3</jobId><jobTitle>Data Engg</jobTitle><jobDescription>Create machine learning apps</jobDescription><experience><experience>IBM</experience><experience>INTEL</experience></experience><project><project><projectName>SCASE</projectName><technology><technology>Python</technology><technology>R</technology></technology></project></project></item><item><jobId>4</jobId><jobTitle>QA Tester</jobTitle><jobDescription>To develop andriod application</jobDescription><experience><experience>RRD</experience><experience>ApD</experience><experience>MobileIron</experience></experience><project><project><projectName>Eccc</projectName><technology><technology>Selenium</technology><technology>Robot</technology></technology></project></project></item><item><jobId>27</jobId><jobTitle>Data Engg</jobTitle><jobDescription>Create machine learning apps</jobDescription><experience><experience>IBM</experience><experience>INTEL</experience></experience><project><project><projectName>SCASE</projectName><technology><technology>Python</technology><technology>R</technology></technology></project></project></item><item><jobId>276</jobId><jobTitle>QA Tester</jobTitle><jobDescription>To develop andriod application</jobDescription><experience><experience>RRD</experience><experience>ApD</experience><experience>MobileIron</experience></experience><project><project><projectName>Eccc</projectName><technology><technology>Selenium</technology><technology>Robot</technology></technology></project></project></item><item><jobId>3</jobId><jobTitle>Data Engg</jobTitle><jobDescription>Create machine learning apps</jobDescription><experience><experience>IBM</experience><experience>INTEL</experience></experience><project><project><projectName>SCASE</projectName><technology><technology>Python</technology><technology>R</technology></technology></project></project></item><item><jobId>47</jobId><jobTitle>LOS</jobTitle><jobDescription>SOL</jobDescription><experience><experience>Nothing</experience></experience><project/></item><item><jobId>99</jobId><jobTitle>LOS</jobTitle><jobDescription>SOL</jobDescription><experience><experience>Nothing</experience></experience><project/></item><item><jobId>49</jobId><jobTitle>LOS</jobTitle><jobDescription>SOL</jobDescription><experience><experience>Nothing</experience></experience><project/></item><item><jobId>99</jobId><jobTitle>LOS</jobTitle><jobDescription>SOL</jobDescription><experience><experience>Nothing</experience></experience><project/></item><item><jobId>80</jobId><jobTitle>LOS</jobTitle><jobDescription>SOL</jobDescription><experience><experience>Nothing</experience></experience><project/></item><item><jobId>0</jobId><jobTitle>LOS</jobTitle><jobDescription>SOL</jobDescription><experience><experience>Nothing</experience></experience><project/></item><item><jobId>0</jobId><jobTitle>LOS</jobTitle><jobDescription>SOL</jobDescription><experience><experience>Nothing</experience></experience><project/></item><item><jobId>0</jobId><jobTitle>LOS</jobTitle><jobDescription>SOL</jobDescription><experience><experience>Nothing</experience></experience><project/></item><item><jobId>45</jobId><jobTitle>QA Tester</jobTitle><jobDescription>Finding bugs</jobDescription><experience><experience>Nothing</experience></experience><project/></item><item><jobId>64</jobId><jobTitle>QA Tester</jobTitle><jobDescription>Finding bugs</jobDescription><experience><experience>Nothing</experience></experience><project/></item><item><jobId>38</jobId><jobTitle>QA Tester</jobTitle><jobDescription>Finding bugs</jobDescription><experience><experience>Nothing</experience></experience><project/></item><item><jobId>85</jobId><jobTitle>LOS</jobTitle><jobDescription>SOL</jobDescription><experience><experience>Nothing</experience></experience><project/></item><item><jobId>9</jobId><jobTitle>QA Tester</jobTitle><jobDescription>Finding bugs</jobDescription><experience><experience>Nothing</experience></experience><project/></item><item><jobId>85</jobId><jobTitle>LOS</jobTitle><jobDescription>SOL</jobDescription><experience><experience>Nothing</experience></experience><project/></item><item><jobId>36</jobId><jobTitle>LOS</jobTitle><jobDescription>SOL</jobDescription><experience><experience>Nothing</experience></experience><project/></item><item><jobId>41</jobId><jobTitle>QA Tester</jobTitle><jobDescription>Finding bugs</jobDescription><experience><experience>Nothing</experience></experience><project/></item><item><jobId>42</jobId><jobTitle>LOS</jobTitle><jobDescription>SOL</jobDescription><experience><experience>Nothing</experience></experience><project/></item><item><jobId>69</jobId><jobTitle>LOS</jobTitle><jobDescription>SOL</jobDescription><experience><experience>Nothing</experience></experience><project/></item><item><jobId>13</jobId><jobTitle>LOS</jobTitle><jobDescription>SOL</jobDescription><experience><experience>Nothing</experience></experience><project/></item><item><jobId>15</jobId><jobTitle>LOS</jobTitle><jobDescription>To develop andriod application and web application</jobDescription><experience><experience>Nothing</experience></experience><project/></item><item><jobId>19</jobId><jobTitle>LOS</jobTitle><jobDescription>To develop andriod application and web application</jobDescription><experience><experience>Nothing</experience></experience><project/></item><item><jobId>92</jobId><jobTitle>Software Engg - 2</jobTitle><jobDescription>To develop andriod application and web application</jobDescription><experience><experience>Nothing</experience></experience><project/></item><item><jobId>54</jobId><jobTitle>LOS</jobTitle><jobDescription>SOL</jobDescription><experience><experience>Nothing</experience></experience><project/></item><item><jobId>90</jobId><jobTitle>Software Engg - 2</jobTitle><jobDescription>To develop andriod application and web application</jobDescription><experience><experience>Nothing</experience></experience><project/></item><item><jobId>38</jobId><jobTitle>LOS</jobTitle><jobDescription>SOL</jobDescription><experience><experience>Nothing</experience></experience><project/></item><item><jobId>5</jobId><jobTitle>Software Engg - 2</jobTitle><jobDescription>To develop andriod application</jobDescription><experience><experience>Google</experience><experience>Apple</experience><experience>Mobile Iron</experience><experience>Google</experience></experience><project><project><projectName>Movie App</projectName><technology><technology>Kotlin</technology><technology>SQL Lite</technology><technology>Gradle</technology><technology>Jenkins</technology></technology></project></project></item><item><jobId>623</jobId><jobTitle>Data Engg</jobTitle><jobDescription>Create machine learning apps</jobDescription><experience><experience>IBM</experience><experience>INTEL</experience></experience><project><project><projectName>SCASE</projectName><technology><technology>Python</technology><technology>R</technology></technology></project></project></item><item><jobId>3</jobId><jobTitle>Data Engg</jobTitle><jobDescription>Create machine learning apps</jobDescription><experience><experience>IBM</experience><experience>INTEL</experience></experience><project><project><projectName>SCASE</projectName><technology><technology>Python</technology><technology>R</technology></technology></project></project></item><item><jobId>4</jobId><jobTitle>QA Tester</jobTitle><jobDescription>To develop andriod application</jobDescription><experience><experience>RRD</experience><experience>ApD</experience><experience>MobileIron</experience></experience><project><project><projectName>Eccc</projectName><technology><technology>Selenium</technology><technology>Robot</technology></technology></project></project></item><item><jobId>345</jobId><jobTitle>QA Tester</jobTitle><jobDescription>To develop andriod application</jobDescription><experience><experience>RRD</experience><experience>ApD</experience><experience>MobileIron</experience></experience><project><project><projectName>Eccc</projectName><technology><technology>Selenium</technology><technology>Robot</technology></technology></project></project></item><item><jobId>7</jobId><jobTitle>Software Engg</jobTitle><jobDescription>To develop andriod application</jobDescription><experience><experience>Google</experience><experience>Apple</experience><experience>Mobile Iron</experience><experience>Subex</experience></experience><project><project><projectName>Movie App</projectName><technology><technology>Kotlin</technology><technology>SQL Lite</technology><technology>Gradle</technology><technology>Jenkins</technology></technology></project></project></item><item><jobId>7</jobId><jobTitle>Software Engg</jobTitle><jobDescription>To develop andriod application</jobDescription><experience><experience>Google</experience><experience>Apple</experience><experience>Mobile Iron</experience><experience>Subex</experience></experience><project><project><projectName>Movie App</projectName><technology><technology>Kotlin</technology><technology>SQL Lite</technology><technology>Gradle</technology><technology>Jenkins</technology></technology></project></project></item><item><jobId>50</jobId><jobTitle>Software Engg - 2</jobTitle><jobDescription>To develop andriod application</jobDescription><experience><experience>Google</experience><experience>Apple</experience><experience>Mobile Iron</experience><experience>Google</experience></experience><project><project><projectName>Movie App</projectName><technology><technology>Kotlin</technology><technology>SQL Lite</technology><technology>Gradle</technology><technology>Jenkins</technology></technology></project></project></item><item><jobId>43</jobId><jobTitle>Software Engg</jobTitle><jobDescription>To develop andriod application</jobDescription><experience><experience>Google</experience><experience>Apple</experience><experience>Mobile Iron</experience><experience>Subex</experience></experience><project><project><projectName>Movie App</projectName><technology><technology>Kotlin</technology><technology>SQL Lite</technology><technology>Gradle</technology><technology>Jenkins</technology></technology></project></project></item><item><jobId>19</jobId><jobTitle>LOS</jobTitle><jobDescription>SOL</jobDescription><experience><experience>Nothing</experience></experience><project/></item><item><jobId>7</jobId><jobTitle>LOS</jobTitle><jobDescription>SOL</jobDescription><experience><experience>Nothing</experience></experience><project/></item><item><jobId>3</jobId><jobTitle>Data Engg</jobTitle><jobDescription>Create machine learning apps</jobDescription><experience><experience>IBM</experience><experience>INTEL</experience></experience><project><project><projectName>SCASE</projectName><technology><technology>Python</technology><technology>R</technology></technology></project></project></item><item><jobId>5</jobId><jobTitle>Software Engg - 2</jobTitle><jobDescription>To develop andriod application</jobDescription><experience><experience>Google</experience><experience>Apple</experience><experience>Mobile Iron</experience><experience>Google</experience></experience><project><project><projectName>Movie App</projectName><technology><technology>Kotlin</technology><technology>SQL Lite</technology><technology>Gradle</technology><technology>Jenkins</technology></technology></project></project></item><item><jobId>4</jobId><jobTitle>QA Tester</jobTitle><jobDescription>To develop andriod application</jobDescription><experience><experience>RRD</experience><experience>ApD</experience><experience>MobileIron</experience></experience><project><project><projectName>Eccc</projectName><technology><technology>Selenium</technology><technology>Robot</technology></technology></project></project></item><item><jobId>135</jobId><jobTitle>Data Engg</jobTitle><jobDescription>Create machine learning apps</jobDescription><experience><experience>IBM</experience><experience>INTEL</experience></experience><project><project><projectName>SCASE</projectName><technology><technology>Python</technology><technology>R</technology></technology></project></project></item><item><jobId>647</jobId><jobTitle>QA Tester</jobTitle><jobDescription>To develop andriod application</jobDescription><experience><experience>RRD</experience><experience>ApD</experience><experience>MobileIron</experience></experience><project><project><projectName>Eccc</projectName><technology><technology>Selenium</technology><technology>Robot</technology></technology></project></project></item><item><jobId>7</jobId><jobTitle>Software Engg</jobTitle><jobDescription>To develop andriod application</jobDescription><experience><experience>Google</experience><experience>Apple</experience><experience>Mobile Iron</experience><experience>Subex</experience></experience><project><project><projectName>Movie App</projectName><technology><technology>Kotlin</technology><technology>SQL Lite</technology><technology>Gradle</technology><technology>Jenkins</technology></technology></project></project></item><item><jobId>7</jobId><jobTitle>Software Engg</jobTitle><jobDescription>To develop andriod application</jobDescription><experience><experience>Google</experience><experience>Apple</experience><experience>Mobile Iron</experience><experience>Subex</experience></experience><project><project><projectName>Movie App</projectName><technology><technology>Kotlin</technology><technology>SQL Lite</technology><technology>Gradle</technology><technology>Jenkins</technology></technology></project></project></item><item><jobId>36</jobId><jobTitle>Software Engg - 2</jobTitle><jobDescription>To develop andriod application</jobDescription><experience><experience>Google</experience><experience>Apple</experience><experience>Mobile Iron</experience><experience>Google</experience></experience><project><project><projectName>Movie App</projectName><technology><technology>Kotlin</technology><technology>SQL Lite</technology><technology>Gradle</technology><technology>Jenkins</technology></technology></project></project></item><item><jobId>6</jobId><jobTitle>Software Engg</jobTitle><jobDescription>To develop andriod application</jobDescription><experience><experience>Google</experience><experience>Apple</experience><experience>Mobile Iron</experience><experience>Subex</experience></experience><project><project><projectName>Movie App</projectName><technology><technology>Kotlin</technology><technology>SQL Lite</technology><technology>Gradle</technology><technology>Jenkins</technology></technology></project></project></item><item><jobId>40</jobId><jobTitle>LOS</jobTitle><jobDescription>SOL</jobDescription><experience><experience>Nothing</experience></experience><project/></item><item><jobId>59</jobId><jobTitle>LOS</jobTitle><jobDescription>SOL</jobDescription><experience><experience>Nothing</experience></experience><project/></item><item><jobId>80</jobId><jobTitle>LOS</jobTitle><jobDescription>SOL</jobDescription><experience><experience>Nothing</experience></experience><project/></item><item><jobId>4</jobId><jobTitle>LOS</jobTitle><jobDescription>SOL</jobDescription><experience><experience>Nothing</experience></experience><project/></item><item><jobId>33</jobId><jobTitle>LOS</jobTitle><jobDescription>SOL</jobDescription><experience><experience>Nothing</experience></experience><project/></item><item><jobId>70</jobId><jobTitle>Software Engg - 2</jobTitle><jobDescription>To develop andriod application and web application</jobDescription><experience><experience>Nothing</experience></experience><project/></item><item><jobId>40</jobId><jobTitle>LOS</jobTitle><jobDescription>SOL</jobDescription><experience><experience>Nothing</experience></experience><project/></item><item><jobId>32</jobId><jobTitle>LOS</jobTitle><jobDescription>SOL</jobDescription><experience><experience>Nothing</experience></experience><project/></item><item><jobId>370</jobId><jobTitle>IOS</jobTitle><jobDescription>APPLE</jobDescription><experience><experience>Nothing</experience></experience><project/></item><item><jobId>676</jobId><jobTitle>IOS</jobTitle><jobDescription>APPLE</jobDescription><experience><experience>Nothing</experience></experience><project/></item><item><jobId>704</jobId><jobTitle>IOS</jobTitle><jobDescription>APPLE</jobDescription><experience><experience>Nothing</experience></experience><project/></item><item><jobId>9980</jobId><jobTitle>Data Analyst</jobTitle><jobDescription>Develop machine learning models</jobDescription><experience><experience>Nothing</experience></experience><project/></item><item><jobId>9980</jobId><jobTitle>Data Analyst</jobTitle><jobDescription>Develop machine learning models</jobDescription><experience><experience>Nothing</experience></experience><project/></item><item><jobId>3</jobId><jobTitle>Data Engg</jobTitle><jobDescription>Create machine learning apps</jobDescription><experience><experience>IBM</experience><experience>INTEL</experience></experience><project><project><projectName>SCASE</projectName><technology><technology>Python</technology><technology>R</technology></technology></project></project></item><item><jobId>4</jobId><jobTitle>QA Tester</jobTitle><jobDescription>To develop andriod application</jobDescription><experience><experience>RRD</experience><experience>ApD</experience><experience>MobileIron</experience></experience><project><project><projectName>Eccc</projectName><technology><technology>Selenium</technology><technology>Robot</technology></technology></project></project></item><item><jobId>82</jobId><jobTitle>Data Engg</jobTitle><jobDescription>Create machine learning apps</jobDescription><experience><experience>IBM</experience><experience>INTEL</experience></experience><project><project><projectName>SCASE</projectName><technology><technology>Python</technology><technology>R</technology></technology></project></project></item><item><jobId>291</jobId><jobTitle>QA Tester</jobTitle><jobDescription>To develop andriod application</jobDescription><experience><experience>RRD</experience><experience>ApD</experience><experience>MobileIron</experience></experience><project><project><projectName>Eccc</projectName><technology><technology>Selenium</technology><technology>Robot</technology></technology></project></project></item><item><jobId>3</jobId><jobTitle>Data Engg</jobTitle><jobDescription>Create machine learning apps</jobDescription><experience><experience>IBM</experience><experience>INTEL</experience></experience><project><project><projectName>SCASE</projectName><technology><technology>Python</technology><technology>R</technology></technology></project></project></item><item><jobId>3</jobId><jobTitle>Data Engg</jobTitle><jobDescription>Create machine learning apps</jobDescription><experience><experience>IBM</experience><experience>INTEL</experience></experience><project><project><projectName>SCASE</projectName><technology><technology>Python</technology><technology>R</technology></technology></project></project></item><item><jobId>251</jobId><jobTitle>LOS</jobTitle><jobDescription>SOL</jobDescription><experience><experience>Nothing</experience></experience><project/></item><item><jobId>19</jobId><jobTitle>LOS</jobTitle><jobDescription>SOL</jobDescription><experience><experience>Nothing</experience></experience><project/></item></List>

14:22:58.428 [pool-2-thread-2] ERROR com.intuit.karate - classpath:com/api/automation/getrequest/ReadExternalFiles.feature:24
And match real_response == actualResponseXML
match failed: EQUALS
  / | not equal | match failed for name: 'List' (XML:XML)
  <List><item><jobId>1</jobId><jobTitle>Software Engg</jobTitle><jobDescription>To develop andriod application</jobDescription><experience><experience>Google</experience><experience>Apple</experience><experience>Mobile Iron</experience></experience><project><project><projectName>Movie App</projectName><technology><technology>Kotlin</technology><technology>SQL Lite</technology><technology>Gradle</technology></technology></project></project></item><item><jobId>3</jobId><jobTitle>Data Engg</jobTitle><jobDescription>Create machine learning apps</jobDescription><experience><experience>IBM</experience><experience>INTEL</experience></experience><project><project><projectName>SCASE</projectName><technology><technology>Python</technology><technology>R</technology></technology></project></project></item><item><jobId>4</jobId><jobTitle>Software Engg - 2</jobTitle><jobDescription>To develop andriod application and web application</jobDescription><experience><experience>RRD</experience><experience>ApD</experience><experience>MobileIron</experience></experience><project><project><projectName>Eccc</projectName><technology><technology>Selenium</technology><technology>Robot</technology></technology></project></project></item><item><jobId>640</jobId><jobTitle>Data Engg</jobTitle><jobDescription>Create machine learning apps</jobDescription><experience><experience>IBM</experience><experience>INTEL</experience></experience><project><project><projectName>SCASE</projectName><technology><technology>Python</technology><technology>R</technology></technology></project></project></item><item><jobId>430</jobId><jobTitle>QA Tester</jobTitle><jobDescription>To develop andriod application</jobDescription><experience><experience>RRD</experience><experience>ApD</experience><experience>MobileIron</experience></experience><project><project><projectName>Eccc</projectName><technology><technology>Selenium</technology><technology>Robot</technology></technology></project></project></item><item><jobId>3</jobId><jobTitle>Data Engg</jobTitle><jobDescription>Create machine learning apps</jobDescription><experience><experience>IBM</experience><experience>INTEL</experience></experience><project><project><projectName>SCASE</projectName><technology><technology>Python</technology><technology>R</technology></technology></project></project></item><item><jobId>3</jobId><jobTitle>Data Engg</jobTitle><jobDescription>Create machine learning apps</jobDescription><experience><experience>IBM</experience><experience>INTEL</experience></experience><project><project><projectName>SCASE</projectName><technology><technology>Python</technology><technology>R</technology></technology></project></project></item><item><jobId>4</jobId><jobTitle>QA Tester</jobTitle><jobDescription>To develop andriod application</jobDescription><experience><experience>RRD</experience><experience>ApD</experience><experience>MobileIron</experience></experience><project><project><projectName>Eccc</projectName><technology><technology>Selenium</technology><technology>Robot</technology></technology></project></project></item><item><jobId>404</jobId><jobTitle>Data Engg</jobTitle><jobDescription>Create machine learning apps</jobDescription><experience><experience>IBM</experience><experience>INTEL</experience></experience><project><project><projectName>SCASE</projectName><technology><technology>Python</technology><technology>R</technology></technology></project></project></item><item><jobId>412</jobId><jobTitle>QA Tester</jobTitle><jobDescription>To develop andriod application</jobDescription><experience><experience>RRD</experience><experience>ApD</experience><experience>MobileIron</experience></experience><project><project><projectName>Eccc</projectName><technology><technology>Selenium</technology><technology>Robot</technology></technology></project></project></item><item><jobId>3</jobId><jobTitle>Data Engg</jobTitle><jobDescription>Create machine learning apps</jobDescription><experience><experience>IBM</experience><experience>INTEL</experience></experience><project><project><projectName>SCASE</projectName><technology><technology>Python</technology><technology>R</technology></technology></project></project></item><item><jobId>3</jobId><jobTitle>Data Engg</jobTitle><jobDescription>Create machine learning apps</jobDescription><experience><experience>IBM</experience><experience>INTEL</experience></experience><project><project><projectName>SCASE</projectName><technology><technology>Python</technology><technology>R</technology></technology></project></project></item><item><jobId>4</jobId><jobTitle>QA Tester</jobTitle><jobDescription>To develop andriod application</jobDescription><experience><experience>RRD</experience><experience>ApD</experience><experience>MobileIron</experience></experience><project><project><projectName>Eccc</projectName><technology><technology>Selenium</technology><technology>Robot</technology></technology></project></project></item><item><jobId>612</jobId><jobTitle>Data Engg</jobTitle><jobDescription>Create machine learning apps</jobDescription><experience><experience>IBM</experience><experience>INTEL</experience></experience><project><project><projectName>SCASE</projectName><technology><technology>Python</technology><technology>R</technology></technology></project></project></item><item><jobId>124</jobId><jobTitle>QA Tester</jobTitle><jobDescription>To develop andriod application</jobDescription><experience><experience>RRD</experience><experience>ApD</experience><experience>MobileIron</experience></experience><project><project><projectName>Eccc</projectName><technology><technology>Selenium</technology><technology>Robot</technology></technology></project></project></item><item><jobId>3</jobId><jobTitle>Data Engg</jobTitle><jobDescription>Create machine learning apps</jobDescription><experience><experience>IBM</experience><experience>INTEL</experience></experience><project><project><projectName>SCASE</projectName><technology><technology>Python</technology><technology>R</technology></technology></project></project></item><item><jobId>3</jobId><jobTitle>Data Engg</jobTitle><jobDescription>Create machine learning apps</jobDescription><experience><experience>IBM</experience><experience>INTEL</experience></experience><project><project><projectName>SCASE</projectName><technology><technology>Python</technology><technology>R</technology></technology></project></project></item><item><jobId>4</jobId><jobTitle>QA Tester</jobTitle><jobDescription>To develop andriod application</jobDescription><experience><experience>RRD</experience><experience>ApD</experience><experience>MobileIron</experience></experience><project><project><projectName>Eccc</projectName><technology><technology>Selenium</technology><technology>Robot</technology></technology></project></project></item><item><jobId>27</jobId><jobTitle>Data Engg</jobTitle><jobDescription>Create machine learning apps</jobDescription><experience><experience>IBM</experience><experience>INTEL</experience></experience><project><project><projectName>SCASE</projectName><technology><technology>Python</technology><technology>R</technology></technology></project></project></item><item><jobId>276</jobId><jobTitle>QA Tester</jobTitle><jobDescription>To develop andriod application</jobDescription><experience><experience>RRD</experience><experience>ApD</experience><experience>MobileIron</experience></experience><project><project><projectName>Eccc</projectName><technology><technology>Selenium</technology><technology>Robot</technology></technology></project></project></item><item><jobId>3</jobId><jobTitle>Data Engg</jobTitle><jobDescription>Create machine learning apps</jobDescription><experience><experience>IBM</experience><experience>INTEL</experience></experience><project><project><projectName>SCASE</projectName><technology><technology>Python</technology><technology>R</technology></technology></project></project></item><item><jobId>47</jobId><jobTitle>LOS</jobTitle><jobDescription>SOL</jobDescription><experience><experience>Nothing</experience></experience><project/></item><item><jobId>99</jobId><jobTitle>LOS</jobTitle><jobDescription>SOL</jobDescription><experience><experience>Nothing</experience></experience><project/></item><item><jobId>49</jobId><jobTitle>LOS</jobTitle><jobDescription>SOL</jobDescription><experience><experience>Nothing</experience></experience><project/></item><item><jobId>99</jobId><jobTitle>LOS</jobTitle><jobDescription>SOL</jobDescription><experience><experience>Nothing</experience></experience><project/></item><item><jobId>80</jobId><jobTitle>LOS</jobTitle><jobDescription>SOL</jobDescription><experience><experience>Nothing</experience></experience><project/></item><item><jobId>0</jobId><jobTitle>LOS</jobTitle><jobDescription>SOL</jobDescription><experience><experience>Nothing</experience></experience><project/></item><item><jobId>0</jobId><jobTitle>LOS</jobTitle><jobDescription>SOL</jobDescription><experience><experience>Nothing</experience></experience><project/></item><item><jobId>0</jobId><jobTitle>LOS</jobTitle><jobDescription>SOL</jobDescription><experience><experience>Nothing</experience></experience><project/></item><item><jobId>45</jobId><jobTitle>QA Tester</jobTitle><jobDescription>Finding bugs</jobDescription><experience><experience>Nothing</experience></experience><project/></item><item><jobId>64</jobId><jobTitle>QA Tester</jobTitle><jobDescription>Finding bugs</jobDescription><experience><experience>Nothing</experience></experience><project/></item><item><jobId>38</jobId><jobTitle>QA Tester</jobTitle><jobDescription>Finding bugs</jobDescription><experience><experience>Nothing</experience></experience><project/></item><item><jobId>85</jobId><jobTitle>LOS</jobTitle><jobDescription>SOL</jobDescription><experience><experience>Nothing</experience></experience><project/></item><item><jobId>9</jobId><jobTitle>QA Tester</jobTitle><jobDescription>Finding bugs</jobDescription><experience><experience>Nothing</experience></experience><project/></item><item><jobId>85</jobId><jobTitle>LOS</jobTitle><jobDescription>SOL</jobDescription><experience><experience>Nothing</experience></experience><project/></item><item><jobId>36</jobId><jobTitle>LOS</jobTitle><jobDescription>SOL</jobDescription><experience><experience>Nothing</experience></experience><project/></item><item><jobId>41</jobId><jobTitle>QA Tester</jobTitle><jobDescription>Finding bugs</jobDescription><experience><experience>Nothing</experience></experience><project/></item><item><jobId>42</jobId><jobTitle>LOS</jobTitle><jobDescription>SOL</jobDescription><experience><experience>Nothing</experience></experience><project/></item><item><jobId>69</jobId><jobTitle>LOS</jobTitle><jobDescription>SOL</jobDescription><experience><experience>Nothing</experience></experience><project/></item><item><jobId>13</jobId><jobTitle>LOS</jobTitle><jobDescription>SOL</jobDescription><experience><experience>Nothing</experience></experience><project/></item><item><jobId>15</jobId><jobTitle>LOS</jobTitle><jobDescription>To develop andriod application and web application</jobDescription><experience><experience>Nothing</experience></experience><project/></item><item><jobId>19</jobId><jobTitle>LOS</jobTitle><jobDescription>SOL</jobDescription><experience><experience>Nothing</experience></experience><project/></item><item><jobId>92</jobId><jobTitle>Software Engg - 2</jobTitle><jobDescription>To develop andriod application and web application</jobDescription><experience><experience>Nothing</experience></experience><project/></item><item><jobId>54</jobId><jobTitle>LOS</jobTitle><jobDescription>SOL</jobDescription><experience><experience>Nothing</experience></experience><project/></item><item><jobId>90</jobId><jobTitle>Software Engg - 2</jobTitle><jobDescription>To develop andriod application and web application</jobDescription><experience><experience>Nothing</experience></experience><project/></item><item><jobId>38</jobId><jobTitle>LOS</jobTitle><jobDescription>SOL</jobDescription><experience><experience>Nothing</experience></experience><project/></item><item><jobId>5</jobId><jobTitle>Software Engg - 2</jobTitle><jobDescription>To develop andriod application</jobDescription><experience><experience>Google</experience><experience>Apple</experience><experience>Mobile Iron</experience><experience>Google</experience></experience><project><project><projectName>Movie App</projectName><technology><technology>Kotlin</technology><technology>SQL Lite</technology><technology>Gradle</technology><technology>Jenkins</technology></technology></project></project></item><item><jobId>623</jobId><jobTitle>Data Engg</jobTitle><jobDescription>Create machine learning apps</jobDescription><experience><experience>IBM</experience><experience>INTEL</experience></experience><project><project><projectName>SCASE</projectName><technology><technology>Python</technology><technology>R</technology></technology></project></project></item><item><jobId>3</jobId><jobTitle>Data Engg</jobTitle><jobDescription>Create machine learning apps</jobDescription><experience><experience>IBM</experience><experience>INTEL</experience></experience><project><project><projectName>SCASE</projectName><technology><technology>Python</technology><technology>R</technology></technology></project></project></item><item><jobId>4</jobId><jobTitle>QA Tester</jobTitle><jobDescription>To develop andriod application</jobDescription><experience><experience>RRD</experience><experience>ApD</experience><experience>MobileIron</experience></experience><project><project><projectName>Eccc</projectName><technology><technology>Selenium</technology><technology>Robot</technology></technology></project></project></item><item><jobId>345</jobId><jobTitle>QA Tester</jobTitle><jobDescription>To develop andriod application</jobDescription><experience><experience>RRD</experience><experience>ApD</experience><experience>MobileIron</experience></experience><project><project><projectName>Eccc</projectName><technology><technology>Selenium</technology><technology>Robot</technology></technology></project></project></item><item><jobId>7</jobId><jobTitle>Software Engg</jobTitle><jobDescription>To develop andriod application</jobDescription><experience><experience>Google</experience><experience>Apple</experience><experience>Mobile Iron</experience><experience>Subex</experience></experience><project><project><projectName>Movie App</projectName><technology><technology>Kotlin</technology><technology>SQL Lite</technology><technology>Gradle</technology><technology>Jenkins</technology></technology></project></project></item><item><jobId>7</jobId><jobTitle>Software Engg</jobTitle><jobDescription>To develop andriod application</jobDescription><experience><experience>Google</experience><experience>Apple</experience><experience>Mobile Iron</experience><experience>Subex</experience></experience><project><project><projectName>Movie App</projectName><technology><technology>Kotlin</technology><technology>SQL Lite</technology><technology>Gradle</technology><technology>Jenkins</technology></technology></project></project></item><item><jobId>50</jobId><jobTitle>Software Engg - 2</jobTitle><jobDescription>To develop andriod application</jobDescription><experience><experience>Google</experience><experience>Apple</experience><experience>Mobile Iron</experience><experience>Google</experience></experience><project><project><projectName>Movie App</projectName><technology><technology>Kotlin</technology><technology>SQL Lite</technology><technology>Gradle</technology><technology>Jenkins</technology></technology></project></project></item><item><jobId>43</jobId><jobTitle>Software Engg</jobTitle><jobDescription>To develop andriod application</jobDescription><experience><experience>Google</experience><experience>Apple</experience><experience>Mobile Iron</experience><experience>Subex</experience></experience><project><project><projectName>Movie App</projectName><technology><technology>Kotlin</technology><technology>SQL Lite</technology><technology>Gradle</technology><technology>Jenkins</technology></technology></project></project></item><item><jobId>19</jobId><jobTitle>LOS</jobTitle><jobDescription>SOL</jobDescription><experience><experience>Nothing</experience></experience><project/></item><item><jobId>7</jobId><jobTitle>LOS</jobTitle><jobDescription>SOL</jobDescription><experience><experience>Nothing</experience></experience><project/></item><item><jobId>3</jobId><jobTitle>Data Engg</jobTitle><jobDescription>Create machine learning apps</jobDescription><experience><experience>IBM</experience><experience>INTEL</experience></experience><project><project><projectName>SCASE</projectName><technology><technology>Python</technology><technology>R</technology></technology></project></project></item><item><jobId>5</jobId><jobTitle>Software Engg - 2</jobTitle><jobDescription>To develop andriod application</jobDescription><experience><experience>Google</experience><experience>Apple</experience><experience>Mobile Iron</experience><experience>Google</experience></experience><project><project><projectName>Movie App</projectName><technology><technology>Kotlin</technology><technology>SQL Lite</technology><technology>Gradle</technology><technology>Jenkins</technology></technology></project></project></item><item><jobId>4</jobId><jobTitle>QA Tester</jobTitle><jobDescription>To develop andriod application</jobDescription><experience><experience>RRD</experience><experience>ApD</experience><experience>MobileIron</experience></experience><project><project><projectName>Eccc</projectName><technology><technology>Selenium</technology><technology>Robot</technology></technology></project></project></item><item><jobId>135</jobId><jobTitle>Data Engg</jobTitle><jobDescription>Create machine learning apps</jobDescription><experience><experience>IBM</experience><experience>INTEL</experience></experience><project><project><projectName>SCASE</projectName><technology><technology>Python</technology><technology>R</technology></technology></project></project></item><item><jobId>647</jobId><jobTitle>QA Tester</jobTitle><jobDescription>To develop andriod application</jobDescription><experience><experience>RRD</experience><experience>ApD</experience><experience>MobileIron</experience></experience><project><project><projectName>Eccc</projectName><technology><technology>Selenium</technology><technology>Robot</technology></technology></project></project></item><item><jobId>7</jobId><jobTitle>Software Engg</jobTitle><jobDescription>To develop andriod application</jobDescription><experience><experience>Google</experience><experience>Apple</experience><experience>Mobile Iron</experience><experience>Subex</experience></experience><project><project><projectName>Movie App</projectName><technology><technology>Kotlin</technology><technology>SQL Lite</technology><technology>Gradle</technology><technology>Jenkins</technology></technology></project></project></item><item><jobId>7</jobId><jobTitle>Software Engg</jobTitle><jobDescription>To develop andriod application</jobDescription><experience><experience>Google</experience><experience>Apple</experience><experience>Mobile Iron</experience><experience>Subex</experience></experience><project><project><projectName>Movie App</projectName><technology><technology>Kotlin</technology><technology>SQL Lite</technology><technology>Gradle</technology><technology>Jenkins</technology></technology></project></project></item><item><jobId>36</jobId><jobTitle>Software Engg - 2</jobTitle><jobDescription>To develop andriod application</jobDescription><experience><experience>Google</experience><experience>Apple</experience><experience>Mobile Iron</experience><experience>Google</experience></experience><project><project><projectName>Movie App</projectName><technology><technology>Kotlin</technology><technology>SQL Lite</technology><technology>Gradle</technology><technology>Jenkins</technology></technology></project></project></item><item><jobId>6</jobId><jobTitle>Software Engg</jobTitle><jobDescription>To develop andriod application</jobDescription><experience><experience>Google</experience><experience>Apple</experience><experience>Mobile Iron</experience><experience>Subex</experience></experience><project><project><projectName>Movie App</projectName><technology><technology>Kotlin</technology><technology>SQL Lite</technology><technology>Gradle</technology><technology>Jenkins</technology></technology></project></project></item><item><jobId>40</jobId><jobTitle>LOS</jobTitle><jobDescription>SOL</jobDescription><experience><experience>Nothing</experience></experience><project/></item><item><jobId>59</jobId><jobTitle>LOS</jobTitle><jobDescription>SOL</jobDescription><experience><experience>Nothing</experience></experience><project/></item><item><jobId>80</jobId><jobTitle>LOS</jobTitle><jobDescription>SOL</jobDescription><experience><experience>Nothing</experience></experience><project/></item><item><jobId>4</jobId><jobTitle>LOS</jobTitle><jobDescription>SOL</jobDescription><experience><experience>Nothing</experience></experience><project/></item><item><jobId>33</jobId><jobTitle>LOS</jobTitle><jobDescription>SOL</jobDescription><experience><experience>Nothing</experience></experience><project/></item><item><jobId>70</jobId><jobTitle>Software Engg - 2</jobTitle><jobDescription>To develop andriod application and web application</jobDescription><experience><experience>Nothing</experience></experience><project/></item><item><jobId>40</jobId><jobTitle>LOS</jobTitle><jobDescription>SOL</jobDescription><experience><experience>Nothing</experience></experience><project/></item><item><jobId>32</jobId><jobTitle>LOS</jobTitle><jobDescription>SOL</jobDescription><experience><experience>Nothing</experience></experience><project/></item><item><jobId>370</jobId><jobTitle>IOS</jobTitle><jobDescription>APPLE</jobDescription><experience><experience>Nothing</experience></experience><project/></item><item><jobId>676</jobId><jobTitle>IOS</jobTitle><jobDescription>APPLE</jobDescription><experience><experience>Nothing</experience></experience><project/></item><item><jobId>704</jobId><jobTitle>IOS</jobTitle><jobDescription>APPLE</jobDescription><experience><experience>Nothing</experience></experience><project/></item><item><jobId>9980</jobId><jobTitle>Data Analyst</jobTitle><jobDescription>Develop machine learning models</jobDescription><experience><experience>Nothing</experience></experience><project/></item><item><jobId>9980</jobId><jobTitle>Data Analyst</jobTitle><jobDescription>Develop machine learning models</jobDescription><experience><experience>Nothing</experience></experience><project/></item><item><jobId>3</jobId><jobTitle>Data Engg</jobTitle><jobDescription>Create machine learning apps</jobDescription><experience><experience>IBM</experience><experience>INTEL</experience></experience><project><project><projectName>SCASE</projectName><technology><technology>Python</technology><technology>R</technology></technology></project></project></item><item><jobId>4</jobId><jobTitle>QA Tester</jobTitle><jobDescription>To develop andriod application</jobDescription><experience><experience>RRD</experience><experience>ApD</experience><experience>MobileIron</experience></experience><project><project><projectName>Eccc</projectName><technology><technology>Selenium</technology><technology>Robot</technology></technology></project></project></item><item><jobId>82</jobId><jobTitle>Data Engg</jobTitle><jobDescription>Create machine learning apps</jobDescription><experience><experience>IBM</experience><experience>INTEL</experience></experience><project><project><projectName>SCASE</projectName><technology><technology>Python</technology><technology>R</technology></technology></project></project></item><item><jobId>291</jobId><jobTitle>QA Tester</jobTitle><jobDescription>To develop andriod application</jobDescription><experience><experience>RRD</experience><experience>ApD</experience><experience>MobileIron</experience></experience><project><project><projectName>Eccc</projectName><technology><technology>Selenium</technology><technology>Robot</technology></technology></project></project></item><item><jobId>3</jobId><jobTitle>Data Engg</jobTitle><jobDescription>Create machine learning apps</jobDescription><experience><experience>IBM</experience><experience>INTEL</experience></experience><project><project><projectName>SCASE</projectName><technology><technology>Python</technology><technology>R</technology></technology></project></project></item><item><jobId>3</jobId><jobTitle>Data Engg</jobTitle><jobDescription>Create machine learning apps</jobDescription><experience><experience>IBM</experience><experience>INTEL</experience></experience><project><project><projectName>SCASE</projectName><technology><technology>Python</technology><technology>R</technology></technology></project></project></item><item><jobId>251</jobId><jobTitle>LOS</jobTitle><jobDescription>SOL</jobDescription><experience><experience>Nothing</experience></experience><project/></item></List>
  <List>
    <item>
        <jobId>1</jobId>
        <jobTitle>Software Engg</jobTitle>
        <jobDescription>To develop andriod application</jobDescription>
        <experience>
            <experience>Google</experience>
            <experience>Apple</experience>
            <experience>Mobile Iron</experience>
        </experience>
        <project>
            <project>
                <projectName>Movie App</projectName>
                <technology>
                    <technology>Kotlin</technology>
                    <technology>SQL Lite</technology>
                    <technology>Gradle</technology>
                </technology>
            </project>
        </project>
    </item>
</List>

    /List | not equal | match failed for name: 'item' (MAP:MAP)
    <item><jobId>1</jobId><jobTitle>Software Engg</jobTitle><jobDescription>To develop andriod application</jobDescription><experience><experience>Google</experience><experience>Apple</experience><experience>Mobile Iron</experience></experience><project><project><projectName>Movie App</projectName><technology><technology>Kotlin</technology><technology>SQL Lite</technology><technology>Gradle</technology></technology></project></project></item>
    <item><jobId>1</jobId><jobTitle>Software Engg</jobTitle><jobDescription>To develop andriod application</jobDescription><experience><experience>Google</experience><experience>Apple</experience><experience>Mobile Iron</experience></experience><project><project><projectName>Movie App</projectName><technology><technology>Kotlin</technology><technology>SQL Lite</technology><technology>Gradle</technology></technology></project></project></item>

      /List/item | data types don't match (LIST:MAP)
      [{"jobId":"1","jobTitle":"Software Engg","jobDescription":"To develop andriod application","experience":{"experience":["Google","Apple","Mobile Iron"]},"project":{"project":{"projectName":"Movie App","technology":{"technology":["Kotlin","SQL Lite","Gradle"]}}}},{"jobId":"3","jobTitle":"Data Engg","jobDescription":"Create machine learning apps","experience":{"experience":["IBM","INTEL"]},"project":{"project":{"projectName":"SCASE","technology":{"technology":["Python","R"]}}}},{"jobId":"4","jobTitle":"Software Engg - 2","jobDescription":"To develop andriod application and web application","experience":{"experience":["RRD","ApD","MobileIron"]},"project":{"project":{"projectName":"Eccc","technology":{"technology":["Selenium","Robot"]}}}},{"jobId":"640","jobTitle":"Data Engg","jobDescription":"Create machine learning apps","experience":{"experience":["IBM","INTEL"]},"project":{"project":{"projectName":"SCASE","technology":{"technology":["Python","R"]}}}},{"jobId":"430","jobTitle":"QA Tester","jobDescription":"To develop andriod application","experience":{"experience":["RRD","ApD","MobileIron"]},"project":{"project":{"projectName":"Eccc","technology":{"technology":["Selenium","Robot"]}}}},{"jobId":"3","jobTitle":"Data Engg","jobDescription":"Create machine learning apps","experience":{"experience":["IBM","INTEL"]},"project":{"project":{"projectName":"SCASE","technology":{"technology":["Python","R"]}}}},{"jobId":"3","jobTitle":"Data Engg","jobDescription":"Create machine learning apps","experience":{"experience":["IBM","INTEL"]},"project":{"project":{"projectName":"SCASE","technology":{"technology":["Python","R"]}}}},{"jobId":"4","jobTitle":"QA Tester","jobDescription":"To develop andriod application","experience":{"experience":["RRD","ApD","MobileIron"]},"project":{"project":{"projectName":"Eccc","technology":{"technology":["Selenium","Robot"]}}}},{"jobId":"404","jobTitle":"Data Engg","jobDescription":"Create machine learning apps","experience":{"experience":["IBM","INTEL"]},"project":{"project":{"projectName":"SCASE","technology":{"technology":["Python","R"]}}}},{"jobId":"412","jobTitle":"QA Tester","jobDescription":"To develop andriod application","experience":{"experience":["RRD","ApD","MobileIron"]},"project":{"project":{"projectName":"Eccc","technology":{"technology":["Selenium","Robot"]}}}},{"jobId":"3","jobTitle":"Data Engg","jobDescription":"Create machine learning apps","experience":{"experience":["IBM","INTEL"]},"project":{"project":{"projectName":"SCASE","technology":{"technology":["Python","R"]}}}},{"jobId":"3","jobTitle":"Data Engg","jobDescription":"Create machine learning apps","experience":{"experience":["IBM","INTEL"]},"project":{"project":{"projectName":"SCASE","technology":{"technology":["Python","R"]}}}},{"jobId":"4","jobTitle":"QA Tester","jobDescription":"To develop andriod application","experience":{"experience":["RRD","ApD","MobileIron"]},"project":{"project":{"projectName":"Eccc","technology":{"technology":["Selenium","Robot"]}}}},{"jobId":"612","jobTitle":"Data Engg","jobDescription":"Create machine learning apps","experience":{"experience":["IBM","INTEL"]},"project":{"project":{"projectName":"SCASE","technology":{"technology":["Python","R"]}}}},{"jobId":"124","jobTitle":"QA Tester","jobDescription":"To develop andriod application","experience":{"experience":["RRD","ApD","MobileIron"]},"project":{"project":{"projectName":"Eccc","technology":{"technology":["Selenium","Robot"]}}}},{"jobId":"3","jobTitle":"Data Engg","jobDescription":"Create machine learning apps","experience":{"experience":["IBM","INTEL"]},"project":{"project":{"projectName":"SCASE","technology":{"technology":["Python","R"]}}}},{"jobId":"3","jobTitle":"Data Engg","jobDescription":"Create machine learning apps","experience":{"experience":["IBM","INTEL"]},"project":{"project":{"projectName":"SCASE","technology":{"technology":["Python","R"]}}}},{"jobId":"4","jobTitle":"QA Tester","jobDescription":"To develop andriod application","experience":{"experience":["RRD","ApD","MobileIron"]},"project":{"project":{"projectName":"Eccc","technology":{"technology":["Selenium","Robot"]}}}},{"jobId":"27","jobTitle":"Data Engg","jobDescription":"Create machine learning apps","experience":{"experience":["IBM","INTEL"]},"project":{"project":{"projectName":"SCASE","technology":{"technology":["Python","R"]}}}},{"jobId":"276","jobTitle":"QA Tester","jobDescription":"To develop andriod application","experience":{"experience":["RRD","ApD","MobileIron"]},"project":{"project":{"projectName":"Eccc","technology":{"technology":["Selenium","Robot"]}}}},{"jobId":"3","jobTitle":"Data Engg","jobDescription":"Create machine learning apps","experience":{"experience":["IBM","INTEL"]},"project":{"project":{"projectName":"SCASE","technology":{"technology":["Python","R"]}}}},{"jobId":"47","jobTitle":"LOS","jobDescription":"SOL","experience":{"experience":"Nothing"},"project":null},{"jobId":"99","jobTitle":"LOS","jobDescription":"SOL","experience":{"experience":"Nothing"},"project":null},{"jobId":"49","jobTitle":"LOS","jobDescription":"SOL","experience":{"experience":"Nothing"},"project":null},{"jobId":"99","jobTitle":"LOS","jobDescription":"SOL","experience":{"experience":"Nothing"},"project":null},{"jobId":"80","jobTitle":"LOS","jobDescription":"SOL","experience":{"experience":"Nothing"},"project":null},{"jobId":"0","jobTitle":"LOS","jobDescription":"SOL","experience":{"experience":"Nothing"},"project":null},{"jobId":"0","jobTitle":"LOS","jobDescription":"SOL","experience":{"experience":"Nothing"},"project":null},{"jobId":"0","jobTitle":"LOS","jobDescription":"SOL","experience":{"experience":"Nothing"},"project":null},{"jobId":"45","jobTitle":"QA Tester","jobDescription":"Finding bugs","experience":{"experience":"Nothing"},"project":null},{"jobId":"64","jobTitle":"QA Tester","jobDescription":"Finding bugs","experience":{"experience":"Nothing"},"project":null},{"jobId":"38","jobTitle":"QA Tester","jobDescription":"Finding bugs","experience":{"experience":"Nothing"},"project":null},{"jobId":"85","jobTitle":"LOS","jobDescription":"SOL","experience":{"experience":"Nothing"},"project":null},{"jobId":"9","jobTitle":"QA Tester","jobDescription":"Finding bugs","experience":{"experience":"Nothing"},"project":null},{"jobId":"85","jobTitle":"LOS","jobDescription":"SOL","experience":{"experience":"Nothing"},"project":null},{"jobId":"36","jobTitle":"LOS","jobDescription":"SOL","experience":{"experience":"Nothing"},"project":null},{"jobId":"41","jobTitle":"QA Tester","jobDescription":"Finding bugs","experience":{"experience":"Nothing"},"project":null},{"jobId":"42","jobTitle":"LOS","jobDescription":"SOL","experience":{"experience":"Nothing"},"project":null},{"jobId":"69","jobTitle":"LOS","jobDescription":"SOL","experience":{"experience":"Nothing"},"project":null},{"jobId":"13","jobTitle":"LOS","jobDescription":"SOL","experience":{"experience":"Nothing"},"project":null},{"jobId":"15","jobTitle":"LOS","jobDescription":"To develop andriod application and web application","experience":{"experience":"Nothing"},"project":null},{"jobId":"19","jobTitle":"LOS","jobDescription":"SOL","experience":{"experience":"Nothing"},"project":null},{"jobId":"92","jobTitle":"Software Engg - 2","jobDescription":"To develop andriod application and web application","experience":{"experience":"Nothing"},"project":null},{"jobId":"54","jobTitle":"LOS","jobDescription":"SOL","experience":{"experience":"Nothing"},"project":null},{"jobId":"90","jobTitle":"Software Engg - 2","jobDescription":"To develop andriod application and web application","experience":{"experience":"Nothing"},"project":null},{"jobId":"38","jobTitle":"LOS","jobDescription":"SOL","experience":{"experience":"Nothing"},"project":null},{"jobId":"5","jobTitle":"Software Engg - 2","jobDescription":"To develop andriod application","experience":{"experience":["Google","Apple","Mobile Iron","Google"]},"project":{"project":{"projectName":"Movie App","technology":{"technology":["Kotlin","SQL Lite","Gradle","Jenkins"]}}}},{"jobId":"623","jobTitle":"Data Engg","jobDescription":"Create machine learning apps","experience":{"experience":["IBM","INTEL"]},"project":{"project":{"projectName":"SCASE","technology":{"technology":["Python","R"]}}}},{"jobId":"3","jobTitle":"Data Engg","jobDescription":"Create machine learning apps","experience":{"experience":["IBM","INTEL"]},"project":{"project":{"projectName":"SCASE","technology":{"technology":["Python","R"]}}}},{"jobId":"4","jobTitle":"QA Tester","jobDescription":"To develop andriod application","experience":{"experience":["RRD","ApD","MobileIron"]},"project":{"project":{"projectName":"Eccc","technology":{"technology":["Selenium","Robot"]}}}},{"jobId":"345","jobTitle":"QA Tester","jobDescription":"To develop andriod application","experience":{"experience":["RRD","ApD","MobileIron"]},"project":{"project":{"projectName":"Eccc","technology":{"technology":["Selenium","Robot"]}}}},{"jobId":"7","jobTitle":"Software Engg","jobDescription":"To develop andriod application","experience":{"experience":["Google","Apple","Mobile Iron","Subex"]},"project":{"project":{"projectName":"Movie App","technology":{"technology":["Kotlin","SQL Lite","Gradle","Jenkins"]}}}},{"jobId":"7","jobTitle":"Software Engg","jobDescription":"To develop andriod application","experience":{"experience":["Google","Apple","Mobile Iron","Subex"]},"project":{"project":{"projectName":"Movie App","technology":{"technology":["Kotlin","SQL Lite","Gradle","Jenkins"]}}}},{"jobId":"50","jobTitle":"Software Engg - 2","jobDescription":"To develop andriod application","experience":{"experience":["Google","Apple","Mobile Iron","Google"]},"project":{"project":{"projectName":"Movie App","technology":{"technology":["Kotlin","SQL Lite","Gradle","Jenkins"]}}}},{"jobId":"43","jobTitle":"Software Engg","jobDescription":"To develop andriod application","experience":{"experience":["Google","Apple","Mobile Iron","Subex"]},"project":{"project":{"projectName":"Movie App","technology":{"technology":["Kotlin","SQL Lite","Gradle","Jenkins"]}}}},{"jobId":"19","jobTitle":"LOS","jobDescription":"SOL","experience":{"experience":"Nothing"},"project":null},{"jobId":"7","jobTitle":"LOS","jobDescription":"SOL","experience":{"experience":"Nothing"},"project":null},{"jobId":"3","jobTitle":"Data Engg","jobDescription":"Create machine learning apps","experience":{"experience":["IBM","INTEL"]},"project":{"project":{"projectName":"SCASE","technology":{"technology":["Python","R"]}}}},{"jobId":"5","jobTitle":"Software Engg - 2","jobDescription":"To develop andriod application","experience":{"experience":["Google","Apple","Mobile Iron","Google"]},"project":{"project":{"projectName":"Movie App","technology":{"technology":["Kotlin","SQL Lite","Gradle","Jenkins"]}}}},{"jobId":"4","jobTitle":"QA Tester","jobDescription":"To develop andriod application","experience":{"experience":["RRD","ApD","MobileIron"]},"project":{"project":{"projectName":"Eccc","technology":{"technology":["Selenium","Robot"]}}}},{"jobId":"135","jobTitle":"Data Engg","jobDescription":"Create machine learning apps","experience":{"experience":["IBM","INTEL"]},"project":{"project":{"projectName":"SCASE","technology":{"technology":["Python","R"]}}}},{"jobId":"647","jobTitle":"QA Tester","jobDescription":"To develop andriod application","experience":{"experience":["RRD","ApD","MobileIron"]},"project":{"project":{"projectName":"Eccc","technology":{"technology":["Selenium","Robot"]}}}},{"jobId":"7","jobTitle":"Software Engg","jobDescription":"To develop andriod application","experience":{"experience":["Google","Apple","Mobile Iron","Subex"]},"project":{"project":{"projectName":"Movie App","technology":{"technology":["Kotlin","SQL Lite","Gradle","Jenkins"]}}}},{"jobId":"7","jobTitle":"Software Engg","jobDescription":"To develop andriod application","experience":{"experience":["Google","Apple","Mobile Iron","Subex"]},"project":{"project":{"projectName":"Movie App","technology":{"technology":["Kotlin","SQL Lite","Gradle","Jenkins"]}}}},{"jobId":"36","jobTitle":"Software Engg - 2","jobDescription":"To develop andriod application","experience":{"experience":["Google","Apple","Mobile Iron","Google"]},"project":{"project":{"projectName":"Movie App","technology":{"technology":["Kotlin","SQL Lite","Gradle","Jenkins"]}}}},{"jobId":"6","jobTitle":"Software Engg","jobDescription":"To develop andriod application","experience":{"experience":["Google","Apple","Mobile Iron","Subex"]},"project":{"project":{"projectName":"Movie App","technology":{"technology":["Kotlin","SQL Lite","Gradle","Jenkins"]}}}},{"jobId":"40","jobTitle":"LOS","jobDescription":"SOL","experience":{"experience":"Nothing"},"project":null},{"jobId":"59","jobTitle":"LOS","jobDescription":"SOL","experience":{"experience":"Nothing"},"project":null},{"jobId":"80","jobTitle":"LOS","jobDescription":"SOL","experience":{"experience":"Nothing"},"project":null},{"jobId":"4","jobTitle":"LOS","jobDescription":"SOL","experience":{"experience":"Nothing"},"project":null},{"jobId":"33","jobTitle":"LOS","jobDescription":"SOL","experience":{"experience":"Nothing"},"project":null},{"jobId":"70","jobTitle":"Software Engg - 2","jobDescription":"To develop andriod application and web application","experience":{"experience":"Nothing"},"project":null},{"jobId":"40","jobTitle":"LOS","jobDescription":"SOL","experience":{"experience":"Nothing"},"project":null},{"jobId":"32","jobTitle":"LOS","jobDescription":"SOL","experience":{"experience":"Nothing"},"project":null},{"jobId":"370","jobTitle":"IOS","jobDescription":"APPLE","experience":{"experience":"Nothing"},"project":null},{"jobId":"676","jobTitle":"IOS","jobDescription":"APPLE","experience":{"experience":"Nothing"},"project":null},{"jobId":"704","jobTitle":"IOS","jobDescription":"APPLE","experience":{"experience":"Nothing"},"project":null},{"jobId":"9980","jobTitle":"Data Analyst","jobDescription":"Develop machine learning models","experience":{"experience":"Nothing"},"project":null},{"jobId":"9980","jobTitle":"Data Analyst","jobDescription":"Develop machine learning models","experience":{"experience":"Nothing"},"project":null},{"jobId":"3","jobTitle":"Data Engg","jobDescription":"Create machine learning apps","experience":{"experience":["IBM","INTEL"]},"project":{"project":{"projectName":"SCASE","technology":{"technology":["Python","R"]}}}},{"jobId":"4","jobTitle":"QA Tester","jobDescription":"To develop andriod application","experience":{"experience":["RRD","ApD","MobileIron"]},"project":{"project":{"projectName":"Eccc","technology":{"technology":["Selenium","Robot"]}}}},{"jobId":"82","jobTitle":"Data Engg","jobDescription":"Create machine learning apps","experience":{"experience":["IBM","INTEL"]},"project":{"project":{"projectName":"SCASE","technology":{"technology":["Python","R"]}}}},{"jobId":"291","jobTitle":"QA Tester","jobDescription":"To develop andriod application","experience":{"experience":["RRD","ApD","MobileIron"]},"project":{"project":{"projectName":"Eccc","technology":{"technology":["Selenium","Robot"]}}}},{"jobId":"3","jobTitle":"Data Engg","jobDescription":"Create machine learning apps","experience":{"experience":["IBM","INTEL"]},"project":{"project":{"projectName":"SCASE","technology":{"technology":["Python","R"]}}}},{"jobId":"3","jobTitle":"Data Engg","jobDescription":"Create machine learning apps","experience":{"experience":["IBM","INTEL"]},"project":{"project":{"projectName":"SCASE","technology":{"technology":["Python","R"]}}}},{"jobId":"251","jobTitle":"LOS","jobDescription":"SOL","experience":{"experience":"Nothing"},"project":null}]
      <jobId>1</jobId>

classpath:com/api/automation/getrequest/ReadExternalFiles.feature:24
14:22:58.540 [pool-2-thread-1] INFO  com.intuit.karate - karate.env system property was: null 
14:22:58.539 [pool-2-thread-5] INFO  com.intuit.karate - karate.env system property was: null 
14:22:58.539 [pool-2-thread-2] INFO  com.intuit.karate - karate.env system property was: null 
14:22:58.614 [pool-2-thread-3] INFO  com.intuit.karate - karate.env system property was: null 
14:22:58.682 [pool-2-thread-2] DEBUG com.intuit.karate - request:
1 > GET http://localhost:9897/normal/webapi/all
1 > Accept: application/json
1 > Host: localhost:9897
1 > Connection: Keep-Alive
1 > User-Agent: Apache-HttpClient/4.5.14 (Java/16.0.1)
1 > Accept-Encoding: gzip,deflate


14:22:58.689 [pool-2-thread-1] DEBUG com.intuit.karate - request:
1 > GET http://localhost:9897/normal/webapi/all
1 > Accept: application/json
1 > Host: localhost:9897
1 > Connection: Keep-Alive
1 > User-Agent: Apache-HttpClient/4.5.14 (Java/16.0.1)
1 > Accept-Encoding: gzip,deflate


14:22:58.689 [pool-2-thread-5] DEBUG com.intuit.karate - request:
1 > GET http://localhost:9897/normal/webapi/all
1 > Accept: application/json
1 > Host: localhost:9897
1 > Connection: Keep-Alive
1 > User-Agent: Apache-HttpClient/4.5.14 (Java/16.0.1)
1 > Accept-Encoding: gzip,deflate


14:22:58.716 [pool-2-thread-2] DEBUG com.intuit.karate - response time in milliseconds: 30
1 < 200
1 < X-Content-Type-Options: nosniff
1 < X-XSS-Protection: 1; mode=block
1 < Cache-Control: no-cache, no-store, max-age=0, must-revalidate
1 < Pragma: no-cache
1 < Expires: 0
1 < X-Frame-Options: DENY
1 < Content-Type: application/json
1 < Transfer-Encoding: chunked
1 < Date: Thu, 27 Jun 2024 19:22:58 GMT
1 < Keep-Alive: timeout=60
1 < Connection: keep-alive
[{"jobId":1,"jobTitle":"Software Engg","jobDescription":"To develop andriod application","experience":["Google","Apple","Mobile Iron"],"project":[{"projectName":"Movie App","technology":["Kotlin","SQL Lite","Gradle"]}]},{"jobId":3,"jobTitle":"Data Engg","jobDescription":"Create machine learning apps","experience":["IBM","INTEL"],"project":[{"projectName":"SCASE","technology":["Python","R"]}]},{"jobId":4,"jobTitle":"Software Engg - 2","jobDescription":"To develop andriod application and web application","experience":["RRD","ApD","MobileIron"],"project":[{"projectName":"Eccc","technology":["Selenium","Robot"]}]},{"jobId":640,"jobTitle":"Data Engg","jobDescription":"Create machine learning apps","experience":["IBM","INTEL"],"project":[{"projectName":"SCASE","technology":["Python","R"]}]},{"jobId":430,"jobTitle":"QA Tester","jobDescription":"To develop andriod application","experience":["RRD","ApD","MobileIron"],"project":[{"projectName":"Eccc","technology":["Selenium","Robot"]}]},{"jobId":3,"jobTitle":"Data Engg","jobDescription":"Create machine learning apps","experience":["IBM","INTEL"],"project":[{"projectName":"SCASE","technology":["Python","R"]}]},{"jobId":3,"jobTitle":"Data Engg","jobDescription":"Create machine learning apps","experience":["IBM","INTEL"],"project":[{"projectName":"SCASE","technology":["Python","R"]}]},{"jobId":4,"jobTitle":"QA Tester","jobDescription":"To develop andriod application","experience":["RRD","ApD","MobileIron"],"project":[{"projectName":"Eccc","technology":["Selenium","Robot"]}]},{"jobId":404,"jobTitle":"Data Engg","jobDescription":"Create machine learning apps","experience":["IBM","INTEL"],"project":[{"projectName":"SCASE","technology":["Python","R"]}]},{"jobId":412,"jobTitle":"QA Tester","jobDescription":"To develop andriod application","experience":["RRD","ApD","MobileIron"],"project":[{"projectName":"Eccc","technology":["Selenium","Robot"]}]},{"jobId":3,"jobTitle":"Data Engg","jobDescription":"Create machine learning apps","experience":["IBM","INTEL"],"project":[{"projectName":"SCASE","technology":["Python","R"]}]},{"jobId":3,"jobTitle":"Data Engg","jobDescription":"Create machine learning apps","experience":["IBM","INTEL"],"project":[{"projectName":"SCASE","technology":["Python","R"]}]},{"jobId":4,"jobTitle":"QA Tester","jobDescription":"To develop andriod application","experience":["RRD","ApD","MobileIron"],"project":[{"projectName":"Eccc","technology":["Selenium","Robot"]}]},{"jobId":612,"jobTitle":"Data Engg","jobDescription":"Create machine learning apps","experience":["IBM","INTEL"],"project":[{"projectName":"SCASE","technology":["Python","R"]}]},{"jobId":124,"jobTitle":"QA Tester","jobDescription":"To develop andriod application","experience":["RRD","ApD","MobileIron"],"project":[{"projectName":"Eccc","technology":["Selenium","Robot"]}]},{"jobId":3,"jobTitle":"Data Engg","jobDescription":"Create machine learning apps","experience":["IBM","INTEL"],"project":[{"projectName":"SCASE","technology":["Python","R"]}]},{"jobId":3,"jobTitle":"Data Engg","jobDescription":"Create machine learning apps","experience":["IBM","INTEL"],"project":[{"projectName":"SCASE","technology":["Python","R"]}]},{"jobId":4,"jobTitle":"QA Tester","jobDescription":"To develop andriod application","experience":["RRD","ApD","MobileIron"],"project":[{"projectName":"Eccc","technology":["Selenium","Robot"]}]},{"jobId":27,"jobTitle":"Data Engg","jobDescription":"Create machine learning apps","experience":["IBM","INTEL"],"project":[{"projectName":"SCASE","technology":["Python","R"]}]},{"jobId":276,"jobTitle":"QA Tester","jobDescription":"To develop andriod application","experience":["RRD","ApD","MobileIron"],"project":[{"projectName":"Eccc","technology":["Selenium","Robot"]}]},{"jobId":3,"jobTitle":"Data Engg","jobDescription":"Create machine learning apps","experience":["IBM","INTEL"],"project":[{"projectName":"SCASE","technology":["Python","R"]}]},{"jobId":47,"jobTitle":"LOS","jobDescription":"SOL","experience":["Nothing"],"project":[]},{"jobId":99,"jobTitle":"LOS","jobDescription":"SOL","experience":["Nothing"],"project":[]},{"jobId":49,"jobTitle":"LOS","jobDescription":"SOL","experience":["Nothing"],"project":[]},{"jobId":99,"jobTitle":"LOS","jobDescription":"SOL","experience":["Nothing"],"project":[]},{"jobId":80,"jobTitle":"LOS","jobDescription":"SOL","experience":["Nothing"],"project":[]},{"jobId":0,"jobTitle":"LOS","jobDescription":"SOL","experience":["Nothing"],"project":[]},{"jobId":0,"jobTitle":"LOS","jobDescription":"SOL","experience":["Nothing"],"project":[]},{"jobId":0,"jobTitle":"LOS","jobDescription":"SOL","experience":["Nothing"],"project":[]},{"jobId":45,"jobTitle":"QA Tester","jobDescription":"Finding bugs","experience":["Nothing"],"project":[]},{"jobId":64,"jobTitle":"QA Tester","jobDescription":"Finding bugs","experience":["Nothing"],"project":[]},{"jobId":38,"jobTitle":"QA Tester","jobDescription":"Finding bugs","experience":["Nothing"],"project":[]},{"jobId":85,"jobTitle":"LOS","jobDescription":"SOL","experience":["Nothing"],"project":[]},{"jobId":9,"jobTitle":"QA Tester","jobDescription":"Finding bugs","experience":["Nothing"],"project":[]},{"jobId":85,"jobTitle":"LOS","jobDescription":"SOL","experience":["Nothing"],"project":[]},{"jobId":36,"jobTitle":"LOS","jobDescription":"SOL","experience":["Nothing"],"project":[]},{"jobId":41,"jobTitle":"QA Tester","jobDescription":"Finding bugs","experience":["Nothing"],"project":[]},{"jobId":42,"jobTitle":"LOS","jobDescription":"SOL","experience":["Nothing"],"project":[]},{"jobId":69,"jobTitle":"LOS","jobDescription":"SOL","experience":["Nothing"],"project":[]},{"jobId":13,"jobTitle":"LOS","jobDescription":"SOL","experience":["Nothing"],"project":[]},{"jobId":15,"jobTitle":"LOS","jobDescription":"To develop andriod application and web application","experience":["Nothing"],"project":[]},{"jobId":19,"jobTitle":"LOS","jobDescription":"To develop andriod application and web application","experience":["Nothing"],"project":[]},{"jobId":92,"jobTitle":"Software Engg - 2","jobDescription":"To develop andriod application and web application","experience":["Nothing"],"project":[]},{"jobId":54,"jobTitle":"LOS","jobDescription":"SOL","experience":["Nothing"],"project":[]},{"jobId":90,"jobTitle":"Software Engg - 2","jobDescription":"To develop andriod application and web application","experience":["Nothing"],"project":[]},{"jobId":38,"jobTitle":"LOS","jobDescription":"SOL","experience":["Nothing"],"project":[]},{"jobId":5,"jobTitle":"Software Engg - 2","jobDescription":"To develop andriod application","experience":["Google","Apple","Mobile Iron","Google"],"project":[{"projectName":"Movie App","technology":["Kotlin","SQL Lite","Gradle","Jenkins"]}]},{"jobId":623,"jobTitle":"Data Engg","jobDescription":"Create machine learning apps","experience":["IBM","INTEL"],"project":[{"projectName":"SCASE","technology":["Python","R"]}]},{"jobId":3,"jobTitle":"Data Engg","jobDescription":"Create machine learning apps","experience":["IBM","INTEL"],"project":[{"projectName":"SCASE","technology":["Python","R"]}]},{"jobId":4,"jobTitle":"QA Tester","jobDescription":"To develop andriod application","experience":["RRD","ApD","MobileIron"],"project":[{"projectName":"Eccc","technology":["Selenium","Robot"]}]},{"jobId":345,"jobTitle":"QA Tester","jobDescription":"To develop andriod application","experience":["RRD","ApD","MobileIron"],"project":[{"projectName":"Eccc","technology":["Selenium","Robot"]}]},{"jobId":7,"jobTitle":"Software Engg","jobDescription":"To develop andriod application","experience":["Google","Apple","Mobile Iron","Subex"],"project":[{"projectName":"Movie App","technology":["Kotlin","SQL Lite","Gradle","Jenkins"]}]},{"jobId":7,"jobTitle":"Software Engg","jobDescription":"To develop andriod application","experience":["Google","Apple","Mobile Iron","Subex"],"project":[{"projectName":"Movie App","technology":["Kotlin","SQL Lite","Gradle","Jenkins"]}]},{"jobId":50,"jobTitle":"Software Engg - 2","jobDescription":"To develop andriod application","experience":["Google","Apple","Mobile Iron","Google"],"project":[{"projectName":"Movie App","technology":["Kotlin","SQL Lite","Gradle","Jenkins"]}]},{"jobId":43,"jobTitle":"Software Engg","jobDescription":"To develop andriod application","experience":["Google","Apple","Mobile Iron","Subex"],"project":[{"projectName":"Movie App","technology":["Kotlin","SQL Lite","Gradle","Jenkins"]}]},{"jobId":19,"jobTitle":"LOS","jobDescription":"SOL","experience":["Nothing"],"project":[]},{"jobId":7,"jobTitle":"LOS","jobDescription":"SOL","experience":["Nothing"],"project":[]},{"jobId":3,"jobTitle":"Data Engg","jobDescription":"Create machine learning apps","experience":["IBM","INTEL"],"project":[{"projectName":"SCASE","technology":["Python","R"]}]},{"jobId":5,"jobTitle":"Software Engg - 2","jobDescription":"To develop andriod application","experience":["Google","Apple","Mobile Iron","Google"],"project":[{"projectName":"Movie App","technology":["Kotlin","SQL Lite","Gradle","Jenkins"]}]},{"jobId":4,"jobTitle":"QA Tester","jobDescription":"To develop andriod application","experience":["RRD","ApD","MobileIron"],"project":[{"projectName":"Eccc","technology":["Selenium","Robot"]}]},{"jobId":135,"jobTitle":"Data Engg","jobDescription":"Create machine learning apps","experience":["IBM","INTEL"],"project":[{"projectName":"SCASE","technology":["Python","R"]}]},{"jobId":647,"jobTitle":"QA Tester","jobDescription":"To develop andriod application","experience":["RRD","ApD","MobileIron"],"project":[{"projectName":"Eccc","technology":["Selenium","Robot"]}]},{"jobId":7,"jobTitle":"Software Engg","jobDescription":"To develop andriod application","experience":["Google","Apple","Mobile Iron","Subex"],"project":[{"projectName":"Movie App","technology":["Kotlin","SQL Lite","Gradle","Jenkins"]}]},{"jobId":7,"jobTitle":"Software Engg","jobDescription":"To develop andriod application","experience":["Google","Apple","Mobile Iron","Subex"],"project":[{"projectName":"Movie App","technology":["Kotlin","SQL Lite","Gradle","Jenkins"]}]},{"jobId":36,"jobTitle":"Software Engg - 2","jobDescription":"To develop andriod application","experience":["Google","Apple","Mobile Iron","Google"],"project":[{"projectName":"Movie App","technology":["Kotlin","SQL Lite","Gradle","Jenkins"]}]},{"jobId":6,"jobTitle":"Software Engg","jobDescription":"To develop andriod application","experience":["Google","Apple","Mobile Iron","Subex"],"project":[{"projectName":"Movie App","technology":["Kotlin","SQL Lite","Gradle","Jenkins"]}]},{"jobId":40,"jobTitle":"LOS","jobDescription":"SOL","experience":["Nothing"],"project":[]},{"jobId":59,"jobTitle":"LOS","jobDescription":"SOL","experience":["Nothing"],"project":[]},{"jobId":80,"jobTitle":"LOS","jobDescription":"SOL","experience":["Nothing"],"project":[]},{"jobId":4,"jobTitle":"LOS","jobDescription":"SOL","experience":["Nothing"],"project":[]},{"jobId":33,"jobTitle":"LOS","jobDescription":"SOL","experience":["Nothing"],"project":[]},{"jobId":70,"jobTitle":"Software Engg - 2","jobDescription":"To develop andriod application and web application","experience":["Nothing"],"project":[]},{"jobId":40,"jobTitle":"LOS","jobDescription":"SOL","experience":["Nothing"],"project":[]},{"jobId":32,"jobTitle":"LOS","jobDescription":"SOL","experience":["Nothing"],"project":[]},{"jobId":370,"jobTitle":"IOS","jobDescription":"APPLE","experience":["Nothing"],"project":[]},{"jobId":676,"jobTitle":"IOS","jobDescription":"APPLE","experience":["Nothing"],"project":[]},{"jobId":704,"jobTitle":"IOS","jobDescription":"APPLE","experience":["Nothing"],"project":[]},{"jobId":9980,"jobTitle":"Data Analyst","jobDescription":"Develop machine learning models","experience":["Nothing"],"project":[]},{"jobId":9980,"jobTitle":"Data Analyst","jobDescription":"Develop machine learning models","experience":["Nothing"],"project":[]},{"jobId":3,"jobTitle":"Data Engg","jobDescription":"Create machine learning apps","experience":["IBM","INTEL"],"project":[{"projectName":"SCASE","technology":["Python","R"]}]},{"jobId":4,"jobTitle":"QA Tester","jobDescription":"To develop andriod application","experience":["RRD","ApD","MobileIron"],"project":[{"projectName":"Eccc","technology":["Selenium","Robot"]}]},{"jobId":82,"jobTitle":"Data Engg","jobDescription":"Create machine learning apps","experience":["IBM","INTEL"],"project":[{"projectName":"SCASE","technology":["Python","R"]}]},{"jobId":291,"jobTitle":"QA Tester","jobDescription":"To develop andriod application","experience":["RRD","ApD","MobileIron"],"project":[{"projectName":"Eccc","technology":["Selenium","Robot"]}]},{"jobId":3,"jobTitle":"Data Engg","jobDescription":"Create machine learning apps","experience":["IBM","INTEL"],"project":[{"projectName":"SCASE","technology":["Python","R"]}]},{"jobId":3,"jobTitle":"Data Engg","jobDescription":"Create machine learning apps","experience":["IBM","INTEL"],"project":[{"projectName":"SCASE","technology":["Python","R"]}]},{"jobId":251,"jobTitle":"LOS","jobDescription":"SOL","experience":["Nothing"],"project":[]},{"jobId":19,"jobTitle":"LOS","jobDescription":"SOL","experience":["Nothing"],"project":[]}]

14:22:58.716 [pool-2-thread-5] DEBUG com.intuit.karate - response time in milliseconds: 21
1 < 200
1 < X-Content-Type-Options: nosniff
1 < X-XSS-Protection: 1; mode=block
1 < Cache-Control: no-cache, no-store, max-age=0, must-revalidate
1 < Pragma: no-cache
1 < Expires: 0
1 < X-Frame-Options: DENY
1 < Content-Type: application/json
1 < Transfer-Encoding: chunked
1 < Date: Thu, 27 Jun 2024 19:22:58 GMT
1 < Keep-Alive: timeout=60
1 < Connection: keep-alive
[{"jobId":1,"jobTitle":"Software Engg","jobDescription":"To develop andriod application","experience":["Google","Apple","Mobile Iron"],"project":[{"projectName":"Movie App","technology":["Kotlin","SQL Lite","Gradle"]}]},{"jobId":3,"jobTitle":"Data Engg","jobDescription":"Create machine learning apps","experience":["IBM","INTEL"],"project":[{"projectName":"SCASE","technology":["Python","R"]}]},{"jobId":4,"jobTitle":"Software Engg - 2","jobDescription":"To develop andriod application and web application","experience":["RRD","ApD","MobileIron"],"project":[{"projectName":"Eccc","technology":["Selenium","Robot"]}]},{"jobId":640,"jobTitle":"Data Engg","jobDescription":"Create machine learning apps","experience":["IBM","INTEL"],"project":[{"projectName":"SCASE","technology":["Python","R"]}]},{"jobId":430,"jobTitle":"QA Tester","jobDescription":"To develop andriod application","experience":["RRD","ApD","MobileIron"],"project":[{"projectName":"Eccc","technology":["Selenium","Robot"]}]},{"jobId":3,"jobTitle":"Data Engg","jobDescription":"Create machine learning apps","experience":["IBM","INTEL"],"project":[{"projectName":"SCASE","technology":["Python","R"]}]},{"jobId":3,"jobTitle":"Data Engg","jobDescription":"Create machine learning apps","experience":["IBM","INTEL"],"project":[{"projectName":"SCASE","technology":["Python","R"]}]},{"jobId":4,"jobTitle":"QA Tester","jobDescription":"To develop andriod application","experience":["RRD","ApD","MobileIron"],"project":[{"projectName":"Eccc","technology":["Selenium","Robot"]}]},{"jobId":404,"jobTitle":"Data Engg","jobDescription":"Create machine learning apps","experience":["IBM","INTEL"],"project":[{"projectName":"SCASE","technology":["Python","R"]}]},{"jobId":412,"jobTitle":"QA Tester","jobDescription":"To develop andriod application","experience":["RRD","ApD","MobileIron"],"project":[{"projectName":"Eccc","technology":["Selenium","Robot"]}]},{"jobId":3,"jobTitle":"Data Engg","jobDescription":"Create machine learning apps","experience":["IBM","INTEL"],"project":[{"projectName":"SCASE","technology":["Python","R"]}]},{"jobId":3,"jobTitle":"Data Engg","jobDescription":"Create machine learning apps","experience":["IBM","INTEL"],"project":[{"projectName":"SCASE","technology":["Python","R"]}]},{"jobId":4,"jobTitle":"QA Tester","jobDescription":"To develop andriod application","experience":["RRD","ApD","MobileIron"],"project":[{"projectName":"Eccc","technology":["Selenium","Robot"]}]},{"jobId":612,"jobTitle":"Data Engg","jobDescription":"Create machine learning apps","experience":["IBM","INTEL"],"project":[{"projectName":"SCASE","technology":["Python","R"]}]},{"jobId":124,"jobTitle":"QA Tester","jobDescription":"To develop andriod application","experience":["RRD","ApD","MobileIron"],"project":[{"projectName":"Eccc","technology":["Selenium","Robot"]}]},{"jobId":3,"jobTitle":"Data Engg","jobDescription":"Create machine learning apps","experience":["IBM","INTEL"],"project":[{"projectName":"SCASE","technology":["Python","R"]}]},{"jobId":3,"jobTitle":"Data Engg","jobDescription":"Create machine learning apps","experience":["IBM","INTEL"],"project":[{"projectName":"SCASE","technology":["Python","R"]}]},{"jobId":4,"jobTitle":"QA Tester","jobDescription":"To develop andriod application","experience":["RRD","ApD","MobileIron"],"project":[{"projectName":"Eccc","technology":["Selenium","Robot"]}]},{"jobId":27,"jobTitle":"Data Engg","jobDescription":"Create machine learning apps","experience":["IBM","INTEL"],"project":[{"projectName":"SCASE","technology":["Python","R"]}]},{"jobId":276,"jobTitle":"QA Tester","jobDescription":"To develop andriod application","experience":["RRD","ApD","MobileIron"],"project":[{"projectName":"Eccc","technology":["Selenium","Robot"]}]},{"jobId":3,"jobTitle":"Data Engg","jobDescription":"Create machine learning apps","experience":["IBM","INTEL"],"project":[{"projectName":"SCASE","technology":["Python","R"]}]},{"jobId":47,"jobTitle":"LOS","jobDescription":"SOL","experience":["Nothing"],"project":[]},{"jobId":99,"jobTitle":"LOS","jobDescription":"SOL","experience":["Nothing"],"project":[]},{"jobId":49,"jobTitle":"LOS","jobDescription":"SOL","experience":["Nothing"],"project":[]},{"jobId":99,"jobTitle":"LOS","jobDescription":"SOL","experience":["Nothing"],"project":[]},{"jobId":80,"jobTitle":"LOS","jobDescription":"SOL","experience":["Nothing"],"project":[]},{"jobId":0,"jobTitle":"LOS","jobDescription":"SOL","experience":["Nothing"],"project":[]},{"jobId":0,"jobTitle":"LOS","jobDescription":"SOL","experience":["Nothing"],"project":[]},{"jobId":0,"jobTitle":"LOS","jobDescription":"SOL","experience":["Nothing"],"project":[]},{"jobId":45,"jobTitle":"QA Tester","jobDescription":"Finding bugs","experience":["Nothing"],"project":[]},{"jobId":64,"jobTitle":"QA Tester","jobDescription":"Finding bugs","experience":["Nothing"],"project":[]},{"jobId":38,"jobTitle":"QA Tester","jobDescription":"Finding bugs","experience":["Nothing"],"project":[]},{"jobId":85,"jobTitle":"LOS","jobDescription":"SOL","experience":["Nothing"],"project":[]},{"jobId":9,"jobTitle":"QA Tester","jobDescription":"Finding bugs","experience":["Nothing"],"project":[]},{"jobId":85,"jobTitle":"LOS","jobDescription":"SOL","experience":["Nothing"],"project":[]},{"jobId":36,"jobTitle":"LOS","jobDescription":"SOL","experience":["Nothing"],"project":[]},{"jobId":41,"jobTitle":"QA Tester","jobDescription":"Finding bugs","experience":["Nothing"],"project":[]},{"jobId":42,"jobTitle":"LOS","jobDescription":"SOL","experience":["Nothing"],"project":[]},{"jobId":69,"jobTitle":"LOS","jobDescription":"SOL","experience":["Nothing"],"project":[]},{"jobId":13,"jobTitle":"LOS","jobDescription":"SOL","experience":["Nothing"],"project":[]},{"jobId":15,"jobTitle":"LOS","jobDescription":"To develop andriod application and web application","experience":["Nothing"],"project":[]},{"jobId":19,"jobTitle":"LOS","jobDescription":"To develop andriod application and web application","experience":["Nothing"],"project":[]},{"jobId":92,"jobTitle":"Software Engg - 2","jobDescription":"To develop andriod application and web application","experience":["Nothing"],"project":[]},{"jobId":54,"jobTitle":"LOS","jobDescription":"SOL","experience":["Nothing"],"project":[]},{"jobId":90,"jobTitle":"Software Engg - 2","jobDescription":"To develop andriod application and web application","experience":["Nothing"],"project":[]},{"jobId":38,"jobTitle":"LOS","jobDescription":"SOL","experience":["Nothing"],"project":[]},{"jobId":5,"jobTitle":"Software Engg - 2","jobDescription":"To develop andriod application","experience":["Google","Apple","Mobile Iron","Google"],"project":[{"projectName":"Movie App","technology":["Kotlin","SQL Lite","Gradle","Jenkins"]}]},{"jobId":623,"jobTitle":"Data Engg","jobDescription":"Create machine learning apps","experience":["IBM","INTEL"],"project":[{"projectName":"SCASE","technology":["Python","R"]}]},{"jobId":3,"jobTitle":"Data Engg","jobDescription":"Create machine learning apps","experience":["IBM","INTEL"],"project":[{"projectName":"SCASE","technology":["Python","R"]}]},{"jobId":4,"jobTitle":"QA Tester","jobDescription":"To develop andriod application","experience":["RRD","ApD","MobileIron"],"project":[{"projectName":"Eccc","technology":["Selenium","Robot"]}]},{"jobId":345,"jobTitle":"QA Tester","jobDescription":"To develop andriod application","experience":["RRD","ApD","MobileIron"],"project":[{"projectName":"Eccc","technology":["Selenium","Robot"]}]},{"jobId":7,"jobTitle":"Software Engg","jobDescription":"To develop andriod application","experience":["Google","Apple","Mobile Iron","Subex"],"project":[{"projectName":"Movie App","technology":["Kotlin","SQL Lite","Gradle","Jenkins"]}]},{"jobId":7,"jobTitle":"Software Engg","jobDescription":"To develop andriod application","experience":["Google","Apple","Mobile Iron","Subex"],"project":[{"projectName":"Movie App","technology":["Kotlin","SQL Lite","Gradle","Jenkins"]}]},{"jobId":50,"jobTitle":"Software Engg - 2","jobDescription":"To develop andriod application","experience":["Google","Apple","Mobile Iron","Google"],"project":[{"projectName":"Movie App","technology":["Kotlin","SQL Lite","Gradle","Jenkins"]}]},{"jobId":43,"jobTitle":"Software Engg","jobDescription":"To develop andriod application","experience":["Google","Apple","Mobile Iron","Subex"],"project":[{"projectName":"Movie App","technology":["Kotlin","SQL Lite","Gradle","Jenkins"]}]},{"jobId":19,"jobTitle":"LOS","jobDescription":"SOL","experience":["Nothing"],"project":[]},{"jobId":7,"jobTitle":"LOS","jobDescription":"SOL","experience":["Nothing"],"project":[]},{"jobId":3,"jobTitle":"Data Engg","jobDescription":"Create machine learning apps","experience":["IBM","INTEL"],"project":[{"projectName":"SCASE","technology":["Python","R"]}]},{"jobId":5,"jobTitle":"Software Engg - 2","jobDescription":"To develop andriod application","experience":["Google","Apple","Mobile Iron","Google"],"project":[{"projectName":"Movie App","technology":["Kotlin","SQL Lite","Gradle","Jenkins"]}]},{"jobId":4,"jobTitle":"QA Tester","jobDescription":"To develop andriod application","experience":["RRD","ApD","MobileIron"],"project":[{"projectName":"Eccc","technology":["Selenium","Robot"]}]},{"jobId":135,"jobTitle":"Data Engg","jobDescription":"Create machine learning apps","experience":["IBM","INTEL"],"project":[{"projectName":"SCASE","technology":["Python","R"]}]},{"jobId":647,"jobTitle":"QA Tester","jobDescription":"To develop andriod application","experience":["RRD","ApD","MobileIron"],"project":[{"projectName":"Eccc","technology":["Selenium","Robot"]}]},{"jobId":7,"jobTitle":"Software Engg","jobDescription":"To develop andriod application","experience":["Google","Apple","Mobile Iron","Subex"],"project":[{"projectName":"Movie App","technology":["Kotlin","SQL Lite","Gradle","Jenkins"]}]},{"jobId":7,"jobTitle":"Software Engg","jobDescription":"To develop andriod application","experience":["Google","Apple","Mobile Iron","Subex"],"project":[{"projectName":"Movie App","technology":["Kotlin","SQL Lite","Gradle","Jenkins"]}]},{"jobId":36,"jobTitle":"Software Engg - 2","jobDescription":"To develop andriod application","experience":["Google","Apple","Mobile Iron","Google"],"project":[{"projectName":"Movie App","technology":["Kotlin","SQL Lite","Gradle","Jenkins"]}]},{"jobId":6,"jobTitle":"Software Engg","jobDescription":"To develop andriod application","experience":["Google","Apple","Mobile Iron","Subex"],"project":[{"projectName":"Movie App","technology":["Kotlin","SQL Lite","Gradle","Jenkins"]}]},{"jobId":40,"jobTitle":"LOS","jobDescription":"SOL","experience":["Nothing"],"project":[]},{"jobId":59,"jobTitle":"LOS","jobDescription":"SOL","experience":["Nothing"],"project":[]},{"jobId":80,"jobTitle":"LOS","jobDescription":"SOL","experience":["Nothing"],"project":[]},{"jobId":4,"jobTitle":"LOS","jobDescription":"SOL","experience":["Nothing"],"project":[]},{"jobId":33,"jobTitle":"LOS","jobDescription":"SOL","experience":["Nothing"],"project":[]},{"jobId":70,"jobTitle":"Software Engg - 2","jobDescription":"To develop andriod application and web application","experience":["Nothing"],"project":[]},{"jobId":40,"jobTitle":"LOS","jobDescription":"SOL","experience":["Nothing"],"project":[]},{"jobId":32,"jobTitle":"LOS","jobDescription":"SOL","experience":["Nothing"],"project":[]},{"jobId":370,"jobTitle":"IOS","jobDescription":"APPLE","experience":["Nothing"],"project":[]},{"jobId":676,"jobTitle":"IOS","jobDescription":"APPLE","experience":["Nothing"],"project":[]},{"jobId":704,"jobTitle":"IOS","jobDescription":"APPLE","experience":["Nothing"],"project":[]},{"jobId":9980,"jobTitle":"Data Analyst","jobDescription":"Develop machine learning models","experience":["Nothing"],"project":[]},{"jobId":9980,"jobTitle":"Data Analyst","jobDescription":"Develop machine learning models","experience":["Nothing"],"project":[]},{"jobId":3,"jobTitle":"Data Engg","jobDescription":"Create machine learning apps","experience":["IBM","INTEL"],"project":[{"projectName":"SCASE","technology":["Python","R"]}]},{"jobId":4,"jobTitle":"QA Tester","jobDescription":"To develop andriod application","experience":["RRD","ApD","MobileIron"],"project":[{"projectName":"Eccc","technology":["Selenium","Robot"]}]},{"jobId":82,"jobTitle":"Data Engg","jobDescription":"Create machine learning apps","experience":["IBM","INTEL"],"project":[{"projectName":"SCASE","technology":["Python","R"]}]},{"jobId":291,"jobTitle":"QA Tester","jobDescription":"To develop andriod application","experience":["RRD","ApD","MobileIron"],"project":[{"projectName":"Eccc","technology":["Selenium","Robot"]}]},{"jobId":3,"jobTitle":"Data Engg","jobDescription":"Create machine learning apps","experience":["IBM","INTEL"],"project":[{"projectName":"SCASE","technology":["Python","R"]}]},{"jobId":3,"jobTitle":"Data Engg","jobDescription":"Create machine learning apps","experience":["IBM","INTEL"],"project":[{"projectName":"SCASE","technology":["Python","R"]}]},{"jobId":251,"jobTitle":"LOS","jobDescription":"SOL","experience":["Nothing"],"project":[]},{"jobId":19,"jobTitle":"LOS","jobDescription":"SOL","experience":["Nothing"],"project":[]}]

14:22:58.715 [pool-2-thread-1] DEBUG com.intuit.karate - response time in milliseconds: 19
1 < 200
1 < X-Content-Type-Options: nosniff
1 < X-XSS-Protection: 1; mode=block
1 < Cache-Control: no-cache, no-store, max-age=0, must-revalidate
1 < Pragma: no-cache
1 < Expires: 0
1 < X-Frame-Options: DENY
1 < Content-Type: application/json
1 < Transfer-Encoding: chunked
1 < Date: Thu, 27 Jun 2024 19:22:58 GMT
1 < Keep-Alive: timeout=60
1 < Connection: keep-alive
[{"jobId":1,"jobTitle":"Software Engg","jobDescription":"To develop andriod application","experience":["Google","Apple","Mobile Iron"],"project":[{"projectName":"Movie App","technology":["Kotlin","SQL Lite","Gradle"]}]},{"jobId":3,"jobTitle":"Data Engg","jobDescription":"Create machine learning apps","experience":["IBM","INTEL"],"project":[{"projectName":"SCASE","technology":["Python","R"]}]},{"jobId":4,"jobTitle":"Software Engg - 2","jobDescription":"To develop andriod application and web application","experience":["RRD","ApD","MobileIron"],"project":[{"projectName":"Eccc","technology":["Selenium","Robot"]}]},{"jobId":640,"jobTitle":"Data Engg","jobDescription":"Create machine learning apps","experience":["IBM","INTEL"],"project":[{"projectName":"SCASE","technology":["Python","R"]}]},{"jobId":430,"jobTitle":"QA Tester","jobDescription":"To develop andriod application","experience":["RRD","ApD","MobileIron"],"project":[{"projectName":"Eccc","technology":["Selenium","Robot"]}]},{"jobId":3,"jobTitle":"Data Engg","jobDescription":"Create machine learning apps","experience":["IBM","INTEL"],"project":[{"projectName":"SCASE","technology":["Python","R"]}]},{"jobId":3,"jobTitle":"Data Engg","jobDescription":"Create machine learning apps","experience":["IBM","INTEL"],"project":[{"projectName":"SCASE","technology":["Python","R"]}]},{"jobId":4,"jobTitle":"QA Tester","jobDescription":"To develop andriod application","experience":["RRD","ApD","MobileIron"],"project":[{"projectName":"Eccc","technology":["Selenium","Robot"]}]},{"jobId":404,"jobTitle":"Data Engg","jobDescription":"Create machine learning apps","experience":["IBM","INTEL"],"project":[{"projectName":"SCASE","technology":["Python","R"]}]},{"jobId":412,"jobTitle":"QA Tester","jobDescription":"To develop andriod application","experience":["RRD","ApD","MobileIron"],"project":[{"projectName":"Eccc","technology":["Selenium","Robot"]}]},{"jobId":3,"jobTitle":"Data Engg","jobDescription":"Create machine learning apps","experience":["IBM","INTEL"],"project":[{"projectName":"SCASE","technology":["Python","R"]}]},{"jobId":3,"jobTitle":"Data Engg","jobDescription":"Create machine learning apps","experience":["IBM","INTEL"],"project":[{"projectName":"SCASE","technology":["Python","R"]}]},{"jobId":4,"jobTitle":"QA Tester","jobDescription":"To develop andriod application","experience":["RRD","ApD","MobileIron"],"project":[{"projectName":"Eccc","technology":["Selenium","Robot"]}]},{"jobId":612,"jobTitle":"Data Engg","jobDescription":"Create machine learning apps","experience":["IBM","INTEL"],"project":[{"projectName":"SCASE","technology":["Python","R"]}]},{"jobId":124,"jobTitle":"QA Tester","jobDescription":"To develop andriod application","experience":["RRD","ApD","MobileIron"],"project":[{"projectName":"Eccc","technology":["Selenium","Robot"]}]},{"jobId":3,"jobTitle":"Data Engg","jobDescription":"Create machine learning apps","experience":["IBM","INTEL"],"project":[{"projectName":"SCASE","technology":["Python","R"]}]},{"jobId":3,"jobTitle":"Data Engg","jobDescription":"Create machine learning apps","experience":["IBM","INTEL"],"project":[{"projectName":"SCASE","technology":["Python","R"]}]},{"jobId":4,"jobTitle":"QA Tester","jobDescription":"To develop andriod application","experience":["RRD","ApD","MobileIron"],"project":[{"projectName":"Eccc","technology":["Selenium","Robot"]}]},{"jobId":27,"jobTitle":"Data Engg","jobDescription":"Create machine learning apps","experience":["IBM","INTEL"],"project":[{"projectName":"SCASE","technology":["Python","R"]}]},{"jobId":276,"jobTitle":"QA Tester","jobDescription":"To develop andriod application","experience":["RRD","ApD","MobileIron"],"project":[{"projectName":"Eccc","technology":["Selenium","Robot"]}]},{"jobId":3,"jobTitle":"Data Engg","jobDescription":"Create machine learning apps","experience":["IBM","INTEL"],"project":[{"projectName":"SCASE","technology":["Python","R"]}]},{"jobId":47,"jobTitle":"LOS","jobDescription":"SOL","experience":["Nothing"],"project":[]},{"jobId":99,"jobTitle":"LOS","jobDescription":"SOL","experience":["Nothing"],"project":[]},{"jobId":49,"jobTitle":"LOS","jobDescription":"SOL","experience":["Nothing"],"project":[]},{"jobId":99,"jobTitle":"LOS","jobDescription":"SOL","experience":["Nothing"],"project":[]},{"jobId":80,"jobTitle":"LOS","jobDescription":"SOL","experience":["Nothing"],"project":[]},{"jobId":0,"jobTitle":"LOS","jobDescription":"SOL","experience":["Nothing"],"project":[]},{"jobId":0,"jobTitle":"LOS","jobDescription":"SOL","experience":["Nothing"],"project":[]},{"jobId":0,"jobTitle":"LOS","jobDescription":"SOL","experience":["Nothing"],"project":[]},{"jobId":45,"jobTitle":"QA Tester","jobDescription":"Finding bugs","experience":["Nothing"],"project":[]},{"jobId":64,"jobTitle":"QA Tester","jobDescription":"Finding bugs","experience":["Nothing"],"project":[]},{"jobId":38,"jobTitle":"QA Tester","jobDescription":"Finding bugs","experience":["Nothing"],"project":[]},{"jobId":85,"jobTitle":"LOS","jobDescription":"SOL","experience":["Nothing"],"project":[]},{"jobId":9,"jobTitle":"QA Tester","jobDescription":"Finding bugs","experience":["Nothing"],"project":[]},{"jobId":85,"jobTitle":"LOS","jobDescription":"SOL","experience":["Nothing"],"project":[]},{"jobId":36,"jobTitle":"LOS","jobDescription":"SOL","experience":["Nothing"],"project":[]},{"jobId":41,"jobTitle":"QA Tester","jobDescription":"Finding bugs","experience":["Nothing"],"project":[]},{"jobId":42,"jobTitle":"LOS","jobDescription":"SOL","experience":["Nothing"],"project":[]},{"jobId":69,"jobTitle":"LOS","jobDescription":"SOL","experience":["Nothing"],"project":[]},{"jobId":13,"jobTitle":"LOS","jobDescription":"SOL","experience":["Nothing"],"project":[]},{"jobId":15,"jobTitle":"LOS","jobDescription":"To develop andriod application and web application","experience":["Nothing"],"project":[]},{"jobId":19,"jobTitle":"LOS","jobDescription":"To develop andriod application and web application","experience":["Nothing"],"project":[]},{"jobId":92,"jobTitle":"Software Engg - 2","jobDescription":"To develop andriod application and web application","experience":["Nothing"],"project":[]},{"jobId":54,"jobTitle":"LOS","jobDescription":"SOL","experience":["Nothing"],"project":[]},{"jobId":90,"jobTitle":"Software Engg - 2","jobDescription":"To develop andriod application and web application","experience":["Nothing"],"project":[]},{"jobId":38,"jobTitle":"LOS","jobDescription":"SOL","experience":["Nothing"],"project":[]},{"jobId":5,"jobTitle":"Software Engg - 2","jobDescription":"To develop andriod application","experience":["Google","Apple","Mobile Iron","Google"],"project":[{"projectName":"Movie App","technology":["Kotlin","SQL Lite","Gradle","Jenkins"]}]},{"jobId":623,"jobTitle":"Data Engg","jobDescription":"Create machine learning apps","experience":["IBM","INTEL"],"project":[{"projectName":"SCASE","technology":["Python","R"]}]},{"jobId":3,"jobTitle":"Data Engg","jobDescription":"Create machine learning apps","experience":["IBM","INTEL"],"project":[{"projectName":"SCASE","technology":["Python","R"]}]},{"jobId":4,"jobTitle":"QA Tester","jobDescription":"To develop andriod application","experience":["RRD","ApD","MobileIron"],"project":[{"projectName":"Eccc","technology":["Selenium","Robot"]}]},{"jobId":345,"jobTitle":"QA Tester","jobDescription":"To develop andriod application","experience":["RRD","ApD","MobileIron"],"project":[{"projectName":"Eccc","technology":["Selenium","Robot"]}]},{"jobId":7,"jobTitle":"Software Engg","jobDescription":"To develop andriod application","experience":["Google","Apple","Mobile Iron","Subex"],"project":[{"projectName":"Movie App","technology":["Kotlin","SQL Lite","Gradle","Jenkins"]}]},{"jobId":7,"jobTitle":"Software Engg","jobDescription":"To develop andriod application","experience":["Google","Apple","Mobile Iron","Subex"],"project":[{"projectName":"Movie App","technology":["Kotlin","SQL Lite","Gradle","Jenkins"]}]},{"jobId":50,"jobTitle":"Software Engg - 2","jobDescription":"To develop andriod application","experience":["Google","Apple","Mobile Iron","Google"],"project":[{"projectName":"Movie App","technology":["Kotlin","SQL Lite","Gradle","Jenkins"]}]},{"jobId":43,"jobTitle":"Software Engg","jobDescription":"To develop andriod application","experience":["Google","Apple","Mobile Iron","Subex"],"project":[{"projectName":"Movie App","technology":["Kotlin","SQL Lite","Gradle","Jenkins"]}]},{"jobId":19,"jobTitle":"LOS","jobDescription":"SOL","experience":["Nothing"],"project":[]},{"jobId":7,"jobTitle":"LOS","jobDescription":"SOL","experience":["Nothing"],"project":[]},{"jobId":3,"jobTitle":"Data Engg","jobDescription":"Create machine learning apps","experience":["IBM","INTEL"],"project":[{"projectName":"SCASE","technology":["Python","R"]}]},{"jobId":5,"jobTitle":"Software Engg - 2","jobDescription":"To develop andriod application","experience":["Google","Apple","Mobile Iron","Google"],"project":[{"projectName":"Movie App","technology":["Kotlin","SQL Lite","Gradle","Jenkins"]}]},{"jobId":4,"jobTitle":"QA Tester","jobDescription":"To develop andriod application","experience":["RRD","ApD","MobileIron"],"project":[{"projectName":"Eccc","technology":["Selenium","Robot"]}]},{"jobId":135,"jobTitle":"Data Engg","jobDescription":"Create machine learning apps","experience":["IBM","INTEL"],"project":[{"projectName":"SCASE","technology":["Python","R"]}]},{"jobId":647,"jobTitle":"QA Tester","jobDescription":"To develop andriod application","experience":["RRD","ApD","MobileIron"],"project":[{"projectName":"Eccc","technology":["Selenium","Robot"]}]},{"jobId":7,"jobTitle":"Software Engg","jobDescription":"To develop andriod application","experience":["Google","Apple","Mobile Iron","Subex"],"project":[{"projectName":"Movie App","technology":["Kotlin","SQL Lite","Gradle","Jenkins"]}]},{"jobId":7,"jobTitle":"Software Engg","jobDescription":"To develop andriod application","experience":["Google","Apple","Mobile Iron","Subex"],"project":[{"projectName":"Movie App","technology":["Kotlin","SQL Lite","Gradle","Jenkins"]}]},{"jobId":36,"jobTitle":"Software Engg - 2","jobDescription":"To develop andriod application","experience":["Google","Apple","Mobile Iron","Google"],"project":[{"projectName":"Movie App","technology":["Kotlin","SQL Lite","Gradle","Jenkins"]}]},{"jobId":6,"jobTitle":"Software Engg","jobDescription":"To develop andriod application","experience":["Google","Apple","Mobile Iron","Subex"],"project":[{"projectName":"Movie App","technology":["Kotlin","SQL Lite","Gradle","Jenkins"]}]},{"jobId":40,"jobTitle":"LOS","jobDescription":"SOL","experience":["Nothing"],"project":[]},{"jobId":59,"jobTitle":"LOS","jobDescription":"SOL","experience":["Nothing"],"project":[]},{"jobId":80,"jobTitle":"LOS","jobDescription":"SOL","experience":["Nothing"],"project":[]},{"jobId":4,"jobTitle":"LOS","jobDescription":"SOL","experience":["Nothing"],"project":[]},{"jobId":33,"jobTitle":"LOS","jobDescription":"SOL","experience":["Nothing"],"project":[]},{"jobId":70,"jobTitle":"Software Engg - 2","jobDescription":"To develop andriod application and web application","experience":["Nothing"],"project":[]},{"jobId":40,"jobTitle":"LOS","jobDescription":"SOL","experience":["Nothing"],"project":[]},{"jobId":32,"jobTitle":"LOS","jobDescription":"SOL","experience":["Nothing"],"project":[]},{"jobId":370,"jobTitle":"IOS","jobDescription":"APPLE","experience":["Nothing"],"project":[]},{"jobId":676,"jobTitle":"IOS","jobDescription":"APPLE","experience":["Nothing"],"project":[]},{"jobId":704,"jobTitle":"IOS","jobDescription":"APPLE","experience":["Nothing"],"project":[]},{"jobId":9980,"jobTitle":"Data Analyst","jobDescription":"Develop machine learning models","experience":["Nothing"],"project":[]},{"jobId":9980,"jobTitle":"Data Analyst","jobDescription":"Develop machine learning models","experience":["Nothing"],"project":[]},{"jobId":3,"jobTitle":"Data Engg","jobDescription":"Create machine learning apps","experience":["IBM","INTEL"],"project":[{"projectName":"SCASE","technology":["Python","R"]}]},{"jobId":4,"jobTitle":"QA Tester","jobDescription":"To develop andriod application","experience":["RRD","ApD","MobileIron"],"project":[{"projectName":"Eccc","technology":["Selenium","Robot"]}]},{"jobId":82,"jobTitle":"Data Engg","jobDescription":"Create machine learning apps","experience":["IBM","INTEL"],"project":[{"projectName":"SCASE","technology":["Python","R"]}]},{"jobId":291,"jobTitle":"QA Tester","jobDescription":"To develop andriod application","experience":["RRD","ApD","MobileIron"],"project":[{"projectName":"Eccc","technology":["Selenium","Robot"]}]},{"jobId":3,"jobTitle":"Data Engg","jobDescription":"Create machine learning apps","experience":["IBM","INTEL"],"project":[{"projectName":"SCASE","technology":["Python","R"]}]},{"jobId":3,"jobTitle":"Data Engg","jobDescription":"Create machine learning apps","experience":["IBM","INTEL"],"project":[{"projectName":"SCASE","technology":["Python","R"]}]},{"jobId":251,"jobTitle":"LOS","jobDescription":"SOL","experience":["Nothing"],"project":[]},{"jobId":19,"jobTitle":"LOS","jobDescription":"SOL","experience":["Nothing"],"project":[]}]

14:22:58.761 [pool-2-thread-3] DEBUG com.intuit.karate - request:
1 > GET http://localhost:9897/normal/webapi/all
1 > Accept: application/xml
1 > Host: localhost:9897
1 > Connection: Keep-Alive
1 > User-Agent: Apache-HttpClient/4.5.14 (Java/16.0.1)
1 > Accept-Encoding: gzip,deflate


14:22:58.808 [pool-2-thread-3] DEBUG com.intuit.karate - response time in milliseconds: 34
1 < 200
1 < X-Content-Type-Options: nosniff
1 < X-XSS-Protection: 1; mode=block
1 < Cache-Control: no-cache, no-store, max-age=0, must-revalidate
1 < Pragma: no-cache
1 < Expires: 0
1 < X-Frame-Options: DENY
1 < Content-Type: application/xml
1 < Transfer-Encoding: chunked
1 < Date: Thu, 27 Jun 2024 19:22:58 GMT
1 < Keep-Alive: timeout=60
1 < Connection: keep-alive
<List><item><jobId>1</jobId><jobTitle>Software Engg</jobTitle><jobDescription>To develop andriod application</jobDescription><experience><experience>Google</experience><experience>Apple</experience><experience>Mobile Iron</experience></experience><project><project><projectName>Movie App</projectName><technology><technology>Kotlin</technology><technology>SQL Lite</technology><technology>Gradle</technology></technology></project></project></item><item><jobId>3</jobId><jobTitle>Data Engg</jobTitle><jobDescription>Create machine learning apps</jobDescription><experience><experience>IBM</experience><experience>INTEL</experience></experience><project><project><projectName>SCASE</projectName><technology><technology>Python</technology><technology>R</technology></technology></project></project></item><item><jobId>4</jobId><jobTitle>Software Engg - 2</jobTitle><jobDescription>To develop andriod application and web application</jobDescription><experience><experience>RRD</experience><experience>ApD</experience><experience>MobileIron</experience></experience><project><project><projectName>Eccc</projectName><technology><technology>Selenium</technology><technology>Robot</technology></technology></project></project></item><item><jobId>640</jobId><jobTitle>Data Engg</jobTitle><jobDescription>Create machine learning apps</jobDescription><experience><experience>IBM</experience><experience>INTEL</experience></experience><project><project><projectName>SCASE</projectName><technology><technology>Python</technology><technology>R</technology></technology></project></project></item><item><jobId>430</jobId><jobTitle>QA Tester</jobTitle><jobDescription>To develop andriod application</jobDescription><experience><experience>RRD</experience><experience>ApD</experience><experience>MobileIron</experience></experience><project><project><projectName>Eccc</projectName><technology><technology>Selenium</technology><technology>Robot</technology></technology></project></project></item><item><jobId>3</jobId><jobTitle>Data Engg</jobTitle><jobDescription>Create machine learning apps</jobDescription><experience><experience>IBM</experience><experience>INTEL</experience></experience><project><project><projectName>SCASE</projectName><technology><technology>Python</technology><technology>R</technology></technology></project></project></item><item><jobId>3</jobId><jobTitle>Data Engg</jobTitle><jobDescription>Create machine learning apps</jobDescription><experience><experience>IBM</experience><experience>INTEL</experience></experience><project><project><projectName>SCASE</projectName><technology><technology>Python</technology><technology>R</technology></technology></project></project></item><item><jobId>4</jobId><jobTitle>QA Tester</jobTitle><jobDescription>To develop andriod application</jobDescription><experience><experience>RRD</experience><experience>ApD</experience><experience>MobileIron</experience></experience><project><project><projectName>Eccc</projectName><technology><technology>Selenium</technology><technology>Robot</technology></technology></project></project></item><item><jobId>404</jobId><jobTitle>Data Engg</jobTitle><jobDescription>Create machine learning apps</jobDescription><experience><experience>IBM</experience><experience>INTEL</experience></experience><project><project><projectName>SCASE</projectName><technology><technology>Python</technology><technology>R</technology></technology></project></project></item><item><jobId>412</jobId><jobTitle>QA Tester</jobTitle><jobDescription>To develop andriod application</jobDescription><experience><experience>RRD</experience><experience>ApD</experience><experience>MobileIron</experience></experience><project><project><projectName>Eccc</projectName><technology><technology>Selenium</technology><technology>Robot</technology></technology></project></project></item><item><jobId>3</jobId><jobTitle>Data Engg</jobTitle><jobDescription>Create machine learning apps</jobDescription><experience><experience>IBM</experience><experience>INTEL</experience></experience><project><project><projectName>SCASE</projectName><technology><technology>Python</technology><technology>R</technology></technology></project></project></item><item><jobId>3</jobId><jobTitle>Data Engg</jobTitle><jobDescription>Create machine learning apps</jobDescription><experience><experience>IBM</experience><experience>INTEL</experience></experience><project><project><projectName>SCASE</projectName><technology><technology>Python</technology><technology>R</technology></technology></project></project></item><item><jobId>4</jobId><jobTitle>QA Tester</jobTitle><jobDescription>To develop andriod application</jobDescription><experience><experience>RRD</experience><experience>ApD</experience><experience>MobileIron</experience></experience><project><project><projectName>Eccc</projectName><technology><technology>Selenium</technology><technology>Robot</technology></technology></project></project></item><item><jobId>612</jobId><jobTitle>Data Engg</jobTitle><jobDescription>Create machine learning apps</jobDescription><experience><experience>IBM</experience><experience>INTEL</experience></experience><project><project><projectName>SCASE</projectName><technology><technology>Python</technology><technology>R</technology></technology></project></project></item><item><jobId>124</jobId><jobTitle>QA Tester</jobTitle><jobDescription>To develop andriod application</jobDescription><experience><experience>RRD</experience><experience>ApD</experience><experience>MobileIron</experience></experience><project><project><projectName>Eccc</projectName><technology><technology>Selenium</technology><technology>Robot</technology></technology></project></project></item><item><jobId>3</jobId><jobTitle>Data Engg</jobTitle><jobDescription>Create machine learning apps</jobDescription><experience><experience>IBM</experience><experience>INTEL</experience></experience><project><project><projectName>SCASE</projectName><technology><technology>Python</technology><technology>R</technology></technology></project></project></item><item><jobId>3</jobId><jobTitle>Data Engg</jobTitle><jobDescription>Create machine learning apps</jobDescription><experience><experience>IBM</experience><experience>INTEL</experience></experience><project><project><projectName>SCASE</projectName><technology><technology>Python</technology><technology>R</technology></technology></project></project></item><item><jobId>4</jobId><jobTitle>QA Tester</jobTitle><jobDescription>To develop andriod application</jobDescription><experience><experience>RRD</experience><experience>ApD</experience><experience>MobileIron</experience></experience><project><project><projectName>Eccc</projectName><technology><technology>Selenium</technology><technology>Robot</technology></technology></project></project></item><item><jobId>27</jobId><jobTitle>Data Engg</jobTitle><jobDescription>Create machine learning apps</jobDescription><experience><experience>IBM</experience><experience>INTEL</experience></experience><project><project><projectName>SCASE</projectName><technology><technology>Python</technology><technology>R</technology></technology></project></project></item><item><jobId>276</jobId><jobTitle>QA Tester</jobTitle><jobDescription>To develop andriod application</jobDescription><experience><experience>RRD</experience><experience>ApD</experience><experience>MobileIron</experience></experience><project><project><projectName>Eccc</projectName><technology><technology>Selenium</technology><technology>Robot</technology></technology></project></project></item><item><jobId>3</jobId><jobTitle>Data Engg</jobTitle><jobDescription>Create machine learning apps</jobDescription><experience><experience>IBM</experience><experience>INTEL</experience></experience><project><project><projectName>SCASE</projectName><technology><technology>Python</technology><technology>R</technology></technology></project></project></item><item><jobId>47</jobId><jobTitle>LOS</jobTitle><jobDescription>SOL</jobDescription><experience><experience>Nothing</experience></experience><project/></item><item><jobId>99</jobId><jobTitle>LOS</jobTitle><jobDescription>SOL</jobDescription><experience><experience>Nothing</experience></experience><project/></item><item><jobId>49</jobId><jobTitle>LOS</jobTitle><jobDescription>SOL</jobDescription><experience><experience>Nothing</experience></experience><project/></item><item><jobId>99</jobId><jobTitle>LOS</jobTitle><jobDescription>SOL</jobDescription><experience><experience>Nothing</experience></experience><project/></item><item><jobId>80</jobId><jobTitle>LOS</jobTitle><jobDescription>SOL</jobDescription><experience><experience>Nothing</experience></experience><project/></item><item><jobId>0</jobId><jobTitle>LOS</jobTitle><jobDescription>SOL</jobDescription><experience><experience>Nothing</experience></experience><project/></item><item><jobId>0</jobId><jobTitle>LOS</jobTitle><jobDescription>SOL</jobDescription><experience><experience>Nothing</experience></experience><project/></item><item><jobId>0</jobId><jobTitle>LOS</jobTitle><jobDescription>SOL</jobDescription><experience><experience>Nothing</experience></experience><project/></item><item><jobId>45</jobId><jobTitle>QA Tester</jobTitle><jobDescription>Finding bugs</jobDescription><experience><experience>Nothing</experience></experience><project/></item><item><jobId>64</jobId><jobTitle>QA Tester</jobTitle><jobDescription>Finding bugs</jobDescription><experience><experience>Nothing</experience></experience><project/></item><item><jobId>38</jobId><jobTitle>QA Tester</jobTitle><jobDescription>Finding bugs</jobDescription><experience><experience>Nothing</experience></experience><project/></item><item><jobId>85</jobId><jobTitle>LOS</jobTitle><jobDescription>SOL</jobDescription><experience><experience>Nothing</experience></experience><project/></item><item><jobId>9</jobId><jobTitle>QA Tester</jobTitle><jobDescription>Finding bugs</jobDescription><experience><experience>Nothing</experience></experience><project/></item><item><jobId>85</jobId><jobTitle>LOS</jobTitle><jobDescription>SOL</jobDescription><experience><experience>Nothing</experience></experience><project/></item><item><jobId>36</jobId><jobTitle>LOS</jobTitle><jobDescription>SOL</jobDescription><experience><experience>Nothing</experience></experience><project/></item><item><jobId>41</jobId><jobTitle>QA Tester</jobTitle><jobDescription>Finding bugs</jobDescription><experience><experience>Nothing</experience></experience><project/></item><item><jobId>42</jobId><jobTitle>LOS</jobTitle><jobDescription>SOL</jobDescription><experience><experience>Nothing</experience></experience><project/></item><item><jobId>69</jobId><jobTitle>LOS</jobTitle><jobDescription>SOL</jobDescription><experience><experience>Nothing</experience></experience><project/></item><item><jobId>13</jobId><jobTitle>LOS</jobTitle><jobDescription>SOL</jobDescription><experience><experience>Nothing</experience></experience><project/></item><item><jobId>15</jobId><jobTitle>LOS</jobTitle><jobDescription>To develop andriod application and web application</jobDescription><experience><experience>Nothing</experience></experience><project/></item><item><jobId>19</jobId><jobTitle>LOS</jobTitle><jobDescription>To develop andriod application and web application</jobDescription><experience><experience>Nothing</experience></experience><project/></item><item><jobId>92</jobId><jobTitle>Software Engg - 2</jobTitle><jobDescription>To develop andriod application and web application</jobDescription><experience><experience>Nothing</experience></experience><project/></item><item><jobId>54</jobId><jobTitle>LOS</jobTitle><jobDescription>SOL</jobDescription><experience><experience>Nothing</experience></experience><project/></item><item><jobId>90</jobId><jobTitle>Software Engg - 2</jobTitle><jobDescription>To develop andriod application and web application</jobDescription><experience><experience>Nothing</experience></experience><project/></item><item><jobId>38</jobId><jobTitle>LOS</jobTitle><jobDescription>SOL</jobDescription><experience><experience>Nothing</experience></experience><project/></item><item><jobId>5</jobId><jobTitle>Software Engg - 2</jobTitle><jobDescription>To develop andriod application</jobDescription><experience><experience>Google</experience><experience>Apple</experience><experience>Mobile Iron</experience><experience>Google</experience></experience><project><project><projectName>Movie App</projectName><technology><technology>Kotlin</technology><technology>SQL Lite</technology><technology>Gradle</technology><technology>Jenkins</technology></technology></project></project></item><item><jobId>623</jobId><jobTitle>Data Engg</jobTitle><jobDescription>Create machine learning apps</jobDescription><experience><experience>IBM</experience><experience>INTEL</experience></experience><project><project><projectName>SCASE</projectName><technology><technology>Python</technology><technology>R</technology></technology></project></project></item><item><jobId>3</jobId><jobTitle>Data Engg</jobTitle><jobDescription>Create machine learning apps</jobDescription><experience><experience>IBM</experience><experience>INTEL</experience></experience><project><project><projectName>SCASE</projectName><technology><technology>Python</technology><technology>R</technology></technology></project></project></item><item><jobId>4</jobId><jobTitle>QA Tester</jobTitle><jobDescription>To develop andriod application</jobDescription><experience><experience>RRD</experience><experience>ApD</experience><experience>MobileIron</experience></experience><project><project><projectName>Eccc</projectName><technology><technology>Selenium</technology><technology>Robot</technology></technology></project></project></item><item><jobId>345</jobId><jobTitle>QA Tester</jobTitle><jobDescription>To develop andriod application</jobDescription><experience><experience>RRD</experience><experience>ApD</experience><experience>MobileIron</experience></experience><project><project><projectName>Eccc</projectName><technology><technology>Selenium</technology><technology>Robot</technology></technology></project></project></item><item><jobId>7</jobId><jobTitle>Software Engg</jobTitle><jobDescription>To develop andriod application</jobDescription><experience><experience>Google</experience><experience>Apple</experience><experience>Mobile Iron</experience><experience>Subex</experience></experience><project><project><projectName>Movie App</projectName><technology><technology>Kotlin</technology><technology>SQL Lite</technology><technology>Gradle</technology><technology>Jenkins</technology></technology></project></project></item><item><jobId>7</jobId><jobTitle>Software Engg</jobTitle><jobDescription>To develop andriod application</jobDescription><experience><experience>Google</experience><experience>Apple</experience><experience>Mobile Iron</experience><experience>Subex</experience></experience><project><project><projectName>Movie App</projectName><technology><technology>Kotlin</technology><technology>SQL Lite</technology><technology>Gradle</technology><technology>Jenkins</technology></technology></project></project></item><item><jobId>50</jobId><jobTitle>Software Engg - 2</jobTitle><jobDescription>To develop andriod application</jobDescription><experience><experience>Google</experience><experience>Apple</experience><experience>Mobile Iron</experience><experience>Google</experience></experience><project><project><projectName>Movie App</projectName><technology><technology>Kotlin</technology><technology>SQL Lite</technology><technology>Gradle</technology><technology>Jenkins</technology></technology></project></project></item><item><jobId>43</jobId><jobTitle>Software Engg</jobTitle><jobDescription>To develop andriod application</jobDescription><experience><experience>Google</experience><experience>Apple</experience><experience>Mobile Iron</experience><experience>Subex</experience></experience><project><project><projectName>Movie App</projectName><technology><technology>Kotlin</technology><technology>SQL Lite</technology><technology>Gradle</technology><technology>Jenkins</technology></technology></project></project></item><item><jobId>19</jobId><jobTitle>LOS</jobTitle><jobDescription>SOL</jobDescription><experience><experience>Nothing</experience></experience><project/></item><item><jobId>7</jobId><jobTitle>LOS</jobTitle><jobDescription>SOL</jobDescription><experience><experience>Nothing</experience></experience><project/></item><item><jobId>3</jobId><jobTitle>Data Engg</jobTitle><jobDescription>Create machine learning apps</jobDescription><experience><experience>IBM</experience><experience>INTEL</experience></experience><project><project><projectName>SCASE</projectName><technology><technology>Python</technology><technology>R</technology></technology></project></project></item><item><jobId>5</jobId><jobTitle>Software Engg - 2</jobTitle><jobDescription>To develop andriod application</jobDescription><experience><experience>Google</experience><experience>Apple</experience><experience>Mobile Iron</experience><experience>Google</experience></experience><project><project><projectName>Movie App</projectName><technology><technology>Kotlin</technology><technology>SQL Lite</technology><technology>Gradle</technology><technology>Jenkins</technology></technology></project></project></item><item><jobId>4</jobId><jobTitle>QA Tester</jobTitle><jobDescription>To develop andriod application</jobDescription><experience><experience>RRD</experience><experience>ApD</experience><experience>MobileIron</experience></experience><project><project><projectName>Eccc</projectName><technology><technology>Selenium</technology><technology>Robot</technology></technology></project></project></item><item><jobId>135</jobId><jobTitle>Data Engg</jobTitle><jobDescription>Create machine learning apps</jobDescription><experience><experience>IBM</experience><experience>INTEL</experience></experience><project><project><projectName>SCASE</projectName><technology><technology>Python</technology><technology>R</technology></technology></project></project></item><item><jobId>647</jobId><jobTitle>QA Tester</jobTitle><jobDescription>To develop andriod application</jobDescription><experience><experience>RRD</experience><experience>ApD</experience><experience>MobileIron</experience></experience><project><project><projectName>Eccc</projectName><technology><technology>Selenium</technology><technology>Robot</technology></technology></project></project></item><item><jobId>7</jobId><jobTitle>Software Engg</jobTitle><jobDescription>To develop andriod application</jobDescription><experience><experience>Google</experience><experience>Apple</experience><experience>Mobile Iron</experience><experience>Subex</experience></experience><project><project><projectName>Movie App</projectName><technology><technology>Kotlin</technology><technology>SQL Lite</technology><technology>Gradle</technology><technology>Jenkins</technology></technology></project></project></item><item><jobId>7</jobId><jobTitle>Software Engg</jobTitle><jobDescription>To develop andriod application</jobDescription><experience><experience>Google</experience><experience>Apple</experience><experience>Mobile Iron</experience><experience>Subex</experience></experience><project><project><projectName>Movie App</projectName><technology><technology>Kotlin</technology><technology>SQL Lite</technology><technology>Gradle</technology><technology>Jenkins</technology></technology></project></project></item><item><jobId>36</jobId><jobTitle>Software Engg - 2</jobTitle><jobDescription>To develop andriod application</jobDescription><experience><experience>Google</experience><experience>Apple</experience><experience>Mobile Iron</experience><experience>Google</experience></experience><project><project><projectName>Movie App</projectName><technology><technology>Kotlin</technology><technology>SQL Lite</technology><technology>Gradle</technology><technology>Jenkins</technology></technology></project></project></item><item><jobId>6</jobId><jobTitle>Software Engg</jobTitle><jobDescription>To develop andriod application</jobDescription><experience><experience>Google</experience><experience>Apple</experience><experience>Mobile Iron</experience><experience>Subex</experience></experience><project><project><projectName>Movie App</projectName><technology><technology>Kotlin</technology><technology>SQL Lite</technology><technology>Gradle</technology><technology>Jenkins</technology></technology></project></project></item><item><jobId>40</jobId><jobTitle>LOS</jobTitle><jobDescription>SOL</jobDescription><experience><experience>Nothing</experience></experience><project/></item><item><jobId>59</jobId><jobTitle>LOS</jobTitle><jobDescription>SOL</jobDescription><experience><experience>Nothing</experience></experience><project/></item><item><jobId>80</jobId><jobTitle>LOS</jobTitle><jobDescription>SOL</jobDescription><experience><experience>Nothing</experience></experience><project/></item><item><jobId>4</jobId><jobTitle>LOS</jobTitle><jobDescription>SOL</jobDescription><experience><experience>Nothing</experience></experience><project/></item><item><jobId>33</jobId><jobTitle>LOS</jobTitle><jobDescription>SOL</jobDescription><experience><experience>Nothing</experience></experience><project/></item><item><jobId>70</jobId><jobTitle>Software Engg - 2</jobTitle><jobDescription>To develop andriod application and web application</jobDescription><experience><experience>Nothing</experience></experience><project/></item><item><jobId>40</jobId><jobTitle>LOS</jobTitle><jobDescription>SOL</jobDescription><experience><experience>Nothing</experience></experience><project/></item><item><jobId>32</jobId><jobTitle>LOS</jobTitle><jobDescription>SOL</jobDescription><experience><experience>Nothing</experience></experience><project/></item><item><jobId>370</jobId><jobTitle>IOS</jobTitle><jobDescription>APPLE</jobDescription><experience><experience>Nothing</experience></experience><project/></item><item><jobId>676</jobId><jobTitle>IOS</jobTitle><jobDescription>APPLE</jobDescription><experience><experience>Nothing</experience></experience><project/></item><item><jobId>704</jobId><jobTitle>IOS</jobTitle><jobDescription>APPLE</jobDescription><experience><experience>Nothing</experience></experience><project/></item><item><jobId>9980</jobId><jobTitle>Data Analyst</jobTitle><jobDescription>Develop machine learning models</jobDescription><experience><experience>Nothing</experience></experience><project/></item><item><jobId>9980</jobId><jobTitle>Data Analyst</jobTitle><jobDescription>Develop machine learning models</jobDescription><experience><experience>Nothing</experience></experience><project/></item><item><jobId>3</jobId><jobTitle>Data Engg</jobTitle><jobDescription>Create machine learning apps</jobDescription><experience><experience>IBM</experience><experience>INTEL</experience></experience><project><project><projectName>SCASE</projectName><technology><technology>Python</technology><technology>R</technology></technology></project></project></item><item><jobId>4</jobId><jobTitle>QA Tester</jobTitle><jobDescription>To develop andriod application</jobDescription><experience><experience>RRD</experience><experience>ApD</experience><experience>MobileIron</experience></experience><project><project><projectName>Eccc</projectName><technology><technology>Selenium</technology><technology>Robot</technology></technology></project></project></item><item><jobId>82</jobId><jobTitle>Data Engg</jobTitle><jobDescription>Create machine learning apps</jobDescription><experience><experience>IBM</experience><experience>INTEL</experience></experience><project><project><projectName>SCASE</projectName><technology><technology>Python</technology><technology>R</technology></technology></project></project></item><item><jobId>291</jobId><jobTitle>QA Tester</jobTitle><jobDescription>To develop andriod application</jobDescription><experience><experience>RRD</experience><experience>ApD</experience><experience>MobileIron</experience></experience><project><project><projectName>Eccc</projectName><technology><technology>Selenium</technology><technology>Robot</technology></technology></project></project></item><item><jobId>3</jobId><jobTitle>Data Engg</jobTitle><jobDescription>Create machine learning apps</jobDescription><experience><experience>IBM</experience><experience>INTEL</experience></experience><project><project><projectName>SCASE</projectName><technology><technology>Python</technology><technology>R</technology></technology></project></project></item><item><jobId>3</jobId><jobTitle>Data Engg</jobTitle><jobDescription>Create machine learning apps</jobDescription><experience><experience>IBM</experience><experience>INTEL</experience></experience><project><project><projectName>SCASE</projectName><technology><technology>Python</technology><technology>R</technology></technology></project></project></item><item><jobId>251</jobId><jobTitle>LOS</jobTitle><jobDescription>SOL</jobDescription><experience><experience>Nothing</experience></experience><project/></item><item><jobId>19</jobId><jobTitle>LOS</jobTitle><jobDescription>SOL</jobDescription><experience><experience>Nothing</experience></experience><project/></item></List>

14:22:58.810 [pool-2-thread-1] INFO  com.intuit.karate - [print] [
  {
    "jobId": 1,
    "jobTitle": "Software Engg",
    "jobDescription": "To develop andriod application",
    "experience": [
      "Google",
      "Apple",
      "Mobile Iron"
    ],
    "project": [
      {
        "projectName": "Movie App",
        "technology": [
          "Kotlin",
          "SQL Lite",
          "Gradle"
        ]
      }
    ]
  },
  {
    "jobId": 3,
    "jobTitle": "Data Engg",
    "jobDescription": "Create machine learning apps",
    "experience": [
      "IBM",
      "INTEL"
    ],
    "project": [
      {
        "projectName": "SCASE",
        "technology": [
          "Python",
          "R"
        ]
      }
    ]
  },
  {
    "jobId": 4,
    "jobTitle": "Software Engg - 2",
    "jobDescription": "To develop andriod application and web application",
    "experience": [
      "RRD",
      "ApD",
      "MobileIron"
    ],
    "project": [
      {
        "projectName": "Eccc",
        "technology": [
          "Selenium",
          "Robot"
        ]
      }
    ]
  },
  {
    "jobId": 640,
    "jobTitle": "Data Engg",
    "jobDescription": "Create machine learning apps",
    "experience": [
      "IBM",
      "INTEL"
    ],
    "project": [
      {
        "projectName": "SCASE",
        "technology": [
          "Python",
          "R"
        ]
      }
    ]
  },
  {
    "jobId": 430,
    "jobTitle": "QA Tester",
    "jobDescription": "To develop andriod application",
    "experience": [
      "RRD",
      "ApD",
      "MobileIron"
    ],
    "project": [
      {
        "projectName": "Eccc",
        "technology": [
          "Selenium",
          "Robot"
        ]
      }
    ]
  },
  {
    "jobId": 3,
    "jobTitle": "Data Engg",
    "jobDescription": "Create machine learning apps",
    "experience": [
      "IBM",
      "INTEL"
    ],
    "project": [
      {
        "projectName": "SCASE",
        "technology": [
          "Python",
          "R"
        ]
      }
    ]
  },
  {
    "jobId": 3,
    "jobTitle": "Data Engg",
    "jobDescription": "Create machine learning apps",
    "experience": [
      "IBM",
      "INTEL"
    ],
    "project": [
      {
        "projectName": "SCASE",
        "technology": [
          "Python",
          "R"
        ]
      }
    ]
  },
  {
    "jobId": 4,
    "jobTitle": "QA Tester",
    "jobDescription": "To develop andriod application",
    "experience": [
      "RRD",
      "ApD",
      "MobileIron"
    ],
    "project": [
      {
        "projectName": "Eccc",
        "technology": [
          "Selenium",
          "Robot"
        ]
      }
    ]
  },
  {
    "jobId": 404,
    "jobTitle": "Data Engg",
    "jobDescription": "Create machine learning apps",
    "experience": [
      "IBM",
      "INTEL"
    ],
    "project": [
      {
        "projectName": "SCASE",
        "technology": [
          "Python",
          "R"
        ]
      }
    ]
  },
  {
    "jobId": 412,
    "jobTitle": "QA Tester",
    "jobDescription": "To develop andriod application",
    "experience": [
      "RRD",
      "ApD",
      "MobileIron"
    ],
    "project": [
      {
        "projectName": "Eccc",
        "technology": [
          "Selenium",
          "Robot"
        ]
      }
    ]
  },
  {
    "jobId": 3,
    "jobTitle": "Data Engg",
    "jobDescription": "Create machine learning apps",
    "experience": [
      "IBM",
      "INTEL"
    ],
    "project": [
      {
        "projectName": "SCASE",
        "technology": [
          "Python",
          "R"
        ]
      }
    ]
  },
  {
    "jobId": 3,
    "jobTitle": "Data Engg",
    "jobDescription": "Create machine learning apps",
    "experience": [
      "IBM",
      "INTEL"
    ],
    "project": [
      {
        "projectName": "SCASE",
        "technology": [
          "Python",
          "R"
        ]
      }
    ]
  },
  {
    "jobId": 4,
    "jobTitle": "QA Tester",
    "jobDescription": "To develop andriod application",
    "experience": [
      "RRD",
      "ApD",
      "MobileIron"
    ],
    "project": [
      {
        "projectName": "Eccc",
        "technology": [
          "Selenium",
          "Robot"
        ]
      }
    ]
  },
  {
    "jobId": 612,
    "jobTitle": "Data Engg",
    "jobDescription": "Create machine learning apps",
    "experience": [
      "IBM",
      "INTEL"
    ],
    "project": [
      {
        "projectName": "SCASE",
        "technology": [
          "Python",
          "R"
        ]
      }
    ]
  },
  {
    "jobId": 124,
    "jobTitle": "QA Tester",
    "jobDescription": "To develop andriod application",
    "experience": [
      "RRD",
      "ApD",
      "MobileIron"
    ],
    "project": [
      {
        "projectName": "Eccc",
        "technology": [
          "Selenium",
          "Robot"
        ]
      }
    ]
  },
  {
    "jobId": 3,
    "jobTitle": "Data Engg",
    "jobDescription": "Create machine learning apps",
    "experience": [
      "IBM",
      "INTEL"
    ],
    "project": [
      {
        "projectName": "SCASE",
        "technology": [
          "Python",
          "R"
        ]
      }
    ]
  },
  {
    "jobId": 3,
    "jobTitle": "Data Engg",
    "jobDescription": "Create machine learning apps",
    "experience": [
      "IBM",
      "INTEL"
    ],
    "project": [
      {
        "projectName": "SCASE",
        "technology": [
          "Python",
          "R"
        ]
      }
    ]
  },
  {
    "jobId": 4,
    "jobTitle": "QA Tester",
    "jobDescription": "To develop andriod application",
    "experience": [
      "RRD",
      "ApD",
      "MobileIron"
    ],
    "project": [
      {
        "projectName": "Eccc",
        "technology": [
          "Selenium",
          "Robot"
        ]
      }
    ]
  },
  {
    "jobId": 27,
    "jobTitle": "Data Engg",
    "jobDescription": "Create machine learning apps",
    "experience": [
      "IBM",
      "INTEL"
    ],
    "project": [
      {
        "projectName": "SCASE",
        "technology": [
          "Python",
          "R"
        ]
      }
    ]
  },
  {
    "jobId": 276,
    "jobTitle": "QA Tester",
    "jobDescription": "To develop andriod application",
    "experience": [
      "RRD",
      "ApD",
      "MobileIron"
    ],
    "project": [
      {
        "projectName": "Eccc",
        "technology": [
          "Selenium",
          "Robot"
        ]
      }
    ]
  },
  {
    "jobId": 3,
    "jobTitle": "Data Engg",
    "jobDescription": "Create machine learning apps",
    "experience": [
      "IBM",
      "INTEL"
    ],
    "project": [
      {
        "projectName": "SCASE",
        "technology": [
          "Python",
          "R"
        ]
      }
    ]
  },
  {
    "jobId": 47,
    "jobTitle": "LOS",
    "jobDescription": "SOL",
    "experience": [
      "Nothing"
    ],
    "project": [
    ]
  },
  {
    "jobId": 99,
    "jobTitle": "LOS",
    "jobDescription": "SOL",
    "experience": [
      "Nothing"
    ],
    "project": [
    ]
  },
  {
    "jobId": 49,
    "jobTitle": "LOS",
    "jobDescription": "SOL",
    "experience": [
      "Nothing"
    ],
    "project": [
    ]
  },
  {
    "jobId": 99,
    "jobTitle": "LOS",
    "jobDescription": "SOL",
    "experience": [
      "Nothing"
    ],
    "project": [
    ]
  },
  {
    "jobId": 80,
    "jobTitle": "LOS",
    "jobDescription": "SOL",
    "experience": [
      "Nothing"
    ],
    "project": [
    ]
  },
  {
    "jobId": 0,
    "jobTitle": "LOS",
    "jobDescription": "SOL",
    "experience": [
      "Nothing"
    ],
    "project": [
    ]
  },
  {
    "jobId": 0,
    "jobTitle": "LOS",
    "jobDescription": "SOL",
    "experience": [
      "Nothing"
    ],
    "project": [
    ]
  },
  {
    "jobId": 0,
    "jobTitle": "LOS",
    "jobDescription": "SOL",
    "experience": [
      "Nothing"
    ],
    "project": [
    ]
  },
  {
    "jobId": 45,
    "jobTitle": "QA Tester",
    "jobDescription": "Finding bugs",
    "experience": [
      "Nothing"
    ],
    "project": [
    ]
  },
  {
    "jobId": 64,
    "jobTitle": "QA Tester",
    "jobDescription": "Finding bugs",
    "experience": [
      "Nothing"
    ],
    "project": [
    ]
  },
  {
    "jobId": 38,
    "jobTitle": "QA Tester",
    "jobDescription": "Finding bugs",
    "experience": [
      "Nothing"
    ],
    "project": [
    ]
  },
  {
    "jobId": 85,
    "jobTitle": "LOS",
    "jobDescription": "SOL",
    "experience": [
      "Nothing"
    ],
    "project": [
    ]
  },
  {
    "jobId": 9,
    "jobTitle": "QA Tester",
    "jobDescription": "Finding bugs",
    "experience": [
      "Nothing"
    ],
    "project": [
    ]
  },
  {
    "jobId": 85,
    "jobTitle": "LOS",
    "jobDescription": "SOL",
    "experience": [
      "Nothing"
    ],
    "project": [
    ]
  },
  {
    "jobId": 36,
    "jobTitle": "LOS",
    "jobDescription": "SOL",
    "experience": [
      "Nothing"
    ],
    "project": [
    ]
  },
  {
    "jobId": 41,
    "jobTitle": "QA Tester",
    "jobDescription": "Finding bugs",
    "experience": [
      "Nothing"
    ],
    "project": [
    ]
  },
  {
    "jobId": 42,
    "jobTitle": "LOS",
    "jobDescription": "SOL",
    "experience": [
      "Nothing"
    ],
    "project": [
    ]
  },
  {
    "jobId": 69,
    "jobTitle": "LOS",
    "jobDescription": "SOL",
    "experience": [
      "Nothing"
    ],
    "project": [
    ]
  },
  {
    "jobId": 13,
    "jobTitle": "LOS",
    "jobDescription": "SOL",
    "experience": [
      "Nothing"
    ],
    "project": [
    ]
  },
  {
    "jobId": 15,
    "jobTitle": "LOS",
    "jobDescription": "To develop andriod application and web application",
    "experience": [
      "Nothing"
    ],
    "project": [
    ]
  },
  {
    "jobId": 19,
    "jobTitle": "LOS",
    "jobDescription": "To develop andriod application and web application",
    "experience": [
      "Nothing"
    ],
    "project": [
    ]
  },
  {
    "jobId": 92,
    "jobTitle": "Software Engg - 2",
    "jobDescription": "To develop andriod application and web application",
    "experience": [
      "Nothing"
    ],
    "project": [
    ]
  },
  {
    "jobId": 54,
    "jobTitle": "LOS",
    "jobDescription": "SOL",
    "experience": [
      "Nothing"
    ],
    "project": [
    ]
  },
  {
    "jobId": 90,
    "jobTitle": "Software Engg - 2",
    "jobDescription": "To develop andriod application and web application",
    "experience": [
      "Nothing"
    ],
    "project": [
    ]
  },
  {
    "jobId": 38,
    "jobTitle": "LOS",
    "jobDescription": "SOL",
    "experience": [
      "Nothing"
    ],
    "project": [
    ]
  },
  {
    "jobId": 5,
    "jobTitle": "Software Engg - 2",
    "jobDescription": "To develop andriod application",
    "experience": [
      "Google",
      "Apple",
      "Mobile Iron",
      "Google"
    ],
    "project": [
      {
        "projectName": "Movie App",
        "technology": [
          "Kotlin",
          "SQL Lite",
          "Gradle",
          "Jenkins"
        ]
      }
    ]
  },
  {
    "jobId": 623,
    "jobTitle": "Data Engg",
    "jobDescription": "Create machine learning apps",
    "experience": [
      "IBM",
      "INTEL"
    ],
    "project": [
      {
        "projectName": "SCASE",
        "technology": [
          "Python",
          "R"
        ]
      }
    ]
  },
  {
    "jobId": 3,
    "jobTitle": "Data Engg",
    "jobDescription": "Create machine learning apps",
    "experience": [
      "IBM",
      "INTEL"
    ],
    "project": [
      {
        "projectName": "SCASE",
        "technology": [
          "Python",
          "R"
        ]
      }
    ]
  },
  {
    "jobId": 4,
    "jobTitle": "QA Tester",
    "jobDescription": "To develop andriod application",
    "experience": [
      "RRD",
      "ApD",
      "MobileIron"
    ],
    "project": [
      {
        "projectName": "Eccc",
        "technology": [
          "Selenium",
          "Robot"
        ]
      }
    ]
  },
  {
    "jobId": 345,
    "jobTitle": "QA Tester",
    "jobDescription": "To develop andriod application",
    "experience": [
      "RRD",
      "ApD",
      "MobileIron"
    ],
    "project": [
      {
        "projectName": "Eccc",
        "technology": [
          "Selenium",
          "Robot"
        ]
      }
    ]
  },
  {
    "jobId": 7,
    "jobTitle": "Software Engg",
    "jobDescription": "To develop andriod application",
    "experience": [
      "Google",
      "Apple",
      "Mobile Iron",
      "Subex"
    ],
    "project": [
      {
        "projectName": "Movie App",
        "technology": [
          "Kotlin",
          "SQL Lite",
          "Gradle",
          "Jenkins"
        ]
      }
    ]
  },
  {
    "jobId": 7,
    "jobTitle": "Software Engg",
    "jobDescription": "To develop andriod application",
    "experience": [
      "Google",
      "Apple",
      "Mobile Iron",
      "Subex"
    ],
    "project": [
      {
        "projectName": "Movie App",
        "technology": [
          "Kotlin",
          "SQL Lite",
          "Gradle",
          "Jenkins"
        ]
      }
    ]
  },
  {
    "jobId": 50,
    "jobTitle": "Software Engg - 2",
    "jobDescription": "To develop andriod application",
    "experience": [
      "Google",
      "Apple",
      "Mobile Iron",
      "Google"
    ],
    "project": [
      {
        "projectName": "Movie App",
        "technology": [
          "Kotlin",
          "SQL Lite",
          "Gradle",
          "Jenkins"
        ]
      }
    ]
  },
  {
    "jobId": 43,
    "jobTitle": "Software Engg",
    "jobDescription": "To develop andriod application",
    "experience": [
      "Google",
      "Apple",
      "Mobile Iron",
      "Subex"
    ],
    "project": [
      {
        "projectName": "Movie App",
        "technology": [
          "Kotlin",
          "SQL Lite",
          "Gradle",
          "Jenkins"
        ]
      }
    ]
  },
  {
    "jobId": 19,
    "jobTitle": "LOS",
    "jobDescription": "SOL",
    "experience": [
      "Nothing"
    ],
    "project": [
    ]
  },
  {
    "jobId": 7,
    "jobTitle": "LOS",
    "jobDescription": "SOL",
    "experience": [
      "Nothing"
    ],
    "project": [
    ]
  },
  {
    "jobId": 3,
    "jobTitle": "Data Engg",
    "jobDescription": "Create machine learning apps",
    "experience": [
      "IBM",
      "INTEL"
    ],
    "project": [
      {
        "projectName": "SCASE",
        "technology": [
          "Python",
          "R"
        ]
      }
    ]
  },
  {
    "jobId": 5,
    "jobTitle": "Software Engg - 2",
    "jobDescription": "To develop andriod application",
    "experience": [
      "Google",
      "Apple",
      "Mobile Iron",
      "Google"
    ],
    "project": [
      {
        "projectName": "Movie App",
        "technology": [
          "Kotlin",
          "SQL Lite",
          "Gradle",
          "Jenkins"
        ]
      }
    ]
  },
  {
    "jobId": 4,
    "jobTitle": "QA Tester",
    "jobDescription": "To develop andriod application",
    "experience": [
      "RRD",
      "ApD",
      "MobileIron"
    ],
    "project": [
      {
        "projectName": "Eccc",
        "technology": [
          "Selenium",
          "Robot"
        ]
      }
    ]
  },
  {
    "jobId": 135,
    "jobTitle": "Data Engg",
    "jobDescription": "Create machine learning apps",
    "experience": [
      "IBM",
      "INTEL"
    ],
    "project": [
      {
        "projectName": "SCASE",
        "technology": [
          "Python",
          "R"
        ]
      }
    ]
  },
  {
    "jobId": 647,
    "jobTitle": "QA Tester",
    "jobDescription": "To develop andriod application",
    "experience": [
      "RRD",
      "ApD",
      "MobileIron"
    ],
    "project": [
      {
        "projectName": "Eccc",
        "technology": [
          "Selenium",
          "Robot"
        ]
      }
    ]
  },
  {
    "jobId": 7,
    "jobTitle": "Software Engg",
    "jobDescription": "To develop andriod application",
    "experience": [
      "Google",
      "Apple",
      "Mobile Iron",
      "Subex"
    ],
    "project": [
      {
        "projectName": "Movie App",
        "technology": [
          "Kotlin",
          "SQL Lite",
          "Gradle",
          "Jenkins"
        ]
      }
    ]
  },
  {
    "jobId": 7,
    "jobTitle": "Software Engg",
    "jobDescription": "To develop andriod application",
    "experience": [
      "Google",
      "Apple",
      "Mobile Iron",
      "Subex"
    ],
    "project": [
      {
        "projectName": "Movie App",
        "technology": [
          "Kotlin",
          "SQL Lite",
          "Gradle",
          "Jenkins"
        ]
      }
    ]
  },
  {
    "jobId": 36,
    "jobTitle": "Software Engg - 2",
    "jobDescription": "To develop andriod application",
    "experience": [
      "Google",
      "Apple",
      "Mobile Iron",
      "Google"
    ],
    "project": [
      {
        "projectName": "Movie App",
        "technology": [
          "Kotlin",
          "SQL Lite",
          "Gradle",
          "Jenkins"
        ]
      }
    ]
  },
  {
    "jobId": 6,
    "jobTitle": "Software Engg",
    "jobDescription": "To develop andriod application",
    "experience": [
      "Google",
      "Apple",
      "Mobile Iron",
      "Subex"
    ],
    "project": [
      {
        "projectName": "Movie App",
        "technology": [
          "Kotlin",
          "SQL Lite",
          "Gradle",
          "Jenkins"
        ]
      }
    ]
  },
  {
    "jobId": 40,
    "jobTitle": "LOS",
    "jobDescription": "SOL",
    "experience": [
      "Nothing"
    ],
    "project": [
    ]
  },
  {
    "jobId": 59,
    "jobTitle": "LOS",
    "jobDescription": "SOL",
    "experience": [
      "Nothing"
    ],
    "project": [
    ]
  },
  {
    "jobId": 80,
    "jobTitle": "LOS",
    "jobDescription": "SOL",
    "experience": [
      "Nothing"
    ],
    "project": [
    ]
  },
  {
    "jobId": 4,
    "jobTitle": "LOS",
    "jobDescription": "SOL",
    "experience": [
      "Nothing"
    ],
    "project": [
    ]
  },
  {
    "jobId": 33,
    "jobTitle": "LOS",
    "jobDescription": "SOL",
    "experience": [
      "Nothing"
    ],
    "project": [
    ]
  },
  {
    "jobId": 70,
    "jobTitle": "Software Engg - 2",
    "jobDescription": "To develop andriod application and web application",
    "experience": [
      "Nothing"
    ],
    "project": [
    ]
  },
  {
    "jobId": 40,
    "jobTitle": "LOS",
    "jobDescription": "SOL",
    "experience": [
      "Nothing"
    ],
    "project": [
    ]
  },
  {
    "jobId": 32,
    "jobTitle": "LOS",
    "jobDescription": "SOL",
    "experience": [
      "Nothing"
    ],
    "project": [
    ]
  },
  {
    "jobId": 370,
    "jobTitle": "IOS",
    "jobDescription": "APPLE",
    "experience": [
      "Nothing"
    ],
    "project": [
    ]
  },
  {
    "jobId": 676,
    "jobTitle": "IOS",
    "jobDescription": "APPLE",
    "experience": [
      "Nothing"
    ],
    "project": [
    ]
  },
  {
    "jobId": 704,
    "jobTitle": "IOS",
    "jobDescription": "APPLE",
    "experience": [
      "Nothing"
    ],
    "project": [
    ]
  },
  {
    "jobId": 9980,
    "jobTitle": "Data Analyst",
    "jobDescription": "Develop machine learning models",
    "experience": [
      "Nothing"
    ],
    "project": [
    ]
  },
  {
    "jobId": 9980,
    "jobTitle": "Data Analyst",
    "jobDescription": "Develop machine learning models",
    "experience": [
      "Nothing"
    ],
    "project": [
    ]
  },
  {
    "jobId": 3,
    "jobTitle": "Data Engg",
    "jobDescription": "Create machine learning apps",
    "experience": [
      "IBM",
      "INTEL"
    ],
    "project": [
      {
        "projectName": "SCASE",
        "technology": [
          "Python",
          "R"
        ]
      }
    ]
  },
  {
    "jobId": 4,
    "jobTitle": "QA Tester",
    "jobDescription": "To develop andriod application",
    "experience": [
      "RRD",
      "ApD",
      "MobileIron"
    ],
    "project": [
      {
        "projectName": "Eccc",
        "technology": [
          "Selenium",
          "Robot"
        ]
      }
    ]
  },
  {
    "jobId": 82,
    "jobTitle": "Data Engg",
    "jobDescription": "Create machine learning apps",
    "experience": [
      "IBM",
      "INTEL"
    ],
    "project": [
      {
        "projectName": "SCASE",
        "technology": [
          "Python",
          "R"
        ]
      }
    ]
  },
  {
    "jobId": 291,
    "jobTitle": "QA Tester",
    "jobDescription": "To develop andriod application",
    "experience": [
      "RRD",
      "ApD",
      "MobileIron"
    ],
    "project": [
      {
        "projectName": "Eccc",
        "technology": [
          "Selenium",
          "Robot"
        ]
      }
    ]
  },
  {
    "jobId": 3,
    "jobTitle": "Data Engg",
    "jobDescription": "Create machine learning apps",
    "experience": [
      "IBM",
      "INTEL"
    ],
    "project": [
      {
        "projectName": "SCASE",
        "technology": [
          "Python",
          "R"
        ]
      }
    ]
  },
  {
    "jobId": 3,
    "jobTitle": "Data Engg",
    "jobDescription": "Create machine learning apps",
    "experience": [
      "IBM",
      "INTEL"
    ],
    "project": [
      {
        "projectName": "SCASE",
        "technology": [
          "Python",
          "R"
        ]
      }
    ]
  },
  {
    "jobId": 251,
    "jobTitle": "LOS",
    "jobDescription": "SOL",
    "experience": [
      "Nothing"
    ],
    "project": [
    ]
  },
  {
    "jobId": 19,
    "jobTitle": "LOS",
    "jobDescription": "SOL",
    "experience": [
      "Nothing"
    ],
    "project": [
    ]
  }
]
 
14:22:58.810 [pool-2-thread-5] INFO  com.intuit.karate - [print] [
  {
    "jobId": 1,
    "jobTitle": "Software Engg",
    "jobDescription": "To develop andriod application",
    "experience": [
      "Google",
      "Apple",
      "Mobile Iron"
    ],
    "project": [
      {
        "projectName": "Movie App",
        "technology": [
          "Kotlin",
          "SQL Lite",
          "Gradle"
        ]
      }
    ]
  },
  {
    "jobId": 3,
    "jobTitle": "Data Engg",
    "jobDescription": "Create machine learning apps",
    "experience": [
      "IBM",
      "INTEL"
    ],
    "project": [
      {
        "projectName": "SCASE",
        "technology": [
          "Python",
          "R"
        ]
      }
    ]
  },
  {
    "jobId": 4,
    "jobTitle": "Software Engg - 2",
    "jobDescription": "To develop andriod application and web application",
    "experience": [
      "RRD",
      "ApD",
      "MobileIron"
    ],
    "project": [
      {
        "projectName": "Eccc",
        "technology": [
          "Selenium",
          "Robot"
        ]
      }
    ]
  },
  {
    "jobId": 640,
    "jobTitle": "Data Engg",
    "jobDescription": "Create machine learning apps",
    "experience": [
      "IBM",
      "INTEL"
    ],
    "project": [
      {
        "projectName": "SCASE",
        "technology": [
          "Python",
          "R"
        ]
      }
    ]
  },
  {
    "jobId": 430,
    "jobTitle": "QA Tester",
    "jobDescription": "To develop andriod application",
    "experience": [
      "RRD",
      "ApD",
      "MobileIron"
    ],
    "project": [
      {
        "projectName": "Eccc",
        "technology": [
          "Selenium",
          "Robot"
        ]
      }
    ]
  },
  {
    "jobId": 3,
    "jobTitle": "Data Engg",
    "jobDescription": "Create machine learning apps",
    "experience": [
      "IBM",
      "INTEL"
    ],
    "project": [
      {
        "projectName": "SCASE",
        "technology": [
          "Python",
          "R"
        ]
      }
    ]
  },
  {
    "jobId": 3,
    "jobTitle": "Data Engg",
    "jobDescription": "Create machine learning apps",
    "experience": [
      "IBM",
      "INTEL"
    ],
    "project": [
      {
        "projectName": "SCASE",
        "technology": [
          "Python",
          "R"
        ]
      }
    ]
  },
  {
    "jobId": 4,
    "jobTitle": "QA Tester",
    "jobDescription": "To develop andriod application",
    "experience": [
      "RRD",
      "ApD",
      "MobileIron"
    ],
    "project": [
      {
        "projectName": "Eccc",
        "technology": [
          "Selenium",
          "Robot"
        ]
      }
    ]
  },
  {
    "jobId": 404,
    "jobTitle": "Data Engg",
    "jobDescription": "Create machine learning apps",
    "experience": [
      "IBM",
      "INTEL"
    ],
    "project": [
      {
        "projectName": "SCASE",
        "technology": [
          "Python",
          "R"
        ]
      }
    ]
  },
  {
    "jobId": 412,
    "jobTitle": "QA Tester",
    "jobDescription": "To develop andriod application",
    "experience": [
      "RRD",
      "ApD",
      "MobileIron"
    ],
    "project": [
      {
        "projectName": "Eccc",
        "technology": [
          "Selenium",
          "Robot"
        ]
      }
    ]
  },
  {
    "jobId": 3,
    "jobTitle": "Data Engg",
    "jobDescription": "Create machine learning apps",
    "experience": [
      "IBM",
      "INTEL"
    ],
    "project": [
      {
        "projectName": "SCASE",
        "technology": [
          "Python",
          "R"
        ]
      }
    ]
  },
  {
    "jobId": 3,
    "jobTitle": "Data Engg",
    "jobDescription": "Create machine learning apps",
    "experience": [
      "IBM",
      "INTEL"
    ],
    "project": [
      {
        "projectName": "SCASE",
        "technology": [
          "Python",
          "R"
        ]
      }
    ]
  },
  {
    "jobId": 4,
    "jobTitle": "QA Tester",
    "jobDescription": "To develop andriod application",
    "experience": [
      "RRD",
      "ApD",
      "MobileIron"
    ],
    "project": [
      {
        "projectName": "Eccc",
        "technology": [
          "Selenium",
          "Robot"
        ]
      }
    ]
  },
  {
    "jobId": 612,
    "jobTitle": "Data Engg",
    "jobDescription": "Create machine learning apps",
    "experience": [
      "IBM",
      "INTEL"
    ],
    "project": [
      {
        "projectName": "SCASE",
        "technology": [
          "Python",
          "R"
        ]
      }
    ]
  },
  {
    "jobId": 124,
    "jobTitle": "QA Tester",
    "jobDescription": "To develop andriod application",
    "experience": [
      "RRD",
      "ApD",
      "MobileIron"
    ],
    "project": [
      {
        "projectName": "Eccc",
        "technology": [
          "Selenium",
          "Robot"
        ]
      }
    ]
  },
  {
    "jobId": 3,
    "jobTitle": "Data Engg",
    "jobDescription": "Create machine learning apps",
    "experience": [
      "IBM",
      "INTEL"
    ],
    "project": [
      {
        "projectName": "SCASE",
        "technology": [
          "Python",
          "R"
        ]
      }
    ]
  },
  {
    "jobId": 3,
    "jobTitle": "Data Engg",
    "jobDescription": "Create machine learning apps",
    "experience": [
      "IBM",
      "INTEL"
    ],
    "project": [
      {
        "projectName": "SCASE",
        "technology": [
          "Python",
          "R"
        ]
      }
    ]
  },
  {
    "jobId": 4,
    "jobTitle": "QA Tester",
    "jobDescription": "To develop andriod application",
    "experience": [
      "RRD",
      "ApD",
      "MobileIron"
    ],
    "project": [
      {
        "projectName": "Eccc",
        "technology": [
          "Selenium",
          "Robot"
        ]
      }
    ]
  },
  {
    "jobId": 27,
    "jobTitle": "Data Engg",
    "jobDescription": "Create machine learning apps",
    "experience": [
      "IBM",
      "INTEL"
    ],
    "project": [
      {
        "projectName": "SCASE",
        "technology": [
          "Python",
          "R"
        ]
      }
    ]
  },
  {
    "jobId": 276,
    "jobTitle": "QA Tester",
    "jobDescription": "To develop andriod application",
    "experience": [
      "RRD",
      "ApD",
      "MobileIron"
    ],
    "project": [
      {
        "projectName": "Eccc",
        "technology": [
          "Selenium",
          "Robot"
        ]
      }
    ]
  },
  {
    "jobId": 3,
    "jobTitle": "Data Engg",
    "jobDescription": "Create machine learning apps",
    "experience": [
      "IBM",
      "INTEL"
    ],
    "project": [
      {
        "projectName": "SCASE",
        "technology": [
          "Python",
          "R"
        ]
      }
    ]
  },
  {
    "jobId": 47,
    "jobTitle": "LOS",
    "jobDescription": "SOL",
    "experience": [
      "Nothing"
    ],
    "project": [
    ]
  },
  {
    "jobId": 99,
    "jobTitle": "LOS",
    "jobDescription": "SOL",
    "experience": [
      "Nothing"
    ],
    "project": [
    ]
  },
  {
    "jobId": 49,
    "jobTitle": "LOS",
    "jobDescription": "SOL",
    "experience": [
      "Nothing"
    ],
    "project": [
    ]
  },
  {
    "jobId": 99,
    "jobTitle": "LOS",
    "jobDescription": "SOL",
    "experience": [
      "Nothing"
    ],
    "project": [
    ]
  },
  {
    "jobId": 80,
    "jobTitle": "LOS",
    "jobDescription": "SOL",
    "experience": [
      "Nothing"
    ],
    "project": [
    ]
  },
  {
    "jobId": 0,
    "jobTitle": "LOS",
    "jobDescription": "SOL",
    "experience": [
      "Nothing"
    ],
    "project": [
    ]
  },
  {
    "jobId": 0,
    "jobTitle": "LOS",
    "jobDescription": "SOL",
    "experience": [
      "Nothing"
    ],
    "project": [
    ]
  },
  {
    "jobId": 0,
    "jobTitle": "LOS",
    "jobDescription": "SOL",
    "experience": [
      "Nothing"
    ],
    "project": [
    ]
  },
  {
    "jobId": 45,
    "jobTitle": "QA Tester",
    "jobDescription": "Finding bugs",
    "experience": [
      "Nothing"
    ],
    "project": [
    ]
  },
  {
    "jobId": 64,
    "jobTitle": "QA Tester",
    "jobDescription": "Finding bugs",
    "experience": [
      "Nothing"
    ],
    "project": [
    ]
  },
  {
    "jobId": 38,
    "jobTitle": "QA Tester",
    "jobDescription": "Finding bugs",
    "experience": [
      "Nothing"
    ],
    "project": [
    ]
  },
  {
    "jobId": 85,
    "jobTitle": "LOS",
    "jobDescription": "SOL",
    "experience": [
      "Nothing"
    ],
    "project": [
    ]
  },
  {
    "jobId": 9,
    "jobTitle": "QA Tester",
    "jobDescription": "Finding bugs",
    "experience": [
      "Nothing"
    ],
    "project": [
    ]
  },
  {
    "jobId": 85,
    "jobTitle": "LOS",
    "jobDescription": "SOL",
    "experience": [
      "Nothing"
    ],
    "project": [
    ]
  },
  {
    "jobId": 36,
    "jobTitle": "LOS",
    "jobDescription": "SOL",
    "experience": [
      "Nothing"
    ],
    "project": [
    ]
  },
  {
    "jobId": 41,
    "jobTitle": "QA Tester",
    "jobDescription": "Finding bugs",
    "experience": [
      "Nothing"
    ],
    "project": [
    ]
  },
  {
    "jobId": 42,
    "jobTitle": "LOS",
    "jobDescription": "SOL",
    "experience": [
      "Nothing"
    ],
    "project": [
    ]
  },
  {
    "jobId": 69,
    "jobTitle": "LOS",
    "jobDescription": "SOL",
    "experience": [
      "Nothing"
    ],
    "project": [
    ]
  },
  {
    "jobId": 13,
    "jobTitle": "LOS",
    "jobDescription": "SOL",
    "experience": [
      "Nothing"
    ],
    "project": [
    ]
  },
  {
    "jobId": 15,
    "jobTitle": "LOS",
    "jobDescription": "To develop andriod application and web application",
    "experience": [
      "Nothing"
    ],
    "project": [
    ]
  },
  {
    "jobId": 19,
    "jobTitle": "LOS",
    "jobDescription": "To develop andriod application and web application",
    "experience": [
      "Nothing"
    ],
    "project": [
    ]
  },
  {
    "jobId": 92,
    "jobTitle": "Software Engg - 2",
    "jobDescription": "To develop andriod application and web application",
    "experience": [
      "Nothing"
    ],
    "project": [
    ]
  },
  {
    "jobId": 54,
    "jobTitle": "LOS",
    "jobDescription": "SOL",
    "experience": [
      "Nothing"
    ],
    "project": [
    ]
  },
  {
    "jobId": 90,
    "jobTitle": "Software Engg - 2",
    "jobDescription": "To develop andriod application and web application",
    "experience": [
      "Nothing"
    ],
    "project": [
    ]
  },
  {
    "jobId": 38,
    "jobTitle": "LOS",
    "jobDescription": "SOL",
    "experience": [
      "Nothing"
    ],
    "project": [
    ]
  },
  {
    "jobId": 5,
    "jobTitle": "Software Engg - 2",
    "jobDescription": "To develop andriod application",
    "experience": [
      "Google",
      "Apple",
      "Mobile Iron",
      "Google"
    ],
    "project": [
      {
        "projectName": "Movie App",
        "technology": [
          "Kotlin",
          "SQL Lite",
          "Gradle",
          "Jenkins"
        ]
      }
    ]
  },
  {
    "jobId": 623,
    "jobTitle": "Data Engg",
    "jobDescription": "Create machine learning apps",
    "experience": [
      "IBM",
      "INTEL"
    ],
    "project": [
      {
        "projectName": "SCASE",
        "technology": [
          "Python",
          "R"
        ]
      }
    ]
  },
  {
    "jobId": 3,
    "jobTitle": "Data Engg",
    "jobDescription": "Create machine learning apps",
    "experience": [
      "IBM",
      "INTEL"
    ],
    "project": [
      {
        "projectName": "SCASE",
        "technology": [
          "Python",
          "R"
        ]
      }
    ]
  },
  {
    "jobId": 4,
    "jobTitle": "QA Tester",
    "jobDescription": "To develop andriod application",
    "experience": [
      "RRD",
      "ApD",
      "MobileIron"
    ],
    "project": [
      {
        "projectName": "Eccc",
        "technology": [
          "Selenium",
          "Robot"
        ]
      }
    ]
  },
  {
    "jobId": 345,
    "jobTitle": "QA Tester",
    "jobDescription": "To develop andriod application",
    "experience": [
      "RRD",
      "ApD",
      "MobileIron"
    ],
    "project": [
      {
        "projectName": "Eccc",
        "technology": [
          "Selenium",
          "Robot"
        ]
      }
    ]
  },
  {
    "jobId": 7,
    "jobTitle": "Software Engg",
    "jobDescription": "To develop andriod application",
    "experience": [
      "Google",
      "Apple",
      "Mobile Iron",
      "Subex"
    ],
    "project": [
      {
        "projectName": "Movie App",
        "technology": [
          "Kotlin",
          "SQL Lite",
          "Gradle",
          "Jenkins"
        ]
      }
    ]
  },
  {
    "jobId": 7,
    "jobTitle": "Software Engg",
    "jobDescription": "To develop andriod application",
    "experience": [
      "Google",
      "Apple",
      "Mobile Iron",
      "Subex"
    ],
    "project": [
      {
        "projectName": "Movie App",
        "technology": [
          "Kotlin",
          "SQL Lite",
          "Gradle",
          "Jenkins"
        ]
      }
    ]
  },
  {
    "jobId": 50,
    "jobTitle": "Software Engg - 2",
    "jobDescription": "To develop andriod application",
    "experience": [
      "Google",
      "Apple",
      "Mobile Iron",
      "Google"
    ],
    "project": [
      {
        "projectName": "Movie App",
        "technology": [
          "Kotlin",
          "SQL Lite",
          "Gradle",
          "Jenkins"
        ]
      }
    ]
  },
  {
    "jobId": 43,
    "jobTitle": "Software Engg",
    "jobDescription": "To develop andriod application",
    "experience": [
      "Google",
      "Apple",
      "Mobile Iron",
      "Subex"
    ],
    "project": [
      {
        "projectName": "Movie App",
        "technology": [
          "Kotlin",
          "SQL Lite",
          "Gradle",
          "Jenkins"
        ]
      }
    ]
  },
  {
    "jobId": 19,
    "jobTitle": "LOS",
    "jobDescription": "SOL",
    "experience": [
      "Nothing"
    ],
    "project": [
    ]
  },
  {
    "jobId": 7,
    "jobTitle": "LOS",
    "jobDescription": "SOL",
    "experience": [
      "Nothing"
    ],
    "project": [
    ]
  },
  {
    "jobId": 3,
    "jobTitle": "Data Engg",
    "jobDescription": "Create machine learning apps",
    "experience": [
      "IBM",
      "INTEL"
    ],
    "project": [
      {
        "projectName": "SCASE",
        "technology": [
          "Python",
          "R"
        ]
      }
    ]
  },
  {
    "jobId": 5,
    "jobTitle": "Software Engg - 2",
    "jobDescription": "To develop andriod application",
    "experience": [
      "Google",
      "Apple",
      "Mobile Iron",
      "Google"
    ],
    "project": [
      {
        "projectName": "Movie App",
        "technology": [
          "Kotlin",
          "SQL Lite",
          "Gradle",
          "Jenkins"
        ]
      }
    ]
  },
  {
    "jobId": 4,
    "jobTitle": "QA Tester",
    "jobDescription": "To develop andriod application",
    "experience": [
      "RRD",
      "ApD",
      "MobileIron"
    ],
    "project": [
      {
        "projectName": "Eccc",
        "technology": [
          "Selenium",
          "Robot"
        ]
      }
    ]
  },
  {
    "jobId": 135,
    "jobTitle": "Data Engg",
    "jobDescription": "Create machine learning apps",
    "experience": [
      "IBM",
      "INTEL"
    ],
    "project": [
      {
        "projectName": "SCASE",
        "technology": [
          "Python",
          "R"
        ]
      }
    ]
  },
  {
    "jobId": 647,
    "jobTitle": "QA Tester",
    "jobDescription": "To develop andriod application",
    "experience": [
      "RRD",
      "ApD",
      "MobileIron"
    ],
    "project": [
      {
        "projectName": "Eccc",
        "technology": [
          "Selenium",
          "Robot"
        ]
      }
    ]
  },
  {
    "jobId": 7,
    "jobTitle": "Software Engg",
    "jobDescription": "To develop andriod application",
    "experience": [
      "Google",
      "Apple",
      "Mobile Iron",
      "Subex"
    ],
    "project": [
      {
        "projectName": "Movie App",
        "technology": [
          "Kotlin",
          "SQL Lite",
          "Gradle",
          "Jenkins"
        ]
      }
    ]
  },
  {
    "jobId": 7,
    "jobTitle": "Software Engg",
    "jobDescription": "To develop andriod application",
    "experience": [
      "Google",
      "Apple",
      "Mobile Iron",
      "Subex"
    ],
    "project": [
      {
        "projectName": "Movie App",
        "technology": [
          "Kotlin",
          "SQL Lite",
          "Gradle",
          "Jenkins"
        ]
      }
    ]
  },
  {
    "jobId": 36,
    "jobTitle": "Software Engg - 2",
    "jobDescription": "To develop andriod application",
    "experience": [
      "Google",
      "Apple",
      "Mobile Iron",
      "Google"
    ],
    "project": [
      {
        "projectName": "Movie App",
        "technology": [
          "Kotlin",
          "SQL Lite",
          "Gradle",
          "Jenkins"
        ]
      }
    ]
  },
  {
    "jobId": 6,
    "jobTitle": "Software Engg",
    "jobDescription": "To develop andriod application",
    "experience": [
      "Google",
      "Apple",
      "Mobile Iron",
      "Subex"
    ],
    "project": [
      {
        "projectName": "Movie App",
        "technology": [
          "Kotlin",
          "SQL Lite",
          "Gradle",
          "Jenkins"
        ]
      }
    ]
  },
  {
    "jobId": 40,
    "jobTitle": "LOS",
    "jobDescription": "SOL",
    "experience": [
      "Nothing"
    ],
    "project": [
    ]
  },
  {
    "jobId": 59,
    "jobTitle": "LOS",
    "jobDescription": "SOL",
    "experience": [
      "Nothing"
    ],
    "project": [
    ]
  },
  {
    "jobId": 80,
    "jobTitle": "LOS",
    "jobDescription": "SOL",
    "experience": [
      "Nothing"
    ],
    "project": [
    ]
  },
  {
    "jobId": 4,
    "jobTitle": "LOS",
    "jobDescription": "SOL",
    "experience": [
      "Nothing"
    ],
    "project": [
    ]
  },
  {
    "jobId": 33,
    "jobTitle": "LOS",
    "jobDescription": "SOL",
    "experience": [
      "Nothing"
    ],
    "project": [
    ]
  },
  {
    "jobId": 70,
    "jobTitle": "Software Engg - 2",
    "jobDescription": "To develop andriod application and web application",
    "experience": [
      "Nothing"
    ],
    "project": [
    ]
  },
  {
    "jobId": 40,
    "jobTitle": "LOS",
    "jobDescription": "SOL",
    "experience": [
      "Nothing"
    ],
    "project": [
    ]
  },
  {
    "jobId": 32,
    "jobTitle": "LOS",
    "jobDescription": "SOL",
    "experience": [
      "Nothing"
    ],
    "project": [
    ]
  },
  {
    "jobId": 370,
    "jobTitle": "IOS",
    "jobDescription": "APPLE",
    "experience": [
      "Nothing"
    ],
    "project": [
    ]
  },
  {
    "jobId": 676,
    "jobTitle": "IOS",
    "jobDescription": "APPLE",
    "experience": [
      "Nothing"
    ],
    "project": [
    ]
  },
  {
    "jobId": 704,
    "jobTitle": "IOS",
    "jobDescription": "APPLE",
    "experience": [
      "Nothing"
    ],
    "project": [
    ]
  },
  {
    "jobId": 9980,
    "jobTitle": "Data Analyst",
    "jobDescription": "Develop machine learning models",
    "experience": [
      "Nothing"
    ],
    "project": [
    ]
  },
  {
    "jobId": 9980,
    "jobTitle": "Data Analyst",
    "jobDescription": "Develop machine learning models",
    "experience": [
      "Nothing"
    ],
    "project": [
    ]
  },
  {
    "jobId": 3,
    "jobTitle": "Data Engg",
    "jobDescription": "Create machine learning apps",
    "experience": [
      "IBM",
      "INTEL"
    ],
    "project": [
      {
        "projectName": "SCASE",
        "technology": [
          "Python",
          "R"
        ]
      }
    ]
  },
  {
    "jobId": 4,
    "jobTitle": "QA Tester",
    "jobDescription": "To develop andriod application",
    "experience": [
      "RRD",
      "ApD",
      "MobileIron"
    ],
    "project": [
      {
        "projectName": "Eccc",
        "technology": [
          "Selenium",
          "Robot"
        ]
      }
    ]
  },
  {
    "jobId": 82,
    "jobTitle": "Data Engg",
    "jobDescription": "Create machine learning apps",
    "experience": [
      "IBM",
      "INTEL"
    ],
    "project": [
      {
        "projectName": "SCASE",
        "technology": [
          "Python",
          "R"
        ]
      }
    ]
  },
  {
    "jobId": 291,
    "jobTitle": "QA Tester",
    "jobDescription": "To develop andriod application",
    "experience": [
      "RRD",
      "ApD",
      "MobileIron"
    ],
    "project": [
      {
        "projectName": "Eccc",
        "technology": [
          "Selenium",
          "Robot"
        ]
      }
    ]
  },
  {
    "jobId": 3,
    "jobTitle": "Data Engg",
    "jobDescription": "Create machine learning apps",
    "experience": [
      "IBM",
      "INTEL"
    ],
    "project": [
      {
        "projectName": "SCASE",
        "technology": [
          "Python",
          "R"
        ]
      }
    ]
  },
  {
    "jobId": 3,
    "jobTitle": "Data Engg",
    "jobDescription": "Create machine learning apps",
    "experience": [
      "IBM",
      "INTEL"
    ],
    "project": [
      {
        "projectName": "SCASE",
        "technology": [
          "Python",
          "R"
        ]
      }
    ]
  },
  {
    "jobId": 251,
    "jobTitle": "LOS",
    "jobDescription": "SOL",
    "experience": [
      "Nothing"
    ],
    "project": [
    ]
  },
  {
    "jobId": 19,
    "jobTitle": "LOS",
    "jobDescription": "SOL",
    "experience": [
      "Nothing"
    ],
    "project": [
    ]
  }
]
 
14:22:58.814 [pool-2-thread-2] INFO  com.intuit.karate - [print] [
  {
    "jobId": 1,
    "jobTitle": "Software Engg",
    "jobDescription": "To develop andriod application",
    "experience": [
      "Google",
      "Apple",
      "Mobile Iron"
    ],
    "project": [
      {
        "projectName": "Movie App",
        "technology": [
          "Kotlin",
          "SQL Lite",
          "Gradle"
        ]
      }
    ]
  },
  {
    "jobId": 3,
    "jobTitle": "Data Engg",
    "jobDescription": "Create machine learning apps",
    "experience": [
      "IBM",
      "INTEL"
    ],
    "project": [
      {
        "projectName": "SCASE",
        "technology": [
          "Python",
          "R"
        ]
      }
    ]
  },
  {
    "jobId": 4,
    "jobTitle": "Software Engg - 2",
    "jobDescription": "To develop andriod application and web application",
    "experience": [
      "RRD",
      "ApD",
      "MobileIron"
    ],
    "project": [
      {
        "projectName": "Eccc",
        "technology": [
          "Selenium",
          "Robot"
        ]
      }
    ]
  },
  {
    "jobId": 640,
    "jobTitle": "Data Engg",
    "jobDescription": "Create machine learning apps",
    "experience": [
      "IBM",
      "INTEL"
    ],
    "project": [
      {
        "projectName": "SCASE",
        "technology": [
          "Python",
          "R"
        ]
      }
    ]
  },
  {
    "jobId": 430,
    "jobTitle": "QA Tester",
    "jobDescription": "To develop andriod application",
    "experience": [
      "RRD",
      "ApD",
      "MobileIron"
    ],
    "project": [
      {
        "projectName": "Eccc",
        "technology": [
          "Selenium",
          "Robot"
        ]
      }
    ]
  },
  {
    "jobId": 3,
    "jobTitle": "Data Engg",
    "jobDescription": "Create machine learning apps",
    "experience": [
      "IBM",
      "INTEL"
    ],
    "project": [
      {
        "projectName": "SCASE",
        "technology": [
          "Python",
          "R"
        ]
      }
    ]
  },
  {
    "jobId": 3,
    "jobTitle": "Data Engg",
    "jobDescription": "Create machine learning apps",
    "experience": [
      "IBM",
      "INTEL"
    ],
    "project": [
      {
        "projectName": "SCASE",
        "technology": [
          "Python",
          "R"
        ]
      }
    ]
  },
  {
    "jobId": 4,
    "jobTitle": "QA Tester",
    "jobDescription": "To develop andriod application",
    "experience": [
      "RRD",
      "ApD",
      "MobileIron"
    ],
    "project": [
      {
        "projectName": "Eccc",
        "technology": [
          "Selenium",
          "Robot"
        ]
      }
    ]
  },
  {
    "jobId": 404,
    "jobTitle": "Data Engg",
    "jobDescription": "Create machine learning apps",
    "experience": [
      "IBM",
      "INTEL"
    ],
    "project": [
      {
        "projectName": "SCASE",
        "technology": [
          "Python",
          "R"
        ]
      }
    ]
  },
  {
    "jobId": 412,
    "jobTitle": "QA Tester",
    "jobDescription": "To develop andriod application",
    "experience": [
      "RRD",
      "ApD",
      "MobileIron"
    ],
    "project": [
      {
        "projectName": "Eccc",
        "technology": [
          "Selenium",
          "Robot"
        ]
      }
    ]
  },
  {
    "jobId": 3,
    "jobTitle": "Data Engg",
    "jobDescription": "Create machine learning apps",
    "experience": [
      "IBM",
      "INTEL"
    ],
    "project": [
      {
        "projectName": "SCASE",
        "technology": [
          "Python",
          "R"
        ]
      }
    ]
  },
  {
    "jobId": 3,
    "jobTitle": "Data Engg",
    "jobDescription": "Create machine learning apps",
    "experience": [
      "IBM",
      "INTEL"
    ],
    "project": [
      {
        "projectName": "SCASE",
        "technology": [
          "Python",
          "R"
        ]
      }
    ]
  },
  {
    "jobId": 4,
    "jobTitle": "QA Tester",
    "jobDescription": "To develop andriod application",
    "experience": [
      "RRD",
      "ApD",
      "MobileIron"
    ],
    "project": [
      {
        "projectName": "Eccc",
        "technology": [
          "Selenium",
          "Robot"
        ]
      }
    ]
  },
  {
    "jobId": 612,
    "jobTitle": "Data Engg",
    "jobDescription": "Create machine learning apps",
    "experience": [
      "IBM",
      "INTEL"
    ],
    "project": [
      {
        "projectName": "SCASE",
        "technology": [
          "Python",
          "R"
        ]
      }
    ]
  },
  {
    "jobId": 124,
    "jobTitle": "QA Tester",
    "jobDescription": "To develop andriod application",
    "experience": [
      "RRD",
      "ApD",
      "MobileIron"
    ],
    "project": [
      {
        "projectName": "Eccc",
        "technology": [
          "Selenium",
          "Robot"
        ]
      }
    ]
  },
  {
    "jobId": 3,
    "jobTitle": "Data Engg",
    "jobDescription": "Create machine learning apps",
    "experience": [
      "IBM",
      "INTEL"
    ],
    "project": [
      {
        "projectName": "SCASE",
        "technology": [
          "Python",
          "R"
        ]
      }
    ]
  },
  {
    "jobId": 3,
    "jobTitle": "Data Engg",
    "jobDescription": "Create machine learning apps",
    "experience": [
      "IBM",
      "INTEL"
    ],
    "project": [
      {
        "projectName": "SCASE",
        "technology": [
          "Python",
          "R"
        ]
      }
    ]
  },
  {
    "jobId": 4,
    "jobTitle": "QA Tester",
    "jobDescription": "To develop andriod application",
    "experience": [
      "RRD",
      "ApD",
      "MobileIron"
    ],
    "project": [
      {
        "projectName": "Eccc",
        "technology": [
          "Selenium",
          "Robot"
        ]
      }
    ]
  },
  {
    "jobId": 27,
    "jobTitle": "Data Engg",
    "jobDescription": "Create machine learning apps",
    "experience": [
      "IBM",
      "INTEL"
    ],
    "project": [
      {
        "projectName": "SCASE",
        "technology": [
          "Python",
          "R"
        ]
      }
    ]
  },
  {
    "jobId": 276,
    "jobTitle": "QA Tester",
    "jobDescription": "To develop andriod application",
    "experience": [
      "RRD",
      "ApD",
      "MobileIron"
    ],
    "project": [
      {
        "projectName": "Eccc",
        "technology": [
          "Selenium",
          "Robot"
        ]
      }
    ]
  },
  {
    "jobId": 3,
    "jobTitle": "Data Engg",
    "jobDescription": "Create machine learning apps",
    "experience": [
      "IBM",
      "INTEL"
    ],
    "project": [
      {
        "projectName": "SCASE",
        "technology": [
          "Python",
          "R"
        ]
      }
    ]
  },
  {
    "jobId": 47,
    "jobTitle": "LOS",
    "jobDescription": "SOL",
    "experience": [
      "Nothing"
    ],
    "project": [
    ]
  },
  {
    "jobId": 99,
    "jobTitle": "LOS",
    "jobDescription": "SOL",
    "experience": [
      "Nothing"
    ],
    "project": [
    ]
  },
  {
    "jobId": 49,
    "jobTitle": "LOS",
    "jobDescription": "SOL",
    "experience": [
      "Nothing"
    ],
    "project": [
    ]
  },
  {
    "jobId": 99,
    "jobTitle": "LOS",
    "jobDescription": "SOL",
    "experience": [
      "Nothing"
    ],
    "project": [
    ]
  },
  {
    "jobId": 80,
    "jobTitle": "LOS",
    "jobDescription": "SOL",
    "experience": [
      "Nothing"
    ],
    "project": [
    ]
  },
  {
    "jobId": 0,
    "jobTitle": "LOS",
    "jobDescription": "SOL",
    "experience": [
      "Nothing"
    ],
    "project": [
    ]
  },
  {
    "jobId": 0,
    "jobTitle": "LOS",
    "jobDescription": "SOL",
    "experience": [
      "Nothing"
    ],
    "project": [
    ]
  },
  {
    "jobId": 0,
    "jobTitle": "LOS",
    "jobDescription": "SOL",
    "experience": [
      "Nothing"
    ],
    "project": [
    ]
  },
  {
    "jobId": 45,
    "jobTitle": "QA Tester",
    "jobDescription": "Finding bugs",
    "experience": [
      "Nothing"
    ],
    "project": [
    ]
  },
  {
    "jobId": 64,
    "jobTitle": "QA Tester",
    "jobDescription": "Finding bugs",
    "experience": [
      "Nothing"
    ],
    "project": [
    ]
  },
  {
    "jobId": 38,
    "jobTitle": "QA Tester",
    "jobDescription": "Finding bugs",
    "experience": [
      "Nothing"
    ],
    "project": [
    ]
  },
  {
    "jobId": 85,
    "jobTitle": "LOS",
    "jobDescription": "SOL",
    "experience": [
      "Nothing"
    ],
    "project": [
    ]
  },
  {
    "jobId": 9,
    "jobTitle": "QA Tester",
    "jobDescription": "Finding bugs",
    "experience": [
      "Nothing"
    ],
    "project": [
    ]
  },
  {
    "jobId": 85,
    "jobTitle": "LOS",
    "jobDescription": "SOL",
    "experience": [
      "Nothing"
    ],
    "project": [
    ]
  },
  {
    "jobId": 36,
    "jobTitle": "LOS",
    "jobDescription": "SOL",
    "experience": [
      "Nothing"
    ],
    "project": [
    ]
  },
  {
    "jobId": 41,
    "jobTitle": "QA Tester",
    "jobDescription": "Finding bugs",
    "experience": [
      "Nothing"
    ],
    "project": [
    ]
  },
  {
    "jobId": 42,
    "jobTitle": "LOS",
    "jobDescription": "SOL",
    "experience": [
      "Nothing"
    ],
    "project": [
    ]
  },
  {
    "jobId": 69,
    "jobTitle": "LOS",
    "jobDescription": "SOL",
    "experience": [
      "Nothing"
    ],
    "project": [
    ]
  },
  {
    "jobId": 13,
    "jobTitle": "LOS",
    "jobDescription": "SOL",
    "experience": [
      "Nothing"
    ],
    "project": [
    ]
  },
  {
    "jobId": 15,
    "jobTitle": "LOS",
    "jobDescription": "To develop andriod application and web application",
    "experience": [
      "Nothing"
    ],
    "project": [
    ]
  },
  {
    "jobId": 19,
    "jobTitle": "LOS",
    "jobDescription": "To develop andriod application and web application",
    "experience": [
      "Nothing"
    ],
    "project": [
    ]
  },
  {
    "jobId": 92,
    "jobTitle": "Software Engg - 2",
    "jobDescription": "To develop andriod application and web application",
    "experience": [
      "Nothing"
    ],
    "project": [
    ]
  },
  {
    "jobId": 54,
    "jobTitle": "LOS",
    "jobDescription": "SOL",
    "experience": [
      "Nothing"
    ],
    "project": [
    ]
  },
  {
    "jobId": 90,
    "jobTitle": "Software Engg - 2",
    "jobDescription": "To develop andriod application and web application",
    "experience": [
      "Nothing"
    ],
    "project": [
    ]
  },
  {
    "jobId": 38,
    "jobTitle": "LOS",
    "jobDescription": "SOL",
    "experience": [
      "Nothing"
    ],
    "project": [
    ]
  },
  {
    "jobId": 5,
    "jobTitle": "Software Engg - 2",
    "jobDescription": "To develop andriod application",
    "experience": [
      "Google",
      "Apple",
      "Mobile Iron",
      "Google"
    ],
    "project": [
      {
        "projectName": "Movie App",
        "technology": [
          "Kotlin",
          "SQL Lite",
          "Gradle",
          "Jenkins"
        ]
      }
    ]
  },
  {
    "jobId": 623,
    "jobTitle": "Data Engg",
    "jobDescription": "Create machine learning apps",
    "experience": [
      "IBM",
      "INTEL"
    ],
    "project": [
      {
        "projectName": "SCASE",
        "technology": [
          "Python",
          "R"
        ]
      }
    ]
  },
  {
    "jobId": 3,
    "jobTitle": "Data Engg",
    "jobDescription": "Create machine learning apps",
    "experience": [
      "IBM",
      "INTEL"
    ],
    "project": [
      {
        "projectName": "SCASE",
        "technology": [
          "Python",
          "R"
        ]
      }
    ]
  },
  {
    "jobId": 4,
    "jobTitle": "QA Tester",
    "jobDescription": "To develop andriod application",
    "experience": [
      "RRD",
      "ApD",
      "MobileIron"
    ],
    "project": [
      {
        "projectName": "Eccc",
        "technology": [
          "Selenium",
          "Robot"
        ]
      }
    ]
  },
  {
    "jobId": 345,
    "jobTitle": "QA Tester",
    "jobDescription": "To develop andriod application",
    "experience": [
      "RRD",
      "ApD",
      "MobileIron"
    ],
    "project": [
      {
        "projectName": "Eccc",
        "technology": [
          "Selenium",
          "Robot"
        ]
      }
    ]
  },
  {
    "jobId": 7,
    "jobTitle": "Software Engg",
    "jobDescription": "To develop andriod application",
    "experience": [
      "Google",
      "Apple",
      "Mobile Iron",
      "Subex"
    ],
    "project": [
      {
        "projectName": "Movie App",
        "technology": [
          "Kotlin",
          "SQL Lite",
          "Gradle",
          "Jenkins"
        ]
      }
    ]
  },
  {
    "jobId": 7,
    "jobTitle": "Software Engg",
    "jobDescription": "To develop andriod application",
    "experience": [
      "Google",
      "Apple",
      "Mobile Iron",
      "Subex"
    ],
    "project": [
      {
        "projectName": "Movie App",
        "technology": [
          "Kotlin",
          "SQL Lite",
          "Gradle",
          "Jenkins"
        ]
      }
    ]
  },
  {
    "jobId": 50,
    "jobTitle": "Software Engg - 2",
    "jobDescription": "To develop andriod application",
    "experience": [
      "Google",
      "Apple",
      "Mobile Iron",
      "Google"
    ],
    "project": [
      {
        "projectName": "Movie App",
        "technology": [
          "Kotlin",
          "SQL Lite",
          "Gradle",
          "Jenkins"
        ]
      }
    ]
  },
  {
    "jobId": 43,
    "jobTitle": "Software Engg",
    "jobDescription": "To develop andriod application",
    "experience": [
      "Google",
      "Apple",
      "Mobile Iron",
      "Subex"
    ],
    "project": [
      {
        "projectName": "Movie App",
        "technology": [
          "Kotlin",
          "SQL Lite",
          "Gradle",
          "Jenkins"
        ]
      }
    ]
  },
  {
    "jobId": 19,
    "jobTitle": "LOS",
    "jobDescription": "SOL",
    "experience": [
      "Nothing"
    ],
    "project": [
    ]
  },
  {
    "jobId": 7,
    "jobTitle": "LOS",
    "jobDescription": "SOL",
    "experience": [
      "Nothing"
    ],
    "project": [
    ]
  },
  {
    "jobId": 3,
    "jobTitle": "Data Engg",
    "jobDescription": "Create machine learning apps",
    "experience": [
      "IBM",
      "INTEL"
    ],
    "project": [
      {
        "projectName": "SCASE",
        "technology": [
          "Python",
          "R"
        ]
      }
    ]
  },
  {
    "jobId": 5,
    "jobTitle": "Software Engg - 2",
    "jobDescription": "To develop andriod application",
    "experience": [
      "Google",
      "Apple",
      "Mobile Iron",
      "Google"
    ],
    "project": [
      {
        "projectName": "Movie App",
        "technology": [
          "Kotlin",
          "SQL Lite",
          "Gradle",
          "Jenkins"
        ]
      }
    ]
  },
  {
    "jobId": 4,
    "jobTitle": "QA Tester",
    "jobDescription": "To develop andriod application",
    "experience": [
      "RRD",
      "ApD",
      "MobileIron"
    ],
    "project": [
      {
        "projectName": "Eccc",
        "technology": [
          "Selenium",
          "Robot"
        ]
      }
    ]
  },
  {
    "jobId": 135,
    "jobTitle": "Data Engg",
    "jobDescription": "Create machine learning apps",
    "experience": [
      "IBM",
      "INTEL"
    ],
    "project": [
      {
        "projectName": "SCASE",
        "technology": [
          "Python",
          "R"
        ]
      }
    ]
  },
  {
    "jobId": 647,
    "jobTitle": "QA Tester",
    "jobDescription": "To develop andriod application",
    "experience": [
      "RRD",
      "ApD",
      "MobileIron"
    ],
    "project": [
      {
        "projectName": "Eccc",
        "technology": [
          "Selenium",
          "Robot"
        ]
      }
    ]
  },
  {
    "jobId": 7,
    "jobTitle": "Software Engg",
    "jobDescription": "To develop andriod application",
    "experience": [
      "Google",
      "Apple",
      "Mobile Iron",
      "Subex"
    ],
    "project": [
      {
        "projectName": "Movie App",
        "technology": [
          "Kotlin",
          "SQL Lite",
          "Gradle",
          "Jenkins"
        ]
      }
    ]
  },
  {
    "jobId": 7,
    "jobTitle": "Software Engg",
    "jobDescription": "To develop andriod application",
    "experience": [
      "Google",
      "Apple",
      "Mobile Iron",
      "Subex"
    ],
    "project": [
      {
        "projectName": "Movie App",
        "technology": [
          "Kotlin",
          "SQL Lite",
          "Gradle",
          "Jenkins"
        ]
      }
    ]
  },
  {
    "jobId": 36,
    "jobTitle": "Software Engg - 2",
    "jobDescription": "To develop andriod application",
    "experience": [
      "Google",
      "Apple",
      "Mobile Iron",
      "Google"
    ],
    "project": [
      {
        "projectName": "Movie App",
        "technology": [
          "Kotlin",
          "SQL Lite",
          "Gradle",
          "Jenkins"
        ]
      }
    ]
  },
  {
    "jobId": 6,
    "jobTitle": "Software Engg",
    "jobDescription": "To develop andriod application",
    "experience": [
      "Google",
      "Apple",
      "Mobile Iron",
      "Subex"
    ],
    "project": [
      {
        "projectName": "Movie App",
        "technology": [
          "Kotlin",
          "SQL Lite",
          "Gradle",
          "Jenkins"
        ]
      }
    ]
  },
  {
    "jobId": 40,
    "jobTitle": "LOS",
    "jobDescription": "SOL",
    "experience": [
      "Nothing"
    ],
    "project": [
    ]
  },
  {
    "jobId": 59,
    "jobTitle": "LOS",
    "jobDescription": "SOL",
    "experience": [
      "Nothing"
    ],
    "project": [
    ]
  },
  {
    "jobId": 80,
    "jobTitle": "LOS",
    "jobDescription": "SOL",
    "experience": [
      "Nothing"
    ],
    "project": [
    ]
  },
  {
    "jobId": 4,
    "jobTitle": "LOS",
    "jobDescription": "SOL",
    "experience": [
      "Nothing"
    ],
    "project": [
    ]
  },
  {
    "jobId": 33,
    "jobTitle": "LOS",
    "jobDescription": "SOL",
    "experience": [
      "Nothing"
    ],
    "project": [
    ]
  },
  {
    "jobId": 70,
    "jobTitle": "Software Engg - 2",
    "jobDescription": "To develop andriod application and web application",
    "experience": [
      "Nothing"
    ],
    "project": [
    ]
  },
  {
    "jobId": 40,
    "jobTitle": "LOS",
    "jobDescription": "SOL",
    "experience": [
      "Nothing"
    ],
    "project": [
    ]
  },
  {
    "jobId": 32,
    "jobTitle": "LOS",
    "jobDescription": "SOL",
    "experience": [
      "Nothing"
    ],
    "project": [
    ]
  },
  {
    "jobId": 370,
    "jobTitle": "IOS",
    "jobDescription": "APPLE",
    "experience": [
      "Nothing"
    ],
    "project": [
    ]
  },
  {
    "jobId": 676,
    "jobTitle": "IOS",
    "jobDescription": "APPLE",
    "experience": [
      "Nothing"
    ],
    "project": [
    ]
  },
  {
    "jobId": 704,
    "jobTitle": "IOS",
    "jobDescription": "APPLE",
    "experience": [
      "Nothing"
    ],
    "project": [
    ]
  },
  {
    "jobId": 9980,
    "jobTitle": "Data Analyst",
    "jobDescription": "Develop machine learning models",
    "experience": [
      "Nothing"
    ],
    "project": [
    ]
  },
  {
    "jobId": 9980,
    "jobTitle": "Data Analyst",
    "jobDescription": "Develop machine learning models",
    "experience": [
      "Nothing"
    ],
    "project": [
    ]
  },
  {
    "jobId": 3,
    "jobTitle": "Data Engg",
    "jobDescription": "Create machine learning apps",
    "experience": [
      "IBM",
      "INTEL"
    ],
    "project": [
      {
        "projectName": "SCASE",
        "technology": [
          "Python",
          "R"
        ]
      }
    ]
  },
  {
    "jobId": 4,
    "jobTitle": "QA Tester",
    "jobDescription": "To develop andriod application",
    "experience": [
      "RRD",
      "ApD",
      "MobileIron"
    ],
    "project": [
      {
        "projectName": "Eccc",
        "technology": [
          "Selenium",
          "Robot"
        ]
      }
    ]
  },
  {
    "jobId": 82,
    "jobTitle": "Data Engg",
    "jobDescription": "Create machine learning apps",
    "experience": [
      "IBM",
      "INTEL"
    ],
    "project": [
      {
        "projectName": "SCASE",
        "technology": [
          "Python",
          "R"
        ]
      }
    ]
  },
  {
    "jobId": 291,
    "jobTitle": "QA Tester",
    "jobDescription": "To develop andriod application",
    "experience": [
      "RRD",
      "ApD",
      "MobileIron"
    ],
    "project": [
      {
        "projectName": "Eccc",
        "technology": [
          "Selenium",
          "Robot"
        ]
      }
    ]
  },
  {
    "jobId": 3,
    "jobTitle": "Data Engg",
    "jobDescription": "Create machine learning apps",
    "experience": [
      "IBM",
      "INTEL"
    ],
    "project": [
      {
        "projectName": "SCASE",
        "technology": [
          "Python",
          "R"
        ]
      }
    ]
  },
  {
    "jobId": 3,
    "jobTitle": "Data Engg",
    "jobDescription": "Create machine learning apps",
    "experience": [
      "IBM",
      "INTEL"
    ],
    "project": [
      {
        "projectName": "SCASE",
        "technology": [
          "Python",
          "R"
        ]
      }
    ]
  },
  {
    "jobId": 251,
    "jobTitle": "LOS",
    "jobDescription": "SOL",
    "experience": [
      "Nothing"
    ],
    "project": [
    ]
  },
  {
    "jobId": 19,
    "jobTitle": "LOS",
    "jobDescription": "SOL",
    "experience": [
      "Nothing"
    ],
    "project": [
    ]
  }
]
 
14:22:58.909 [pool-2-thread-1] ERROR com.intuit.karate - classpath:com/api/automation/getrequest/responseMatcher.feature:13
And match response ==
"""
[
{
"jobId": 1,
"jobTitle": "Software Engg",
"jobDescription": "To develop andriod application",
"experience": [
  "Google",
  "Apple",
  "Mobile Iron"
],
"project": [
  {
    "projectName": "Movie App",
    "technology": [
      "Kotlin",
      "SQL Lite",
      "Gradle"
    ]
  }
]
}
]
"""
match failed: EQUALS
  $ | not equal | actual array length is not equal to expected - 87:1 (LIST:LIST)
  [{"jobId":1,"jobTitle":"Software Engg","jobDescription":"To develop andriod application","experience":["Google","Apple","Mobile Iron"],"project":[{"projectName":"Movie App","technology":["Kotlin","SQL Lite","Gradle"]}]},{"jobId":3,"jobTitle":"Data Engg","jobDescription":"Create machine learning apps","experience":["IBM","INTEL"],"project":[{"projectName":"SCASE","technology":["Python","R"]}]},{"jobId":4,"jobTitle":"Software Engg - 2","jobDescription":"To develop andriod application and web application","experience":["RRD","ApD","MobileIron"],"project":[{"projectName":"Eccc","technology":["Selenium","Robot"]}]},{"jobId":640,"jobTitle":"Data Engg","jobDescription":"Create machine learning apps","experience":["IBM","INTEL"],"project":[{"projectName":"SCASE","technology":["Python","R"]}]},{"jobId":430,"jobTitle":"QA Tester","jobDescription":"To develop andriod application","experience":["RRD","ApD","MobileIron"],"project":[{"projectName":"Eccc","technology":["Selenium","Robot"]}]},{"jobId":3,"jobTitle":"Data Engg","jobDescription":"Create machine learning apps","experience":["IBM","INTEL"],"project":[{"projectName":"SCASE","technology":["Python","R"]}]},{"jobId":3,"jobTitle":"Data Engg","jobDescription":"Create machine learning apps","experience":["IBM","INTEL"],"project":[{"projectName":"SCASE","technology":["Python","R"]}]},{"jobId":4,"jobTitle":"QA Tester","jobDescription":"To develop andriod application","experience":["RRD","ApD","MobileIron"],"project":[{"projectName":"Eccc","technology":["Selenium","Robot"]}]},{"jobId":404,"jobTitle":"Data Engg","jobDescription":"Create machine learning apps","experience":["IBM","INTEL"],"project":[{"projectName":"SCASE","technology":["Python","R"]}]},{"jobId":412,"jobTitle":"QA Tester","jobDescription":"To develop andriod application","experience":["RRD","ApD","MobileIron"],"project":[{"projectName":"Eccc","technology":["Selenium","Robot"]}]},{"jobId":3,"jobTitle":"Data Engg","jobDescription":"Create machine learning apps","experience":["IBM","INTEL"],"project":[{"projectName":"SCASE","technology":["Python","R"]}]},{"jobId":3,"jobTitle":"Data Engg","jobDescription":"Create machine learning apps","experience":["IBM","INTEL"],"project":[{"projectName":"SCASE","technology":["Python","R"]}]},{"jobId":4,"jobTitle":"QA Tester","jobDescription":"To develop andriod application","experience":["RRD","ApD","MobileIron"],"project":[{"projectName":"Eccc","technology":["Selenium","Robot"]}]},{"jobId":612,"jobTitle":"Data Engg","jobDescription":"Create machine learning apps","experience":["IBM","INTEL"],"project":[{"projectName":"SCASE","technology":["Python","R"]}]},{"jobId":124,"jobTitle":"QA Tester","jobDescription":"To develop andriod application","experience":["RRD","ApD","MobileIron"],"project":[{"projectName":"Eccc","technology":["Selenium","Robot"]}]},{"jobId":3,"jobTitle":"Data Engg","jobDescription":"Create machine learning apps","experience":["IBM","INTEL"],"project":[{"projectName":"SCASE","technology":["Python","R"]}]},{"jobId":3,"jobTitle":"Data Engg","jobDescription":"Create machine learning apps","experience":["IBM","INTEL"],"project":[{"projectName":"SCASE","technology":["Python","R"]}]},{"jobId":4,"jobTitle":"QA Tester","jobDescription":"To develop andriod application","experience":["RRD","ApD","MobileIron"],"project":[{"projectName":"Eccc","technology":["Selenium","Robot"]}]},{"jobId":27,"jobTitle":"Data Engg","jobDescription":"Create machine learning apps","experience":["IBM","INTEL"],"project":[{"projectName":"SCASE","technology":["Python","R"]}]},{"jobId":276,"jobTitle":"QA Tester","jobDescription":"To develop andriod application","experience":["RRD","ApD","MobileIron"],"project":[{"projectName":"Eccc","technology":["Selenium","Robot"]}]},{"jobId":3,"jobTitle":"Data Engg","jobDescription":"Create machine learning apps","experience":["IBM","INTEL"],"project":[{"projectName":"SCASE","technology":["Python","R"]}]},{"jobId":47,"jobTitle":"LOS","jobDescription":"SOL","experience":["Nothing"],"project":[]},{"jobId":99,"jobTitle":"LOS","jobDescription":"SOL","experience":["Nothing"],"project":[]},{"jobId":49,"jobTitle":"LOS","jobDescription":"SOL","experience":["Nothing"],"project":[]},{"jobId":99,"jobTitle":"LOS","jobDescription":"SOL","experience":["Nothing"],"project":[]},{"jobId":80,"jobTitle":"LOS","jobDescription":"SOL","experience":["Nothing"],"project":[]},{"jobId":0,"jobTitle":"LOS","jobDescription":"SOL","experience":["Nothing"],"project":[]},{"jobId":0,"jobTitle":"LOS","jobDescription":"SOL","experience":["Nothing"],"project":[]},{"jobId":0,"jobTitle":"LOS","jobDescription":"SOL","experience":["Nothing"],"project":[]},{"jobId":45,"jobTitle":"QA Tester","jobDescription":"Finding bugs","experience":["Nothing"],"project":[]},{"jobId":64,"jobTitle":"QA Tester","jobDescription":"Finding bugs","experience":["Nothing"],"project":[]},{"jobId":38,"jobTitle":"QA Tester","jobDescription":"Finding bugs","experience":["Nothing"],"project":[]},{"jobId":85,"jobTitle":"LOS","jobDescription":"SOL","experience":["Nothing"],"project":[]},{"jobId":9,"jobTitle":"QA Tester","jobDescription":"Finding bugs","experience":["Nothing"],"project":[]},{"jobId":85,"jobTitle":"LOS","jobDescription":"SOL","experience":["Nothing"],"project":[]},{"jobId":36,"jobTitle":"LOS","jobDescription":"SOL","experience":["Nothing"],"project":[]},{"jobId":41,"jobTitle":"QA Tester","jobDescription":"Finding bugs","experience":["Nothing"],"project":[]},{"jobId":42,"jobTitle":"LOS","jobDescription":"SOL","experience":["Nothing"],"project":[]},{"jobId":69,"jobTitle":"LOS","jobDescription":"SOL","experience":["Nothing"],"project":[]},{"jobId":13,"jobTitle":"LOS","jobDescription":"SOL","experience":["Nothing"],"project":[]},{"jobId":15,"jobTitle":"LOS","jobDescription":"To develop andriod application and web application","experience":["Nothing"],"project":[]},{"jobId":19,"jobTitle":"LOS","jobDescription":"To develop andriod application and web application","experience":["Nothing"],"project":[]},{"jobId":92,"jobTitle":"Software Engg - 2","jobDescription":"To develop andriod application and web application","experience":["Nothing"],"project":[]},{"jobId":54,"jobTitle":"LOS","jobDescription":"SOL","experience":["Nothing"],"project":[]},{"jobId":90,"jobTitle":"Software Engg - 2","jobDescription":"To develop andriod application and web application","experience":["Nothing"],"project":[]},{"jobId":38,"jobTitle":"LOS","jobDescription":"SOL","experience":["Nothing"],"project":[]},{"jobId":5,"jobTitle":"Software Engg - 2","jobDescription":"To develop andriod application","experience":["Google","Apple","Mobile Iron","Google"],"project":[{"projectName":"Movie App","technology":["Kotlin","SQL Lite","Gradle","Jenkins"]}]},{"jobId":623,"jobTitle":"Data Engg","jobDescription":"Create machine learning apps","experience":["IBM","INTEL"],"project":[{"projectName":"SCASE","technology":["Python","R"]}]},{"jobId":3,"jobTitle":"Data Engg","jobDescription":"Create machine learning apps","experience":["IBM","INTEL"],"project":[{"projectName":"SCASE","technology":["Python","R"]}]},{"jobId":4,"jobTitle":"QA Tester","jobDescription":"To develop andriod application","experience":["RRD","ApD","MobileIron"],"project":[{"projectName":"Eccc","technology":["Selenium","Robot"]}]},{"jobId":345,"jobTitle":"QA Tester","jobDescription":"To develop andriod application","experience":["RRD","ApD","MobileIron"],"project":[{"projectName":"Eccc","technology":["Selenium","Robot"]}]},{"jobId":7,"jobTitle":"Software Engg","jobDescription":"To develop andriod application","experience":["Google","Apple","Mobile Iron","Subex"],"project":[{"projectName":"Movie App","technology":["Kotlin","SQL Lite","Gradle","Jenkins"]}]},{"jobId":7,"jobTitle":"Software Engg","jobDescription":"To develop andriod application","experience":["Google","Apple","Mobile Iron","Subex"],"project":[{"projectName":"Movie App","technology":["Kotlin","SQL Lite","Gradle","Jenkins"]}]},{"jobId":50,"jobTitle":"Software Engg - 2","jobDescription":"To develop andriod application","experience":["Google","Apple","Mobile Iron","Google"],"project":[{"projectName":"Movie App","technology":["Kotlin","SQL Lite","Gradle","Jenkins"]}]},{"jobId":43,"jobTitle":"Software Engg","jobDescription":"To develop andriod application","experience":["Google","Apple","Mobile Iron","Subex"],"project":[{"projectName":"Movie App","technology":["Kotlin","SQL Lite","Gradle","Jenkins"]}]},{"jobId":19,"jobTitle":"LOS","jobDescription":"SOL","experience":["Nothing"],"project":[]},{"jobId":7,"jobTitle":"LOS","jobDescription":"SOL","experience":["Nothing"],"project":[]},{"jobId":3,"jobTitle":"Data Engg","jobDescription":"Create machine learning apps","experience":["IBM","INTEL"],"project":[{"projectName":"SCASE","technology":["Python","R"]}]},{"jobId":5,"jobTitle":"Software Engg - 2","jobDescription":"To develop andriod application","experience":["Google","Apple","Mobile Iron","Google"],"project":[{"projectName":"Movie App","technology":["Kotlin","SQL Lite","Gradle","Jenkins"]}]},{"jobId":4,"jobTitle":"QA Tester","jobDescription":"To develop andriod application","experience":["RRD","ApD","MobileIron"],"project":[{"projectName":"Eccc","technology":["Selenium","Robot"]}]},{"jobId":135,"jobTitle":"Data Engg","jobDescription":"Create machine learning apps","experience":["IBM","INTEL"],"project":[{"projectName":"SCASE","technology":["Python","R"]}]},{"jobId":647,"jobTitle":"QA Tester","jobDescription":"To develop andriod application","experience":["RRD","ApD","MobileIron"],"project":[{"projectName":"Eccc","technology":["Selenium","Robot"]}]},{"jobId":7,"jobTitle":"Software Engg","jobDescription":"To develop andriod application","experience":["Google","Apple","Mobile Iron","Subex"],"project":[{"projectName":"Movie App","technology":["Kotlin","SQL Lite","Gradle","Jenkins"]}]},{"jobId":7,"jobTitle":"Software Engg","jobDescription":"To develop andriod application","experience":["Google","Apple","Mobile Iron","Subex"],"project":[{"projectName":"Movie App","technology":["Kotlin","SQL Lite","Gradle","Jenkins"]}]},{"jobId":36,"jobTitle":"Software Engg - 2","jobDescription":"To develop andriod application","experience":["Google","Apple","Mobile Iron","Google"],"project":[{"projectName":"Movie App","technology":["Kotlin","SQL Lite","Gradle","Jenkins"]}]},{"jobId":6,"jobTitle":"Software Engg","jobDescription":"To develop andriod application","experience":["Google","Apple","Mobile Iron","Subex"],"project":[{"projectName":"Movie App","technology":["Kotlin","SQL Lite","Gradle","Jenkins"]}]},{"jobId":40,"jobTitle":"LOS","jobDescription":"SOL","experience":["Nothing"],"project":[]},{"jobId":59,"jobTitle":"LOS","jobDescription":"SOL","experience":["Nothing"],"project":[]},{"jobId":80,"jobTitle":"LOS","jobDescription":"SOL","experience":["Nothing"],"project":[]},{"jobId":4,"jobTitle":"LOS","jobDescription":"SOL","experience":["Nothing"],"project":[]},{"jobId":33,"jobTitle":"LOS","jobDescription":"SOL","experience":["Nothing"],"project":[]},{"jobId":70,"jobTitle":"Software Engg - 2","jobDescription":"To develop andriod application and web application","experience":["Nothing"],"project":[]},{"jobId":40,"jobTitle":"LOS","jobDescription":"SOL","experience":["Nothing"],"project":[]},{"jobId":32,"jobTitle":"LOS","jobDescription":"SOL","experience":["Nothing"],"project":[]},{"jobId":370,"jobTitle":"IOS","jobDescription":"APPLE","experience":["Nothing"],"project":[]},{"jobId":676,"jobTitle":"IOS","jobDescription":"APPLE","experience":["Nothing"],"project":[]},{"jobId":704,"jobTitle":"IOS","jobDescription":"APPLE","experience":["Nothing"],"project":[]},{"jobId":9980,"jobTitle":"Data Analyst","jobDescription":"Develop machine learning models","experience":["Nothing"],"project":[]},{"jobId":9980,"jobTitle":"Data Analyst","jobDescription":"Develop machine learning models","experience":["Nothing"],"project":[]},{"jobId":3,"jobTitle":"Data Engg","jobDescription":"Create machine learning apps","experience":["IBM","INTEL"],"project":[{"projectName":"SCASE","technology":["Python","R"]}]},{"jobId":4,"jobTitle":"QA Tester","jobDescription":"To develop andriod application","experience":["RRD","ApD","MobileIron"],"project":[{"projectName":"Eccc","technology":["Selenium","Robot"]}]},{"jobId":82,"jobTitle":"Data Engg","jobDescription":"Create machine learning apps","experience":["IBM","INTEL"],"project":[{"projectName":"SCASE","technology":["Python","R"]}]},{"jobId":291,"jobTitle":"QA Tester","jobDescription":"To develop andriod application","experience":["RRD","ApD","MobileIron"],"project":[{"projectName":"Eccc","technology":["Selenium","Robot"]}]},{"jobId":3,"jobTitle":"Data Engg","jobDescription":"Create machine learning apps","experience":["IBM","INTEL"],"project":[{"projectName":"SCASE","technology":["Python","R"]}]},{"jobId":3,"jobTitle":"Data Engg","jobDescription":"Create machine learning apps","experience":["IBM","INTEL"],"project":[{"projectName":"SCASE","technology":["Python","R"]}]},{"jobId":251,"jobTitle":"LOS","jobDescription":"SOL","experience":["Nothing"],"project":[]},{"jobId":19,"jobTitle":"LOS","jobDescription":"SOL","experience":["Nothing"],"project":[]}]
  [{"jobId":1,"jobTitle":"Software Engg","jobDescription":"To develop andriod application","experience":["Google","Apple","Mobile Iron"],"project":[{"projectName":"Movie App","technology":["Kotlin","SQL Lite","Gradle"]}]}]


classpath:com/api/automation/getrequest/responseMatcher.feature:13
14:22:59.121 [pool-2-thread-2] INFO  com.intuit.karate - karate.env system property was: null 
14:22:59.121 [pool-2-thread-5] INFO  com.intuit.karate - karate.env system property was: null 
14:22:59.121 [pool-2-thread-4] INFO  com.intuit.karate - [print] [
  "Software Engg"
]
 
14:22:59.134 [pool-2-thread-1] INFO  com.intuit.karate - karate.env system property was: null 
14:22:58.957 [pool-2-thread-3] INFO  com.intuit.karate - [print] <List>
  <item>
    <jobId>1</jobId>
    <jobTitle>Software Engg</jobTitle>
    <jobDescription>To develop andriod application</jobDescription>
    <experience>
      <experience>Google</experience>
      <experience>Apple</experience>
      <experience>Mobile Iron</experience>
    </experience>
    <project>
      <project>
        <projectName>Movie App</projectName>
        <technology>
          <technology>Kotlin</technology>
          <technology>SQL Lite</technology>
          <technology>Gradle</technology>
        </technology>
      </project>
    </project>
  </item>
  <item>
    <jobId>3</jobId>
    <jobTitle>Data Engg</jobTitle>
    <jobDescription>Create machine learning apps</jobDescription>
    <experience>
      <experience>IBM</experience>
      <experience>INTEL</experience>
    </experience>
    <project>
      <project>
        <projectName>SCASE</projectName>
        <technology>
          <technology>Python</technology>
          <technology>R</technology>
        </technology>
      </project>
    </project>
  </item>
  <item>
    <jobId>4</jobId>
    <jobTitle>Software Engg - 2</jobTitle>
    <jobDescription>To develop andriod application and web application</jobDescription>
    <experience>
      <experience>RRD</experience>
      <experience>ApD</experience>
      <experience>MobileIron</experience>
    </experience>
    <project>
      <project>
        <projectName>Eccc</projectName>
        <technology>
          <technology>Selenium</technology>
          <technology>Robot</technology>
        </technology>
      </project>
    </project>
  </item>
  <item>
    <jobId>640</jobId>
    <jobTitle>Data Engg</jobTitle>
    <jobDescription>Create machine learning apps</jobDescription>
    <experience>
      <experience>IBM</experience>
      <experience>INTEL</experience>
    </experience>
    <project>
      <project>
        <projectName>SCASE</projectName>
        <technology>
          <technology>Python</technology>
          <technology>R</technology>
        </technology>
      </project>
    </project>
  </item>
  <item>
    <jobId>430</jobId>
    <jobTitle>QA Tester</jobTitle>
    <jobDescription>To develop andriod application</jobDescription>
    <experience>
      <experience>RRD</experience>
      <experience>ApD</experience>
      <experience>MobileIron</experience>
    </experience>
    <project>
      <project>
        <projectName>Eccc</projectName>
        <technology>
          <technology>Selenium</technology>
          <technology>Robot</technology>
        </technology>
      </project>
    </project>
  </item>
  <item>
    <jobId>3</jobId>
    <jobTitle>Data Engg</jobTitle>
    <jobDescription>Create machine learning apps</jobDescription>
    <experience>
      <experience>IBM</experience>
      <experience>INTEL</experience>
    </experience>
    <project>
      <project>
        <projectName>SCASE</projectName>
        <technology>
          <technology>Python</technology>
          <technology>R</technology>
        </technology>
      </project>
    </project>
  </item>
  <item>
    <jobId>3</jobId>
    <jobTitle>Data Engg</jobTitle>
    <jobDescription>Create machine learning apps</jobDescription>
    <experience>
      <experience>IBM</experience>
      <experience>INTEL</experience>
    </experience>
    <project>
      <project>
        <projectName>SCASE</projectName>
        <technology>
          <technology>Python</technology>
          <technology>R</technology>
        </technology>
      </project>
    </project>
  </item>
  <item>
    <jobId>4</jobId>
    <jobTitle>QA Tester</jobTitle>
    <jobDescription>To develop andriod application</jobDescription>
    <experience>
      <experience>RRD</experience>
      <experience>ApD</experience>
      <experience>MobileIron</experience>
    </experience>
    <project>
      <project>
        <projectName>Eccc</projectName>
        <technology>
          <technology>Selenium</technology>
          <technology>Robot</technology>
        </technology>
      </project>
    </project>
  </item>
  <item>
    <jobId>404</jobId>
    <jobTitle>Data Engg</jobTitle>
    <jobDescription>Create machine learning apps</jobDescription>
    <experience>
      <experience>IBM</experience>
      <experience>INTEL</experience>
    </experience>
    <project>
      <project>
        <projectName>SCASE</projectName>
        <technology>
          <technology>Python</technology>
          <technology>R</technology>
        </technology>
      </project>
    </project>
  </item>
  <item>
    <jobId>412</jobId>
    <jobTitle>QA Tester</jobTitle>
    <jobDescription>To develop andriod application</jobDescription>
    <experience>
      <experience>RRD</experience>
      <experience>ApD</experience>
      <experience>MobileIron</experience>
    </experience>
    <project>
      <project>
        <projectName>Eccc</projectName>
        <technology>
          <technology>Selenium</technology>
          <technology>Robot</technology>
        </technology>
      </project>
    </project>
  </item>
  <item>
    <jobId>3</jobId>
    <jobTitle>Data Engg</jobTitle>
    <jobDescription>Create machine learning apps</jobDescription>
    <experience>
      <experience>IBM</experience>
      <experience>INTEL</experience>
    </experience>
    <project>
      <project>
        <projectName>SCASE</projectName>
        <technology>
          <technology>Python</technology>
          <technology>R</technology>
        </technology>
      </project>
    </project>
  </item>
  <item>
    <jobId>3</jobId>
    <jobTitle>Data Engg</jobTitle>
    <jobDescription>Create machine learning apps</jobDescription>
    <experience>
      <experience>IBM</experience>
      <experience>INTEL</experience>
    </experience>
    <project>
      <project>
        <projectName>SCASE</projectName>
        <technology>
          <technology>Python</technology>
          <technology>R</technology>
        </technology>
      </project>
    </project>
  </item>
  <item>
    <jobId>4</jobId>
    <jobTitle>QA Tester</jobTitle>
    <jobDescription>To develop andriod application</jobDescription>
    <experience>
      <experience>RRD</experience>
      <experience>ApD</experience>
      <experience>MobileIron</experience>
    </experience>
    <project>
      <project>
        <projectName>Eccc</projectName>
        <technology>
          <technology>Selenium</technology>
          <technology>Robot</technology>
        </technology>
      </project>
    </project>
  </item>
  <item>
    <jobId>612</jobId>
    <jobTitle>Data Engg</jobTitle>
    <jobDescription>Create machine learning apps</jobDescription>
    <experience>
      <experience>IBM</experience>
      <experience>INTEL</experience>
    </experience>
    <project>
      <project>
        <projectName>SCASE</projectName>
        <technology>
          <technology>Python</technology>
          <technology>R</technology>
        </technology>
      </project>
    </project>
  </item>
  <item>
    <jobId>124</jobId>
    <jobTitle>QA Tester</jobTitle>
    <jobDescription>To develop andriod application</jobDescription>
    <experience>
      <experience>RRD</experience>
      <experience>ApD</experience>
      <experience>MobileIron</experience>
    </experience>
    <project>
      <project>
        <projectName>Eccc</projectName>
        <technology>
          <technology>Selenium</technology>
          <technology>Robot</technology>
        </technology>
      </project>
    </project>
  </item>
  <item>
    <jobId>3</jobId>
    <jobTitle>Data Engg</jobTitle>
    <jobDescription>Create machine learning apps</jobDescription>
    <experience>
      <experience>IBM</experience>
      <experience>INTEL</experience>
    </experience>
    <project>
      <project>
        <projectName>SCASE</projectName>
        <technology>
          <technology>Python</technology>
          <technology>R</technology>
        </technology>
      </project>
    </project>
  </item>
  <item>
    <jobId>3</jobId>
    <jobTitle>Data Engg</jobTitle>
    <jobDescription>Create machine learning apps</jobDescription>
    <experience>
      <experience>IBM</experience>
      <experience>INTEL</experience>
    </experience>
    <project>
      <project>
        <projectName>SCASE</projectName>
        <technology>
          <technology>Python</technology>
          <technology>R</technology>
        </technology>
      </project>
    </project>
  </item>
  <item>
    <jobId>4</jobId>
    <jobTitle>QA Tester</jobTitle>
    <jobDescription>To develop andriod application</jobDescription>
    <experience>
      <experience>RRD</experience>
      <experience>ApD</experience>
      <experience>MobileIron</experience>
    </experience>
    <project>
      <project>
        <projectName>Eccc</projectName>
        <technology>
          <technology>Selenium</technology>
          <technology>Robot</technology>
        </technology>
      </project>
    </project>
  </item>
  <item>
    <jobId>27</jobId>
    <jobTitle>Data Engg</jobTitle>
    <jobDescription>Create machine learning apps</jobDescription>
    <experience>
      <experience>IBM</experience>
      <experience>INTEL</experience>
    </experience>
    <project>
      <project>
        <projectName>SCASE</projectName>
        <technology>
          <technology>Python</technology>
          <technology>R</technology>
        </technology>
      </project>
    </project>
  </item>
  <item>
    <jobId>276</jobId>
    <jobTitle>QA Tester</jobTitle>
    <jobDescription>To develop andriod application</jobDescription>
    <experience>
      <experience>RRD</experience>
      <experience>ApD</experience>
      <experience>MobileIron</experience>
    </experience>
    <project>
      <project>
        <projectName>Eccc</projectName>
        <technology>
          <technology>Selenium</technology>
          <technology>Robot</technology>
        </technology>
      </project>
    </project>
  </item>
  <item>
    <jobId>3</jobId>
    <jobTitle>Data Engg</jobTitle>
    <jobDescription>Create machine learning apps</jobDescription>
    <experience>
      <experience>IBM</experience>
      <experience>INTEL</experience>
    </experience>
    <project>
      <project>
        <projectName>SCASE</projectName>
        <technology>
          <technology>Python</technology>
          <technology>R</technology>
        </technology>
      </project>
    </project>
  </item>
  <item>
    <jobId>47</jobId>
    <jobTitle>LOS</jobTitle>
    <jobDescription>SOL</jobDescription>
    <experience>
      <experience>Nothing</experience>
    </experience>
    <project/>
  </item>
  <item>
    <jobId>99</jobId>
    <jobTitle>LOS</jobTitle>
    <jobDescription>SOL</jobDescription>
    <experience>
      <experience>Nothing</experience>
    </experience>
    <project/>
  </item>
  <item>
    <jobId>49</jobId>
    <jobTitle>LOS</jobTitle>
    <jobDescription>SOL</jobDescription>
    <experience>
      <experience>Nothing</experience>
    </experience>
    <project/>
  </item>
  <item>
    <jobId>99</jobId>
    <jobTitle>LOS</jobTitle>
    <jobDescription>SOL</jobDescription>
    <experience>
      <experience>Nothing</experience>
    </experience>
    <project/>
  </item>
  <item>
    <jobId>80</jobId>
    <jobTitle>LOS</jobTitle>
    <jobDescription>SOL</jobDescription>
    <experience>
      <experience>Nothing</experience>
    </experience>
    <project/>
  </item>
  <item>
    <jobId>0</jobId>
    <jobTitle>LOS</jobTitle>
    <jobDescription>SOL</jobDescription>
    <experience>
      <experience>Nothing</experience>
    </experience>
    <project/>
  </item>
  <item>
    <jobId>0</jobId>
    <jobTitle>LOS</jobTitle>
    <jobDescription>SOL</jobDescription>
    <experience>
      <experience>Nothing</experience>
    </experience>
    <project/>
  </item>
  <item>
    <jobId>0</jobId>
    <jobTitle>LOS</jobTitle>
    <jobDescription>SOL</jobDescription>
    <experience>
      <experience>Nothing</experience>
    </experience>
    <project/>
  </item>
  <item>
    <jobId>45</jobId>
    <jobTitle>QA Tester</jobTitle>
    <jobDescription>Finding bugs</jobDescription>
    <experience>
      <experience>Nothing</experience>
    </experience>
    <project/>
  </item>
  <item>
    <jobId>64</jobId>
    <jobTitle>QA Tester</jobTitle>
    <jobDescription>Finding bugs</jobDescription>
    <experience>
      <experience>Nothing</experience>
    </experience>
    <project/>
  </item>
  <item>
    <jobId>38</jobId>
    <jobTitle>QA Tester</jobTitle>
    <jobDescription>Finding bugs</jobDescription>
    <experience>
      <experience>Nothing</experience>
    </experience>
    <project/>
  </item>
  <item>
    <jobId>85</jobId>
    <jobTitle>LOS</jobTitle>
    <jobDescription>SOL</jobDescription>
    <experience>
      <experience>Nothing</experience>
    </experience>
    <project/>
  </item>
  <item>
    <jobId>9</jobId>
    <jobTitle>QA Tester</jobTitle>
    <jobDescription>Finding bugs</jobDescription>
    <experience>
      <experience>Nothing</experience>
    </experience>
    <project/>
  </item>
  <item>
    <jobId>85</jobId>
    <jobTitle>LOS</jobTitle>
    <jobDescription>SOL</jobDescription>
    <experience>
      <experience>Nothing</experience>
    </experience>
    <project/>
  </item>
  <item>
    <jobId>36</jobId>
    <jobTitle>LOS</jobTitle>
    <jobDescription>SOL</jobDescription>
    <experience>
      <experience>Nothing</experience>
    </experience>
    <project/>
  </item>
  <item>
    <jobId>41</jobId>
    <jobTitle>QA Tester</jobTitle>
    <jobDescription>Finding bugs</jobDescription>
    <experience>
      <experience>Nothing</experience>
    </experience>
    <project/>
  </item>
  <item>
    <jobId>42</jobId>
    <jobTitle>LOS</jobTitle>
    <jobDescription>SOL</jobDescription>
    <experience>
      <experience>Nothing</experience>
    </experience>
    <project/>
  </item>
  <item>
    <jobId>69</jobId>
    <jobTitle>LOS</jobTitle>
    <jobDescription>SOL</jobDescription>
    <experience>
      <experience>Nothing</experience>
    </experience>
    <project/>
  </item>
  <item>
    <jobId>13</jobId>
    <jobTitle>LOS</jobTitle>
    <jobDescription>SOL</jobDescription>
    <experience>
      <experience>Nothing</experience>
    </experience>
    <project/>
  </item>
  <item>
    <jobId>15</jobId>
    <jobTitle>LOS</jobTitle>
    <jobDescription>To develop andriod application and web application</jobDescription>
    <experience>
      <experience>Nothing</experience>
    </experience>
    <project/>
  </item>
  <item>
    <jobId>19</jobId>
    <jobTitle>LOS</jobTitle>
    <jobDescription>To develop andriod application and web application</jobDescription>
    <experience>
      <experience>Nothing</experience>
    </experience>
    <project/>
  </item>
  <item>
    <jobId>92</jobId>
    <jobTitle>Software Engg - 2</jobTitle>
    <jobDescription>To develop andriod application and web application</jobDescription>
    <experience>
      <experience>Nothing</experience>
    </experience>
    <project/>
  </item>
  <item>
    <jobId>54</jobId>
    <jobTitle>LOS</jobTitle>
    <jobDescription>SOL</jobDescription>
    <experience>
      <experience>Nothing</experience>
    </experience>
    <project/>
  </item>
  <item>
    <jobId>90</jobId>
    <jobTitle>Software Engg - 2</jobTitle>
    <jobDescription>To develop andriod application and web application</jobDescription>
    <experience>
      <experience>Nothing</experience>
    </experience>
    <project/>
  </item>
  <item>
    <jobId>38</jobId>
    <jobTitle>LOS</jobTitle>
    <jobDescription>SOL</jobDescription>
    <experience>
      <experience>Nothing</experience>
    </experience>
    <project/>
  </item>
  <item>
    <jobId>5</jobId>
    <jobTitle>Software Engg - 2</jobTitle>
    <jobDescription>To develop andriod application</jobDescription>
    <experience>
      <experience>Google</experience>
      <experience>Apple</experience>
      <experience>Mobile Iron</experience>
      <experience>Google</experience>
    </experience>
    <project>
      <project>
        <projectName>Movie App</projectName>
        <technology>
          <technology>Kotlin</technology>
          <technology>SQL Lite</technology>
          <technology>Gradle</technology>
          <technology>Jenkins</technology>
        </technology>
      </project>
    </project>
  </item>
  <item>
    <jobId>623</jobId>
    <jobTitle>Data Engg</jobTitle>
    <jobDescription>Create machine learning apps</jobDescription>
    <experience>
      <experience>IBM</experience>
      <experience>INTEL</experience>
    </experience>
    <project>
      <project>
        <projectName>SCASE</projectName>
        <technology>
          <technology>Python</technology>
          <technology>R</technology>
        </technology>
      </project>
    </project>
  </item>
  <item>
    <jobId>3</jobId>
    <jobTitle>Data Engg</jobTitle>
    <jobDescription>Create machine learning apps</jobDescription>
    <experience>
      <experience>IBM</experience>
      <experience>INTEL</experience>
    </experience>
    <project>
      <project>
        <projectName>SCASE</projectName>
        <technology>
          <technology>Python</technology>
          <technology>R</technology>
        </technology>
      </project>
    </project>
  </item>
  <item>
    <jobId>4</jobId>
    <jobTitle>QA Tester</jobTitle>
    <jobDescription>To develop andriod application</jobDescription>
    <experience>
      <experience>RRD</experience>
      <experience>ApD</experience>
      <experience>MobileIron</experience>
    </experience>
    <project>
      <project>
        <projectName>Eccc</projectName>
        <technology>
          <technology>Selenium</technology>
          <technology>Robot</technology>
        </technology>
      </project>
    </project>
  </item>
  <item>
    <jobId>345</jobId>
    <jobTitle>QA Tester</jobTitle>
    <jobDescription>To develop andriod application</jobDescription>
    <experience>
      <experience>RRD</experience>
      <experience>ApD</experience>
      <experience>MobileIron</experience>
    </experience>
    <project>
      <project>
        <projectName>Eccc</projectName>
        <technology>
          <technology>Selenium</technology>
          <technology>Robot</technology>
        </technology>
      </project>
    </project>
  </item>
  <item>
    <jobId>7</jobId>
    <jobTitle>Software Engg</jobTitle>
    <jobDescription>To develop andriod application</jobDescription>
    <experience>
      <experience>Google</experience>
      <experience>Apple</experience>
      <experience>Mobile Iron</experience>
      <experience>Subex</experience>
    </experience>
    <project>
      <project>
        <projectName>Movie App</projectName>
        <technology>
          <technology>Kotlin</technology>
          <technology>SQL Lite</technology>
          <technology>Gradle</technology>
          <technology>Jenkins</technology>
        </technology>
      </project>
    </project>
  </item>
  <item>
    <jobId>7</jobId>
    <jobTitle>Software Engg</jobTitle>
    <jobDescription>To develop andriod application</jobDescription>
    <experience>
      <experience>Google</experience>
      <experience>Apple</experience>
      <experience>Mobile Iron</experience>
      <experience>Subex</experience>
    </experience>
    <project>
      <project>
        <projectName>Movie App</projectName>
        <technology>
          <technology>Kotlin</technology>
          <technology>SQL Lite</technology>
          <technology>Gradle</technology>
          <technology>Jenkins</technology>
        </technology>
      </project>
    </project>
  </item>
  <item>
    <jobId>50</jobId>
    <jobTitle>Software Engg - 2</jobTitle>
    <jobDescription>To develop andriod application</jobDescription>
    <experience>
      <experience>Google</experience>
      <experience>Apple</experience>
      <experience>Mobile Iron</experience>
      <experience>Google</experience>
    </experience>
    <project>
      <project>
        <projectName>Movie App</projectName>
        <technology>
          <technology>Kotlin</technology>
          <technology>SQL Lite</technology>
          <technology>Gradle</technology>
          <technology>Jenkins</technology>
        </technology>
      </project>
    </project>
  </item>
  <item>
    <jobId>43</jobId>
    <jobTitle>Software Engg</jobTitle>
    <jobDescription>To develop andriod application</jobDescription>
    <experience>
      <experience>Google</experience>
      <experience>Apple</experience>
      <experience>Mobile Iron</experience>
      <experience>Subex</experience>
    </experience>
    <project>
      <project>
        <projectName>Movie App</projectName>
        <technology>
          <technology>Kotlin</technology>
          <technology>SQL Lite</technology>
          <technology>Gradle</technology>
          <technology>Jenkins</technology>
        </technology>
      </project>
    </project>
  </item>
  <item>
    <jobId>19</jobId>
    <jobTitle>LOS</jobTitle>
    <jobDescription>SOL</jobDescription>
    <experience>
      <experience>Nothing</experience>
    </experience>
    <project/>
  </item>
  <item>
    <jobId>7</jobId>
    <jobTitle>LOS</jobTitle>
    <jobDescription>SOL</jobDescription>
    <experience>
      <experience>Nothing</experience>
    </experience>
    <project/>
  </item>
  <item>
    <jobId>3</jobId>
    <jobTitle>Data Engg</jobTitle>
    <jobDescription>Create machine learning apps</jobDescription>
    <experience>
      <experience>IBM</experience>
      <experience>INTEL</experience>
    </experience>
    <project>
      <project>
        <projectName>SCASE</projectName>
        <technology>
          <technology>Python</technology>
          <technology>R</technology>
        </technology>
      </project>
    </project>
  </item>
  <item>
    <jobId>5</jobId>
    <jobTitle>Software Engg - 2</jobTitle>
    <jobDescription>To develop andriod application</jobDescription>
    <experience>
      <experience>Google</experience>
      <experience>Apple</experience>
      <experience>Mobile Iron</experience>
      <experience>Google</experience>
    </experience>
    <project>
      <project>
        <projectName>Movie App</projectName>
        <technology>
          <technology>Kotlin</technology>
          <technology>SQL Lite</technology>
          <technology>Gradle</technology>
          <technology>Jenkins</technology>
        </technology>
      </project>
    </project>
  </item>
  <item>
    <jobId>4</jobId>
    <jobTitle>QA Tester</jobTitle>
    <jobDescription>To develop andriod application</jobDescription>
    <experience>
      <experience>RRD</experience>
      <experience>ApD</experience>
      <experience>MobileIron</experience>
    </experience>
    <project>
      <project>
        <projectName>Eccc</projectName>
        <technology>
          <technology>Selenium</technology>
          <technology>Robot</technology>
        </technology>
      </project>
    </project>
  </item>
  <item>
    <jobId>135</jobId>
    <jobTitle>Data Engg</jobTitle>
    <jobDescription>Create machine learning apps</jobDescription>
    <experience>
      <experience>IBM</experience>
      <experience>INTEL</experience>
    </experience>
    <project>
      <project>
        <projectName>SCASE</projectName>
        <technology>
          <technology>Python</technology>
          <technology>R</technology>
        </technology>
      </project>
    </project>
  </item>
  <item>
    <jobId>647</jobId>
    <jobTitle>QA Tester</jobTitle>
    <jobDescription>To develop andriod application</jobDescription>
    <experience>
      <experience>RRD</experience>
      <experience>ApD</experience>
      <experience>MobileIron</experience>
    </experience>
    <project>
      <project>
        <projectName>Eccc</projectName>
        <technology>
          <technology>Selenium</technology>
          <technology>Robot</technology>
        </technology>
      </project>
    </project>
  </item>
  <item>
    <jobId>7</jobId>
    <jobTitle>Software Engg</jobTitle>
    <jobDescription>To develop andriod application</jobDescription>
    <experience>
      <experience>Google</experience>
      <experience>Apple</experience>
      <experience>Mobile Iron</experience>
      <experience>Subex</experience>
    </experience>
    <project>
      <project>
        <projectName>Movie App</projectName>
        <technology>
          <technology>Kotlin</technology>
          <technology>SQL Lite</technology>
          <technology>Gradle</technology>
          <technology>Jenkins</technology>
        </technology>
      </project>
    </project>
  </item>
  <item>
    <jobId>7</jobId>
    <jobTitle>Software Engg</jobTitle>
    <jobDescription>To develop andriod application</jobDescription>
    <experience>
      <experience>Google</experience>
      <experience>Apple</experience>
      <experience>Mobile Iron</experience>
      <experience>Subex</experience>
    </experience>
    <project>
      <project>
        <projectName>Movie App</projectName>
        <technology>
          <technology>Kotlin</technology>
          <technology>SQL Lite</technology>
          <technology>Gradle</technology>
          <technology>Jenkins</technology>
        </technology>
      </project>
    </project>
  </item>
  <item>
    <jobId>36</jobId>
    <jobTitle>Software Engg - 2</jobTitle>
    <jobDescription>To develop andriod application</jobDescription>
    <experience>
      <experience>Google</experience>
      <experience>Apple</experience>
      <experience>Mobile Iron</experience>
      <experience>Google</experience>
    </experience>
    <project>
      <project>
        <projectName>Movie App</projectName>
        <technology>
          <technology>Kotlin</technology>
          <technology>SQL Lite</technology>
          <technology>Gradle</technology>
          <technology>Jenkins</technology>
        </technology>
      </project>
    </project>
  </item>
  <item>
    <jobId>6</jobId>
    <jobTitle>Software Engg</jobTitle>
    <jobDescription>To develop andriod application</jobDescription>
    <experience>
      <experience>Google</experience>
      <experience>Apple</experience>
      <experience>Mobile Iron</experience>
      <experience>Subex</experience>
    </experience>
    <project>
      <project>
        <projectName>Movie App</projectName>
        <technology>
          <technology>Kotlin</technology>
          <technology>SQL Lite</technology>
          <technology>Gradle</technology>
          <technology>Jenkins</technology>
        </technology>
      </project>
    </project>
  </item>
  <item>
    <jobId>40</jobId>
    <jobTitle>LOS</jobTitle>
    <jobDescription>SOL</jobDescription>
    <experience>
      <experience>Nothing</experience>
    </experience>
    <project/>
  </item>
  <item>
    <jobId>59</jobId>
    <jobTitle>LOS</jobTitle>
    <jobDescription>SOL</jobDescription>
    <experience>
      <experience>Nothing</experience>
    </experience>
    <project/>
  </item>
  <item>
    <jobId>80</jobId>
    <jobTitle>LOS</jobTitle>
    <jobDescription>SOL</jobDescription>
    <experience>
      <experience>Nothing</experience>
    </experience>
    <project/>
  </item>
  <item>
    <jobId>4</jobId>
    <jobTitle>LOS</jobTitle>
    <jobDescription>SOL</jobDescription>
    <experience>
      <experience>Nothing</experience>
    </experience>
    <project/>
  </item>
  <item>
    <jobId>33</jobId>
    <jobTitle>LOS</jobTitle>
    <jobDescription>SOL</jobDescription>
    <experience>
      <experience>Nothing</experience>
    </experience>
    <project/>
  </item>
  <item>
    <jobId>70</jobId>
    <jobTitle>Software Engg - 2</jobTitle>
    <jobDescription>To develop andriod application and web application</jobDescription>
    <experience>
      <experience>Nothing</experience>
    </experience>
    <project/>
  </item>
  <item>
    <jobId>40</jobId>
    <jobTitle>LOS</jobTitle>
    <jobDescription>SOL</jobDescription>
    <experience>
      <experience>Nothing</experience>
    </experience>
    <project/>
  </item>
  <item>
    <jobId>32</jobId>
    <jobTitle>LOS</jobTitle>
    <jobDescription>SOL</jobDescription>
    <experience>
      <experience>Nothing</experience>
    </experience>
    <project/>
  </item>
  <item>
    <jobId>370</jobId>
    <jobTitle>IOS</jobTitle>
    <jobDescription>APPLE</jobDescription>
    <experience>
      <experience>Nothing</experience>
    </experience>
    <project/>
  </item>
  <item>
    <jobId>676</jobId>
    <jobTitle>IOS</jobTitle>
    <jobDescription>APPLE</jobDescription>
    <experience>
      <experience>Nothing</experience>
    </experience>
    <project/>
  </item>
  <item>
    <jobId>704</jobId>
    <jobTitle>IOS</jobTitle>
    <jobDescription>APPLE</jobDescription>
    <experience>
      <experience>Nothing</experience>
    </experience>
    <project/>
  </item>
  <item>
    <jobId>9980</jobId>
    <jobTitle>Data Analyst</jobTitle>
    <jobDescription>Develop machine learning models</jobDescription>
    <experience>
      <experience>Nothing</experience>
    </experience>
    <project/>
  </item>
  <item>
    <jobId>9980</jobId>
    <jobTitle>Data Analyst</jobTitle>
    <jobDescription>Develop machine learning models</jobDescription>
    <experience>
      <experience>Nothing</experience>
    </experience>
    <project/>
  </item>
  <item>
    <jobId>3</jobId>
    <jobTitle>Data Engg</jobTitle>
    <jobDescription>Create machine learning apps</jobDescription>
    <experience>
      <experience>IBM</experience>
      <experience>INTEL</experience>
    </experience>
    <project>
      <project>
        <projectName>SCASE</projectName>
        <technology>
          <technology>Python</technology>
          <technology>R</technology>
        </technology>
      </project>
    </project>
  </item>
  <item>
    <jobId>4</jobId>
    <jobTitle>QA Tester</jobTitle>
    <jobDescription>To develop andriod application</jobDescription>
    <experience>
      <experience>RRD</experience>
      <experience>ApD</experience>
      <experience>MobileIron</experience>
    </experience>
    <project>
      <project>
        <projectName>Eccc</projectName>
        <technology>
          <technology>Selenium</technology>
          <technology>Robot</technology>
        </technology>
      </project>
    </project>
  </item>
  <item>
    <jobId>82</jobId>
    <jobTitle>Data Engg</jobTitle>
    <jobDescription>Create machine learning apps</jobDescription>
    <experience>
      <experience>IBM</experience>
      <experience>INTEL</experience>
    </experience>
    <project>
      <project>
        <projectName>SCASE</projectName>
        <technology>
          <technology>Python</technology>
          <technology>R</technology>
        </technology>
      </project>
    </project>
  </item>
  <item>
    <jobId>291</jobId>
    <jobTitle>QA Tester</jobTitle>
    <jobDescription>To develop andriod application</jobDescription>
    <experience>
      <experience>RRD</experience>
      <experience>ApD</experience>
      <experience>MobileIron</experience>
    </experience>
    <project>
      <project>
        <projectName>Eccc</projectName>
        <technology>
          <technology>Selenium</technology>
          <technology>Robot</technology>
        </technology>
      </project>
    </project>
  </item>
  <item>
    <jobId>3</jobId>
    <jobTitle>Data Engg</jobTitle>
    <jobDescription>Create machine learning apps</jobDescription>
    <experience>
      <experience>IBM</experience>
      <experience>INTEL</experience>
    </experience>
    <project>
      <project>
        <projectName>SCASE</projectName>
        <technology>
          <technology>Python</technology>
          <technology>R</technology>
        </technology>
      </project>
    </project>
  </item>
  <item>
    <jobId>3</jobId>
    <jobTitle>Data Engg</jobTitle>
    <jobDescription>Create machine learning apps</jobDescription>
    <experience>
      <experience>IBM</experience>
      <experience>INTEL</experience>
    </experience>
    <project>
      <project>
        <projectName>SCASE</projectName>
        <technology>
          <technology>Python</technology>
          <technology>R</technology>
        </technology>
      </project>
    </project>
  </item>
  <item>
    <jobId>251</jobId>
    <jobTitle>LOS</jobTitle>
    <jobDescription>SOL</jobDescription>
    <experience>
      <experience>Nothing</experience>
    </experience>
    <project/>
  </item>
  <item>
    <jobId>19</jobId>
    <jobTitle>LOS</jobTitle>
    <jobDescription>SOL</jobDescription>
    <experience>
      <experience>Nothing</experience>
    </experience>
    <project/>
  </item>
</List>
 
14:22:59.145 [pool-2-thread-4] INFO  com.intuit.karate - [print] [
  "To develop andriod application"
]
 
14:22:59.162 [pool-2-thread-4] INFO  com.intuit.karate - [print] [
]
 
14:22:59.234 [pool-2-thread-2] DEBUG com.intuit.karate - request:
1 > GET http://localhost:9897/normal/webapi/all
1 > Accept: application/json
1 > Host: localhost:9897
1 > Connection: Keep-Alive
1 > User-Agent: Apache-HttpClient/4.5.14 (Java/16.0.1)
1 > Accept-Encoding: gzip,deflate


14:22:59.232 [pool-2-thread-5] DEBUG com.intuit.karate - request:
1 > GET http://localhost:9897/normal/webapi/all
1 > Accept: application/xml
1 > Host: localhost:9897
1 > Connection: Keep-Alive
1 > User-Agent: Apache-HttpClient/4.5.14 (Java/16.0.1)
1 > Accept-Encoding: gzip,deflate


14:22:59.235 [pool-2-thread-1] DEBUG com.intuit.karate - request:
1 > GET http://localhost:9897/normal/webapi/all
1 > Accept: application/json
1 > Host: localhost:9897
1 > Connection: Keep-Alive
1 > User-Agent: Apache-HttpClient/4.5.14 (Java/16.0.1)
1 > Accept-Encoding: gzip,deflate


14:22:59.273 [pool-2-thread-2] DEBUG com.intuit.karate - response time in milliseconds: 35
1 < 200
1 < X-Content-Type-Options: nosniff
1 < X-XSS-Protection: 1; mode=block
1 < Cache-Control: no-cache, no-store, max-age=0, must-revalidate
1 < Pragma: no-cache
1 < Expires: 0
1 < X-Frame-Options: DENY
1 < Content-Type: application/json
1 < Transfer-Encoding: chunked
1 < Date: Thu, 27 Jun 2024 19:22:58 GMT
1 < Keep-Alive: timeout=60
1 < Connection: keep-alive
[{"jobId":1,"jobTitle":"Software Engg","jobDescription":"To develop andriod application","experience":["Google","Apple","Mobile Iron"],"project":[{"projectName":"Movie App","technology":["Kotlin","SQL Lite","Gradle"]}]},{"jobId":3,"jobTitle":"Data Engg","jobDescription":"Create machine learning apps","experience":["IBM","INTEL"],"project":[{"projectName":"SCASE","technology":["Python","R"]}]},{"jobId":4,"jobTitle":"Software Engg - 2","jobDescription":"To develop andriod application and web application","experience":["RRD","ApD","MobileIron"],"project":[{"projectName":"Eccc","technology":["Selenium","Robot"]}]},{"jobId":640,"jobTitle":"Data Engg","jobDescription":"Create machine learning apps","experience":["IBM","INTEL"],"project":[{"projectName":"SCASE","technology":["Python","R"]}]},{"jobId":430,"jobTitle":"QA Tester","jobDescription":"To develop andriod application","experience":["RRD","ApD","MobileIron"],"project":[{"projectName":"Eccc","technology":["Selenium","Robot"]}]},{"jobId":3,"jobTitle":"Data Engg","jobDescription":"Create machine learning apps","experience":["IBM","INTEL"],"project":[{"projectName":"SCASE","technology":["Python","R"]}]},{"jobId":3,"jobTitle":"Data Engg","jobDescription":"Create machine learning apps","experience":["IBM","INTEL"],"project":[{"projectName":"SCASE","technology":["Python","R"]}]},{"jobId":4,"jobTitle":"QA Tester","jobDescription":"To develop andriod application","experience":["RRD","ApD","MobileIron"],"project":[{"projectName":"Eccc","technology":["Selenium","Robot"]}]},{"jobId":404,"jobTitle":"Data Engg","jobDescription":"Create machine learning apps","experience":["IBM","INTEL"],"project":[{"projectName":"SCASE","technology":["Python","R"]}]},{"jobId":412,"jobTitle":"QA Tester","jobDescription":"To develop andriod application","experience":["RRD","ApD","MobileIron"],"project":[{"projectName":"Eccc","technology":["Selenium","Robot"]}]},{"jobId":3,"jobTitle":"Data Engg","jobDescription":"Create machine learning apps","experience":["IBM","INTEL"],"project":[{"projectName":"SCASE","technology":["Python","R"]}]},{"jobId":3,"jobTitle":"Data Engg","jobDescription":"Create machine learning apps","experience":["IBM","INTEL"],"project":[{"projectName":"SCASE","technology":["Python","R"]}]},{"jobId":4,"jobTitle":"QA Tester","jobDescription":"To develop andriod application","experience":["RRD","ApD","MobileIron"],"project":[{"projectName":"Eccc","technology":["Selenium","Robot"]}]},{"jobId":612,"jobTitle":"Data Engg","jobDescription":"Create machine learning apps","experience":["IBM","INTEL"],"project":[{"projectName":"SCASE","technology":["Python","R"]}]},{"jobId":124,"jobTitle":"QA Tester","jobDescription":"To develop andriod application","experience":["RRD","ApD","MobileIron"],"project":[{"projectName":"Eccc","technology":["Selenium","Robot"]}]},{"jobId":3,"jobTitle":"Data Engg","jobDescription":"Create machine learning apps","experience":["IBM","INTEL"],"project":[{"projectName":"SCASE","technology":["Python","R"]}]},{"jobId":3,"jobTitle":"Data Engg","jobDescription":"Create machine learning apps","experience":["IBM","INTEL"],"project":[{"projectName":"SCASE","technology":["Python","R"]}]},{"jobId":4,"jobTitle":"QA Tester","jobDescription":"To develop andriod application","experience":["RRD","ApD","MobileIron"],"project":[{"projectName":"Eccc","technology":["Selenium","Robot"]}]},{"jobId":27,"jobTitle":"Data Engg","jobDescription":"Create machine learning apps","experience":["IBM","INTEL"],"project":[{"projectName":"SCASE","technology":["Python","R"]}]},{"jobId":276,"jobTitle":"QA Tester","jobDescription":"To develop andriod application","experience":["RRD","ApD","MobileIron"],"project":[{"projectName":"Eccc","technology":["Selenium","Robot"]}]},{"jobId":3,"jobTitle":"Data Engg","jobDescription":"Create machine learning apps","experience":["IBM","INTEL"],"project":[{"projectName":"SCASE","technology":["Python","R"]}]},{"jobId":47,"jobTitle":"LOS","jobDescription":"SOL","experience":["Nothing"],"project":[]},{"jobId":99,"jobTitle":"LOS","jobDescription":"SOL","experience":["Nothing"],"project":[]},{"jobId":49,"jobTitle":"LOS","jobDescription":"SOL","experience":["Nothing"],"project":[]},{"jobId":99,"jobTitle":"LOS","jobDescription":"SOL","experience":["Nothing"],"project":[]},{"jobId":80,"jobTitle":"LOS","jobDescription":"SOL","experience":["Nothing"],"project":[]},{"jobId":0,"jobTitle":"LOS","jobDescription":"SOL","experience":["Nothing"],"project":[]},{"jobId":0,"jobTitle":"LOS","jobDescription":"SOL","experience":["Nothing"],"project":[]},{"jobId":0,"jobTitle":"LOS","jobDescription":"SOL","experience":["Nothing"],"project":[]},{"jobId":45,"jobTitle":"QA Tester","jobDescription":"Finding bugs","experience":["Nothing"],"project":[]},{"jobId":64,"jobTitle":"QA Tester","jobDescription":"Finding bugs","experience":["Nothing"],"project":[]},{"jobId":38,"jobTitle":"QA Tester","jobDescription":"Finding bugs","experience":["Nothing"],"project":[]},{"jobId":85,"jobTitle":"LOS","jobDescription":"SOL","experience":["Nothing"],"project":[]},{"jobId":9,"jobTitle":"QA Tester","jobDescription":"Finding bugs","experience":["Nothing"],"project":[]},{"jobId":85,"jobTitle":"LOS","jobDescription":"SOL","experience":["Nothing"],"project":[]},{"jobId":36,"jobTitle":"LOS","jobDescription":"SOL","experience":["Nothing"],"project":[]},{"jobId":41,"jobTitle":"QA Tester","jobDescription":"Finding bugs","experience":["Nothing"],"project":[]},{"jobId":42,"jobTitle":"LOS","jobDescription":"SOL","experience":["Nothing"],"project":[]},{"jobId":69,"jobTitle":"LOS","jobDescription":"SOL","experience":["Nothing"],"project":[]},{"jobId":13,"jobTitle":"LOS","jobDescription":"SOL","experience":["Nothing"],"project":[]},{"jobId":15,"jobTitle":"LOS","jobDescription":"To develop andriod application and web application","experience":["Nothing"],"project":[]},{"jobId":19,"jobTitle":"LOS","jobDescription":"To develop andriod application and web application","experience":["Nothing"],"project":[]},{"jobId":92,"jobTitle":"Software Engg - 2","jobDescription":"To develop andriod application and web application","experience":["Nothing"],"project":[]},{"jobId":54,"jobTitle":"LOS","jobDescription":"SOL","experience":["Nothing"],"project":[]},{"jobId":90,"jobTitle":"Software Engg - 2","jobDescription":"To develop andriod application and web application","experience":["Nothing"],"project":[]},{"jobId":38,"jobTitle":"LOS","jobDescription":"SOL","experience":["Nothing"],"project":[]},{"jobId":5,"jobTitle":"Software Engg - 2","jobDescription":"To develop andriod application","experience":["Google","Apple","Mobile Iron","Google"],"project":[{"projectName":"Movie App","technology":["Kotlin","SQL Lite","Gradle","Jenkins"]}]},{"jobId":623,"jobTitle":"Data Engg","jobDescription":"Create machine learning apps","experience":["IBM","INTEL"],"project":[{"projectName":"SCASE","technology":["Python","R"]}]},{"jobId":3,"jobTitle":"Data Engg","jobDescription":"Create machine learning apps","experience":["IBM","INTEL"],"project":[{"projectName":"SCASE","technology":["Python","R"]}]},{"jobId":4,"jobTitle":"QA Tester","jobDescription":"To develop andriod application","experience":["RRD","ApD","MobileIron"],"project":[{"projectName":"Eccc","technology":["Selenium","Robot"]}]},{"jobId":345,"jobTitle":"QA Tester","jobDescription":"To develop andriod application","experience":["RRD","ApD","MobileIron"],"project":[{"projectName":"Eccc","technology":["Selenium","Robot"]}]},{"jobId":7,"jobTitle":"Software Engg","jobDescription":"To develop andriod application","experience":["Google","Apple","Mobile Iron","Subex"],"project":[{"projectName":"Movie App","technology":["Kotlin","SQL Lite","Gradle","Jenkins"]}]},{"jobId":7,"jobTitle":"Software Engg","jobDescription":"To develop andriod application","experience":["Google","Apple","Mobile Iron","Subex"],"project":[{"projectName":"Movie App","technology":["Kotlin","SQL Lite","Gradle","Jenkins"]}]},{"jobId":50,"jobTitle":"Software Engg - 2","jobDescription":"To develop andriod application","experience":["Google","Apple","Mobile Iron","Google"],"project":[{"projectName":"Movie App","technology":["Kotlin","SQL Lite","Gradle","Jenkins"]}]},{"jobId":43,"jobTitle":"Software Engg","jobDescription":"To develop andriod application","experience":["Google","Apple","Mobile Iron","Subex"],"project":[{"projectName":"Movie App","technology":["Kotlin","SQL Lite","Gradle","Jenkins"]}]},{"jobId":19,"jobTitle":"LOS","jobDescription":"SOL","experience":["Nothing"],"project":[]},{"jobId":7,"jobTitle":"LOS","jobDescription":"SOL","experience":["Nothing"],"project":[]},{"jobId":3,"jobTitle":"Data Engg","jobDescription":"Create machine learning apps","experience":["IBM","INTEL"],"project":[{"projectName":"SCASE","technology":["Python","R"]}]},{"jobId":5,"jobTitle":"Software Engg - 2","jobDescription":"To develop andriod application","experience":["Google","Apple","Mobile Iron","Google"],"project":[{"projectName":"Movie App","technology":["Kotlin","SQL Lite","Gradle","Jenkins"]}]},{"jobId":4,"jobTitle":"QA Tester","jobDescription":"To develop andriod application","experience":["RRD","ApD","MobileIron"],"project":[{"projectName":"Eccc","technology":["Selenium","Robot"]}]},{"jobId":135,"jobTitle":"Data Engg","jobDescription":"Create machine learning apps","experience":["IBM","INTEL"],"project":[{"projectName":"SCASE","technology":["Python","R"]}]},{"jobId":647,"jobTitle":"QA Tester","jobDescription":"To develop andriod application","experience":["RRD","ApD","MobileIron"],"project":[{"projectName":"Eccc","technology":["Selenium","Robot"]}]},{"jobId":7,"jobTitle":"Software Engg","jobDescription":"To develop andriod application","experience":["Google","Apple","Mobile Iron","Subex"],"project":[{"projectName":"Movie App","technology":["Kotlin","SQL Lite","Gradle","Jenkins"]}]},{"jobId":7,"jobTitle":"Software Engg","jobDescription":"To develop andriod application","experience":["Google","Apple","Mobile Iron","Subex"],"project":[{"projectName":"Movie App","technology":["Kotlin","SQL Lite","Gradle","Jenkins"]}]},{"jobId":36,"jobTitle":"Software Engg - 2","jobDescription":"To develop andriod application","experience":["Google","Apple","Mobile Iron","Google"],"project":[{"projectName":"Movie App","technology":["Kotlin","SQL Lite","Gradle","Jenkins"]}]},{"jobId":6,"jobTitle":"Software Engg","jobDescription":"To develop andriod application","experience":["Google","Apple","Mobile Iron","Subex"],"project":[{"projectName":"Movie App","technology":["Kotlin","SQL Lite","Gradle","Jenkins"]}]},{"jobId":40,"jobTitle":"LOS","jobDescription":"SOL","experience":["Nothing"],"project":[]},{"jobId":59,"jobTitle":"LOS","jobDescription":"SOL","experience":["Nothing"],"project":[]},{"jobId":80,"jobTitle":"LOS","jobDescription":"SOL","experience":["Nothing"],"project":[]},{"jobId":4,"jobTitle":"LOS","jobDescription":"SOL","experience":["Nothing"],"project":[]},{"jobId":33,"jobTitle":"LOS","jobDescription":"SOL","experience":["Nothing"],"project":[]},{"jobId":70,"jobTitle":"Software Engg - 2","jobDescription":"To develop andriod application and web application","experience":["Nothing"],"project":[]},{"jobId":40,"jobTitle":"LOS","jobDescription":"SOL","experience":["Nothing"],"project":[]},{"jobId":32,"jobTitle":"LOS","jobDescription":"SOL","experience":["Nothing"],"project":[]},{"jobId":370,"jobTitle":"IOS","jobDescription":"APPLE","experience":["Nothing"],"project":[]},{"jobId":676,"jobTitle":"IOS","jobDescription":"APPLE","experience":["Nothing"],"project":[]},{"jobId":704,"jobTitle":"IOS","jobDescription":"APPLE","experience":["Nothing"],"project":[]},{"jobId":9980,"jobTitle":"Data Analyst","jobDescription":"Develop machine learning models","experience":["Nothing"],"project":[]},{"jobId":9980,"jobTitle":"Data Analyst","jobDescription":"Develop machine learning models","experience":["Nothing"],"project":[]},{"jobId":3,"jobTitle":"Data Engg","jobDescription":"Create machine learning apps","experience":["IBM","INTEL"],"project":[{"projectName":"SCASE","technology":["Python","R"]}]},{"jobId":4,"jobTitle":"QA Tester","jobDescription":"To develop andriod application","experience":["RRD","ApD","MobileIron"],"project":[{"projectName":"Eccc","technology":["Selenium","Robot"]}]},{"jobId":82,"jobTitle":"Data Engg","jobDescription":"Create machine learning apps","experience":["IBM","INTEL"],"project":[{"projectName":"SCASE","technology":["Python","R"]}]},{"jobId":291,"jobTitle":"QA Tester","jobDescription":"To develop andriod application","experience":["RRD","ApD","MobileIron"],"project":[{"projectName":"Eccc","technology":["Selenium","Robot"]}]},{"jobId":3,"jobTitle":"Data Engg","jobDescription":"Create machine learning apps","experience":["IBM","INTEL"],"project":[{"projectName":"SCASE","technology":["Python","R"]}]},{"jobId":3,"jobTitle":"Data Engg","jobDescription":"Create machine learning apps","experience":["IBM","INTEL"],"project":[{"projectName":"SCASE","technology":["Python","R"]}]},{"jobId":251,"jobTitle":"LOS","jobDescription":"SOL","experience":["Nothing"],"project":[]},{"jobId":19,"jobTitle":"LOS","jobDescription":"SOL","experience":["Nothing"],"project":[]}]

14:22:59.273 [pool-2-thread-1] DEBUG com.intuit.karate - response time in milliseconds: 31
1 < 200
1 < X-Content-Type-Options: nosniff
1 < X-XSS-Protection: 1; mode=block
1 < Cache-Control: no-cache, no-store, max-age=0, must-revalidate
1 < Pragma: no-cache
1 < Expires: 0
1 < X-Frame-Options: DENY
1 < Content-Type: application/json
1 < Transfer-Encoding: chunked
1 < Date: Thu, 27 Jun 2024 19:22:58 GMT
1 < Keep-Alive: timeout=60
1 < Connection: keep-alive
[{"jobId":1,"jobTitle":"Software Engg","jobDescription":"To develop andriod application","experience":["Google","Apple","Mobile Iron"],"project":[{"projectName":"Movie App","technology":["Kotlin","SQL Lite","Gradle"]}]},{"jobId":3,"jobTitle":"Data Engg","jobDescription":"Create machine learning apps","experience":["IBM","INTEL"],"project":[{"projectName":"SCASE","technology":["Python","R"]}]},{"jobId":4,"jobTitle":"Software Engg - 2","jobDescription":"To develop andriod application and web application","experience":["RRD","ApD","MobileIron"],"project":[{"projectName":"Eccc","technology":["Selenium","Robot"]}]},{"jobId":640,"jobTitle":"Data Engg","jobDescription":"Create machine learning apps","experience":["IBM","INTEL"],"project":[{"projectName":"SCASE","technology":["Python","R"]}]},{"jobId":430,"jobTitle":"QA Tester","jobDescription":"To develop andriod application","experience":["RRD","ApD","MobileIron"],"project":[{"projectName":"Eccc","technology":["Selenium","Robot"]}]},{"jobId":3,"jobTitle":"Data Engg","jobDescription":"Create machine learning apps","experience":["IBM","INTEL"],"project":[{"projectName":"SCASE","technology":["Python","R"]}]},{"jobId":3,"jobTitle":"Data Engg","jobDescription":"Create machine learning apps","experience":["IBM","INTEL"],"project":[{"projectName":"SCASE","technology":["Python","R"]}]},{"jobId":4,"jobTitle":"QA Tester","jobDescription":"To develop andriod application","experience":["RRD","ApD","MobileIron"],"project":[{"projectName":"Eccc","technology":["Selenium","Robot"]}]},{"jobId":404,"jobTitle":"Data Engg","jobDescription":"Create machine learning apps","experience":["IBM","INTEL"],"project":[{"projectName":"SCASE","technology":["Python","R"]}]},{"jobId":412,"jobTitle":"QA Tester","jobDescription":"To develop andriod application","experience":["RRD","ApD","MobileIron"],"project":[{"projectName":"Eccc","technology":["Selenium","Robot"]}]},{"jobId":3,"jobTitle":"Data Engg","jobDescription":"Create machine learning apps","experience":["IBM","INTEL"],"project":[{"projectName":"SCASE","technology":["Python","R"]}]},{"jobId":3,"jobTitle":"Data Engg","jobDescription":"Create machine learning apps","experience":["IBM","INTEL"],"project":[{"projectName":"SCASE","technology":["Python","R"]}]},{"jobId":4,"jobTitle":"QA Tester","jobDescription":"To develop andriod application","experience":["RRD","ApD","MobileIron"],"project":[{"projectName":"Eccc","technology":["Selenium","Robot"]}]},{"jobId":612,"jobTitle":"Data Engg","jobDescription":"Create machine learning apps","experience":["IBM","INTEL"],"project":[{"projectName":"SCASE","technology":["Python","R"]}]},{"jobId":124,"jobTitle":"QA Tester","jobDescription":"To develop andriod application","experience":["RRD","ApD","MobileIron"],"project":[{"projectName":"Eccc","technology":["Selenium","Robot"]}]},{"jobId":3,"jobTitle":"Data Engg","jobDescription":"Create machine learning apps","experience":["IBM","INTEL"],"project":[{"projectName":"SCASE","technology":["Python","R"]}]},{"jobId":3,"jobTitle":"Data Engg","jobDescription":"Create machine learning apps","experience":["IBM","INTEL"],"project":[{"projectName":"SCASE","technology":["Python","R"]}]},{"jobId":4,"jobTitle":"QA Tester","jobDescription":"To develop andriod application","experience":["RRD","ApD","MobileIron"],"project":[{"projectName":"Eccc","technology":["Selenium","Robot"]}]},{"jobId":27,"jobTitle":"Data Engg","jobDescription":"Create machine learning apps","experience":["IBM","INTEL"],"project":[{"projectName":"SCASE","technology":["Python","R"]}]},{"jobId":276,"jobTitle":"QA Tester","jobDescription":"To develop andriod application","experience":["RRD","ApD","MobileIron"],"project":[{"projectName":"Eccc","technology":["Selenium","Robot"]}]},{"jobId":3,"jobTitle":"Data Engg","jobDescription":"Create machine learning apps","experience":["IBM","INTEL"],"project":[{"projectName":"SCASE","technology":["Python","R"]}]},{"jobId":47,"jobTitle":"LOS","jobDescription":"SOL","experience":["Nothing"],"project":[]},{"jobId":99,"jobTitle":"LOS","jobDescription":"SOL","experience":["Nothing"],"project":[]},{"jobId":49,"jobTitle":"LOS","jobDescription":"SOL","experience":["Nothing"],"project":[]},{"jobId":99,"jobTitle":"LOS","jobDescription":"SOL","experience":["Nothing"],"project":[]},{"jobId":80,"jobTitle":"LOS","jobDescription":"SOL","experience":["Nothing"],"project":[]},{"jobId":0,"jobTitle":"LOS","jobDescription":"SOL","experience":["Nothing"],"project":[]},{"jobId":0,"jobTitle":"LOS","jobDescription":"SOL","experience":["Nothing"],"project":[]},{"jobId":0,"jobTitle":"LOS","jobDescription":"SOL","experience":["Nothing"],"project":[]},{"jobId":45,"jobTitle":"QA Tester","jobDescription":"Finding bugs","experience":["Nothing"],"project":[]},{"jobId":64,"jobTitle":"QA Tester","jobDescription":"Finding bugs","experience":["Nothing"],"project":[]},{"jobId":38,"jobTitle":"QA Tester","jobDescription":"Finding bugs","experience":["Nothing"],"project":[]},{"jobId":85,"jobTitle":"LOS","jobDescription":"SOL","experience":["Nothing"],"project":[]},{"jobId":9,"jobTitle":"QA Tester","jobDescription":"Finding bugs","experience":["Nothing"],"project":[]},{"jobId":85,"jobTitle":"LOS","jobDescription":"SOL","experience":["Nothing"],"project":[]},{"jobId":36,"jobTitle":"LOS","jobDescription":"SOL","experience":["Nothing"],"project":[]},{"jobId":41,"jobTitle":"QA Tester","jobDescription":"Finding bugs","experience":["Nothing"],"project":[]},{"jobId":42,"jobTitle":"LOS","jobDescription":"SOL","experience":["Nothing"],"project":[]},{"jobId":69,"jobTitle":"LOS","jobDescription":"SOL","experience":["Nothing"],"project":[]},{"jobId":13,"jobTitle":"LOS","jobDescription":"SOL","experience":["Nothing"],"project":[]},{"jobId":15,"jobTitle":"LOS","jobDescription":"To develop andriod application and web application","experience":["Nothing"],"project":[]},{"jobId":19,"jobTitle":"LOS","jobDescription":"To develop andriod application and web application","experience":["Nothing"],"project":[]},{"jobId":92,"jobTitle":"Software Engg - 2","jobDescription":"To develop andriod application and web application","experience":["Nothing"],"project":[]},{"jobId":54,"jobTitle":"LOS","jobDescription":"SOL","experience":["Nothing"],"project":[]},{"jobId":90,"jobTitle":"Software Engg - 2","jobDescription":"To develop andriod application and web application","experience":["Nothing"],"project":[]},{"jobId":38,"jobTitle":"LOS","jobDescription":"SOL","experience":["Nothing"],"project":[]},{"jobId":5,"jobTitle":"Software Engg - 2","jobDescription":"To develop andriod application","experience":["Google","Apple","Mobile Iron","Google"],"project":[{"projectName":"Movie App","technology":["Kotlin","SQL Lite","Gradle","Jenkins"]}]},{"jobId":623,"jobTitle":"Data Engg","jobDescription":"Create machine learning apps","experience":["IBM","INTEL"],"project":[{"projectName":"SCASE","technology":["Python","R"]}]},{"jobId":3,"jobTitle":"Data Engg","jobDescription":"Create machine learning apps","experience":["IBM","INTEL"],"project":[{"projectName":"SCASE","technology":["Python","R"]}]},{"jobId":4,"jobTitle":"QA Tester","jobDescription":"To develop andriod application","experience":["RRD","ApD","MobileIron"],"project":[{"projectName":"Eccc","technology":["Selenium","Robot"]}]},{"jobId":345,"jobTitle":"QA Tester","jobDescription":"To develop andriod application","experience":["RRD","ApD","MobileIron"],"project":[{"projectName":"Eccc","technology":["Selenium","Robot"]}]},{"jobId":7,"jobTitle":"Software Engg","jobDescription":"To develop andriod application","experience":["Google","Apple","Mobile Iron","Subex"],"project":[{"projectName":"Movie App","technology":["Kotlin","SQL Lite","Gradle","Jenkins"]}]},{"jobId":7,"jobTitle":"Software Engg","jobDescription":"To develop andriod application","experience":["Google","Apple","Mobile Iron","Subex"],"project":[{"projectName":"Movie App","technology":["Kotlin","SQL Lite","Gradle","Jenkins"]}]},{"jobId":50,"jobTitle":"Software Engg - 2","jobDescription":"To develop andriod application","experience":["Google","Apple","Mobile Iron","Google"],"project":[{"projectName":"Movie App","technology":["Kotlin","SQL Lite","Gradle","Jenkins"]}]},{"jobId":43,"jobTitle":"Software Engg","jobDescription":"To develop andriod application","experience":["Google","Apple","Mobile Iron","Subex"],"project":[{"projectName":"Movie App","technology":["Kotlin","SQL Lite","Gradle","Jenkins"]}]},{"jobId":19,"jobTitle":"LOS","jobDescription":"SOL","experience":["Nothing"],"project":[]},{"jobId":7,"jobTitle":"LOS","jobDescription":"SOL","experience":["Nothing"],"project":[]},{"jobId":3,"jobTitle":"Data Engg","jobDescription":"Create machine learning apps","experience":["IBM","INTEL"],"project":[{"projectName":"SCASE","technology":["Python","R"]}]},{"jobId":5,"jobTitle":"Software Engg - 2","jobDescription":"To develop andriod application","experience":["Google","Apple","Mobile Iron","Google"],"project":[{"projectName":"Movie App","technology":["Kotlin","SQL Lite","Gradle","Jenkins"]}]},{"jobId":4,"jobTitle":"QA Tester","jobDescription":"To develop andriod application","experience":["RRD","ApD","MobileIron"],"project":[{"projectName":"Eccc","technology":["Selenium","Robot"]}]},{"jobId":135,"jobTitle":"Data Engg","jobDescription":"Create machine learning apps","experience":["IBM","INTEL"],"project":[{"projectName":"SCASE","technology":["Python","R"]}]},{"jobId":647,"jobTitle":"QA Tester","jobDescription":"To develop andriod application","experience":["RRD","ApD","MobileIron"],"project":[{"projectName":"Eccc","technology":["Selenium","Robot"]}]},{"jobId":7,"jobTitle":"Software Engg","jobDescription":"To develop andriod application","experience":["Google","Apple","Mobile Iron","Subex"],"project":[{"projectName":"Movie App","technology":["Kotlin","SQL Lite","Gradle","Jenkins"]}]},{"jobId":7,"jobTitle":"Software Engg","jobDescription":"To develop andriod application","experience":["Google","Apple","Mobile Iron","Subex"],"project":[{"projectName":"Movie App","technology":["Kotlin","SQL Lite","Gradle","Jenkins"]}]},{"jobId":36,"jobTitle":"Software Engg - 2","jobDescription":"To develop andriod application","experience":["Google","Apple","Mobile Iron","Google"],"project":[{"projectName":"Movie App","technology":["Kotlin","SQL Lite","Gradle","Jenkins"]}]},{"jobId":6,"jobTitle":"Software Engg","jobDescription":"To develop andriod application","experience":["Google","Apple","Mobile Iron","Subex"],"project":[{"projectName":"Movie App","technology":["Kotlin","SQL Lite","Gradle","Jenkins"]}]},{"jobId":40,"jobTitle":"LOS","jobDescription":"SOL","experience":["Nothing"],"project":[]},{"jobId":59,"jobTitle":"LOS","jobDescription":"SOL","experience":["Nothing"],"project":[]},{"jobId":80,"jobTitle":"LOS","jobDescription":"SOL","experience":["Nothing"],"project":[]},{"jobId":4,"jobTitle":"LOS","jobDescription":"SOL","experience":["Nothing"],"project":[]},{"jobId":33,"jobTitle":"LOS","jobDescription":"SOL","experience":["Nothing"],"project":[]},{"jobId":70,"jobTitle":"Software Engg - 2","jobDescription":"To develop andriod application and web application","experience":["Nothing"],"project":[]},{"jobId":40,"jobTitle":"LOS","jobDescription":"SOL","experience":["Nothing"],"project":[]},{"jobId":32,"jobTitle":"LOS","jobDescription":"SOL","experience":["Nothing"],"project":[]},{"jobId":370,"jobTitle":"IOS","jobDescription":"APPLE","experience":["Nothing"],"project":[]},{"jobId":676,"jobTitle":"IOS","jobDescription":"APPLE","experience":["Nothing"],"project":[]},{"jobId":704,"jobTitle":"IOS","jobDescription":"APPLE","experience":["Nothing"],"project":[]},{"jobId":9980,"jobTitle":"Data Analyst","jobDescription":"Develop machine learning models","experience":["Nothing"],"project":[]},{"jobId":9980,"jobTitle":"Data Analyst","jobDescription":"Develop machine learning models","experience":["Nothing"],"project":[]},{"jobId":3,"jobTitle":"Data Engg","jobDescription":"Create machine learning apps","experience":["IBM","INTEL"],"project":[{"projectName":"SCASE","technology":["Python","R"]}]},{"jobId":4,"jobTitle":"QA Tester","jobDescription":"To develop andriod application","experience":["RRD","ApD","MobileIron"],"project":[{"projectName":"Eccc","technology":["Selenium","Robot"]}]},{"jobId":82,"jobTitle":"Data Engg","jobDescription":"Create machine learning apps","experience":["IBM","INTEL"],"project":[{"projectName":"SCASE","technology":["Python","R"]}]},{"jobId":291,"jobTitle":"QA Tester","jobDescription":"To develop andriod application","experience":["RRD","ApD","MobileIron"],"project":[{"projectName":"Eccc","technology":["Selenium","Robot"]}]},{"jobId":3,"jobTitle":"Data Engg","jobDescription":"Create machine learning apps","experience":["IBM","INTEL"],"project":[{"projectName":"SCASE","technology":["Python","R"]}]},{"jobId":3,"jobTitle":"Data Engg","jobDescription":"Create machine learning apps","experience":["IBM","INTEL"],"project":[{"projectName":"SCASE","technology":["Python","R"]}]},{"jobId":251,"jobTitle":"LOS","jobDescription":"SOL","experience":["Nothing"],"project":[]},{"jobId":19,"jobTitle":"LOS","jobDescription":"SOL","experience":["Nothing"],"project":[]}]

14:22:59.281 [pool-2-thread-4] INFO  com.intuit.karate - karate.env system property was: null 
14:22:59.338 [pool-2-thread-5] DEBUG com.intuit.karate - response time in milliseconds: 86
1 < 200
1 < X-Content-Type-Options: nosniff
1 < X-XSS-Protection: 1; mode=block
1 < Cache-Control: no-cache, no-store, max-age=0, must-revalidate
1 < Pragma: no-cache
1 < Expires: 0
1 < X-Frame-Options: DENY
1 < Content-Type: application/xml
1 < Transfer-Encoding: chunked
1 < Date: Thu, 27 Jun 2024 19:22:58 GMT
1 < Keep-Alive: timeout=60
1 < Connection: keep-alive
<List><item><jobId>1</jobId><jobTitle>Software Engg</jobTitle><jobDescription>To develop andriod application</jobDescription><experience><experience>Google</experience><experience>Apple</experience><experience>Mobile Iron</experience></experience><project><project><projectName>Movie App</projectName><technology><technology>Kotlin</technology><technology>SQL Lite</technology><technology>Gradle</technology></technology></project></project></item><item><jobId>3</jobId><jobTitle>Data Engg</jobTitle><jobDescription>Create machine learning apps</jobDescription><experience><experience>IBM</experience><experience>INTEL</experience></experience><project><project><projectName>SCASE</projectName><technology><technology>Python</technology><technology>R</technology></technology></project></project></item><item><jobId>4</jobId><jobTitle>Software Engg - 2</jobTitle><jobDescription>To develop andriod application and web application</jobDescription><experience><experience>RRD</experience><experience>ApD</experience><experience>MobileIron</experience></experience><project><project><projectName>Eccc</projectName><technology><technology>Selenium</technology><technology>Robot</technology></technology></project></project></item><item><jobId>640</jobId><jobTitle>Data Engg</jobTitle><jobDescription>Create machine learning apps</jobDescription><experience><experience>IBM</experience><experience>INTEL</experience></experience><project><project><projectName>SCASE</projectName><technology><technology>Python</technology><technology>R</technology></technology></project></project></item><item><jobId>430</jobId><jobTitle>QA Tester</jobTitle><jobDescription>To develop andriod application</jobDescription><experience><experience>RRD</experience><experience>ApD</experience><experience>MobileIron</experience></experience><project><project><projectName>Eccc</projectName><technology><technology>Selenium</technology><technology>Robot</technology></technology></project></project></item><item><jobId>3</jobId><jobTitle>Data Engg</jobTitle><jobDescription>Create machine learning apps</jobDescription><experience><experience>IBM</experience><experience>INTEL</experience></experience><project><project><projectName>SCASE</projectName><technology><technology>Python</technology><technology>R</technology></technology></project></project></item><item><jobId>3</jobId><jobTitle>Data Engg</jobTitle><jobDescription>Create machine learning apps</jobDescription><experience><experience>IBM</experience><experience>INTEL</experience></experience><project><project><projectName>SCASE</projectName><technology><technology>Python</technology><technology>R</technology></technology></project></project></item><item><jobId>4</jobId><jobTitle>QA Tester</jobTitle><jobDescription>To develop andriod application</jobDescription><experience><experience>RRD</experience><experience>ApD</experience><experience>MobileIron</experience></experience><project><project><projectName>Eccc</projectName><technology><technology>Selenium</technology><technology>Robot</technology></technology></project></project></item><item><jobId>404</jobId><jobTitle>Data Engg</jobTitle><jobDescription>Create machine learning apps</jobDescription><experience><experience>IBM</experience><experience>INTEL</experience></experience><project><project><projectName>SCASE</projectName><technology><technology>Python</technology><technology>R</technology></technology></project></project></item><item><jobId>412</jobId><jobTitle>QA Tester</jobTitle><jobDescription>To develop andriod application</jobDescription><experience><experience>RRD</experience><experience>ApD</experience><experience>MobileIron</experience></experience><project><project><projectName>Eccc</projectName><technology><technology>Selenium</technology><technology>Robot</technology></technology></project></project></item><item><jobId>3</jobId><jobTitle>Data Engg</jobTitle><jobDescription>Create machine learning apps</jobDescription><experience><experience>IBM</experience><experience>INTEL</experience></experience><project><project><projectName>SCASE</projectName><technology><technology>Python</technology><technology>R</technology></technology></project></project></item><item><jobId>3</jobId><jobTitle>Data Engg</jobTitle><jobDescription>Create machine learning apps</jobDescription><experience><experience>IBM</experience><experience>INTEL</experience></experience><project><project><projectName>SCASE</projectName><technology><technology>Python</technology><technology>R</technology></technology></project></project></item><item><jobId>4</jobId><jobTitle>QA Tester</jobTitle><jobDescription>To develop andriod application</jobDescription><experience><experience>RRD</experience><experience>ApD</experience><experience>MobileIron</experience></experience><project><project><projectName>Eccc</projectName><technology><technology>Selenium</technology><technology>Robot</technology></technology></project></project></item><item><jobId>612</jobId><jobTitle>Data Engg</jobTitle><jobDescription>Create machine learning apps</jobDescription><experience><experience>IBM</experience><experience>INTEL</experience></experience><project><project><projectName>SCASE</projectName><technology><technology>Python</technology><technology>R</technology></technology></project></project></item><item><jobId>124</jobId><jobTitle>QA Tester</jobTitle><jobDescription>To develop andriod application</jobDescription><experience><experience>RRD</experience><experience>ApD</experience><experience>MobileIron</experience></experience><project><project><projectName>Eccc</projectName><technology><technology>Selenium</technology><technology>Robot</technology></technology></project></project></item><item><jobId>3</jobId><jobTitle>Data Engg</jobTitle><jobDescription>Create machine learning apps</jobDescription><experience><experience>IBM</experience><experience>INTEL</experience></experience><project><project><projectName>SCASE</projectName><technology><technology>Python</technology><technology>R</technology></technology></project></project></item><item><jobId>3</jobId><jobTitle>Data Engg</jobTitle><jobDescription>Create machine learning apps</jobDescription><experience><experience>IBM</experience><experience>INTEL</experience></experience><project><project><projectName>SCASE</projectName><technology><technology>Python</technology><technology>R</technology></technology></project></project></item><item><jobId>4</jobId><jobTitle>QA Tester</jobTitle><jobDescription>To develop andriod application</jobDescription><experience><experience>RRD</experience><experience>ApD</experience><experience>MobileIron</experience></experience><project><project><projectName>Eccc</projectName><technology><technology>Selenium</technology><technology>Robot</technology></technology></project></project></item><item><jobId>27</jobId><jobTitle>Data Engg</jobTitle><jobDescription>Create machine learning apps</jobDescription><experience><experience>IBM</experience><experience>INTEL</experience></experience><project><project><projectName>SCASE</projectName><technology><technology>Python</technology><technology>R</technology></technology></project></project></item><item><jobId>276</jobId><jobTitle>QA Tester</jobTitle><jobDescription>To develop andriod application</jobDescription><experience><experience>RRD</experience><experience>ApD</experience><experience>MobileIron</experience></experience><project><project><projectName>Eccc</projectName><technology><technology>Selenium</technology><technology>Robot</technology></technology></project></project></item><item><jobId>3</jobId><jobTitle>Data Engg</jobTitle><jobDescription>Create machine learning apps</jobDescription><experience><experience>IBM</experience><experience>INTEL</experience></experience><project><project><projectName>SCASE</projectName><technology><technology>Python</technology><technology>R</technology></technology></project></project></item><item><jobId>47</jobId><jobTitle>LOS</jobTitle><jobDescription>SOL</jobDescription><experience><experience>Nothing</experience></experience><project/></item><item><jobId>99</jobId><jobTitle>LOS</jobTitle><jobDescription>SOL</jobDescription><experience><experience>Nothing</experience></experience><project/></item><item><jobId>49</jobId><jobTitle>LOS</jobTitle><jobDescription>SOL</jobDescription><experience><experience>Nothing</experience></experience><project/></item><item><jobId>99</jobId><jobTitle>LOS</jobTitle><jobDescription>SOL</jobDescription><experience><experience>Nothing</experience></experience><project/></item><item><jobId>80</jobId><jobTitle>LOS</jobTitle><jobDescription>SOL</jobDescription><experience><experience>Nothing</experience></experience><project/></item><item><jobId>0</jobId><jobTitle>LOS</jobTitle><jobDescription>SOL</jobDescription><experience><experience>Nothing</experience></experience><project/></item><item><jobId>0</jobId><jobTitle>LOS</jobTitle><jobDescription>SOL</jobDescription><experience><experience>Nothing</experience></experience><project/></item><item><jobId>0</jobId><jobTitle>LOS</jobTitle><jobDescription>SOL</jobDescription><experience><experience>Nothing</experience></experience><project/></item><item><jobId>45</jobId><jobTitle>QA Tester</jobTitle><jobDescription>Finding bugs</jobDescription><experience><experience>Nothing</experience></experience><project/></item><item><jobId>64</jobId><jobTitle>QA Tester</jobTitle><jobDescription>Finding bugs</jobDescription><experience><experience>Nothing</experience></experience><project/></item><item><jobId>38</jobId><jobTitle>QA Tester</jobTitle><jobDescription>Finding bugs</jobDescription><experience><experience>Nothing</experience></experience><project/></item><item><jobId>85</jobId><jobTitle>LOS</jobTitle><jobDescription>SOL</jobDescription><experience><experience>Nothing</experience></experience><project/></item><item><jobId>9</jobId><jobTitle>QA Tester</jobTitle><jobDescription>Finding bugs</jobDescription><experience><experience>Nothing</experience></experience><project/></item><item><jobId>85</jobId><jobTitle>LOS</jobTitle><jobDescription>SOL</jobDescription><experience><experience>Nothing</experience></experience><project/></item><item><jobId>36</jobId><jobTitle>LOS</jobTitle><jobDescription>SOL</jobDescription><experience><experience>Nothing</experience></experience><project/></item><item><jobId>41</jobId><jobTitle>QA Tester</jobTitle><jobDescription>Finding bugs</jobDescription><experience><experience>Nothing</experience></experience><project/></item><item><jobId>42</jobId><jobTitle>LOS</jobTitle><jobDescription>SOL</jobDescription><experience><experience>Nothing</experience></experience><project/></item><item><jobId>69</jobId><jobTitle>LOS</jobTitle><jobDescription>SOL</jobDescription><experience><experience>Nothing</experience></experience><project/></item><item><jobId>13</jobId><jobTitle>LOS</jobTitle><jobDescription>SOL</jobDescription><experience><experience>Nothing</experience></experience><project/></item><item><jobId>15</jobId><jobTitle>LOS</jobTitle><jobDescription>To develop andriod application and web application</jobDescription><experience><experience>Nothing</experience></experience><project/></item><item><jobId>19</jobId><jobTitle>LOS</jobTitle><jobDescription>To develop andriod application and web application</jobDescription><experience><experience>Nothing</experience></experience><project/></item><item><jobId>92</jobId><jobTitle>Software Engg - 2</jobTitle><jobDescription>To develop andriod application and web application</jobDescription><experience><experience>Nothing</experience></experience><project/></item><item><jobId>54</jobId><jobTitle>LOS</jobTitle><jobDescription>SOL</jobDescription><experience><experience>Nothing</experience></experience><project/></item><item><jobId>90</jobId><jobTitle>Software Engg - 2</jobTitle><jobDescription>To develop andriod application and web application</jobDescription><experience><experience>Nothing</experience></experience><project/></item><item><jobId>38</jobId><jobTitle>LOS</jobTitle><jobDescription>SOL</jobDescription><experience><experience>Nothing</experience></experience><project/></item><item><jobId>5</jobId><jobTitle>Software Engg - 2</jobTitle><jobDescription>To develop andriod application</jobDescription><experience><experience>Google</experience><experience>Apple</experience><experience>Mobile Iron</experience><experience>Google</experience></experience><project><project><projectName>Movie App</projectName><technology><technology>Kotlin</technology><technology>SQL Lite</technology><technology>Gradle</technology><technology>Jenkins</technology></technology></project></project></item><item><jobId>623</jobId><jobTitle>Data Engg</jobTitle><jobDescription>Create machine learning apps</jobDescription><experience><experience>IBM</experience><experience>INTEL</experience></experience><project><project><projectName>SCASE</projectName><technology><technology>Python</technology><technology>R</technology></technology></project></project></item><item><jobId>3</jobId><jobTitle>Data Engg</jobTitle><jobDescription>Create machine learning apps</jobDescription><experience><experience>IBM</experience><experience>INTEL</experience></experience><project><project><projectName>SCASE</projectName><technology><technology>Python</technology><technology>R</technology></technology></project></project></item><item><jobId>4</jobId><jobTitle>QA Tester</jobTitle><jobDescription>To develop andriod application</jobDescription><experience><experience>RRD</experience><experience>ApD</experience><experience>MobileIron</experience></experience><project><project><projectName>Eccc</projectName><technology><technology>Selenium</technology><technology>Robot</technology></technology></project></project></item><item><jobId>345</jobId><jobTitle>QA Tester</jobTitle><jobDescription>To develop andriod application</jobDescription><experience><experience>RRD</experience><experience>ApD</experience><experience>MobileIron</experience></experience><project><project><projectName>Eccc</projectName><technology><technology>Selenium</technology><technology>Robot</technology></technology></project></project></item><item><jobId>7</jobId><jobTitle>Software Engg</jobTitle><jobDescription>To develop andriod application</jobDescription><experience><experience>Google</experience><experience>Apple</experience><experience>Mobile Iron</experience><experience>Subex</experience></experience><project><project><projectName>Movie App</projectName><technology><technology>Kotlin</technology><technology>SQL Lite</technology><technology>Gradle</technology><technology>Jenkins</technology></technology></project></project></item><item><jobId>7</jobId><jobTitle>Software Engg</jobTitle><jobDescription>To develop andriod application</jobDescription><experience><experience>Google</experience><experience>Apple</experience><experience>Mobile Iron</experience><experience>Subex</experience></experience><project><project><projectName>Movie App</projectName><technology><technology>Kotlin</technology><technology>SQL Lite</technology><technology>Gradle</technology><technology>Jenkins</technology></technology></project></project></item><item><jobId>50</jobId><jobTitle>Software Engg - 2</jobTitle><jobDescription>To develop andriod application</jobDescription><experience><experience>Google</experience><experience>Apple</experience><experience>Mobile Iron</experience><experience>Google</experience></experience><project><project><projectName>Movie App</projectName><technology><technology>Kotlin</technology><technology>SQL Lite</technology><technology>Gradle</technology><technology>Jenkins</technology></technology></project></project></item><item><jobId>43</jobId><jobTitle>Software Engg</jobTitle><jobDescription>To develop andriod application</jobDescription><experience><experience>Google</experience><experience>Apple</experience><experience>Mobile Iron</experience><experience>Subex</experience></experience><project><project><projectName>Movie App</projectName><technology><technology>Kotlin</technology><technology>SQL Lite</technology><technology>Gradle</technology><technology>Jenkins</technology></technology></project></project></item><item><jobId>19</jobId><jobTitle>LOS</jobTitle><jobDescription>SOL</jobDescription><experience><experience>Nothing</experience></experience><project/></item><item><jobId>7</jobId><jobTitle>LOS</jobTitle><jobDescription>SOL</jobDescription><experience><experience>Nothing</experience></experience><project/></item><item><jobId>3</jobId><jobTitle>Data Engg</jobTitle><jobDescription>Create machine learning apps</jobDescription><experience><experience>IBM</experience><experience>INTEL</experience></experience><project><project><projectName>SCASE</projectName><technology><technology>Python</technology><technology>R</technology></technology></project></project></item><item><jobId>5</jobId><jobTitle>Software Engg - 2</jobTitle><jobDescription>To develop andriod application</jobDescription><experience><experience>Google</experience><experience>Apple</experience><experience>Mobile Iron</experience><experience>Google</experience></experience><project><project><projectName>Movie App</projectName><technology><technology>Kotlin</technology><technology>SQL Lite</technology><technology>Gradle</technology><technology>Jenkins</technology></technology></project></project></item><item><jobId>4</jobId><jobTitle>QA Tester</jobTitle><jobDescription>To develop andriod application</jobDescription><experience><experience>RRD</experience><experience>ApD</experience><experience>MobileIron</experience></experience><project><project><projectName>Eccc</projectName><technology><technology>Selenium</technology><technology>Robot</technology></technology></project></project></item><item><jobId>135</jobId><jobTitle>Data Engg</jobTitle><jobDescription>Create machine learning apps</jobDescription><experience><experience>IBM</experience><experience>INTEL</experience></experience><project><project><projectName>SCASE</projectName><technology><technology>Python</technology><technology>R</technology></technology></project></project></item><item><jobId>647</jobId><jobTitle>QA Tester</jobTitle><jobDescription>To develop andriod application</jobDescription><experience><experience>RRD</experience><experience>ApD</experience><experience>MobileIron</experience></experience><project><project><projectName>Eccc</projectName><technology><technology>Selenium</technology><technology>Robot</technology></technology></project></project></item><item><jobId>7</jobId><jobTitle>Software Engg</jobTitle><jobDescription>To develop andriod application</jobDescription><experience><experience>Google</experience><experience>Apple</experience><experience>Mobile Iron</experience><experience>Subex</experience></experience><project><project><projectName>Movie App</projectName><technology><technology>Kotlin</technology><technology>SQL Lite</technology><technology>Gradle</technology><technology>Jenkins</technology></technology></project></project></item><item><jobId>7</jobId><jobTitle>Software Engg</jobTitle><jobDescription>To develop andriod application</jobDescription><experience><experience>Google</experience><experience>Apple</experience><experience>Mobile Iron</experience><experience>Subex</experience></experience><project><project><projectName>Movie App</projectName><technology><technology>Kotlin</technology><technology>SQL Lite</technology><technology>Gradle</technology><technology>Jenkins</technology></technology></project></project></item><item><jobId>36</jobId><jobTitle>Software Engg - 2</jobTitle><jobDescription>To develop andriod application</jobDescription><experience><experience>Google</experience><experience>Apple</experience><experience>Mobile Iron</experience><experience>Google</experience></experience><project><project><projectName>Movie App</projectName><technology><technology>Kotlin</technology><technology>SQL Lite</technology><technology>Gradle</technology><technology>Jenkins</technology></technology></project></project></item><item><jobId>6</jobId><jobTitle>Software Engg</jobTitle><jobDescription>To develop andriod application</jobDescription><experience><experience>Google</experience><experience>Apple</experience><experience>Mobile Iron</experience><experience>Subex</experience></experience><project><project><projectName>Movie App</projectName><technology><technology>Kotlin</technology><technology>SQL Lite</technology><technology>Gradle</technology><technology>Jenkins</technology></technology></project></project></item><item><jobId>40</jobId><jobTitle>LOS</jobTitle><jobDescription>SOL</jobDescription><experience><experience>Nothing</experience></experience><project/></item><item><jobId>59</jobId><jobTitle>LOS</jobTitle><jobDescription>SOL</jobDescription><experience><experience>Nothing</experience></experience><project/></item><item><jobId>80</jobId><jobTitle>LOS</jobTitle><jobDescription>SOL</jobDescription><experience><experience>Nothing</experience></experience><project/></item><item><jobId>4</jobId><jobTitle>LOS</jobTitle><jobDescription>SOL</jobDescription><experience><experience>Nothing</experience></experience><project/></item><item><jobId>33</jobId><jobTitle>LOS</jobTitle><jobDescription>SOL</jobDescription><experience><experience>Nothing</experience></experience><project/></item><item><jobId>70</jobId><jobTitle>Software Engg - 2</jobTitle><jobDescription>To develop andriod application and web application</jobDescription><experience><experience>Nothing</experience></experience><project/></item><item><jobId>40</jobId><jobTitle>LOS</jobTitle><jobDescription>SOL</jobDescription><experience><experience>Nothing</experience></experience><project/></item><item><jobId>32</jobId><jobTitle>LOS</jobTitle><jobDescription>SOL</jobDescription><experience><experience>Nothing</experience></experience><project/></item><item><jobId>370</jobId><jobTitle>IOS</jobTitle><jobDescription>APPLE</jobDescription><experience><experience>Nothing</experience></experience><project/></item><item><jobId>676</jobId><jobTitle>IOS</jobTitle><jobDescription>APPLE</jobDescription><experience><experience>Nothing</experience></experience><project/></item><item><jobId>704</jobId><jobTitle>IOS</jobTitle><jobDescription>APPLE</jobDescription><experience><experience>Nothing</experience></experience><project/></item><item><jobId>9980</jobId><jobTitle>Data Analyst</jobTitle><jobDescription>Develop machine learning models</jobDescription><experience><experience>Nothing</experience></experience><project/></item><item><jobId>9980</jobId><jobTitle>Data Analyst</jobTitle><jobDescription>Develop machine learning models</jobDescription><experience><experience>Nothing</experience></experience><project/></item><item><jobId>3</jobId><jobTitle>Data Engg</jobTitle><jobDescription>Create machine learning apps</jobDescription><experience><experience>IBM</experience><experience>INTEL</experience></experience><project><project><projectName>SCASE</projectName><technology><technology>Python</technology><technology>R</technology></technology></project></project></item><item><jobId>4</jobId><jobTitle>QA Tester</jobTitle><jobDescription>To develop andriod application</jobDescription><experience><experience>RRD</experience><experience>ApD</experience><experience>MobileIron</experience></experience><project><project><projectName>Eccc</projectName><technology><technology>Selenium</technology><technology>Robot</technology></technology></project></project></item><item><jobId>82</jobId><jobTitle>Data Engg</jobTitle><jobDescription>Create machine learning apps</jobDescription><experience><experience>IBM</experience><experience>INTEL</experience></experience><project><project><projectName>SCASE</projectName><technology><technology>Python</technology><technology>R</technology></technology></project></project></item><item><jobId>291</jobId><jobTitle>QA Tester</jobTitle><jobDescription>To develop andriod application</jobDescription><experience><experience>RRD</experience><experience>ApD</experience><experience>MobileIron</experience></experience><project><project><projectName>Eccc</projectName><technology><technology>Selenium</technology><technology>Robot</technology></technology></project></project></item><item><jobId>3</jobId><jobTitle>Data Engg</jobTitle><jobDescription>Create machine learning apps</jobDescription><experience><experience>IBM</experience><experience>INTEL</experience></experience><project><project><projectName>SCASE</projectName><technology><technology>Python</technology><technology>R</technology></technology></project></project></item><item><jobId>3</jobId><jobTitle>Data Engg</jobTitle><jobDescription>Create machine learning apps</jobDescription><experience><experience>IBM</experience><experience>INTEL</experience></experience><project><project><projectName>SCASE</projectName><technology><technology>Python</technology><technology>R</technology></technology></project></project></item><item><jobId>251</jobId><jobTitle>LOS</jobTitle><jobDescription>SOL</jobDescription><experience><experience>Nothing</experience></experience><project/></item><item><jobId>19</jobId><jobTitle>LOS</jobTitle><jobDescription>SOL</jobDescription><experience><experience>Nothing</experience></experience><project/></item></List>

14:22:59.286 [pool-2-thread-1] INFO  com.intuit.karate - [print] [
  {
    "jobId": 1,
    "jobTitle": "Software Engg",
    "jobDescription": "To develop andriod application",
    "experience": [
      "Google",
      "Apple",
      "Mobile Iron"
    ],
    "project": [
      {
        "projectName": "Movie App",
        "technology": [
          "Kotlin",
          "SQL Lite",
          "Gradle"
        ]
      }
    ]
  },
  {
    "jobId": 3,
    "jobTitle": "Data Engg",
    "jobDescription": "Create machine learning apps",
    "experience": [
      "IBM",
      "INTEL"
    ],
    "project": [
      {
        "projectName": "SCASE",
        "technology": [
          "Python",
          "R"
        ]
      }
    ]
  },
  {
    "jobId": 4,
    "jobTitle": "Software Engg - 2",
    "jobDescription": "To develop andriod application and web application",
    "experience": [
      "RRD",
      "ApD",
      "MobileIron"
    ],
    "project": [
      {
        "projectName": "Eccc",
        "technology": [
          "Selenium",
          "Robot"
        ]
      }
    ]
  },
  {
    "jobId": 640,
    "jobTitle": "Data Engg",
    "jobDescription": "Create machine learning apps",
    "experience": [
      "IBM",
      "INTEL"
    ],
    "project": [
      {
        "projectName": "SCASE",
        "technology": [
          "Python",
          "R"
        ]
      }
    ]
  },
  {
    "jobId": 430,
    "jobTitle": "QA Tester",
    "jobDescription": "To develop andriod application",
    "experience": [
      "RRD",
      "ApD",
      "MobileIron"
    ],
    "project": [
      {
        "projectName": "Eccc",
        "technology": [
          "Selenium",
          "Robot"
        ]
      }
    ]
  },
  {
    "jobId": 3,
    "jobTitle": "Data Engg",
    "jobDescription": "Create machine learning apps",
    "experience": [
      "IBM",
      "INTEL"
    ],
    "project": [
      {
        "projectName": "SCASE",
        "technology": [
          "Python",
          "R"
        ]
      }
    ]
  },
  {
    "jobId": 3,
    "jobTitle": "Data Engg",
    "jobDescription": "Create machine learning apps",
    "experience": [
      "IBM",
      "INTEL"
    ],
    "project": [
      {
        "projectName": "SCASE",
        "technology": [
          "Python",
          "R"
        ]
      }
    ]
  },
  {
    "jobId": 4,
    "jobTitle": "QA Tester",
    "jobDescription": "To develop andriod application",
    "experience": [
      "RRD",
      "ApD",
      "MobileIron"
    ],
    "project": [
      {
        "projectName": "Eccc",
        "technology": [
          "Selenium",
          "Robot"
        ]
      }
    ]
  },
  {
    "jobId": 404,
    "jobTitle": "Data Engg",
    "jobDescription": "Create machine learning apps",
    "experience": [
      "IBM",
      "INTEL"
    ],
    "project": [
      {
        "projectName": "SCASE",
        "technology": [
          "Python",
          "R"
        ]
      }
    ]
  },
  {
    "jobId": 412,
    "jobTitle": "QA Tester",
    "jobDescription": "To develop andriod application",
    "experience": [
      "RRD",
      "ApD",
      "MobileIron"
    ],
    "project": [
      {
        "projectName": "Eccc",
        "technology": [
          "Selenium",
          "Robot"
        ]
      }
    ]
  },
  {
    "jobId": 3,
    "jobTitle": "Data Engg",
    "jobDescription": "Create machine learning apps",
    "experience": [
      "IBM",
      "INTEL"
    ],
    "project": [
      {
        "projectName": "SCASE",
        "technology": [
          "Python",
          "R"
        ]
      }
    ]
  },
  {
    "jobId": 3,
    "jobTitle": "Data Engg",
    "jobDescription": "Create machine learning apps",
    "experience": [
      "IBM",
      "INTEL"
    ],
    "project": [
      {
        "projectName": "SCASE",
        "technology": [
          "Python",
          "R"
        ]
      }
    ]
  },
  {
    "jobId": 4,
    "jobTitle": "QA Tester",
    "jobDescription": "To develop andriod application",
    "experience": [
      "RRD",
      "ApD",
      "MobileIron"
    ],
    "project": [
      {
        "projectName": "Eccc",
        "technology": [
          "Selenium",
          "Robot"
        ]
      }
    ]
  },
  {
    "jobId": 612,
    "jobTitle": "Data Engg",
    "jobDescription": "Create machine learning apps",
    "experience": [
      "IBM",
      "INTEL"
    ],
    "project": [
      {
        "projectName": "SCASE",
        "technology": [
          "Python",
          "R"
        ]
      }
    ]
  },
  {
    "jobId": 124,
    "jobTitle": "QA Tester",
    "jobDescription": "To develop andriod application",
    "experience": [
      "RRD",
      "ApD",
      "MobileIron"
    ],
    "project": [
      {
        "projectName": "Eccc",
        "technology": [
          "Selenium",
          "Robot"
        ]
      }
    ]
  },
  {
    "jobId": 3,
    "jobTitle": "Data Engg",
    "jobDescription": "Create machine learning apps",
    "experience": [
      "IBM",
      "INTEL"
    ],
    "project": [
      {
        "projectName": "SCASE",
        "technology": [
          "Python",
          "R"
        ]
      }
    ]
  },
  {
    "jobId": 3,
    "jobTitle": "Data Engg",
    "jobDescription": "Create machine learning apps",
    "experience": [
      "IBM",
      "INTEL"
    ],
    "project": [
      {
        "projectName": "SCASE",
        "technology": [
          "Python",
          "R"
        ]
      }
    ]
  },
  {
    "jobId": 4,
    "jobTitle": "QA Tester",
    "jobDescription": "To develop andriod application",
    "experience": [
      "RRD",
      "ApD",
      "MobileIron"
    ],
    "project": [
      {
        "projectName": "Eccc",
        "technology": [
          "Selenium",
          "Robot"
        ]
      }
    ]
  },
  {
    "jobId": 27,
    "jobTitle": "Data Engg",
    "jobDescription": "Create machine learning apps",
    "experience": [
      "IBM",
      "INTEL"
    ],
    "project": [
      {
        "projectName": "SCASE",
        "technology": [
          "Python",
          "R"
        ]
      }
    ]
  },
  {
    "jobId": 276,
    "jobTitle": "QA Tester",
    "jobDescription": "To develop andriod application",
    "experience": [
      "RRD",
      "ApD",
      "MobileIron"
    ],
    "project": [
      {
        "projectName": "Eccc",
        "technology": [
          "Selenium",
          "Robot"
        ]
      }
    ]
  },
  {
    "jobId": 3,
    "jobTitle": "Data Engg",
    "jobDescription": "Create machine learning apps",
    "experience": [
      "IBM",
      "INTEL"
    ],
    "project": [
      {
        "projectName": "SCASE",
        "technology": [
          "Python",
          "R"
        ]
      }
    ]
  },
  {
    "jobId": 47,
    "jobTitle": "LOS",
    "jobDescription": "SOL",
    "experience": [
      "Nothing"
    ],
    "project": [
    ]
  },
  {
    "jobId": 99,
    "jobTitle": "LOS",
    "jobDescription": "SOL",
    "experience": [
      "Nothing"
    ],
    "project": [
    ]
  },
  {
    "jobId": 49,
    "jobTitle": "LOS",
    "jobDescription": "SOL",
    "experience": [
      "Nothing"
    ],
    "project": [
    ]
  },
  {
    "jobId": 99,
    "jobTitle": "LOS",
    "jobDescription": "SOL",
    "experience": [
      "Nothing"
    ],
    "project": [
    ]
  },
  {
    "jobId": 80,
    "jobTitle": "LOS",
    "jobDescription": "SOL",
    "experience": [
      "Nothing"
    ],
    "project": [
    ]
  },
  {
    "jobId": 0,
    "jobTitle": "LOS",
    "jobDescription": "SOL",
    "experience": [
      "Nothing"
    ],
    "project": [
    ]
  },
  {
    "jobId": 0,
    "jobTitle": "LOS",
    "jobDescription": "SOL",
    "experience": [
      "Nothing"
    ],
    "project": [
    ]
  },
  {
    "jobId": 0,
    "jobTitle": "LOS",
    "jobDescription": "SOL",
    "experience": [
      "Nothing"
    ],
    "project": [
    ]
  },
  {
    "jobId": 45,
    "jobTitle": "QA Tester",
    "jobDescription": "Finding bugs",
    "experience": [
      "Nothing"
    ],
    "project": [
    ]
  },
  {
    "jobId": 64,
    "jobTitle": "QA Tester",
    "jobDescription": "Finding bugs",
    "experience": [
      "Nothing"
    ],
    "project": [
    ]
  },
  {
    "jobId": 38,
    "jobTitle": "QA Tester",
    "jobDescription": "Finding bugs",
    "experience": [
      "Nothing"
    ],
    "project": [
    ]
  },
  {
    "jobId": 85,
    "jobTitle": "LOS",
    "jobDescription": "SOL",
    "experience": [
      "Nothing"
    ],
    "project": [
    ]
  },
  {
    "jobId": 9,
    "jobTitle": "QA Tester",
    "jobDescription": "Finding bugs",
    "experience": [
      "Nothing"
    ],
    "project": [
    ]
  },
  {
    "jobId": 85,
    "jobTitle": "LOS",
    "jobDescription": "SOL",
    "experience": [
      "Nothing"
    ],
    "project": [
    ]
  },
  {
    "jobId": 36,
    "jobTitle": "LOS",
    "jobDescription": "SOL",
    "experience": [
      "Nothing"
    ],
    "project": [
    ]
  },
  {
    "jobId": 41,
    "jobTitle": "QA Tester",
    "jobDescription": "Finding bugs",
    "experience": [
      "Nothing"
    ],
    "project": [
    ]
  },
  {
    "jobId": 42,
    "jobTitle": "LOS",
    "jobDescription": "SOL",
    "experience": [
      "Nothing"
    ],
    "project": [
    ]
  },
  {
    "jobId": 69,
    "jobTitle": "LOS",
    "jobDescription": "SOL",
    "experience": [
      "Nothing"
    ],
    "project": [
    ]
  },
  {
    "jobId": 13,
    "jobTitle": "LOS",
    "jobDescription": "SOL",
    "experience": [
      "Nothing"
    ],
    "project": [
    ]
  },
  {
    "jobId": 15,
    "jobTitle": "LOS",
    "jobDescription": "To develop andriod application and web application",
    "experience": [
      "Nothing"
    ],
    "project": [
    ]
  },
  {
    "jobId": 19,
    "jobTitle": "LOS",
    "jobDescription": "To develop andriod application and web application",
    "experience": [
      "Nothing"
    ],
    "project": [
    ]
  },
  {
    "jobId": 92,
    "jobTitle": "Software Engg - 2",
    "jobDescription": "To develop andriod application and web application",
    "experience": [
      "Nothing"
    ],
    "project": [
    ]
  },
  {
    "jobId": 54,
    "jobTitle": "LOS",
    "jobDescription": "SOL",
    "experience": [
      "Nothing"
    ],
    "project": [
    ]
  },
  {
    "jobId": 90,
    "jobTitle": "Software Engg - 2",
    "jobDescription": "To develop andriod application and web application",
    "experience": [
      "Nothing"
    ],
    "project": [
    ]
  },
  {
    "jobId": 38,
    "jobTitle": "LOS",
    "jobDescription": "SOL",
    "experience": [
      "Nothing"
    ],
    "project": [
    ]
  },
  {
    "jobId": 5,
    "jobTitle": "Software Engg - 2",
    "jobDescription": "To develop andriod application",
    "experience": [
      "Google",
      "Apple",
      "Mobile Iron",
      "Google"
    ],
    "project": [
      {
        "projectName": "Movie App",
        "technology": [
          "Kotlin",
          "SQL Lite",
          "Gradle",
          "Jenkins"
        ]
      }
    ]
  },
  {
    "jobId": 623,
    "jobTitle": "Data Engg",
    "jobDescription": "Create machine learning apps",
    "experience": [
      "IBM",
      "INTEL"
    ],
    "project": [
      {
        "projectName": "SCASE",
        "technology": [
          "Python",
          "R"
        ]
      }
    ]
  },
  {
    "jobId": 3,
    "jobTitle": "Data Engg",
    "jobDescription": "Create machine learning apps",
    "experience": [
      "IBM",
      "INTEL"
    ],
    "project": [
      {
        "projectName": "SCASE",
        "technology": [
          "Python",
          "R"
        ]
      }
    ]
  },
  {
    "jobId": 4,
    "jobTitle": "QA Tester",
    "jobDescription": "To develop andriod application",
    "experience": [
      "RRD",
      "ApD",
      "MobileIron"
    ],
    "project": [
      {
        "projectName": "Eccc",
        "technology": [
          "Selenium",
          "Robot"
        ]
      }
    ]
  },
  {
    "jobId": 345,
    "jobTitle": "QA Tester",
    "jobDescription": "To develop andriod application",
    "experience": [
      "RRD",
      "ApD",
      "MobileIron"
    ],
    "project": [
      {
        "projectName": "Eccc",
        "technology": [
          "Selenium",
          "Robot"
        ]
      }
    ]
  },
  {
    "jobId": 7,
    "jobTitle": "Software Engg",
    "jobDescription": "To develop andriod application",
    "experience": [
      "Google",
      "Apple",
      "Mobile Iron",
      "Subex"
    ],
    "project": [
      {
        "projectName": "Movie App",
        "technology": [
          "Kotlin",
          "SQL Lite",
          "Gradle",
          "Jenkins"
        ]
      }
    ]
  },
  {
    "jobId": 7,
    "jobTitle": "Software Engg",
    "jobDescription": "To develop andriod application",
    "experience": [
      "Google",
      "Apple",
      "Mobile Iron",
      "Subex"
    ],
    "project": [
      {
        "projectName": "Movie App",
        "technology": [
          "Kotlin",
          "SQL Lite",
          "Gradle",
          "Jenkins"
        ]
      }
    ]
  },
  {
    "jobId": 50,
    "jobTitle": "Software Engg - 2",
    "jobDescription": "To develop andriod application",
    "experience": [
      "Google",
      "Apple",
      "Mobile Iron",
      "Google"
    ],
    "project": [
      {
        "projectName": "Movie App",
        "technology": [
          "Kotlin",
          "SQL Lite",
          "Gradle",
          "Jenkins"
        ]
      }
    ]
  },
  {
    "jobId": 43,
    "jobTitle": "Software Engg",
    "jobDescription": "To develop andriod application",
    "experience": [
      "Google",
      "Apple",
      "Mobile Iron",
      "Subex"
    ],
    "project": [
      {
        "projectName": "Movie App",
        "technology": [
          "Kotlin",
          "SQL Lite",
          "Gradle",
          "Jenkins"
        ]
      }
    ]
  },
  {
    "jobId": 19,
    "jobTitle": "LOS",
    "jobDescription": "SOL",
    "experience": [
      "Nothing"
    ],
    "project": [
    ]
  },
  {
    "jobId": 7,
    "jobTitle": "LOS",
    "jobDescription": "SOL",
    "experience": [
      "Nothing"
    ],
    "project": [
    ]
  },
  {
    "jobId": 3,
    "jobTitle": "Data Engg",
    "jobDescription": "Create machine learning apps",
    "experience": [
      "IBM",
      "INTEL"
    ],
    "project": [
      {
        "projectName": "SCASE",
        "technology": [
          "Python",
          "R"
        ]
      }
    ]
  },
  {
    "jobId": 5,
    "jobTitle": "Software Engg - 2",
    "jobDescription": "To develop andriod application",
    "experience": [
      "Google",
      "Apple",
      "Mobile Iron",
      "Google"
    ],
    "project": [
      {
        "projectName": "Movie App",
        "technology": [
          "Kotlin",
          "SQL Lite",
          "Gradle",
          "Jenkins"
        ]
      }
    ]
  },
  {
    "jobId": 4,
    "jobTitle": "QA Tester",
    "jobDescription": "To develop andriod application",
    "experience": [
      "RRD",
      "ApD",
      "MobileIron"
    ],
    "project": [
      {
        "projectName": "Eccc",
        "technology": [
          "Selenium",
          "Robot"
        ]
      }
    ]
  },
  {
    "jobId": 135,
    "jobTitle": "Data Engg",
    "jobDescription": "Create machine learning apps",
    "experience": [
      "IBM",
      "INTEL"
    ],
    "project": [
      {
        "projectName": "SCASE",
        "technology": [
          "Python",
          "R"
        ]
      }
    ]
  },
  {
    "jobId": 647,
    "jobTitle": "QA Tester",
    "jobDescription": "To develop andriod application",
    "experience": [
      "RRD",
      "ApD",
      "MobileIron"
    ],
    "project": [
      {
        "projectName": "Eccc",
        "technology": [
          "Selenium",
          "Robot"
        ]
      }
    ]
  },
  {
    "jobId": 7,
    "jobTitle": "Software Engg",
    "jobDescription": "To develop andriod application",
    "experience": [
      "Google",
      "Apple",
      "Mobile Iron",
      "Subex"
    ],
    "project": [
      {
        "projectName": "Movie App",
        "technology": [
          "Kotlin",
          "SQL Lite",
          "Gradle",
          "Jenkins"
        ]
      }
    ]
  },
  {
    "jobId": 7,
    "jobTitle": "Software Engg",
    "jobDescription": "To develop andriod application",
    "experience": [
      "Google",
      "Apple",
      "Mobile Iron",
      "Subex"
    ],
    "project": [
      {
        "projectName": "Movie App",
        "technology": [
          "Kotlin",
          "SQL Lite",
          "Gradle",
          "Jenkins"
        ]
      }
    ]
  },
  {
    "jobId": 36,
    "jobTitle": "Software Engg - 2",
    "jobDescription": "To develop andriod application",
    "experience": [
      "Google",
      "Apple",
      "Mobile Iron",
      "Google"
    ],
    "project": [
      {
        "projectName": "Movie App",
        "technology": [
          "Kotlin",
          "SQL Lite",
          "Gradle",
          "Jenkins"
        ]
      }
    ]
  },
  {
    "jobId": 6,
    "jobTitle": "Software Engg",
    "jobDescription": "To develop andriod application",
    "experience": [
      "Google",
      "Apple",
      "Mobile Iron",
      "Subex"
    ],
    "project": [
      {
        "projectName": "Movie App",
        "technology": [
          "Kotlin",
          "SQL Lite",
          "Gradle",
          "Jenkins"
        ]
      }
    ]
  },
  {
    "jobId": 40,
    "jobTitle": "LOS",
    "jobDescription": "SOL",
    "experience": [
      "Nothing"
    ],
    "project": [
    ]
  },
  {
    "jobId": 59,
    "jobTitle": "LOS",
    "jobDescription": "SOL",
    "experience": [
      "Nothing"
    ],
    "project": [
    ]
  },
  {
    "jobId": 80,
    "jobTitle": "LOS",
    "jobDescription": "SOL",
    "experience": [
      "Nothing"
    ],
    "project": [
    ]
  },
  {
    "jobId": 4,
    "jobTitle": "LOS",
    "jobDescription": "SOL",
    "experience": [
      "Nothing"
    ],
    "project": [
    ]
  },
  {
    "jobId": 33,
    "jobTitle": "LOS",
    "jobDescription": "SOL",
    "experience": [
      "Nothing"
    ],
    "project": [
    ]
  },
  {
    "jobId": 70,
    "jobTitle": "Software Engg - 2",
    "jobDescription": "To develop andriod application and web application",
    "experience": [
      "Nothing"
    ],
    "project": [
    ]
  },
  {
    "jobId": 40,
    "jobTitle": "LOS",
    "jobDescription": "SOL",
    "experience": [
      "Nothing"
    ],
    "project": [
    ]
  },
  {
    "jobId": 32,
    "jobTitle": "LOS",
    "jobDescription": "SOL",
    "experience": [
      "Nothing"
    ],
    "project": [
    ]
  },
  {
    "jobId": 370,
    "jobTitle": "IOS",
    "jobDescription": "APPLE",
    "experience": [
      "Nothing"
    ],
    "project": [
    ]
  },
  {
    "jobId": 676,
    "jobTitle": "IOS",
    "jobDescription": "APPLE",
    "experience": [
      "Nothing"
    ],
    "project": [
    ]
  },
  {
    "jobId": 704,
    "jobTitle": "IOS",
    "jobDescription": "APPLE",
    "experience": [
      "Nothing"
    ],
    "project": [
    ]
  },
  {
    "jobId": 9980,
    "jobTitle": "Data Analyst",
    "jobDescription": "Develop machine learning models",
    "experience": [
      "Nothing"
    ],
    "project": [
    ]
  },
  {
    "jobId": 9980,
    "jobTitle": "Data Analyst",
    "jobDescription": "Develop machine learning models",
    "experience": [
      "Nothing"
    ],
    "project": [
    ]
  },
  {
    "jobId": 3,
    "jobTitle": "Data Engg",
    "jobDescription": "Create machine learning apps",
    "experience": [
      "IBM",
      "INTEL"
    ],
    "project": [
      {
        "projectName": "SCASE",
        "technology": [
          "Python",
          "R"
        ]
      }
    ]
  },
  {
    "jobId": 4,
    "jobTitle": "QA Tester",
    "jobDescription": "To develop andriod application",
    "experience": [
      "RRD",
      "ApD",
      "MobileIron"
    ],
    "project": [
      {
        "projectName": "Eccc",
        "technology": [
          "Selenium",
          "Robot"
        ]
      }
    ]
  },
  {
    "jobId": 82,
    "jobTitle": "Data Engg",
    "jobDescription": "Create machine learning apps",
    "experience": [
      "IBM",
      "INTEL"
    ],
    "project": [
      {
        "projectName": "SCASE",
        "technology": [
          "Python",
          "R"
        ]
      }
    ]
  },
  {
    "jobId": 291,
    "jobTitle": "QA Tester",
    "jobDescription": "To develop andriod application",
    "experience": [
      "RRD",
      "ApD",
      "MobileIron"
    ],
    "project": [
      {
        "projectName": "Eccc",
        "technology": [
          "Selenium",
          "Robot"
        ]
      }
    ]
  },
  {
    "jobId": 3,
    "jobTitle": "Data Engg",
    "jobDescription": "Create machine learning apps",
    "experience": [
      "IBM",
      "INTEL"
    ],
    "project": [
      {
        "projectName": "SCASE",
        "technology": [
          "Python",
          "R"
        ]
      }
    ]
  },
  {
    "jobId": 3,
    "jobTitle": "Data Engg",
    "jobDescription": "Create machine learning apps",
    "experience": [
      "IBM",
      "INTEL"
    ],
    "project": [
      {
        "projectName": "SCASE",
        "technology": [
          "Python",
          "R"
        ]
      }
    ]
  },
  {
    "jobId": 251,
    "jobTitle": "LOS",
    "jobDescription": "SOL",
    "experience": [
      "Nothing"
    ],
    "project": [
    ]
  },
  {
    "jobId": 19,
    "jobTitle": "LOS",
    "jobDescription": "SOL",
    "experience": [
      "Nothing"
    ],
    "project": [
    ]
  }
]
 
14:22:59.286 [pool-2-thread-2] INFO  com.intuit.karate - [print] [
  {
    "jobId": 1,
    "jobTitle": "Software Engg",
    "jobDescription": "To develop andriod application",
    "experience": [
      "Google",
      "Apple",
      "Mobile Iron"
    ],
    "project": [
      {
        "projectName": "Movie App",
        "technology": [
          "Kotlin",
          "SQL Lite",
          "Gradle"
        ]
      }
    ]
  },
  {
    "jobId": 3,
    "jobTitle": "Data Engg",
    "jobDescription": "Create machine learning apps",
    "experience": [
      "IBM",
      "INTEL"
    ],
    "project": [
      {
        "projectName": "SCASE",
        "technology": [
          "Python",
          "R"
        ]
      }
    ]
  },
  {
    "jobId": 4,
    "jobTitle": "Software Engg - 2",
    "jobDescription": "To develop andriod application and web application",
    "experience": [
      "RRD",
      "ApD",
      "MobileIron"
    ],
    "project": [
      {
        "projectName": "Eccc",
        "technology": [
          "Selenium",
          "Robot"
        ]
      }
    ]
  },
  {
    "jobId": 640,
    "jobTitle": "Data Engg",
    "jobDescription": "Create machine learning apps",
    "experience": [
      "IBM",
      "INTEL"
    ],
    "project": [
      {
        "projectName": "SCASE",
        "technology": [
          "Python",
          "R"
        ]
      }
    ]
  },
  {
    "jobId": 430,
    "jobTitle": "QA Tester",
    "jobDescription": "To develop andriod application",
    "experience": [
      "RRD",
      "ApD",
      "MobileIron"
    ],
    "project": [
      {
        "projectName": "Eccc",
        "technology": [
          "Selenium",
          "Robot"
        ]
      }
    ]
  },
  {
    "jobId": 3,
    "jobTitle": "Data Engg",
    "jobDescription": "Create machine learning apps",
    "experience": [
      "IBM",
      "INTEL"
    ],
    "project": [
      {
        "projectName": "SCASE",
        "technology": [
          "Python",
          "R"
        ]
      }
    ]
  },
  {
    "jobId": 3,
    "jobTitle": "Data Engg",
    "jobDescription": "Create machine learning apps",
    "experience": [
      "IBM",
      "INTEL"
    ],
    "project": [
      {
        "projectName": "SCASE",
        "technology": [
          "Python",
          "R"
        ]
      }
    ]
  },
  {
    "jobId": 4,
    "jobTitle": "QA Tester",
    "jobDescription": "To develop andriod application",
    "experience": [
      "RRD",
      "ApD",
      "MobileIron"
    ],
    "project": [
      {
        "projectName": "Eccc",
        "technology": [
          "Selenium",
          "Robot"
        ]
      }
    ]
  },
  {
    "jobId": 404,
    "jobTitle": "Data Engg",
    "jobDescription": "Create machine learning apps",
    "experience": [
      "IBM",
      "INTEL"
    ],
    "project": [
      {
        "projectName": "SCASE",
        "technology": [
          "Python",
          "R"
        ]
      }
    ]
  },
  {
    "jobId": 412,
    "jobTitle": "QA Tester",
    "jobDescription": "To develop andriod application",
    "experience": [
      "RRD",
      "ApD",
      "MobileIron"
    ],
    "project": [
      {
        "projectName": "Eccc",
        "technology": [
          "Selenium",
          "Robot"
        ]
      }
    ]
  },
  {
    "jobId": 3,
    "jobTitle": "Data Engg",
    "jobDescription": "Create machine learning apps",
    "experience": [
      "IBM",
      "INTEL"
    ],
    "project": [
      {
        "projectName": "SCASE",
        "technology": [
          "Python",
          "R"
        ]
      }
    ]
  },
  {
    "jobId": 3,
    "jobTitle": "Data Engg",
    "jobDescription": "Create machine learning apps",
    "experience": [
      "IBM",
      "INTEL"
    ],
    "project": [
      {
        "projectName": "SCASE",
        "technology": [
          "Python",
          "R"
        ]
      }
    ]
  },
  {
    "jobId": 4,
    "jobTitle": "QA Tester",
    "jobDescription": "To develop andriod application",
    "experience": [
      "RRD",
      "ApD",
      "MobileIron"
    ],
    "project": [
      {
        "projectName": "Eccc",
        "technology": [
          "Selenium",
          "Robot"
        ]
      }
    ]
  },
  {
    "jobId": 612,
    "jobTitle": "Data Engg",
    "jobDescription": "Create machine learning apps",
    "experience": [
      "IBM",
      "INTEL"
    ],
    "project": [
      {
        "projectName": "SCASE",
        "technology": [
          "Python",
          "R"
        ]
      }
    ]
  },
  {
    "jobId": 124,
    "jobTitle": "QA Tester",
    "jobDescription": "To develop andriod application",
    "experience": [
      "RRD",
      "ApD",
      "MobileIron"
    ],
    "project": [
      {
        "projectName": "Eccc",
        "technology": [
          "Selenium",
          "Robot"
        ]
      }
    ]
  },
  {
    "jobId": 3,
    "jobTitle": "Data Engg",
    "jobDescription": "Create machine learning apps",
    "experience": [
      "IBM",
      "INTEL"
    ],
    "project": [
      {
        "projectName": "SCASE",
        "technology": [
          "Python",
          "R"
        ]
      }
    ]
  },
  {
    "jobId": 3,
    "jobTitle": "Data Engg",
    "jobDescription": "Create machine learning apps",
    "experience": [
      "IBM",
      "INTEL"
    ],
    "project": [
      {
        "projectName": "SCASE",
        "technology": [
          "Python",
          "R"
        ]
      }
    ]
  },
  {
    "jobId": 4,
    "jobTitle": "QA Tester",
    "jobDescription": "To develop andriod application",
    "experience": [
      "RRD",
      "ApD",
      "MobileIron"
    ],
    "project": [
      {
        "projectName": "Eccc",
        "technology": [
          "Selenium",
          "Robot"
        ]
      }
    ]
  },
  {
    "jobId": 27,
    "jobTitle": "Data Engg",
    "jobDescription": "Create machine learning apps",
    "experience": [
      "IBM",
      "INTEL"
    ],
    "project": [
      {
        "projectName": "SCASE",
        "technology": [
          "Python",
          "R"
        ]
      }
    ]
  },
  {
    "jobId": 276,
    "jobTitle": "QA Tester",
    "jobDescription": "To develop andriod application",
    "experience": [
      "RRD",
      "ApD",
      "MobileIron"
    ],
    "project": [
      {
        "projectName": "Eccc",
        "technology": [
          "Selenium",
          "Robot"
        ]
      }
    ]
  },
  {
    "jobId": 3,
    "jobTitle": "Data Engg",
    "jobDescription": "Create machine learning apps",
    "experience": [
      "IBM",
      "INTEL"
    ],
    "project": [
      {
        "projectName": "SCASE",
        "technology": [
          "Python",
          "R"
        ]
      }
    ]
  },
  {
    "jobId": 47,
    "jobTitle": "LOS",
    "jobDescription": "SOL",
    "experience": [
      "Nothing"
    ],
    "project": [
    ]
  },
  {
    "jobId": 99,
    "jobTitle": "LOS",
    "jobDescription": "SOL",
    "experience": [
      "Nothing"
    ],
    "project": [
    ]
  },
  {
    "jobId": 49,
    "jobTitle": "LOS",
    "jobDescription": "SOL",
    "experience": [
      "Nothing"
    ],
    "project": [
    ]
  },
  {
    "jobId": 99,
    "jobTitle": "LOS",
    "jobDescription": "SOL",
    "experience": [
      "Nothing"
    ],
    "project": [
    ]
  },
  {
    "jobId": 80,
    "jobTitle": "LOS",
    "jobDescription": "SOL",
    "experience": [
      "Nothing"
    ],
    "project": [
    ]
  },
  {
    "jobId": 0,
    "jobTitle": "LOS",
    "jobDescription": "SOL",
    "experience": [
      "Nothing"
    ],
    "project": [
    ]
  },
  {
    "jobId": 0,
    "jobTitle": "LOS",
    "jobDescription": "SOL",
    "experience": [
      "Nothing"
    ],
    "project": [
    ]
  },
  {
    "jobId": 0,
    "jobTitle": "LOS",
    "jobDescription": "SOL",
    "experience": [
      "Nothing"
    ],
    "project": [
    ]
  },
  {
    "jobId": 45,
    "jobTitle": "QA Tester",
    "jobDescription": "Finding bugs",
    "experience": [
      "Nothing"
    ],
    "project": [
    ]
  },
  {
    "jobId": 64,
    "jobTitle": "QA Tester",
    "jobDescription": "Finding bugs",
    "experience": [
      "Nothing"
    ],
    "project": [
    ]
  },
  {
    "jobId": 38,
    "jobTitle": "QA Tester",
    "jobDescription": "Finding bugs",
    "experience": [
      "Nothing"
    ],
    "project": [
    ]
  },
  {
    "jobId": 85,
    "jobTitle": "LOS",
    "jobDescription": "SOL",
    "experience": [
      "Nothing"
    ],
    "project": [
    ]
  },
  {
    "jobId": 9,
    "jobTitle": "QA Tester",
    "jobDescription": "Finding bugs",
    "experience": [
      "Nothing"
    ],
    "project": [
    ]
  },
  {
    "jobId": 85,
    "jobTitle": "LOS",
    "jobDescription": "SOL",
    "experience": [
      "Nothing"
    ],
    "project": [
    ]
  },
  {
    "jobId": 36,
    "jobTitle": "LOS",
    "jobDescription": "SOL",
    "experience": [
      "Nothing"
    ],
    "project": [
    ]
  },
  {
    "jobId": 41,
    "jobTitle": "QA Tester",
    "jobDescription": "Finding bugs",
    "experience": [
      "Nothing"
    ],
    "project": [
    ]
  },
  {
    "jobId": 42,
    "jobTitle": "LOS",
    "jobDescription": "SOL",
    "experience": [
      "Nothing"
    ],
    "project": [
    ]
  },
  {
    "jobId": 69,
    "jobTitle": "LOS",
    "jobDescription": "SOL",
    "experience": [
      "Nothing"
    ],
    "project": [
    ]
  },
  {
    "jobId": 13,
    "jobTitle": "LOS",
    "jobDescription": "SOL",
    "experience": [
      "Nothing"
    ],
    "project": [
    ]
  },
  {
    "jobId": 15,
    "jobTitle": "LOS",
    "jobDescription": "To develop andriod application and web application",
    "experience": [
      "Nothing"
    ],
    "project": [
    ]
  },
  {
    "jobId": 19,
    "jobTitle": "LOS",
    "jobDescription": "To develop andriod application and web application",
    "experience": [
      "Nothing"
    ],
    "project": [
    ]
  },
  {
    "jobId": 92,
    "jobTitle": "Software Engg - 2",
    "jobDescription": "To develop andriod application and web application",
    "experience": [
      "Nothing"
    ],
    "project": [
    ]
  },
  {
    "jobId": 54,
    "jobTitle": "LOS",
    "jobDescription": "SOL",
    "experience": [
      "Nothing"
    ],
    "project": [
    ]
  },
  {
    "jobId": 90,
    "jobTitle": "Software Engg - 2",
    "jobDescription": "To develop andriod application and web application",
    "experience": [
      "Nothing"
    ],
    "project": [
    ]
  },
  {
    "jobId": 38,
    "jobTitle": "LOS",
    "jobDescription": "SOL",
    "experience": [
      "Nothing"
    ],
    "project": [
    ]
  },
  {
    "jobId": 5,
    "jobTitle": "Software Engg - 2",
    "jobDescription": "To develop andriod application",
    "experience": [
      "Google",
      "Apple",
      "Mobile Iron",
      "Google"
    ],
    "project": [
      {
        "projectName": "Movie App",
        "technology": [
          "Kotlin",
          "SQL Lite",
          "Gradle",
          "Jenkins"
        ]
      }
    ]
  },
  {
    "jobId": 623,
    "jobTitle": "Data Engg",
    "jobDescription": "Create machine learning apps",
    "experience": [
      "IBM",
      "INTEL"
    ],
    "project": [
      {
        "projectName": "SCASE",
        "technology": [
          "Python",
          "R"
        ]
      }
    ]
  },
  {
    "jobId": 3,
    "jobTitle": "Data Engg",
    "jobDescription": "Create machine learning apps",
    "experience": [
      "IBM",
      "INTEL"
    ],
    "project": [
      {
        "projectName": "SCASE",
        "technology": [
          "Python",
          "R"
        ]
      }
    ]
  },
  {
    "jobId": 4,
    "jobTitle": "QA Tester",
    "jobDescription": "To develop andriod application",
    "experience": [
      "RRD",
      "ApD",
      "MobileIron"
    ],
    "project": [
      {
        "projectName": "Eccc",
        "technology": [
          "Selenium",
          "Robot"
        ]
      }
    ]
  },
  {
    "jobId": 345,
    "jobTitle": "QA Tester",
    "jobDescription": "To develop andriod application",
    "experience": [
      "RRD",
      "ApD",
      "MobileIron"
    ],
    "project": [
      {
        "projectName": "Eccc",
        "technology": [
          "Selenium",
          "Robot"
        ]
      }
    ]
  },
  {
    "jobId": 7,
    "jobTitle": "Software Engg",
    "jobDescription": "To develop andriod application",
    "experience": [
      "Google",
      "Apple",
      "Mobile Iron",
      "Subex"
    ],
    "project": [
      {
        "projectName": "Movie App",
        "technology": [
          "Kotlin",
          "SQL Lite",
          "Gradle",
          "Jenkins"
        ]
      }
    ]
  },
  {
    "jobId": 7,
    "jobTitle": "Software Engg",
    "jobDescription": "To develop andriod application",
    "experience": [
      "Google",
      "Apple",
      "Mobile Iron",
      "Subex"
    ],
    "project": [
      {
        "projectName": "Movie App",
        "technology": [
          "Kotlin",
          "SQL Lite",
          "Gradle",
          "Jenkins"
        ]
      }
    ]
  },
  {
    "jobId": 50,
    "jobTitle": "Software Engg - 2",
    "jobDescription": "To develop andriod application",
    "experience": [
      "Google",
      "Apple",
      "Mobile Iron",
      "Google"
    ],
    "project": [
      {
        "projectName": "Movie App",
        "technology": [
          "Kotlin",
          "SQL Lite",
          "Gradle",
          "Jenkins"
        ]
      }
    ]
  },
  {
    "jobId": 43,
    "jobTitle": "Software Engg",
    "jobDescription": "To develop andriod application",
    "experience": [
      "Google",
      "Apple",
      "Mobile Iron",
      "Subex"
    ],
    "project": [
      {
        "projectName": "Movie App",
        "technology": [
          "Kotlin",
          "SQL Lite",
          "Gradle",
          "Jenkins"
        ]
      }
    ]
  },
  {
    "jobId": 19,
    "jobTitle": "LOS",
    "jobDescription": "SOL",
    "experience": [
      "Nothing"
    ],
    "project": [
    ]
  },
  {
    "jobId": 7,
    "jobTitle": "LOS",
    "jobDescription": "SOL",
    "experience": [
      "Nothing"
    ],
    "project": [
    ]
  },
  {
    "jobId": 3,
    "jobTitle": "Data Engg",
    "jobDescription": "Create machine learning apps",
    "experience": [
      "IBM",
      "INTEL"
    ],
    "project": [
      {
        "projectName": "SCASE",
        "technology": [
          "Python",
          "R"
        ]
      }
    ]
  },
  {
    "jobId": 5,
    "jobTitle": "Software Engg - 2",
    "jobDescription": "To develop andriod application",
    "experience": [
      "Google",
      "Apple",
      "Mobile Iron",
      "Google"
    ],
    "project": [
      {
        "projectName": "Movie App",
        "technology": [
          "Kotlin",
          "SQL Lite",
          "Gradle",
          "Jenkins"
        ]
      }
    ]
  },
  {
    "jobId": 4,
    "jobTitle": "QA Tester",
    "jobDescription": "To develop andriod application",
    "experience": [
      "RRD",
      "ApD",
      "MobileIron"
    ],
    "project": [
      {
        "projectName": "Eccc",
        "technology": [
          "Selenium",
          "Robot"
        ]
      }
    ]
  },
  {
    "jobId": 135,
    "jobTitle": "Data Engg",
    "jobDescription": "Create machine learning apps",
    "experience": [
      "IBM",
      "INTEL"
    ],
    "project": [
      {
        "projectName": "SCASE",
        "technology": [
          "Python",
          "R"
        ]
      }
    ]
  },
  {
    "jobId": 647,
    "jobTitle": "QA Tester",
    "jobDescription": "To develop andriod application",
    "experience": [
      "RRD",
      "ApD",
      "MobileIron"
    ],
    "project": [
      {
        "projectName": "Eccc",
        "technology": [
          "Selenium",
          "Robot"
        ]
      }
    ]
  },
  {
    "jobId": 7,
    "jobTitle": "Software Engg",
    "jobDescription": "To develop andriod application",
    "experience": [
      "Google",
      "Apple",
      "Mobile Iron",
      "Subex"
    ],
    "project": [
      {
        "projectName": "Movie App",
        "technology": [
          "Kotlin",
          "SQL Lite",
          "Gradle",
          "Jenkins"
        ]
      }
    ]
  },
  {
    "jobId": 7,
    "jobTitle": "Software Engg",
    "jobDescription": "To develop andriod application",
    "experience": [
      "Google",
      "Apple",
      "Mobile Iron",
      "Subex"
    ],
    "project": [
      {
        "projectName": "Movie App",
        "technology": [
          "Kotlin",
          "SQL Lite",
          "Gradle",
          "Jenkins"
        ]
      }
    ]
  },
  {
    "jobId": 36,
    "jobTitle": "Software Engg - 2",
    "jobDescription": "To develop andriod application",
    "experience": [
      "Google",
      "Apple",
      "Mobile Iron",
      "Google"
    ],
    "project": [
      {
        "projectName": "Movie App",
        "technology": [
          "Kotlin",
          "SQL Lite",
          "Gradle",
          "Jenkins"
        ]
      }
    ]
  },
  {
    "jobId": 6,
    "jobTitle": "Software Engg",
    "jobDescription": "To develop andriod application",
    "experience": [
      "Google",
      "Apple",
      "Mobile Iron",
      "Subex"
    ],
    "project": [
      {
        "projectName": "Movie App",
        "technology": [
          "Kotlin",
          "SQL Lite",
          "Gradle",
          "Jenkins"
        ]
      }
    ]
  },
  {
    "jobId": 40,
    "jobTitle": "LOS",
    "jobDescription": "SOL",
    "experience": [
      "Nothing"
    ],
    "project": [
    ]
  },
  {
    "jobId": 59,
    "jobTitle": "LOS",
    "jobDescription": "SOL",
    "experience": [
      "Nothing"
    ],
    "project": [
    ]
  },
  {
    "jobId": 80,
    "jobTitle": "LOS",
    "jobDescription": "SOL",
    "experience": [
      "Nothing"
    ],
    "project": [
    ]
  },
  {
    "jobId": 4,
    "jobTitle": "LOS",
    "jobDescription": "SOL",
    "experience": [
      "Nothing"
    ],
    "project": [
    ]
  },
  {
    "jobId": 33,
    "jobTitle": "LOS",
    "jobDescription": "SOL",
    "experience": [
      "Nothing"
    ],
    "project": [
    ]
  },
  {
    "jobId": 70,
    "jobTitle": "Software Engg - 2",
    "jobDescription": "To develop andriod application and web application",
    "experience": [
      "Nothing"
    ],
    "project": [
    ]
  },
  {
    "jobId": 40,
    "jobTitle": "LOS",
    "jobDescription": "SOL",
    "experience": [
      "Nothing"
    ],
    "project": [
    ]
  },
  {
    "jobId": 32,
    "jobTitle": "LOS",
    "jobDescription": "SOL",
    "experience": [
      "Nothing"
    ],
    "project": [
    ]
  },
  {
    "jobId": 370,
    "jobTitle": "IOS",
    "jobDescription": "APPLE",
    "experience": [
      "Nothing"
    ],
    "project": [
    ]
  },
  {
    "jobId": 676,
    "jobTitle": "IOS",
    "jobDescription": "APPLE",
    "experience": [
      "Nothing"
    ],
    "project": [
    ]
  },
  {
    "jobId": 704,
    "jobTitle": "IOS",
    "jobDescription": "APPLE",
    "experience": [
      "Nothing"
    ],
    "project": [
    ]
  },
  {
    "jobId": 9980,
    "jobTitle": "Data Analyst",
    "jobDescription": "Develop machine learning models",
    "experience": [
      "Nothing"
    ],
    "project": [
    ]
  },
  {
    "jobId": 9980,
    "jobTitle": "Data Analyst",
    "jobDescription": "Develop machine learning models",
    "experience": [
      "Nothing"
    ],
    "project": [
    ]
  },
  {
    "jobId": 3,
    "jobTitle": "Data Engg",
    "jobDescription": "Create machine learning apps",
    "experience": [
      "IBM",
      "INTEL"
    ],
    "project": [
      {
        "projectName": "SCASE",
        "technology": [
          "Python",
          "R"
        ]
      }
    ]
  },
  {
    "jobId": 4,
    "jobTitle": "QA Tester",
    "jobDescription": "To develop andriod application",
    "experience": [
      "RRD",
      "ApD",
      "MobileIron"
    ],
    "project": [
      {
        "projectName": "Eccc",
        "technology": [
          "Selenium",
          "Robot"
        ]
      }
    ]
  },
  {
    "jobId": 82,
    "jobTitle": "Data Engg",
    "jobDescription": "Create machine learning apps",
    "experience": [
      "IBM",
      "INTEL"
    ],
    "project": [
      {
        "projectName": "SCASE",
        "technology": [
          "Python",
          "R"
        ]
      }
    ]
  },
  {
    "jobId": 291,
    "jobTitle": "QA Tester",
    "jobDescription": "To develop andriod application",
    "experience": [
      "RRD",
      "ApD",
      "MobileIron"
    ],
    "project": [
      {
        "projectName": "Eccc",
        "technology": [
          "Selenium",
          "Robot"
        ]
      }
    ]
  },
  {
    "jobId": 3,
    "jobTitle": "Data Engg",
    "jobDescription": "Create machine learning apps",
    "experience": [
      "IBM",
      "INTEL"
    ],
    "project": [
      {
        "projectName": "SCASE",
        "technology": [
          "Python",
          "R"
        ]
      }
    ]
  },
  {
    "jobId": 3,
    "jobTitle": "Data Engg",
    "jobDescription": "Create machine learning apps",
    "experience": [
      "IBM",
      "INTEL"
    ],
    "project": [
      {
        "projectName": "SCASE",
        "technology": [
          "Python",
          "R"
        ]
      }
    ]
  },
  {
    "jobId": 251,
    "jobTitle": "LOS",
    "jobDescription": "SOL",
    "experience": [
      "Nothing"
    ],
    "project": [
    ]
  },
  {
    "jobId": 19,
    "jobTitle": "LOS",
    "jobDescription": "SOL",
    "experience": [
      "Nothing"
    ],
    "project": [
    ]
  }
]
 
14:22:59.473 [pool-2-thread-3] ERROR com.intuit.karate - classpath:com/api/automation/getrequest/responseMatcher.feature:46
And match response ==
"""
<List>
<item>
<jobId>1</jobId>
<jobTitle>Software Engg</jobTitle>
<jobDescription>To develop andriod application</jobDescription>
<experience>
  <experience>Google</experience>
  <experience>Apple</experience>
  <experience>Mobile Iron</experience>
</experience>
<project>
  <project>
    <projectName>Movie App</projectName>
    <technology>
      <technology>Kotlin</technology>
      <technology>SQL Lite</technology>
      <technology>Gradle</technology>
    </technology>
  </project>
</project>
</item>
</List>
"""
match failed: EQUALS
  / | not equal | match failed for name: 'List' (XML:XML)
  <List><item><jobId>1</jobId><jobTitle>Software Engg</jobTitle><jobDescription>To develop andriod application</jobDescription><experience><experience>Google</experience><experience>Apple</experience><experience>Mobile Iron</experience></experience><project><project><projectName>Movie App</projectName><technology><technology>Kotlin</technology><technology>SQL Lite</technology><technology>Gradle</technology></technology></project></project></item><item><jobId>3</jobId><jobTitle>Data Engg</jobTitle><jobDescription>Create machine learning apps</jobDescription><experience><experience>IBM</experience><experience>INTEL</experience></experience><project><project><projectName>SCASE</projectName><technology><technology>Python</technology><technology>R</technology></technology></project></project></item><item><jobId>4</jobId><jobTitle>Software Engg - 2</jobTitle><jobDescription>To develop andriod application and web application</jobDescription><experience><experience>RRD</experience><experience>ApD</experience><experience>MobileIron</experience></experience><project><project><projectName>Eccc</projectName><technology><technology>Selenium</technology><technology>Robot</technology></technology></project></project></item><item><jobId>640</jobId><jobTitle>Data Engg</jobTitle><jobDescription>Create machine learning apps</jobDescription><experience><experience>IBM</experience><experience>INTEL</experience></experience><project><project><projectName>SCASE</projectName><technology><technology>Python</technology><technology>R</technology></technology></project></project></item><item><jobId>430</jobId><jobTitle>QA Tester</jobTitle><jobDescription>To develop andriod application</jobDescription><experience><experience>RRD</experience><experience>ApD</experience><experience>MobileIron</experience></experience><project><project><projectName>Eccc</projectName><technology><technology>Selenium</technology><technology>Robot</technology></technology></project></project></item><item><jobId>3</jobId><jobTitle>Data Engg</jobTitle><jobDescription>Create machine learning apps</jobDescription><experience><experience>IBM</experience><experience>INTEL</experience></experience><project><project><projectName>SCASE</projectName><technology><technology>Python</technology><technology>R</technology></technology></project></project></item><item><jobId>3</jobId><jobTitle>Data Engg</jobTitle><jobDescription>Create machine learning apps</jobDescription><experience><experience>IBM</experience><experience>INTEL</experience></experience><project><project><projectName>SCASE</projectName><technology><technology>Python</technology><technology>R</technology></technology></project></project></item><item><jobId>4</jobId><jobTitle>QA Tester</jobTitle><jobDescription>To develop andriod application</jobDescription><experience><experience>RRD</experience><experience>ApD</experience><experience>MobileIron</experience></experience><project><project><projectName>Eccc</projectName><technology><technology>Selenium</technology><technology>Robot</technology></technology></project></project></item><item><jobId>404</jobId><jobTitle>Data Engg</jobTitle><jobDescription>Create machine learning apps</jobDescription><experience><experience>IBM</experience><experience>INTEL</experience></experience><project><project><projectName>SCASE</projectName><technology><technology>Python</technology><technology>R</technology></technology></project></project></item><item><jobId>412</jobId><jobTitle>QA Tester</jobTitle><jobDescription>To develop andriod application</jobDescription><experience><experience>RRD</experience><experience>ApD</experience><experience>MobileIron</experience></experience><project><project><projectName>Eccc</projectName><technology><technology>Selenium</technology><technology>Robot</technology></technology></project></project></item><item><jobId>3</jobId><jobTitle>Data Engg</jobTitle><jobDescription>Create machine learning apps</jobDescription><experience><experience>IBM</experience><experience>INTEL</experience></experience><project><project><projectName>SCASE</projectName><technology><technology>Python</technology><technology>R</technology></technology></project></project></item><item><jobId>3</jobId><jobTitle>Data Engg</jobTitle><jobDescription>Create machine learning apps</jobDescription><experience><experience>IBM</experience><experience>INTEL</experience></experience><project><project><projectName>SCASE</projectName><technology><technology>Python</technology><technology>R</technology></technology></project></project></item><item><jobId>4</jobId><jobTitle>QA Tester</jobTitle><jobDescription>To develop andriod application</jobDescription><experience><experience>RRD</experience><experience>ApD</experience><experience>MobileIron</experience></experience><project><project><projectName>Eccc</projectName><technology><technology>Selenium</technology><technology>Robot</technology></technology></project></project></item><item><jobId>612</jobId><jobTitle>Data Engg</jobTitle><jobDescription>Create machine learning apps</jobDescription><experience><experience>IBM</experience><experience>INTEL</experience></experience><project><project><projectName>SCASE</projectName><technology><technology>Python</technology><technology>R</technology></technology></project></project></item><item><jobId>124</jobId><jobTitle>QA Tester</jobTitle><jobDescription>To develop andriod application</jobDescription><experience><experience>RRD</experience><experience>ApD</experience><experience>MobileIron</experience></experience><project><project><projectName>Eccc</projectName><technology><technology>Selenium</technology><technology>Robot</technology></technology></project></project></item><item><jobId>3</jobId><jobTitle>Data Engg</jobTitle><jobDescription>Create machine learning apps</jobDescription><experience><experience>IBM</experience><experience>INTEL</experience></experience><project><project><projectName>SCASE</projectName><technology><technology>Python</technology><technology>R</technology></technology></project></project></item><item><jobId>3</jobId><jobTitle>Data Engg</jobTitle><jobDescription>Create machine learning apps</jobDescription><experience><experience>IBM</experience><experience>INTEL</experience></experience><project><project><projectName>SCASE</projectName><technology><technology>Python</technology><technology>R</technology></technology></project></project></item><item><jobId>4</jobId><jobTitle>QA Tester</jobTitle><jobDescription>To develop andriod application</jobDescription><experience><experience>RRD</experience><experience>ApD</experience><experience>MobileIron</experience></experience><project><project><projectName>Eccc</projectName><technology><technology>Selenium</technology><technology>Robot</technology></technology></project></project></item><item><jobId>27</jobId><jobTitle>Data Engg</jobTitle><jobDescription>Create machine learning apps</jobDescription><experience><experience>IBM</experience><experience>INTEL</experience></experience><project><project><projectName>SCASE</projectName><technology><technology>Python</technology><technology>R</technology></technology></project></project></item><item><jobId>276</jobId><jobTitle>QA Tester</jobTitle><jobDescription>To develop andriod application</jobDescription><experience><experience>RRD</experience><experience>ApD</experience><experience>MobileIron</experience></experience><project><project><projectName>Eccc</projectName><technology><technology>Selenium</technology><technology>Robot</technology></technology></project></project></item><item><jobId>3</jobId><jobTitle>Data Engg</jobTitle><jobDescription>Create machine learning apps</jobDescription><experience><experience>IBM</experience><experience>INTEL</experience></experience><project><project><projectName>SCASE</projectName><technology><technology>Python</technology><technology>R</technology></technology></project></project></item><item><jobId>47</jobId><jobTitle>LOS</jobTitle><jobDescription>SOL</jobDescription><experience><experience>Nothing</experience></experience><project/></item><item><jobId>99</jobId><jobTitle>LOS</jobTitle><jobDescription>SOL</jobDescription><experience><experience>Nothing</experience></experience><project/></item><item><jobId>49</jobId><jobTitle>LOS</jobTitle><jobDescription>SOL</jobDescription><experience><experience>Nothing</experience></experience><project/></item><item><jobId>99</jobId><jobTitle>LOS</jobTitle><jobDescription>SOL</jobDescription><experience><experience>Nothing</experience></experience><project/></item><item><jobId>80</jobId><jobTitle>LOS</jobTitle><jobDescription>SOL</jobDescription><experience><experience>Nothing</experience></experience><project/></item><item><jobId>0</jobId><jobTitle>LOS</jobTitle><jobDescription>SOL</jobDescription><experience><experience>Nothing</experience></experience><project/></item><item><jobId>0</jobId><jobTitle>LOS</jobTitle><jobDescription>SOL</jobDescription><experience><experience>Nothing</experience></experience><project/></item><item><jobId>0</jobId><jobTitle>LOS</jobTitle><jobDescription>SOL</jobDescription><experience><experience>Nothing</experience></experience><project/></item><item><jobId>45</jobId><jobTitle>QA Tester</jobTitle><jobDescription>Finding bugs</jobDescription><experience><experience>Nothing</experience></experience><project/></item><item><jobId>64</jobId><jobTitle>QA Tester</jobTitle><jobDescription>Finding bugs</jobDescription><experience><experience>Nothing</experience></experience><project/></item><item><jobId>38</jobId><jobTitle>QA Tester</jobTitle><jobDescription>Finding bugs</jobDescription><experience><experience>Nothing</experience></experience><project/></item><item><jobId>85</jobId><jobTitle>LOS</jobTitle><jobDescription>SOL</jobDescription><experience><experience>Nothing</experience></experience><project/></item><item><jobId>9</jobId><jobTitle>QA Tester</jobTitle><jobDescription>Finding bugs</jobDescription><experience><experience>Nothing</experience></experience><project/></item><item><jobId>85</jobId><jobTitle>LOS</jobTitle><jobDescription>SOL</jobDescription><experience><experience>Nothing</experience></experience><project/></item><item><jobId>36</jobId><jobTitle>LOS</jobTitle><jobDescription>SOL</jobDescription><experience><experience>Nothing</experience></experience><project/></item><item><jobId>41</jobId><jobTitle>QA Tester</jobTitle><jobDescription>Finding bugs</jobDescription><experience><experience>Nothing</experience></experience><project/></item><item><jobId>42</jobId><jobTitle>LOS</jobTitle><jobDescription>SOL</jobDescription><experience><experience>Nothing</experience></experience><project/></item><item><jobId>69</jobId><jobTitle>LOS</jobTitle><jobDescription>SOL</jobDescription><experience><experience>Nothing</experience></experience><project/></item><item><jobId>13</jobId><jobTitle>LOS</jobTitle><jobDescription>SOL</jobDescription><experience><experience>Nothing</experience></experience><project/></item><item><jobId>15</jobId><jobTitle>LOS</jobTitle><jobDescription>To develop andriod application and web application</jobDescription><experience><experience>Nothing</experience></experience><project/></item><item><jobId>19</jobId><jobTitle>LOS</jobTitle><jobDescription>To develop andriod application and web application</jobDescription><experience><experience>Nothing</experience></experience><project/></item><item><jobId>92</jobId><jobTitle>Software Engg - 2</jobTitle><jobDescription>To develop andriod application and web application</jobDescription><experience><experience>Nothing</experience></experience><project/></item><item><jobId>54</jobId><jobTitle>LOS</jobTitle><jobDescription>SOL</jobDescription><experience><experience>Nothing</experience></experience><project/></item><item><jobId>90</jobId><jobTitle>Software Engg - 2</jobTitle><jobDescription>To develop andriod application and web application</jobDescription><experience><experience>Nothing</experience></experience><project/></item><item><jobId>38</jobId><jobTitle>LOS</jobTitle><jobDescription>SOL</jobDescription><experience><experience>Nothing</experience></experience><project/></item><item><jobId>5</jobId><jobTitle>Software Engg - 2</jobTitle><jobDescription>To develop andriod application</jobDescription><experience><experience>Google</experience><experience>Apple</experience><experience>Mobile Iron</experience><experience>Google</experience></experience><project><project><projectName>Movie App</projectName><technology><technology>Kotlin</technology><technology>SQL Lite</technology><technology>Gradle</technology><technology>Jenkins</technology></technology></project></project></item><item><jobId>623</jobId><jobTitle>Data Engg</jobTitle><jobDescription>Create machine learning apps</jobDescription><experience><experience>IBM</experience><experience>INTEL</experience></experience><project><project><projectName>SCASE</projectName><technology><technology>Python</technology><technology>R</technology></technology></project></project></item><item><jobId>3</jobId><jobTitle>Data Engg</jobTitle><jobDescription>Create machine learning apps</jobDescription><experience><experience>IBM</experience><experience>INTEL</experience></experience><project><project><projectName>SCASE</projectName><technology><technology>Python</technology><technology>R</technology></technology></project></project></item><item><jobId>4</jobId><jobTitle>QA Tester</jobTitle><jobDescription>To develop andriod application</jobDescription><experience><experience>RRD</experience><experience>ApD</experience><experience>MobileIron</experience></experience><project><project><projectName>Eccc</projectName><technology><technology>Selenium</technology><technology>Robot</technology></technology></project></project></item><item><jobId>345</jobId><jobTitle>QA Tester</jobTitle><jobDescription>To develop andriod application</jobDescription><experience><experience>RRD</experience><experience>ApD</experience><experience>MobileIron</experience></experience><project><project><projectName>Eccc</projectName><technology><technology>Selenium</technology><technology>Robot</technology></technology></project></project></item><item><jobId>7</jobId><jobTitle>Software Engg</jobTitle><jobDescription>To develop andriod application</jobDescription><experience><experience>Google</experience><experience>Apple</experience><experience>Mobile Iron</experience><experience>Subex</experience></experience><project><project><projectName>Movie App</projectName><technology><technology>Kotlin</technology><technology>SQL Lite</technology><technology>Gradle</technology><technology>Jenkins</technology></technology></project></project></item><item><jobId>7</jobId><jobTitle>Software Engg</jobTitle><jobDescription>To develop andriod application</jobDescription><experience><experience>Google</experience><experience>Apple</experience><experience>Mobile Iron</experience><experience>Subex</experience></experience><project><project><projectName>Movie App</projectName><technology><technology>Kotlin</technology><technology>SQL Lite</technology><technology>Gradle</technology><technology>Jenkins</technology></technology></project></project></item><item><jobId>50</jobId><jobTitle>Software Engg - 2</jobTitle><jobDescription>To develop andriod application</jobDescription><experience><experience>Google</experience><experience>Apple</experience><experience>Mobile Iron</experience><experience>Google</experience></experience><project><project><projectName>Movie App</projectName><technology><technology>Kotlin</technology><technology>SQL Lite</technology><technology>Gradle</technology><technology>Jenkins</technology></technology></project></project></item><item><jobId>43</jobId><jobTitle>Software Engg</jobTitle><jobDescription>To develop andriod application</jobDescription><experience><experience>Google</experience><experience>Apple</experience><experience>Mobile Iron</experience><experience>Subex</experience></experience><project><project><projectName>Movie App</projectName><technology><technology>Kotlin</technology><technology>SQL Lite</technology><technology>Gradle</technology><technology>Jenkins</technology></technology></project></project></item><item><jobId>19</jobId><jobTitle>LOS</jobTitle><jobDescription>SOL</jobDescription><experience><experience>Nothing</experience></experience><project/></item><item><jobId>7</jobId><jobTitle>LOS</jobTitle><jobDescription>SOL</jobDescription><experience><experience>Nothing</experience></experience><project/></item><item><jobId>3</jobId><jobTitle>Data Engg</jobTitle><jobDescription>Create machine learning apps</jobDescription><experience><experience>IBM</experience><experience>INTEL</experience></experience><project><project><projectName>SCASE</projectName><technology><technology>Python</technology><technology>R</technology></technology></project></project></item><item><jobId>5</jobId><jobTitle>Software Engg - 2</jobTitle><jobDescription>To develop andriod application</jobDescription><experience><experience>Google</experience><experience>Apple</experience><experience>Mobile Iron</experience><experience>Google</experience></experience><project><project><projectName>Movie App</projectName><technology><technology>Kotlin</technology><technology>SQL Lite</technology><technology>Gradle</technology><technology>Jenkins</technology></technology></project></project></item><item><jobId>4</jobId><jobTitle>QA Tester</jobTitle><jobDescription>To develop andriod application</jobDescription><experience><experience>RRD</experience><experience>ApD</experience><experience>MobileIron</experience></experience><project><project><projectName>Eccc</projectName><technology><technology>Selenium</technology><technology>Robot</technology></technology></project></project></item><item><jobId>135</jobId><jobTitle>Data Engg</jobTitle><jobDescription>Create machine learning apps</jobDescription><experience><experience>IBM</experience><experience>INTEL</experience></experience><project><project><projectName>SCASE</projectName><technology><technology>Python</technology><technology>R</technology></technology></project></project></item><item><jobId>647</jobId><jobTitle>QA Tester</jobTitle><jobDescription>To develop andriod application</jobDescription><experience><experience>RRD</experience><experience>ApD</experience><experience>MobileIron</experience></experience><project><project><projectName>Eccc</projectName><technology><technology>Selenium</technology><technology>Robot</technology></technology></project></project></item><item><jobId>7</jobId><jobTitle>Software Engg</jobTitle><jobDescription>To develop andriod application</jobDescription><experience><experience>Google</experience><experience>Apple</experience><experience>Mobile Iron</experience><experience>Subex</experience></experience><project><project><projectName>Movie App</projectName><technology><technology>Kotlin</technology><technology>SQL Lite</technology><technology>Gradle</technology><technology>Jenkins</technology></technology></project></project></item><item><jobId>7</jobId><jobTitle>Software Engg</jobTitle><jobDescription>To develop andriod application</jobDescription><experience><experience>Google</experience><experience>Apple</experience><experience>Mobile Iron</experience><experience>Subex</experience></experience><project><project><projectName>Movie App</projectName><technology><technology>Kotlin</technology><technology>SQL Lite</technology><technology>Gradle</technology><technology>Jenkins</technology></technology></project></project></item><item><jobId>36</jobId><jobTitle>Software Engg - 2</jobTitle><jobDescription>To develop andriod application</jobDescription><experience><experience>Google</experience><experience>Apple</experience><experience>Mobile Iron</experience><experience>Google</experience></experience><project><project><projectName>Movie App</projectName><technology><technology>Kotlin</technology><technology>SQL Lite</technology><technology>Gradle</technology><technology>Jenkins</technology></technology></project></project></item><item><jobId>6</jobId><jobTitle>Software Engg</jobTitle><jobDescription>To develop andriod application</jobDescription><experience><experience>Google</experience><experience>Apple</experience><experience>Mobile Iron</experience><experience>Subex</experience></experience><project><project><projectName>Movie App</projectName><technology><technology>Kotlin</technology><technology>SQL Lite</technology><technology>Gradle</technology><technology>Jenkins</technology></technology></project></project></item><item><jobId>40</jobId><jobTitle>LOS</jobTitle><jobDescription>SOL</jobDescription><experience><experience>Nothing</experience></experience><project/></item><item><jobId>59</jobId><jobTitle>LOS</jobTitle><jobDescription>SOL</jobDescription><experience><experience>Nothing</experience></experience><project/></item><item><jobId>80</jobId><jobTitle>LOS</jobTitle><jobDescription>SOL</jobDescription><experience><experience>Nothing</experience></experience><project/></item><item><jobId>4</jobId><jobTitle>LOS</jobTitle><jobDescription>SOL</jobDescription><experience><experience>Nothing</experience></experience><project/></item><item><jobId>33</jobId><jobTitle>LOS</jobTitle><jobDescription>SOL</jobDescription><experience><experience>Nothing</experience></experience><project/></item><item><jobId>70</jobId><jobTitle>Software Engg - 2</jobTitle><jobDescription>To develop andriod application and web application</jobDescription><experience><experience>Nothing</experience></experience><project/></item><item><jobId>40</jobId><jobTitle>LOS</jobTitle><jobDescription>SOL</jobDescription><experience><experience>Nothing</experience></experience><project/></item><item><jobId>32</jobId><jobTitle>LOS</jobTitle><jobDescription>SOL</jobDescription><experience><experience>Nothing</experience></experience><project/></item><item><jobId>370</jobId><jobTitle>IOS</jobTitle><jobDescription>APPLE</jobDescription><experience><experience>Nothing</experience></experience><project/></item><item><jobId>676</jobId><jobTitle>IOS</jobTitle><jobDescription>APPLE</jobDescription><experience><experience>Nothing</experience></experience><project/></item><item><jobId>704</jobId><jobTitle>IOS</jobTitle><jobDescription>APPLE</jobDescription><experience><experience>Nothing</experience></experience><project/></item><item><jobId>9980</jobId><jobTitle>Data Analyst</jobTitle><jobDescription>Develop machine learning models</jobDescription><experience><experience>Nothing</experience></experience><project/></item><item><jobId>9980</jobId><jobTitle>Data Analyst</jobTitle><jobDescription>Develop machine learning models</jobDescription><experience><experience>Nothing</experience></experience><project/></item><item><jobId>3</jobId><jobTitle>Data Engg</jobTitle><jobDescription>Create machine learning apps</jobDescription><experience><experience>IBM</experience><experience>INTEL</experience></experience><project><project><projectName>SCASE</projectName><technology><technology>Python</technology><technology>R</technology></technology></project></project></item><item><jobId>4</jobId><jobTitle>QA Tester</jobTitle><jobDescription>To develop andriod application</jobDescription><experience><experience>RRD</experience><experience>ApD</experience><experience>MobileIron</experience></experience><project><project><projectName>Eccc</projectName><technology><technology>Selenium</technology><technology>Robot</technology></technology></project></project></item><item><jobId>82</jobId><jobTitle>Data Engg</jobTitle><jobDescription>Create machine learning apps</jobDescription><experience><experience>IBM</experience><experience>INTEL</experience></experience><project><project><projectName>SCASE</projectName><technology><technology>Python</technology><technology>R</technology></technology></project></project></item><item><jobId>291</jobId><jobTitle>QA Tester</jobTitle><jobDescription>To develop andriod application</jobDescription><experience><experience>RRD</experience><experience>ApD</experience><experience>MobileIron</experience></experience><project><project><projectName>Eccc</projectName><technology><technology>Selenium</technology><technology>Robot</technology></technology></project></project></item><item><jobId>3</jobId><jobTitle>Data Engg</jobTitle><jobDescription>Create machine learning apps</jobDescription><experience><experience>IBM</experience><experience>INTEL</experience></experience><project><project><projectName>SCASE</projectName><technology><technology>Python</technology><technology>R</technology></technology></project></project></item><item><jobId>3</jobId><jobTitle>Data Engg</jobTitle><jobDescription>Create machine learning apps</jobDescription><experience><experience>IBM</experience><experience>INTEL</experience></experience><project><project><projectName>SCASE</projectName><technology><technology>Python</technology><technology>R</technology></technology></project></project></item><item><jobId>251</jobId><jobTitle>LOS</jobTitle><jobDescription>SOL</jobDescription><experience><experience>Nothing</experience></experience><project/></item><item><jobId>19</jobId><jobTitle>LOS</jobTitle><jobDescription>SOL</jobDescription><experience><experience>Nothing</experience></experience><project/></item></List>
  <List>
<item>
<jobId>1</jobId>
<jobTitle>Software Engg</jobTitle>
<jobDescription>To develop andriod application</jobDescription>
<experience>
  <experience>Google</experience>
  <experience>Apple</experience>
  <experience>Mobile Iron</experience>
</experience>
<project>
  <project>
    <projectName>Movie App</projectName>
    <technology>
      <technology>Kotlin</technology>
      <technology>SQL Lite</technology>
      <technology>Gradle</technology>
    </technology>
  </project>
</project>
</item>
</List>

    /List | not equal | match failed for name: 'item' (MAP:MAP)
    <item><jobId>1</jobId><jobTitle>Software Engg</jobTitle><jobDescription>To develop andriod application</jobDescription><experience><experience>Google</experience><experience>Apple</experience><experience>Mobile Iron</experience></experience><project><project><projectName>Movie App</projectName><technology><technology>Kotlin</technology><technology>SQL Lite</technology><technology>Gradle</technology></technology></project></project></item>
    <item><jobId>1</jobId><jobTitle>Software Engg</jobTitle><jobDescription>To develop andriod application</jobDescription><experience><experience>Google</experience><experience>Apple</experience><experience>Mobile Iron</experience></experience><project><project><projectName>Movie App</projectName><technology><technology>Kotlin</technology><technology>SQL Lite</technology><technology>Gradle</technology></technology></project></project></item>

      /List/item | data types don't match (LIST:MAP)
      [{"jobId":"1","jobTitle":"Software Engg","jobDescription":"To develop andriod application","experience":{"experience":["Google","Apple","Mobile Iron"]},"project":{"project":{"projectName":"Movie App","technology":{"technology":["Kotlin","SQL Lite","Gradle"]}}}},{"jobId":"3","jobTitle":"Data Engg","jobDescription":"Create machine learning apps","experience":{"experience":["IBM","INTEL"]},"project":{"project":{"projectName":"SCASE","technology":{"technology":["Python","R"]}}}},{"jobId":"4","jobTitle":"Software Engg - 2","jobDescription":"To develop andriod application and web application","experience":{"experience":["RRD","ApD","MobileIron"]},"project":{"project":{"projectName":"Eccc","technology":{"technology":["Selenium","Robot"]}}}},{"jobId":"640","jobTitle":"Data Engg","jobDescription":"Create machine learning apps","experience":{"experience":["IBM","INTEL"]},"project":{"project":{"projectName":"SCASE","technology":{"technology":["Python","R"]}}}},{"jobId":"430","jobTitle":"QA Tester","jobDescription":"To develop andriod application","experience":{"experience":["RRD","ApD","MobileIron"]},"project":{"project":{"projectName":"Eccc","technology":{"technology":["Selenium","Robot"]}}}},{"jobId":"3","jobTitle":"Data Engg","jobDescription":"Create machine learning apps","experience":{"experience":["IBM","INTEL"]},"project":{"project":{"projectName":"SCASE","technology":{"technology":["Python","R"]}}}},{"jobId":"3","jobTitle":"Data Engg","jobDescription":"Create machine learning apps","experience":{"experience":["IBM","INTEL"]},"project":{"project":{"projectName":"SCASE","technology":{"technology":["Python","R"]}}}},{"jobId":"4","jobTitle":"QA Tester","jobDescription":"To develop andriod application","experience":{"experience":["RRD","ApD","MobileIron"]},"project":{"project":{"projectName":"Eccc","technology":{"technology":["Selenium","Robot"]}}}},{"jobId":"404","jobTitle":"Data Engg","jobDescription":"Create machine learning apps","experience":{"experience":["IBM","INTEL"]},"project":{"project":{"projectName":"SCASE","technology":{"technology":["Python","R"]}}}},{"jobId":"412","jobTitle":"QA Tester","jobDescription":"To develop andriod application","experience":{"experience":["RRD","ApD","MobileIron"]},"project":{"project":{"projectName":"Eccc","technology":{"technology":["Selenium","Robot"]}}}},{"jobId":"3","jobTitle":"Data Engg","jobDescription":"Create machine learning apps","experience":{"experience":["IBM","INTEL"]},"project":{"project":{"projectName":"SCASE","technology":{"technology":["Python","R"]}}}},{"jobId":"3","jobTitle":"Data Engg","jobDescription":"Create machine learning apps","experience":{"experience":["IBM","INTEL"]},"project":{"project":{"projectName":"SCASE","technology":{"technology":["Python","R"]}}}},{"jobId":"4","jobTitle":"QA Tester","jobDescription":"To develop andriod application","experience":{"experience":["RRD","ApD","MobileIron"]},"project":{"project":{"projectName":"Eccc","technology":{"technology":["Selenium","Robot"]}}}},{"jobId":"612","jobTitle":"Data Engg","jobDescription":"Create machine learning apps","experience":{"experience":["IBM","INTEL"]},"project":{"project":{"projectName":"SCASE","technology":{"technology":["Python","R"]}}}},{"jobId":"124","jobTitle":"QA Tester","jobDescription":"To develop andriod application","experience":{"experience":["RRD","ApD","MobileIron"]},"project":{"project":{"projectName":"Eccc","technology":{"technology":["Selenium","Robot"]}}}},{"jobId":"3","jobTitle":"Data Engg","jobDescription":"Create machine learning apps","experience":{"experience":["IBM","INTEL"]},"project":{"project":{"projectName":"SCASE","technology":{"technology":["Python","R"]}}}},{"jobId":"3","jobTitle":"Data Engg","jobDescription":"Create machine learning apps","experience":{"experience":["IBM","INTEL"]},"project":{"project":{"projectName":"SCASE","technology":{"technology":["Python","R"]}}}},{"jobId":"4","jobTitle":"QA Tester","jobDescription":"To develop andriod application","experience":{"experience":["RRD","ApD","MobileIron"]},"project":{"project":{"projectName":"Eccc","technology":{"technology":["Selenium","Robot"]}}}},{"jobId":"27","jobTitle":"Data Engg","jobDescription":"Create machine learning apps","experience":{"experience":["IBM","INTEL"]},"project":{"project":{"projectName":"SCASE","technology":{"technology":["Python","R"]}}}},{"jobId":"276","jobTitle":"QA Tester","jobDescription":"To develop andriod application","experience":{"experience":["RRD","ApD","MobileIron"]},"project":{"project":{"projectName":"Eccc","technology":{"technology":["Selenium","Robot"]}}}},{"jobId":"3","jobTitle":"Data Engg","jobDescription":"Create machine learning apps","experience":{"experience":["IBM","INTEL"]},"project":{"project":{"projectName":"SCASE","technology":{"technology":["Python","R"]}}}},{"jobId":"47","jobTitle":"LOS","jobDescription":"SOL","experience":{"experience":"Nothing"},"project":null},{"jobId":"99","jobTitle":"LOS","jobDescription":"SOL","experience":{"experience":"Nothing"},"project":null},{"jobId":"49","jobTitle":"LOS","jobDescription":"SOL","experience":{"experience":"Nothing"},"project":null},{"jobId":"99","jobTitle":"LOS","jobDescription":"SOL","experience":{"experience":"Nothing"},"project":null},{"jobId":"80","jobTitle":"LOS","jobDescription":"SOL","experience":{"experience":"Nothing"},"project":null},{"jobId":"0","jobTitle":"LOS","jobDescription":"SOL","experience":{"experience":"Nothing"},"project":null},{"jobId":"0","jobTitle":"LOS","jobDescription":"SOL","experience":{"experience":"Nothing"},"project":null},{"jobId":"0","jobTitle":"LOS","jobDescription":"SOL","experience":{"experience":"Nothing"},"project":null},{"jobId":"45","jobTitle":"QA Tester","jobDescription":"Finding bugs","experience":{"experience":"Nothing"},"project":null},{"jobId":"64","jobTitle":"QA Tester","jobDescription":"Finding bugs","experience":{"experience":"Nothing"},"project":null},{"jobId":"38","jobTitle":"QA Tester","jobDescription":"Finding bugs","experience":{"experience":"Nothing"},"project":null},{"jobId":"85","jobTitle":"LOS","jobDescription":"SOL","experience":{"experience":"Nothing"},"project":null},{"jobId":"9","jobTitle":"QA Tester","jobDescription":"Finding bugs","experience":{"experience":"Nothing"},"project":null},{"jobId":"85","jobTitle":"LOS","jobDescription":"SOL","experience":{"experience":"Nothing"},"project":null},{"jobId":"36","jobTitle":"LOS","jobDescription":"SOL","experience":{"experience":"Nothing"},"project":null},{"jobId":"41","jobTitle":"QA Tester","jobDescription":"Finding bugs","experience":{"experience":"Nothing"},"project":null},{"jobId":"42","jobTitle":"LOS","jobDescription":"SOL","experience":{"experience":"Nothing"},"project":null},{"jobId":"69","jobTitle":"LOS","jobDescription":"SOL","experience":{"experience":"Nothing"},"project":null},{"jobId":"13","jobTitle":"LOS","jobDescription":"SOL","experience":{"experience":"Nothing"},"project":null},{"jobId":"15","jobTitle":"LOS","jobDescription":"To develop andriod application and web application","experience":{"experience":"Nothing"},"project":null},{"jobId":"19","jobTitle":"LOS","jobDescription":"To develop andriod application and web application","experience":{"experience":"Nothing"},"project":null},{"jobId":"92","jobTitle":"Software Engg - 2","jobDescription":"To develop andriod application and web application","experience":{"experience":"Nothing"},"project":null},{"jobId":"54","jobTitle":"LOS","jobDescription":"SOL","experience":{"experience":"Nothing"},"project":null},{"jobId":"90","jobTitle":"Software Engg - 2","jobDescription":"To develop andriod application and web application","experience":{"experience":"Nothing"},"project":null},{"jobId":"38","jobTitle":"LOS","jobDescription":"SOL","experience":{"experience":"Nothing"},"project":null},{"jobId":"5","jobTitle":"Software Engg - 2","jobDescription":"To develop andriod application","experience":{"experience":["Google","Apple","Mobile Iron","Google"]},"project":{"project":{"projectName":"Movie App","technology":{"technology":["Kotlin","SQL Lite","Gradle","Jenkins"]}}}},{"jobId":"623","jobTitle":"Data Engg","jobDescription":"Create machine learning apps","experience":{"experience":["IBM","INTEL"]},"project":{"project":{"projectName":"SCASE","technology":{"technology":["Python","R"]}}}},{"jobId":"3","jobTitle":"Data Engg","jobDescription":"Create machine learning apps","experience":{"experience":["IBM","INTEL"]},"project":{"project":{"projectName":"SCASE","technology":{"technology":["Python","R"]}}}},{"jobId":"4","jobTitle":"QA Tester","jobDescription":"To develop andriod application","experience":{"experience":["RRD","ApD","MobileIron"]},"project":{"project":{"projectName":"Eccc","technology":{"technology":["Selenium","Robot"]}}}},{"jobId":"345","jobTitle":"QA Tester","jobDescription":"To develop andriod application","experience":{"experience":["RRD","ApD","MobileIron"]},"project":{"project":{"projectName":"Eccc","technology":{"technology":["Selenium","Robot"]}}}},{"jobId":"7","jobTitle":"Software Engg","jobDescription":"To develop andriod application","experience":{"experience":["Google","Apple","Mobile Iron","Subex"]},"project":{"project":{"projectName":"Movie App","technology":{"technology":["Kotlin","SQL Lite","Gradle","Jenkins"]}}}},{"jobId":"7","jobTitle":"Software Engg","jobDescription":"To develop andriod application","experience":{"experience":["Google","Apple","Mobile Iron","Subex"]},"project":{"project":{"projectName":"Movie App","technology":{"technology":["Kotlin","SQL Lite","Gradle","Jenkins"]}}}},{"jobId":"50","jobTitle":"Software Engg - 2","jobDescription":"To develop andriod application","experience":{"experience":["Google","Apple","Mobile Iron","Google"]},"project":{"project":{"projectName":"Movie App","technology":{"technology":["Kotlin","SQL Lite","Gradle","Jenkins"]}}}},{"jobId":"43","jobTitle":"Software Engg","jobDescription":"To develop andriod application","experience":{"experience":["Google","Apple","Mobile Iron","Subex"]},"project":{"project":{"projectName":"Movie App","technology":{"technology":["Kotlin","SQL Lite","Gradle","Jenkins"]}}}},{"jobId":"19","jobTitle":"LOS","jobDescription":"SOL","experience":{"experience":"Nothing"},"project":null},{"jobId":"7","jobTitle":"LOS","jobDescription":"SOL","experience":{"experience":"Nothing"},"project":null},{"jobId":"3","jobTitle":"Data Engg","jobDescription":"Create machine learning apps","experience":{"experience":["IBM","INTEL"]},"project":{"project":{"projectName":"SCASE","technology":{"technology":["Python","R"]}}}},{"jobId":"5","jobTitle":"Software Engg - 2","jobDescription":"To develop andriod application","experience":{"experience":["Google","Apple","Mobile Iron","Google"]},"project":{"project":{"projectName":"Movie App","technology":{"technology":["Kotlin","SQL Lite","Gradle","Jenkins"]}}}},{"jobId":"4","jobTitle":"QA Tester","jobDescription":"To develop andriod application","experience":{"experience":["RRD","ApD","MobileIron"]},"project":{"project":{"projectName":"Eccc","technology":{"technology":["Selenium","Robot"]}}}},{"jobId":"135","jobTitle":"Data Engg","jobDescription":"Create machine learning apps","experience":{"experience":["IBM","INTEL"]},"project":{"project":{"projectName":"SCASE","technology":{"technology":["Python","R"]}}}},{"jobId":"647","jobTitle":"QA Tester","jobDescription":"To develop andriod application","experience":{"experience":["RRD","ApD","MobileIron"]},"project":{"project":{"projectName":"Eccc","technology":{"technology":["Selenium","Robot"]}}}},{"jobId":"7","jobTitle":"Software Engg","jobDescription":"To develop andriod application","experience":{"experience":["Google","Apple","Mobile Iron","Subex"]},"project":{"project":{"projectName":"Movie App","technology":{"technology":["Kotlin","SQL Lite","Gradle","Jenkins"]}}}},{"jobId":"7","jobTitle":"Software Engg","jobDescription":"To develop andriod application","experience":{"experience":["Google","Apple","Mobile Iron","Subex"]},"project":{"project":{"projectName":"Movie App","technology":{"technology":["Kotlin","SQL Lite","Gradle","Jenkins"]}}}},{"jobId":"36","jobTitle":"Software Engg - 2","jobDescription":"To develop andriod application","experience":{"experience":["Google","Apple","Mobile Iron","Google"]},"project":{"project":{"projectName":"Movie App","technology":{"technology":["Kotlin","SQL Lite","Gradle","Jenkins"]}}}},{"jobId":"6","jobTitle":"Software Engg","jobDescription":"To develop andriod application","experience":{"experience":["Google","Apple","Mobile Iron","Subex"]},"project":{"project":{"projectName":"Movie App","technology":{"technology":["Kotlin","SQL Lite","Gradle","Jenkins"]}}}},{"jobId":"40","jobTitle":"LOS","jobDescription":"SOL","experience":{"experience":"Nothing"},"project":null},{"jobId":"59","jobTitle":"LOS","jobDescription":"SOL","experience":{"experience":"Nothing"},"project":null},{"jobId":"80","jobTitle":"LOS","jobDescription":"SOL","experience":{"experience":"Nothing"},"project":null},{"jobId":"4","jobTitle":"LOS","jobDescription":"SOL","experience":{"experience":"Nothing"},"project":null},{"jobId":"33","jobTitle":"LOS","jobDescription":"SOL","experience":{"experience":"Nothing"},"project":null},{"jobId":"70","jobTitle":"Software Engg - 2","jobDescription":"To develop andriod application and web application","experience":{"experience":"Nothing"},"project":null},{"jobId":"40","jobTitle":"LOS","jobDescription":"SOL","experience":{"experience":"Nothing"},"project":null},{"jobId":"32","jobTitle":"LOS","jobDescription":"SOL","experience":{"experience":"Nothing"},"project":null},{"jobId":"370","jobTitle":"IOS","jobDescription":"APPLE","experience":{"experience":"Nothing"},"project":null},{"jobId":"676","jobTitle":"IOS","jobDescription":"APPLE","experience":{"experience":"Nothing"},"project":null},{"jobId":"704","jobTitle":"IOS","jobDescription":"APPLE","experience":{"experience":"Nothing"},"project":null},{"jobId":"9980","jobTitle":"Data Analyst","jobDescription":"Develop machine learning models","experience":{"experience":"Nothing"},"project":null},{"jobId":"9980","jobTitle":"Data Analyst","jobDescription":"Develop machine learning models","experience":{"experience":"Nothing"},"project":null},{"jobId":"3","jobTitle":"Data Engg","jobDescription":"Create machine learning apps","experience":{"experience":["IBM","INTEL"]},"project":{"project":{"projectName":"SCASE","technology":{"technology":["Python","R"]}}}},{"jobId":"4","jobTitle":"QA Tester","jobDescription":"To develop andriod application","experience":{"experience":["RRD","ApD","MobileIron"]},"project":{"project":{"projectName":"Eccc","technology":{"technology":["Selenium","Robot"]}}}},{"jobId":"82","jobTitle":"Data Engg","jobDescription":"Create machine learning apps","experience":{"experience":["IBM","INTEL"]},"project":{"project":{"projectName":"SCASE","technology":{"technology":["Python","R"]}}}},{"jobId":"291","jobTitle":"QA Tester","jobDescription":"To develop andriod application","experience":{"experience":["RRD","ApD","MobileIron"]},"project":{"project":{"projectName":"Eccc","technology":{"technology":["Selenium","Robot"]}}}},{"jobId":"3","jobTitle":"Data Engg","jobDescription":"Create machine learning apps","experience":{"experience":["IBM","INTEL"]},"project":{"project":{"projectName":"SCASE","technology":{"technology":["Python","R"]}}}},{"jobId":"3","jobTitle":"Data Engg","jobDescription":"Create machine learning apps","experience":{"experience":["IBM","INTEL"]},"project":{"project":{"projectName":"SCASE","technology":{"technology":["Python","R"]}}}},{"jobId":"251","jobTitle":"LOS","jobDescription":"SOL","experience":{"experience":"Nothing"},"project":null},{"jobId":"19","jobTitle":"LOS","jobDescription":"SOL","experience":{"experience":"Nothing"},"project":null}]
      <jobId>1</jobId>

classpath:com/api/automation/getrequest/responseMatcher.feature:46
14:22:59.448 [pool-2-thread-5] INFO  com.intuit.karate - [print] <List>
  <item>
    <jobId>1</jobId>
    <jobTitle>Software Engg</jobTitle>
    <jobDescription>To develop andriod application</jobDescription>
    <experience>
      <experience>Google</experience>
      <experience>Apple</experience>
      <experience>Mobile Iron</experience>
    </experience>
    <project>
      <project>
        <projectName>Movie App</projectName>
        <technology>
          <technology>Kotlin</technology>
          <technology>SQL Lite</technology>
          <technology>Gradle</technology>
        </technology>
      </project>
    </project>
  </item>
  <item>
    <jobId>3</jobId>
    <jobTitle>Data Engg</jobTitle>
    <jobDescription>Create machine learning apps</jobDescription>
    <experience>
      <experience>IBM</experience>
      <experience>INTEL</experience>
    </experience>
    <project>
      <project>
        <projectName>SCASE</projectName>
        <technology>
          <technology>Python</technology>
          <technology>R</technology>
        </technology>
      </project>
    </project>
  </item>
  <item>
    <jobId>4</jobId>
    <jobTitle>Software Engg - 2</jobTitle>
    <jobDescription>To develop andriod application and web application</jobDescription>
    <experience>
      <experience>RRD</experience>
      <experience>ApD</experience>
      <experience>MobileIron</experience>
    </experience>
    <project>
      <project>
        <projectName>Eccc</projectName>
        <technology>
          <technology>Selenium</technology>
          <technology>Robot</technology>
        </technology>
      </project>
    </project>
  </item>
  <item>
    <jobId>640</jobId>
    <jobTitle>Data Engg</jobTitle>
    <jobDescription>Create machine learning apps</jobDescription>
    <experience>
      <experience>IBM</experience>
      <experience>INTEL</experience>
    </experience>
    <project>
      <project>
        <projectName>SCASE</projectName>
        <technology>
          <technology>Python</technology>
          <technology>R</technology>
        </technology>
      </project>
    </project>
  </item>
  <item>
    <jobId>430</jobId>
    <jobTitle>QA Tester</jobTitle>
    <jobDescription>To develop andriod application</jobDescription>
    <experience>
      <experience>RRD</experience>
      <experience>ApD</experience>
      <experience>MobileIron</experience>
    </experience>
    <project>
      <project>
        <projectName>Eccc</projectName>
        <technology>
          <technology>Selenium</technology>
          <technology>Robot</technology>
        </technology>
      </project>
    </project>
  </item>
  <item>
    <jobId>3</jobId>
    <jobTitle>Data Engg</jobTitle>
    <jobDescription>Create machine learning apps</jobDescription>
    <experience>
      <experience>IBM</experience>
      <experience>INTEL</experience>
    </experience>
    <project>
      <project>
        <projectName>SCASE</projectName>
        <technology>
          <technology>Python</technology>
          <technology>R</technology>
        </technology>
      </project>
    </project>
  </item>
  <item>
    <jobId>3</jobId>
    <jobTitle>Data Engg</jobTitle>
    <jobDescription>Create machine learning apps</jobDescription>
    <experience>
      <experience>IBM</experience>
      <experience>INTEL</experience>
    </experience>
    <project>
      <project>
        <projectName>SCASE</projectName>
        <technology>
          <technology>Python</technology>
          <technology>R</technology>
        </technology>
      </project>
    </project>
  </item>
  <item>
    <jobId>4</jobId>
    <jobTitle>QA Tester</jobTitle>
    <jobDescription>To develop andriod application</jobDescription>
    <experience>
      <experience>RRD</experience>
      <experience>ApD</experience>
      <experience>MobileIron</experience>
    </experience>
    <project>
      <project>
        <projectName>Eccc</projectName>
        <technology>
          <technology>Selenium</technology>
          <technology>Robot</technology>
        </technology>
      </project>
    </project>
  </item>
  <item>
    <jobId>404</jobId>
    <jobTitle>Data Engg</jobTitle>
    <jobDescription>Create machine learning apps</jobDescription>
    <experience>
      <experience>IBM</experience>
      <experience>INTEL</experience>
    </experience>
    <project>
      <project>
        <projectName>SCASE</projectName>
        <technology>
          <technology>Python</technology>
          <technology>R</technology>
        </technology>
      </project>
    </project>
  </item>
  <item>
    <jobId>412</jobId>
    <jobTitle>QA Tester</jobTitle>
    <jobDescription>To develop andriod application</jobDescription>
    <experience>
      <experience>RRD</experience>
      <experience>ApD</experience>
      <experience>MobileIron</experience>
    </experience>
    <project>
      <project>
        <projectName>Eccc</projectName>
        <technology>
          <technology>Selenium</technology>
          <technology>Robot</technology>
        </technology>
      </project>
    </project>
  </item>
  <item>
    <jobId>3</jobId>
    <jobTitle>Data Engg</jobTitle>
    <jobDescription>Create machine learning apps</jobDescription>
    <experience>
      <experience>IBM</experience>
      <experience>INTEL</experience>
    </experience>
    <project>
      <project>
        <projectName>SCASE</projectName>
        <technology>
          <technology>Python</technology>
          <technology>R</technology>
        </technology>
      </project>
    </project>
  </item>
  <item>
    <jobId>3</jobId>
    <jobTitle>Data Engg</jobTitle>
    <jobDescription>Create machine learning apps</jobDescription>
    <experience>
      <experience>IBM</experience>
      <experience>INTEL</experience>
    </experience>
    <project>
      <project>
        <projectName>SCASE</projectName>
        <technology>
          <technology>Python</technology>
          <technology>R</technology>
        </technology>
      </project>
    </project>
  </item>
  <item>
    <jobId>4</jobId>
    <jobTitle>QA Tester</jobTitle>
    <jobDescription>To develop andriod application</jobDescription>
    <experience>
      <experience>RRD</experience>
      <experience>ApD</experience>
      <experience>MobileIron</experience>
    </experience>
    <project>
      <project>
        <projectName>Eccc</projectName>
        <technology>
          <technology>Selenium</technology>
          <technology>Robot</technology>
        </technology>
      </project>
    </project>
  </item>
  <item>
    <jobId>612</jobId>
    <jobTitle>Data Engg</jobTitle>
    <jobDescription>Create machine learning apps</jobDescription>
    <experience>
      <experience>IBM</experience>
      <experience>INTEL</experience>
    </experience>
    <project>
      <project>
        <projectName>SCASE</projectName>
        <technology>
          <technology>Python</technology>
          <technology>R</technology>
        </technology>
      </project>
    </project>
  </item>
  <item>
    <jobId>124</jobId>
    <jobTitle>QA Tester</jobTitle>
    <jobDescription>To develop andriod application</jobDescription>
    <experience>
      <experience>RRD</experience>
      <experience>ApD</experience>
      <experience>MobileIron</experience>
    </experience>
    <project>
      <project>
        <projectName>Eccc</projectName>
        <technology>
          <technology>Selenium</technology>
          <technology>Robot</technology>
        </technology>
      </project>
    </project>
  </item>
  <item>
    <jobId>3</jobId>
    <jobTitle>Data Engg</jobTitle>
    <jobDescription>Create machine learning apps</jobDescription>
    <experience>
      <experience>IBM</experience>
      <experience>INTEL</experience>
    </experience>
    <project>
      <project>
        <projectName>SCASE</projectName>
        <technology>
          <technology>Python</technology>
          <technology>R</technology>
        </technology>
      </project>
    </project>
  </item>
  <item>
    <jobId>3</jobId>
    <jobTitle>Data Engg</jobTitle>
    <jobDescription>Create machine learning apps</jobDescription>
    <experience>
      <experience>IBM</experience>
      <experience>INTEL</experience>
    </experience>
    <project>
      <project>
        <projectName>SCASE</projectName>
        <technology>
          <technology>Python</technology>
          <technology>R</technology>
        </technology>
      </project>
    </project>
  </item>
  <item>
    <jobId>4</jobId>
    <jobTitle>QA Tester</jobTitle>
    <jobDescription>To develop andriod application</jobDescription>
    <experience>
      <experience>RRD</experience>
      <experience>ApD</experience>
      <experience>MobileIron</experience>
    </experience>
    <project>
      <project>
        <projectName>Eccc</projectName>
        <technology>
          <technology>Selenium</technology>
          <technology>Robot</technology>
        </technology>
      </project>
    </project>
  </item>
  <item>
    <jobId>27</jobId>
    <jobTitle>Data Engg</jobTitle>
    <jobDescription>Create machine learning apps</jobDescription>
    <experience>
      <experience>IBM</experience>
      <experience>INTEL</experience>
    </experience>
    <project>
      <project>
        <projectName>SCASE</projectName>
        <technology>
          <technology>Python</technology>
          <technology>R</technology>
        </technology>
      </project>
    </project>
  </item>
  <item>
    <jobId>276</jobId>
    <jobTitle>QA Tester</jobTitle>
    <jobDescription>To develop andriod application</jobDescription>
    <experience>
      <experience>RRD</experience>
      <experience>ApD</experience>
      <experience>MobileIron</experience>
    </experience>
    <project>
      <project>
        <projectName>Eccc</projectName>
        <technology>
          <technology>Selenium</technology>
          <technology>Robot</technology>
        </technology>
      </project>
    </project>
  </item>
  <item>
    <jobId>3</jobId>
    <jobTitle>Data Engg</jobTitle>
    <jobDescription>Create machine learning apps</jobDescription>
    <experience>
      <experience>IBM</experience>
      <experience>INTEL</experience>
    </experience>
    <project>
      <project>
        <projectName>SCASE</projectName>
        <technology>
          <technology>Python</technology>
          <technology>R</technology>
        </technology>
      </project>
    </project>
  </item>
  <item>
    <jobId>47</jobId>
    <jobTitle>LOS</jobTitle>
    <jobDescription>SOL</jobDescription>
    <experience>
      <experience>Nothing</experience>
    </experience>
    <project/>
  </item>
  <item>
    <jobId>99</jobId>
    <jobTitle>LOS</jobTitle>
    <jobDescription>SOL</jobDescription>
    <experience>
      <experience>Nothing</experience>
    </experience>
    <project/>
  </item>
  <item>
    <jobId>49</jobId>
    <jobTitle>LOS</jobTitle>
    <jobDescription>SOL</jobDescription>
    <experience>
      <experience>Nothing</experience>
    </experience>
    <project/>
  </item>
  <item>
    <jobId>99</jobId>
    <jobTitle>LOS</jobTitle>
    <jobDescription>SOL</jobDescription>
    <experience>
      <experience>Nothing</experience>
    </experience>
    <project/>
  </item>
  <item>
    <jobId>80</jobId>
    <jobTitle>LOS</jobTitle>
    <jobDescription>SOL</jobDescription>
    <experience>
      <experience>Nothing</experience>
    </experience>
    <project/>
  </item>
  <item>
    <jobId>0</jobId>
    <jobTitle>LOS</jobTitle>
    <jobDescription>SOL</jobDescription>
    <experience>
      <experience>Nothing</experience>
    </experience>
    <project/>
  </item>
  <item>
    <jobId>0</jobId>
    <jobTitle>LOS</jobTitle>
    <jobDescription>SOL</jobDescription>
    <experience>
      <experience>Nothing</experience>
    </experience>
    <project/>
  </item>
  <item>
    <jobId>0</jobId>
    <jobTitle>LOS</jobTitle>
    <jobDescription>SOL</jobDescription>
    <experience>
      <experience>Nothing</experience>
    </experience>
    <project/>
  </item>
  <item>
    <jobId>45</jobId>
    <jobTitle>QA Tester</jobTitle>
    <jobDescription>Finding bugs</jobDescription>
    <experience>
      <experience>Nothing</experience>
    </experience>
    <project/>
  </item>
  <item>
    <jobId>64</jobId>
    <jobTitle>QA Tester</jobTitle>
    <jobDescription>Finding bugs</jobDescription>
    <experience>
      <experience>Nothing</experience>
    </experience>
    <project/>
  </item>
  <item>
    <jobId>38</jobId>
    <jobTitle>QA Tester</jobTitle>
    <jobDescription>Finding bugs</jobDescription>
    <experience>
      <experience>Nothing</experience>
    </experience>
    <project/>
  </item>
  <item>
    <jobId>85</jobId>
    <jobTitle>LOS</jobTitle>
    <jobDescription>SOL</jobDescription>
    <experience>
      <experience>Nothing</experience>
    </experience>
    <project/>
  </item>
  <item>
    <jobId>9</jobId>
    <jobTitle>QA Tester</jobTitle>
    <jobDescription>Finding bugs</jobDescription>
    <experience>
      <experience>Nothing</experience>
    </experience>
    <project/>
  </item>
  <item>
    <jobId>85</jobId>
    <jobTitle>LOS</jobTitle>
    <jobDescription>SOL</jobDescription>
    <experience>
      <experience>Nothing</experience>
    </experience>
    <project/>
  </item>
  <item>
    <jobId>36</jobId>
    <jobTitle>LOS</jobTitle>
    <jobDescription>SOL</jobDescription>
    <experience>
      <experience>Nothing</experience>
    </experience>
    <project/>
  </item>
  <item>
    <jobId>41</jobId>
    <jobTitle>QA Tester</jobTitle>
    <jobDescription>Finding bugs</jobDescription>
    <experience>
      <experience>Nothing</experience>
    </experience>
    <project/>
  </item>
  <item>
    <jobId>42</jobId>
    <jobTitle>LOS</jobTitle>
    <jobDescription>SOL</jobDescription>
    <experience>
      <experience>Nothing</experience>
    </experience>
    <project/>
  </item>
  <item>
    <jobId>69</jobId>
    <jobTitle>LOS</jobTitle>
    <jobDescription>SOL</jobDescription>
    <experience>
      <experience>Nothing</experience>
    </experience>
    <project/>
  </item>
  <item>
    <jobId>13</jobId>
    <jobTitle>LOS</jobTitle>
    <jobDescription>SOL</jobDescription>
    <experience>
      <experience>Nothing</experience>
    </experience>
    <project/>
  </item>
  <item>
    <jobId>15</jobId>
    <jobTitle>LOS</jobTitle>
    <jobDescription>To develop andriod application and web application</jobDescription>
    <experience>
      <experience>Nothing</experience>
    </experience>
    <project/>
  </item>
  <item>
    <jobId>19</jobId>
    <jobTitle>LOS</jobTitle>
    <jobDescription>To develop andriod application and web application</jobDescription>
    <experience>
      <experience>Nothing</experience>
    </experience>
    <project/>
  </item>
  <item>
    <jobId>92</jobId>
    <jobTitle>Software Engg - 2</jobTitle>
    <jobDescription>To develop andriod application and web application</jobDescription>
    <experience>
      <experience>Nothing</experience>
    </experience>
    <project/>
  </item>
  <item>
    <jobId>54</jobId>
    <jobTitle>LOS</jobTitle>
    <jobDescription>SOL</jobDescription>
    <experience>
      <experience>Nothing</experience>
    </experience>
    <project/>
  </item>
  <item>
    <jobId>90</jobId>
    <jobTitle>Software Engg - 2</jobTitle>
    <jobDescription>To develop andriod application and web application</jobDescription>
    <experience>
      <experience>Nothing</experience>
    </experience>
    <project/>
  </item>
  <item>
    <jobId>38</jobId>
    <jobTitle>LOS</jobTitle>
    <jobDescription>SOL</jobDescription>
    <experience>
      <experience>Nothing</experience>
    </experience>
    <project/>
  </item>
  <item>
    <jobId>5</jobId>
    <jobTitle>Software Engg - 2</jobTitle>
    <jobDescription>To develop andriod application</jobDescription>
    <experience>
      <experience>Google</experience>
      <experience>Apple</experience>
      <experience>Mobile Iron</experience>
      <experience>Google</experience>
    </experience>
    <project>
      <project>
        <projectName>Movie App</projectName>
        <technology>
          <technology>Kotlin</technology>
          <technology>SQL Lite</technology>
          <technology>Gradle</technology>
          <technology>Jenkins</technology>
        </technology>
      </project>
    </project>
  </item>
  <item>
    <jobId>623</jobId>
    <jobTitle>Data Engg</jobTitle>
    <jobDescription>Create machine learning apps</jobDescription>
    <experience>
      <experience>IBM</experience>
      <experience>INTEL</experience>
    </experience>
    <project>
      <project>
        <projectName>SCASE</projectName>
        <technology>
          <technology>Python</technology>
          <technology>R</technology>
        </technology>
      </project>
    </project>
  </item>
  <item>
    <jobId>3</jobId>
    <jobTitle>Data Engg</jobTitle>
    <jobDescription>Create machine learning apps</jobDescription>
    <experience>
      <experience>IBM</experience>
      <experience>INTEL</experience>
    </experience>
    <project>
      <project>
        <projectName>SCASE</projectName>
        <technology>
          <technology>Python</technology>
          <technology>R</technology>
        </technology>
      </project>
    </project>
  </item>
  <item>
    <jobId>4</jobId>
    <jobTitle>QA Tester</jobTitle>
    <jobDescription>To develop andriod application</jobDescription>
    <experience>
      <experience>RRD</experience>
      <experience>ApD</experience>
      <experience>MobileIron</experience>
    </experience>
    <project>
      <project>
        <projectName>Eccc</projectName>
        <technology>
          <technology>Selenium</technology>
          <technology>Robot</technology>
        </technology>
      </project>
    </project>
  </item>
  <item>
    <jobId>345</jobId>
    <jobTitle>QA Tester</jobTitle>
    <jobDescription>To develop andriod application</jobDescription>
    <experience>
      <experience>RRD</experience>
      <experience>ApD</experience>
      <experience>MobileIron</experience>
    </experience>
    <project>
      <project>
        <projectName>Eccc</projectName>
        <technology>
          <technology>Selenium</technology>
          <technology>Robot</technology>
        </technology>
      </project>
    </project>
  </item>
  <item>
    <jobId>7</jobId>
    <jobTitle>Software Engg</jobTitle>
    <jobDescription>To develop andriod application</jobDescription>
    <experience>
      <experience>Google</experience>
      <experience>Apple</experience>
      <experience>Mobile Iron</experience>
      <experience>Subex</experience>
    </experience>
    <project>
      <project>
        <projectName>Movie App</projectName>
        <technology>
          <technology>Kotlin</technology>
          <technology>SQL Lite</technology>
          <technology>Gradle</technology>
          <technology>Jenkins</technology>
        </technology>
      </project>
    </project>
  </item>
  <item>
    <jobId>7</jobId>
    <jobTitle>Software Engg</jobTitle>
    <jobDescription>To develop andriod application</jobDescription>
    <experience>
      <experience>Google</experience>
      <experience>Apple</experience>
      <experience>Mobile Iron</experience>
      <experience>Subex</experience>
    </experience>
    <project>
      <project>
        <projectName>Movie App</projectName>
        <technology>
          <technology>Kotlin</technology>
          <technology>SQL Lite</technology>
          <technology>Gradle</technology>
          <technology>Jenkins</technology>
        </technology>
      </project>
    </project>
  </item>
  <item>
    <jobId>50</jobId>
    <jobTitle>Software Engg - 2</jobTitle>
    <jobDescription>To develop andriod application</jobDescription>
    <experience>
      <experience>Google</experience>
      <experience>Apple</experience>
      <experience>Mobile Iron</experience>
      <experience>Google</experience>
    </experience>
    <project>
      <project>
        <projectName>Movie App</projectName>
        <technology>
          <technology>Kotlin</technology>
          <technology>SQL Lite</technology>
          <technology>Gradle</technology>
          <technology>Jenkins</technology>
        </technology>
      </project>
    </project>
  </item>
  <item>
    <jobId>43</jobId>
    <jobTitle>Software Engg</jobTitle>
    <jobDescription>To develop andriod application</jobDescription>
    <experience>
      <experience>Google</experience>
      <experience>Apple</experience>
      <experience>Mobile Iron</experience>
      <experience>Subex</experience>
    </experience>
    <project>
      <project>
        <projectName>Movie App</projectName>
        <technology>
          <technology>Kotlin</technology>
          <technology>SQL Lite</technology>
          <technology>Gradle</technology>
          <technology>Jenkins</technology>
        </technology>
      </project>
    </project>
  </item>
  <item>
    <jobId>19</jobId>
    <jobTitle>LOS</jobTitle>
    <jobDescription>SOL</jobDescription>
    <experience>
      <experience>Nothing</experience>
    </experience>
    <project/>
  </item>
  <item>
    <jobId>7</jobId>
    <jobTitle>LOS</jobTitle>
    <jobDescription>SOL</jobDescription>
    <experience>
      <experience>Nothing</experience>
    </experience>
    <project/>
  </item>
  <item>
    <jobId>3</jobId>
    <jobTitle>Data Engg</jobTitle>
    <jobDescription>Create machine learning apps</jobDescription>
    <experience>
      <experience>IBM</experience>
      <experience>INTEL</experience>
    </experience>
    <project>
      <project>
        <projectName>SCASE</projectName>
        <technology>
          <technology>Python</technology>
          <technology>R</technology>
        </technology>
      </project>
    </project>
  </item>
  <item>
    <jobId>5</jobId>
    <jobTitle>Software Engg - 2</jobTitle>
    <jobDescription>To develop andriod application</jobDescription>
    <experience>
      <experience>Google</experience>
      <experience>Apple</experience>
      <experience>Mobile Iron</experience>
      <experience>Google</experience>
    </experience>
    <project>
      <project>
        <projectName>Movie App</projectName>
        <technology>
          <technology>Kotlin</technology>
          <technology>SQL Lite</technology>
          <technology>Gradle</technology>
          <technology>Jenkins</technology>
        </technology>
      </project>
    </project>
  </item>
  <item>
    <jobId>4</jobId>
    <jobTitle>QA Tester</jobTitle>
    <jobDescription>To develop andriod application</jobDescription>
    <experience>
      <experience>RRD</experience>
      <experience>ApD</experience>
      <experience>MobileIron</experience>
    </experience>
    <project>
      <project>
        <projectName>Eccc</projectName>
        <technology>
          <technology>Selenium</technology>
          <technology>Robot</technology>
        </technology>
      </project>
    </project>
  </item>
  <item>
    <jobId>135</jobId>
    <jobTitle>Data Engg</jobTitle>
    <jobDescription>Create machine learning apps</jobDescription>
    <experience>
      <experience>IBM</experience>
      <experience>INTEL</experience>
    </experience>
    <project>
      <project>
        <projectName>SCASE</projectName>
        <technology>
          <technology>Python</technology>
          <technology>R</technology>
        </technology>
      </project>
    </project>
  </item>
  <item>
    <jobId>647</jobId>
    <jobTitle>QA Tester</jobTitle>
    <jobDescription>To develop andriod application</jobDescription>
    <experience>
      <experience>RRD</experience>
      <experience>ApD</experience>
      <experience>MobileIron</experience>
    </experience>
    <project>
      <project>
        <projectName>Eccc</projectName>
        <technology>
          <technology>Selenium</technology>
          <technology>Robot</technology>
        </technology>
      </project>
    </project>
  </item>
  <item>
    <jobId>7</jobId>
    <jobTitle>Software Engg</jobTitle>
    <jobDescription>To develop andriod application</jobDescription>
    <experience>
      <experience>Google</experience>
      <experience>Apple</experience>
      <experience>Mobile Iron</experience>
      <experience>Subex</experience>
    </experience>
    <project>
      <project>
        <projectName>Movie App</projectName>
        <technology>
          <technology>Kotlin</technology>
          <technology>SQL Lite</technology>
          <technology>Gradle</technology>
          <technology>Jenkins</technology>
        </technology>
      </project>
    </project>
  </item>
  <item>
    <jobId>7</jobId>
    <jobTitle>Software Engg</jobTitle>
    <jobDescription>To develop andriod application</jobDescription>
    <experience>
      <experience>Google</experience>
      <experience>Apple</experience>
      <experience>Mobile Iron</experience>
      <experience>Subex</experience>
    </experience>
    <project>
      <project>
        <projectName>Movie App</projectName>
        <technology>
          <technology>Kotlin</technology>
          <technology>SQL Lite</technology>
          <technology>Gradle</technology>
          <technology>Jenkins</technology>
        </technology>
      </project>
    </project>
  </item>
  <item>
    <jobId>36</jobId>
    <jobTitle>Software Engg - 2</jobTitle>
    <jobDescription>To develop andriod application</jobDescription>
    <experience>
      <experience>Google</experience>
      <experience>Apple</experience>
      <experience>Mobile Iron</experience>
      <experience>Google</experience>
    </experience>
    <project>
      <project>
        <projectName>Movie App</projectName>
        <technology>
          <technology>Kotlin</technology>
          <technology>SQL Lite</technology>
          <technology>Gradle</technology>
          <technology>Jenkins</technology>
        </technology>
      </project>
    </project>
  </item>
  <item>
    <jobId>6</jobId>
    <jobTitle>Software Engg</jobTitle>
    <jobDescription>To develop andriod application</jobDescription>
    <experience>
      <experience>Google</experience>
      <experience>Apple</experience>
      <experience>Mobile Iron</experience>
      <experience>Subex</experience>
    </experience>
    <project>
      <project>
        <projectName>Movie App</projectName>
        <technology>
          <technology>Kotlin</technology>
          <technology>SQL Lite</technology>
          <technology>Gradle</technology>
          <technology>Jenkins</technology>
        </technology>
      </project>
    </project>
  </item>
  <item>
    <jobId>40</jobId>
    <jobTitle>LOS</jobTitle>
    <jobDescription>SOL</jobDescription>
    <experience>
      <experience>Nothing</experience>
    </experience>
    <project/>
  </item>
  <item>
    <jobId>59</jobId>
    <jobTitle>LOS</jobTitle>
    <jobDescription>SOL</jobDescription>
    <experience>
      <experience>Nothing</experience>
    </experience>
    <project/>
  </item>
  <item>
    <jobId>80</jobId>
    <jobTitle>LOS</jobTitle>
    <jobDescription>SOL</jobDescription>
    <experience>
      <experience>Nothing</experience>
    </experience>
    <project/>
  </item>
  <item>
    <jobId>4</jobId>
    <jobTitle>LOS</jobTitle>
    <jobDescription>SOL</jobDescription>
    <experience>
      <experience>Nothing</experience>
    </experience>
    <project/>
  </item>
  <item>
    <jobId>33</jobId>
    <jobTitle>LOS</jobTitle>
    <jobDescription>SOL</jobDescription>
    <experience>
      <experience>Nothing</experience>
    </experience>
    <project/>
  </item>
  <item>
    <jobId>70</jobId>
    <jobTitle>Software Engg - 2</jobTitle>
    <jobDescription>To develop andriod application and web application</jobDescription>
    <experience>
      <experience>Nothing</experience>
    </experience>
    <project/>
  </item>
  <item>
    <jobId>40</jobId>
    <jobTitle>LOS</jobTitle>
    <jobDescription>SOL</jobDescription>
    <experience>
      <experience>Nothing</experience>
    </experience>
    <project/>
  </item>
  <item>
    <jobId>32</jobId>
    <jobTitle>LOS</jobTitle>
    <jobDescription>SOL</jobDescription>
    <experience>
      <experience>Nothing</experience>
    </experience>
    <project/>
  </item>
  <item>
    <jobId>370</jobId>
    <jobTitle>IOS</jobTitle>
    <jobDescription>APPLE</jobDescription>
    <experience>
      <experience>Nothing</experience>
    </experience>
    <project/>
  </item>
  <item>
    <jobId>676</jobId>
    <jobTitle>IOS</jobTitle>
    <jobDescription>APPLE</jobDescription>
    <experience>
      <experience>Nothing</experience>
    </experience>
    <project/>
  </item>
  <item>
    <jobId>704</jobId>
    <jobTitle>IOS</jobTitle>
    <jobDescription>APPLE</jobDescription>
    <experience>
      <experience>Nothing</experience>
    </experience>
    <project/>
  </item>
  <item>
    <jobId>9980</jobId>
    <jobTitle>Data Analyst</jobTitle>
    <jobDescription>Develop machine learning models</jobDescription>
    <experience>
      <experience>Nothing</experience>
    </experience>
    <project/>
  </item>
  <item>
    <jobId>9980</jobId>
    <jobTitle>Data Analyst</jobTitle>
    <jobDescription>Develop machine learning models</jobDescription>
    <experience>
      <experience>Nothing</experience>
    </experience>
    <project/>
  </item>
  <item>
    <jobId>3</jobId>
    <jobTitle>Data Engg</jobTitle>
    <jobDescription>Create machine learning apps</jobDescription>
    <experience>
      <experience>IBM</experience>
      <experience>INTEL</experience>
    </experience>
    <project>
      <project>
        <projectName>SCASE</projectName>
        <technology>
          <technology>Python</technology>
          <technology>R</technology>
        </technology>
      </project>
    </project>
  </item>
  <item>
    <jobId>4</jobId>
    <jobTitle>QA Tester</jobTitle>
    <jobDescription>To develop andriod application</jobDescription>
    <experience>
      <experience>RRD</experience>
      <experience>ApD</experience>
      <experience>MobileIron</experience>
    </experience>
    <project>
      <project>
        <projectName>Eccc</projectName>
        <technology>
          <technology>Selenium</technology>
          <technology>Robot</technology>
        </technology>
      </project>
    </project>
  </item>
  <item>
    <jobId>82</jobId>
    <jobTitle>Data Engg</jobTitle>
    <jobDescription>Create machine learning apps</jobDescription>
    <experience>
      <experience>IBM</experience>
      <experience>INTEL</experience>
    </experience>
    <project>
      <project>
        <projectName>SCASE</projectName>
        <technology>
          <technology>Python</technology>
          <technology>R</technology>
        </technology>
      </project>
    </project>
  </item>
  <item>
    <jobId>291</jobId>
    <jobTitle>QA Tester</jobTitle>
    <jobDescription>To develop andriod application</jobDescription>
    <experience>
      <experience>RRD</experience>
      <experience>ApD</experience>
      <experience>MobileIron</experience>
    </experience>
    <project>
      <project>
        <projectName>Eccc</projectName>
        <technology>
          <technology>Selenium</technology>
          <technology>Robot</technology>
        </technology>
      </project>
    </project>
  </item>
  <item>
    <jobId>3</jobId>
    <jobTitle>Data Engg</jobTitle>
    <jobDescription>Create machine learning apps</jobDescription>
    <experience>
      <experience>IBM</experience>
      <experience>INTEL</experience>
    </experience>
    <project>
      <project>
        <projectName>SCASE</projectName>
        <technology>
          <technology>Python</technology>
          <technology>R</technology>
        </technology>
      </project>
    </project>
  </item>
  <item>
    <jobId>3</jobId>
    <jobTitle>Data Engg</jobTitle>
    <jobDescription>Create machine learning apps</jobDescription>
    <experience>
      <experience>IBM</experience>
      <experience>INTEL</experience>
    </experience>
    <project>
      <project>
        <projectName>SCASE</projectName>
        <technology>
          <technology>Python</technology>
          <technology>R</technology>
        </technology>
      </project>
    </project>
  </item>
  <item>
    <jobId>251</jobId>
    <jobTitle>LOS</jobTitle>
    <jobDescription>SOL</jobDescription>
    <experience>
      <experience>Nothing</experience>
    </experience>
    <project/>
  </item>
  <item>
    <jobId>19</jobId>
    <jobTitle>LOS</jobTitle>
    <jobDescription>SOL</jobDescription>
    <experience>
      <experience>Nothing</experience>
    </experience>
    <project/>
  </item>
</List>
 
14:22:59.487 [pool-2-thread-4] DEBUG com.intuit.karate - request:
1 > GET http://localhost:9897/normal/webapi/all
1 > Accept: application/xml
1 > Host: localhost:9897
1 > Connection: Keep-Alive
1 > User-Agent: Apache-HttpClient/4.5.14 (Java/16.0.1)
1 > Accept-Encoding: gzip,deflate


14:22:59.578 [pool-2-thread-4] DEBUG com.intuit.karate - response time in milliseconds: 87
1 < 200
1 < X-Content-Type-Options: nosniff
1 < X-XSS-Protection: 1; mode=block
1 < Cache-Control: no-cache, no-store, max-age=0, must-revalidate
1 < Pragma: no-cache
1 < Expires: 0
1 < X-Frame-Options: DENY
1 < Content-Type: application/xml
1 < Transfer-Encoding: chunked
1 < Date: Thu, 27 Jun 2024 19:22:59 GMT
1 < Keep-Alive: timeout=60
1 < Connection: keep-alive
<List><item><jobId>1</jobId><jobTitle>Software Engg</jobTitle><jobDescription>To develop andriod application</jobDescription><experience><experience>Google</experience><experience>Apple</experience><experience>Mobile Iron</experience></experience><project><project><projectName>Movie App</projectName><technology><technology>Kotlin</technology><technology>SQL Lite</technology><technology>Gradle</technology></technology></project></project></item><item><jobId>3</jobId><jobTitle>Data Engg</jobTitle><jobDescription>Create machine learning apps</jobDescription><experience><experience>IBM</experience><experience>INTEL</experience></experience><project><project><projectName>SCASE</projectName><technology><technology>Python</technology><technology>R</technology></technology></project></project></item><item><jobId>4</jobId><jobTitle>Software Engg - 2</jobTitle><jobDescription>To develop andriod application and web application</jobDescription><experience><experience>RRD</experience><experience>ApD</experience><experience>MobileIron</experience></experience><project><project><projectName>Eccc</projectName><technology><technology>Selenium</technology><technology>Robot</technology></technology></project></project></item><item><jobId>640</jobId><jobTitle>Data Engg</jobTitle><jobDescription>Create machine learning apps</jobDescription><experience><experience>IBM</experience><experience>INTEL</experience></experience><project><project><projectName>SCASE</projectName><technology><technology>Python</technology><technology>R</technology></technology></project></project></item><item><jobId>430</jobId><jobTitle>QA Tester</jobTitle><jobDescription>To develop andriod application</jobDescription><experience><experience>RRD</experience><experience>ApD</experience><experience>MobileIron</experience></experience><project><project><projectName>Eccc</projectName><technology><technology>Selenium</technology><technology>Robot</technology></technology></project></project></item><item><jobId>3</jobId><jobTitle>Data Engg</jobTitle><jobDescription>Create machine learning apps</jobDescription><experience><experience>IBM</experience><experience>INTEL</experience></experience><project><project><projectName>SCASE</projectName><technology><technology>Python</technology><technology>R</technology></technology></project></project></item><item><jobId>3</jobId><jobTitle>Data Engg</jobTitle><jobDescription>Create machine learning apps</jobDescription><experience><experience>IBM</experience><experience>INTEL</experience></experience><project><project><projectName>SCASE</projectName><technology><technology>Python</technology><technology>R</technology></technology></project></project></item><item><jobId>4</jobId><jobTitle>QA Tester</jobTitle><jobDescription>To develop andriod application</jobDescription><experience><experience>RRD</experience><experience>ApD</experience><experience>MobileIron</experience></experience><project><project><projectName>Eccc</projectName><technology><technology>Selenium</technology><technology>Robot</technology></technology></project></project></item><item><jobId>404</jobId><jobTitle>Data Engg</jobTitle><jobDescription>Create machine learning apps</jobDescription><experience><experience>IBM</experience><experience>INTEL</experience></experience><project><project><projectName>SCASE</projectName><technology><technology>Python</technology><technology>R</technology></technology></project></project></item><item><jobId>412</jobId><jobTitle>QA Tester</jobTitle><jobDescription>To develop andriod application</jobDescription><experience><experience>RRD</experience><experience>ApD</experience><experience>MobileIron</experience></experience><project><project><projectName>Eccc</projectName><technology><technology>Selenium</technology><technology>Robot</technology></technology></project></project></item><item><jobId>3</jobId><jobTitle>Data Engg</jobTitle><jobDescription>Create machine learning apps</jobDescription><experience><experience>IBM</experience><experience>INTEL</experience></experience><project><project><projectName>SCASE</projectName><technology><technology>Python</technology><technology>R</technology></technology></project></project></item><item><jobId>3</jobId><jobTitle>Data Engg</jobTitle><jobDescription>Create machine learning apps</jobDescription><experience><experience>IBM</experience><experience>INTEL</experience></experience><project><project><projectName>SCASE</projectName><technology><technology>Python</technology><technology>R</technology></technology></project></project></item><item><jobId>4</jobId><jobTitle>QA Tester</jobTitle><jobDescription>To develop andriod application</jobDescription><experience><experience>RRD</experience><experience>ApD</experience><experience>MobileIron</experience></experience><project><project><projectName>Eccc</projectName><technology><technology>Selenium</technology><technology>Robot</technology></technology></project></project></item><item><jobId>612</jobId><jobTitle>Data Engg</jobTitle><jobDescription>Create machine learning apps</jobDescription><experience><experience>IBM</experience><experience>INTEL</experience></experience><project><project><projectName>SCASE</projectName><technology><technology>Python</technology><technology>R</technology></technology></project></project></item><item><jobId>124</jobId><jobTitle>QA Tester</jobTitle><jobDescription>To develop andriod application</jobDescription><experience><experience>RRD</experience><experience>ApD</experience><experience>MobileIron</experience></experience><project><project><projectName>Eccc</projectName><technology><technology>Selenium</technology><technology>Robot</technology></technology></project></project></item><item><jobId>3</jobId><jobTitle>Data Engg</jobTitle><jobDescription>Create machine learning apps</jobDescription><experience><experience>IBM</experience><experience>INTEL</experience></experience><project><project><projectName>SCASE</projectName><technology><technology>Python</technology><technology>R</technology></technology></project></project></item><item><jobId>3</jobId><jobTitle>Data Engg</jobTitle><jobDescription>Create machine learning apps</jobDescription><experience><experience>IBM</experience><experience>INTEL</experience></experience><project><project><projectName>SCASE</projectName><technology><technology>Python</technology><technology>R</technology></technology></project></project></item><item><jobId>4</jobId><jobTitle>QA Tester</jobTitle><jobDescription>To develop andriod application</jobDescription><experience><experience>RRD</experience><experience>ApD</experience><experience>MobileIron</experience></experience><project><project><projectName>Eccc</projectName><technology><technology>Selenium</technology><technology>Robot</technology></technology></project></project></item><item><jobId>27</jobId><jobTitle>Data Engg</jobTitle><jobDescription>Create machine learning apps</jobDescription><experience><experience>IBM</experience><experience>INTEL</experience></experience><project><project><projectName>SCASE</projectName><technology><technology>Python</technology><technology>R</technology></technology></project></project></item><item><jobId>276</jobId><jobTitle>QA Tester</jobTitle><jobDescription>To develop andriod application</jobDescription><experience><experience>RRD</experience><experience>ApD</experience><experience>MobileIron</experience></experience><project><project><projectName>Eccc</projectName><technology><technology>Selenium</technology><technology>Robot</technology></technology></project></project></item><item><jobId>3</jobId><jobTitle>Data Engg</jobTitle><jobDescription>Create machine learning apps</jobDescription><experience><experience>IBM</experience><experience>INTEL</experience></experience><project><project><projectName>SCASE</projectName><technology><technology>Python</technology><technology>R</technology></technology></project></project></item><item><jobId>47</jobId><jobTitle>LOS</jobTitle><jobDescription>SOL</jobDescription><experience><experience>Nothing</experience></experience><project/></item><item><jobId>99</jobId><jobTitle>LOS</jobTitle><jobDescription>SOL</jobDescription><experience><experience>Nothing</experience></experience><project/></item><item><jobId>49</jobId><jobTitle>LOS</jobTitle><jobDescription>SOL</jobDescription><experience><experience>Nothing</experience></experience><project/></item><item><jobId>99</jobId><jobTitle>LOS</jobTitle><jobDescription>SOL</jobDescription><experience><experience>Nothing</experience></experience><project/></item><item><jobId>80</jobId><jobTitle>LOS</jobTitle><jobDescription>SOL</jobDescription><experience><experience>Nothing</experience></experience><project/></item><item><jobId>0</jobId><jobTitle>LOS</jobTitle><jobDescription>SOL</jobDescription><experience><experience>Nothing</experience></experience><project/></item><item><jobId>0</jobId><jobTitle>LOS</jobTitle><jobDescription>SOL</jobDescription><experience><experience>Nothing</experience></experience><project/></item><item><jobId>0</jobId><jobTitle>LOS</jobTitle><jobDescription>SOL</jobDescription><experience><experience>Nothing</experience></experience><project/></item><item><jobId>45</jobId><jobTitle>QA Tester</jobTitle><jobDescription>Finding bugs</jobDescription><experience><experience>Nothing</experience></experience><project/></item><item><jobId>64</jobId><jobTitle>QA Tester</jobTitle><jobDescription>Finding bugs</jobDescription><experience><experience>Nothing</experience></experience><project/></item><item><jobId>38</jobId><jobTitle>QA Tester</jobTitle><jobDescription>Finding bugs</jobDescription><experience><experience>Nothing</experience></experience><project/></item><item><jobId>85</jobId><jobTitle>LOS</jobTitle><jobDescription>SOL</jobDescription><experience><experience>Nothing</experience></experience><project/></item><item><jobId>9</jobId><jobTitle>QA Tester</jobTitle><jobDescription>Finding bugs</jobDescription><experience><experience>Nothing</experience></experience><project/></item><item><jobId>85</jobId><jobTitle>LOS</jobTitle><jobDescription>SOL</jobDescription><experience><experience>Nothing</experience></experience><project/></item><item><jobId>36</jobId><jobTitle>LOS</jobTitle><jobDescription>SOL</jobDescription><experience><experience>Nothing</experience></experience><project/></item><item><jobId>41</jobId><jobTitle>QA Tester</jobTitle><jobDescription>Finding bugs</jobDescription><experience><experience>Nothing</experience></experience><project/></item><item><jobId>42</jobId><jobTitle>LOS</jobTitle><jobDescription>SOL</jobDescription><experience><experience>Nothing</experience></experience><project/></item><item><jobId>69</jobId><jobTitle>LOS</jobTitle><jobDescription>SOL</jobDescription><experience><experience>Nothing</experience></experience><project/></item><item><jobId>13</jobId><jobTitle>LOS</jobTitle><jobDescription>SOL</jobDescription><experience><experience>Nothing</experience></experience><project/></item><item><jobId>15</jobId><jobTitle>LOS</jobTitle><jobDescription>To develop andriod application and web application</jobDescription><experience><experience>Nothing</experience></experience><project/></item><item><jobId>19</jobId><jobTitle>LOS</jobTitle><jobDescription>To develop andriod application and web application</jobDescription><experience><experience>Nothing</experience></experience><project/></item><item><jobId>92</jobId><jobTitle>Software Engg - 2</jobTitle><jobDescription>To develop andriod application and web application</jobDescription><experience><experience>Nothing</experience></experience><project/></item><item><jobId>54</jobId><jobTitle>LOS</jobTitle><jobDescription>SOL</jobDescription><experience><experience>Nothing</experience></experience><project/></item><item><jobId>90</jobId><jobTitle>Software Engg - 2</jobTitle><jobDescription>To develop andriod application and web application</jobDescription><experience><experience>Nothing</experience></experience><project/></item><item><jobId>38</jobId><jobTitle>LOS</jobTitle><jobDescription>SOL</jobDescription><experience><experience>Nothing</experience></experience><project/></item><item><jobId>5</jobId><jobTitle>Software Engg - 2</jobTitle><jobDescription>To develop andriod application</jobDescription><experience><experience>Google</experience><experience>Apple</experience><experience>Mobile Iron</experience><experience>Google</experience></experience><project><project><projectName>Movie App</projectName><technology><technology>Kotlin</technology><technology>SQL Lite</technology><technology>Gradle</technology><technology>Jenkins</technology></technology></project></project></item><item><jobId>623</jobId><jobTitle>Data Engg</jobTitle><jobDescription>Create machine learning apps</jobDescription><experience><experience>IBM</experience><experience>INTEL</experience></experience><project><project><projectName>SCASE</projectName><technology><technology>Python</technology><technology>R</technology></technology></project></project></item><item><jobId>3</jobId><jobTitle>Data Engg</jobTitle><jobDescription>Create machine learning apps</jobDescription><experience><experience>IBM</experience><experience>INTEL</experience></experience><project><project><projectName>SCASE</projectName><technology><technology>Python</technology><technology>R</technology></technology></project></project></item><item><jobId>4</jobId><jobTitle>QA Tester</jobTitle><jobDescription>To develop andriod application</jobDescription><experience><experience>RRD</experience><experience>ApD</experience><experience>MobileIron</experience></experience><project><project><projectName>Eccc</projectName><technology><technology>Selenium</technology><technology>Robot</technology></technology></project></project></item><item><jobId>345</jobId><jobTitle>QA Tester</jobTitle><jobDescription>To develop andriod application</jobDescription><experience><experience>RRD</experience><experience>ApD</experience><experience>MobileIron</experience></experience><project><project><projectName>Eccc</projectName><technology><technology>Selenium</technology><technology>Robot</technology></technology></project></project></item><item><jobId>7</jobId><jobTitle>Software Engg</jobTitle><jobDescription>To develop andriod application</jobDescription><experience><experience>Google</experience><experience>Apple</experience><experience>Mobile Iron</experience><experience>Subex</experience></experience><project><project><projectName>Movie App</projectName><technology><technology>Kotlin</technology><technology>SQL Lite</technology><technology>Gradle</technology><technology>Jenkins</technology></technology></project></project></item><item><jobId>7</jobId><jobTitle>Software Engg</jobTitle><jobDescription>To develop andriod application</jobDescription><experience><experience>Google</experience><experience>Apple</experience><experience>Mobile Iron</experience><experience>Subex</experience></experience><project><project><projectName>Movie App</projectName><technology><technology>Kotlin</technology><technology>SQL Lite</technology><technology>Gradle</technology><technology>Jenkins</technology></technology></project></project></item><item><jobId>50</jobId><jobTitle>Software Engg - 2</jobTitle><jobDescription>To develop andriod application</jobDescription><experience><experience>Google</experience><experience>Apple</experience><experience>Mobile Iron</experience><experience>Google</experience></experience><project><project><projectName>Movie App</projectName><technology><technology>Kotlin</technology><technology>SQL Lite</technology><technology>Gradle</technology><technology>Jenkins</technology></technology></project></project></item><item><jobId>43</jobId><jobTitle>Software Engg</jobTitle><jobDescription>To develop andriod application</jobDescription><experience><experience>Google</experience><experience>Apple</experience><experience>Mobile Iron</experience><experience>Subex</experience></experience><project><project><projectName>Movie App</projectName><technology><technology>Kotlin</technology><technology>SQL Lite</technology><technology>Gradle</technology><technology>Jenkins</technology></technology></project></project></item><item><jobId>19</jobId><jobTitle>LOS</jobTitle><jobDescription>SOL</jobDescription><experience><experience>Nothing</experience></experience><project/></item><item><jobId>7</jobId><jobTitle>LOS</jobTitle><jobDescription>SOL</jobDescription><experience><experience>Nothing</experience></experience><project/></item><item><jobId>3</jobId><jobTitle>Data Engg</jobTitle><jobDescription>Create machine learning apps</jobDescription><experience><experience>IBM</experience><experience>INTEL</experience></experience><project><project><projectName>SCASE</projectName><technology><technology>Python</technology><technology>R</technology></technology></project></project></item><item><jobId>5</jobId><jobTitle>Software Engg - 2</jobTitle><jobDescription>To develop andriod application</jobDescription><experience><experience>Google</experience><experience>Apple</experience><experience>Mobile Iron</experience><experience>Google</experience></experience><project><project><projectName>Movie App</projectName><technology><technology>Kotlin</technology><technology>SQL Lite</technology><technology>Gradle</technology><technology>Jenkins</technology></technology></project></project></item><item><jobId>4</jobId><jobTitle>QA Tester</jobTitle><jobDescription>To develop andriod application</jobDescription><experience><experience>RRD</experience><experience>ApD</experience><experience>MobileIron</experience></experience><project><project><projectName>Eccc</projectName><technology><technology>Selenium</technology><technology>Robot</technology></technology></project></project></item><item><jobId>135</jobId><jobTitle>Data Engg</jobTitle><jobDescription>Create machine learning apps</jobDescription><experience><experience>IBM</experience><experience>INTEL</experience></experience><project><project><projectName>SCASE</projectName><technology><technology>Python</technology><technology>R</technology></technology></project></project></item><item><jobId>647</jobId><jobTitle>QA Tester</jobTitle><jobDescription>To develop andriod application</jobDescription><experience><experience>RRD</experience><experience>ApD</experience><experience>MobileIron</experience></experience><project><project><projectName>Eccc</projectName><technology><technology>Selenium</technology><technology>Robot</technology></technology></project></project></item><item><jobId>7</jobId><jobTitle>Software Engg</jobTitle><jobDescription>To develop andriod application</jobDescription><experience><experience>Google</experience><experience>Apple</experience><experience>Mobile Iron</experience><experience>Subex</experience></experience><project><project><projectName>Movie App</projectName><technology><technology>Kotlin</technology><technology>SQL Lite</technology><technology>Gradle</technology><technology>Jenkins</technology></technology></project></project></item><item><jobId>7</jobId><jobTitle>Software Engg</jobTitle><jobDescription>To develop andriod application</jobDescription><experience><experience>Google</experience><experience>Apple</experience><experience>Mobile Iron</experience><experience>Subex</experience></experience><project><project><projectName>Movie App</projectName><technology><technology>Kotlin</technology><technology>SQL Lite</technology><technology>Gradle</technology><technology>Jenkins</technology></technology></project></project></item><item><jobId>36</jobId><jobTitle>Software Engg - 2</jobTitle><jobDescription>To develop andriod application</jobDescription><experience><experience>Google</experience><experience>Apple</experience><experience>Mobile Iron</experience><experience>Google</experience></experience><project><project><projectName>Movie App</projectName><technology><technology>Kotlin</technology><technology>SQL Lite</technology><technology>Gradle</technology><technology>Jenkins</technology></technology></project></project></item><item><jobId>6</jobId><jobTitle>Software Engg</jobTitle><jobDescription>To develop andriod application</jobDescription><experience><experience>Google</experience><experience>Apple</experience><experience>Mobile Iron</experience><experience>Subex</experience></experience><project><project><projectName>Movie App</projectName><technology><technology>Kotlin</technology><technology>SQL Lite</technology><technology>Gradle</technology><technology>Jenkins</technology></technology></project></project></item><item><jobId>40</jobId><jobTitle>LOS</jobTitle><jobDescription>SOL</jobDescription><experience><experience>Nothing</experience></experience><project/></item><item><jobId>59</jobId><jobTitle>LOS</jobTitle><jobDescription>SOL</jobDescription><experience><experience>Nothing</experience></experience><project/></item><item><jobId>80</jobId><jobTitle>LOS</jobTitle><jobDescription>SOL</jobDescription><experience><experience>Nothing</experience></experience><project/></item><item><jobId>4</jobId><jobTitle>LOS</jobTitle><jobDescription>SOL</jobDescription><experience><experience>Nothing</experience></experience><project/></item><item><jobId>33</jobId><jobTitle>LOS</jobTitle><jobDescription>SOL</jobDescription><experience><experience>Nothing</experience></experience><project/></item><item><jobId>70</jobId><jobTitle>Software Engg - 2</jobTitle><jobDescription>To develop andriod application and web application</jobDescription><experience><experience>Nothing</experience></experience><project/></item><item><jobId>40</jobId><jobTitle>LOS</jobTitle><jobDescription>SOL</jobDescription><experience><experience>Nothing</experience></experience><project/></item><item><jobId>32</jobId><jobTitle>LOS</jobTitle><jobDescription>SOL</jobDescription><experience><experience>Nothing</experience></experience><project/></item><item><jobId>370</jobId><jobTitle>IOS</jobTitle><jobDescription>APPLE</jobDescription><experience><experience>Nothing</experience></experience><project/></item><item><jobId>676</jobId><jobTitle>IOS</jobTitle><jobDescription>APPLE</jobDescription><experience><experience>Nothing</experience></experience><project/></item><item><jobId>704</jobId><jobTitle>IOS</jobTitle><jobDescription>APPLE</jobDescription><experience><experience>Nothing</experience></experience><project/></item><item><jobId>9980</jobId><jobTitle>Data Analyst</jobTitle><jobDescription>Develop machine learning models</jobDescription><experience><experience>Nothing</experience></experience><project/></item><item><jobId>9980</jobId><jobTitle>Data Analyst</jobTitle><jobDescription>Develop machine learning models</jobDescription><experience><experience>Nothing</experience></experience><project/></item><item><jobId>3</jobId><jobTitle>Data Engg</jobTitle><jobDescription>Create machine learning apps</jobDescription><experience><experience>IBM</experience><experience>INTEL</experience></experience><project><project><projectName>SCASE</projectName><technology><technology>Python</technology><technology>R</technology></technology></project></project></item><item><jobId>4</jobId><jobTitle>QA Tester</jobTitle><jobDescription>To develop andriod application</jobDescription><experience><experience>RRD</experience><experience>ApD</experience><experience>MobileIron</experience></experience><project><project><projectName>Eccc</projectName><technology><technology>Selenium</technology><technology>Robot</technology></technology></project></project></item><item><jobId>82</jobId><jobTitle>Data Engg</jobTitle><jobDescription>Create machine learning apps</jobDescription><experience><experience>IBM</experience><experience>INTEL</experience></experience><project><project><projectName>SCASE</projectName><technology><technology>Python</technology><technology>R</technology></technology></project></project></item><item><jobId>291</jobId><jobTitle>QA Tester</jobTitle><jobDescription>To develop andriod application</jobDescription><experience><experience>RRD</experience><experience>ApD</experience><experience>MobileIron</experience></experience><project><project><projectName>Eccc</projectName><technology><technology>Selenium</technology><technology>Robot</technology></technology></project></project></item><item><jobId>3</jobId><jobTitle>Data Engg</jobTitle><jobDescription>Create machine learning apps</jobDescription><experience><experience>IBM</experience><experience>INTEL</experience></experience><project><project><projectName>SCASE</projectName><technology><technology>Python</technology><technology>R</technology></technology></project></project></item><item><jobId>3</jobId><jobTitle>Data Engg</jobTitle><jobDescription>Create machine learning apps</jobDescription><experience><experience>IBM</experience><experience>INTEL</experience></experience><project><project><projectName>SCASE</projectName><technology><technology>Python</technology><technology>R</technology></technology></project></project></item><item><jobId>251</jobId><jobTitle>LOS</jobTitle><jobDescription>SOL</jobDescription><experience><experience>Nothing</experience></experience><project/></item><item><jobId>19</jobId><jobTitle>LOS</jobTitle><jobDescription>SOL</jobDescription><experience><experience>Nothing</experience></experience><project/></item></List>

14:22:59.613 [pool-2-thread-3] INFO  com.intuit.karate - karate.env system property was: null 
14:22:59.682 [pool-2-thread-4] INFO  com.intuit.karate - [print] <List>
  <item>
    <jobId>1</jobId>
    <jobTitle>Software Engg</jobTitle>
    <jobDescription>To develop andriod application</jobDescription>
    <experience>
      <experience>Google</experience>
      <experience>Apple</experience>
      <experience>Mobile Iron</experience>
    </experience>
    <project>
      <project>
        <projectName>Movie App</projectName>
        <technology>
          <technology>Kotlin</technology>
          <technology>SQL Lite</technology>
          <technology>Gradle</technology>
        </technology>
      </project>
    </project>
  </item>
  <item>
    <jobId>3</jobId>
    <jobTitle>Data Engg</jobTitle>
    <jobDescription>Create machine learning apps</jobDescription>
    <experience>
      <experience>IBM</experience>
      <experience>INTEL</experience>
    </experience>
    <project>
      <project>
        <projectName>SCASE</projectName>
        <technology>
          <technology>Python</technology>
          <technology>R</technology>
        </technology>
      </project>
    </project>
  </item>
  <item>
    <jobId>4</jobId>
    <jobTitle>Software Engg - 2</jobTitle>
    <jobDescription>To develop andriod application and web application</jobDescription>
    <experience>
      <experience>RRD</experience>
      <experience>ApD</experience>
      <experience>MobileIron</experience>
    </experience>
    <project>
      <project>
        <projectName>Eccc</projectName>
        <technology>
          <technology>Selenium</technology>
          <technology>Robot</technology>
        </technology>
      </project>
    </project>
  </item>
  <item>
    <jobId>640</jobId>
    <jobTitle>Data Engg</jobTitle>
    <jobDescription>Create machine learning apps</jobDescription>
    <experience>
      <experience>IBM</experience>
      <experience>INTEL</experience>
    </experience>
    <project>
      <project>
        <projectName>SCASE</projectName>
        <technology>
          <technology>Python</technology>
          <technology>R</technology>
        </technology>
      </project>
    </project>
  </item>
  <item>
    <jobId>430</jobId>
    <jobTitle>QA Tester</jobTitle>
    <jobDescription>To develop andriod application</jobDescription>
    <experience>
      <experience>RRD</experience>
      <experience>ApD</experience>
      <experience>MobileIron</experience>
    </experience>
    <project>
      <project>
        <projectName>Eccc</projectName>
        <technology>
          <technology>Selenium</technology>
          <technology>Robot</technology>
        </technology>
      </project>
    </project>
  </item>
  <item>
    <jobId>3</jobId>
    <jobTitle>Data Engg</jobTitle>
    <jobDescription>Create machine learning apps</jobDescription>
    <experience>
      <experience>IBM</experience>
      <experience>INTEL</experience>
    </experience>
    <project>
      <project>
        <projectName>SCASE</projectName>
        <technology>
          <technology>Python</technology>
          <technology>R</technology>
        </technology>
      </project>
    </project>
  </item>
  <item>
    <jobId>3</jobId>
    <jobTitle>Data Engg</jobTitle>
    <jobDescription>Create machine learning apps</jobDescription>
    <experience>
      <experience>IBM</experience>
      <experience>INTEL</experience>
    </experience>
    <project>
      <project>
        <projectName>SCASE</projectName>
        <technology>
          <technology>Python</technology>
          <technology>R</technology>
        </technology>
      </project>
    </project>
  </item>
  <item>
    <jobId>4</jobId>
    <jobTitle>QA Tester</jobTitle>
    <jobDescription>To develop andriod application</jobDescription>
    <experience>
      <experience>RRD</experience>
      <experience>ApD</experience>
      <experience>MobileIron</experience>
    </experience>
    <project>
      <project>
        <projectName>Eccc</projectName>
        <technology>
          <technology>Selenium</technology>
          <technology>Robot</technology>
        </technology>
      </project>
    </project>
  </item>
  <item>
    <jobId>404</jobId>
    <jobTitle>Data Engg</jobTitle>
    <jobDescription>Create machine learning apps</jobDescription>
    <experience>
      <experience>IBM</experience>
      <experience>INTEL</experience>
    </experience>
    <project>
      <project>
        <projectName>SCASE</projectName>
        <technology>
          <technology>Python</technology>
          <technology>R</technology>
        </technology>
      </project>
    </project>
  </item>
  <item>
    <jobId>412</jobId>
    <jobTitle>QA Tester</jobTitle>
    <jobDescription>To develop andriod application</jobDescription>
    <experience>
      <experience>RRD</experience>
      <experience>ApD</experience>
      <experience>MobileIron</experience>
    </experience>
    <project>
      <project>
        <projectName>Eccc</projectName>
        <technology>
          <technology>Selenium</technology>
          <technology>Robot</technology>
        </technology>
      </project>
    </project>
  </item>
  <item>
    <jobId>3</jobId>
    <jobTitle>Data Engg</jobTitle>
    <jobDescription>Create machine learning apps</jobDescription>
    <experience>
      <experience>IBM</experience>
      <experience>INTEL</experience>
    </experience>
    <project>
      <project>
        <projectName>SCASE</projectName>
        <technology>
          <technology>Python</technology>
          <technology>R</technology>
        </technology>
      </project>
    </project>
  </item>
  <item>
    <jobId>3</jobId>
    <jobTitle>Data Engg</jobTitle>
    <jobDescription>Create machine learning apps</jobDescription>
    <experience>
      <experience>IBM</experience>
      <experience>INTEL</experience>
    </experience>
    <project>
      <project>
        <projectName>SCASE</projectName>
        <technology>
          <technology>Python</technology>
          <technology>R</technology>
        </technology>
      </project>
    </project>
  </item>
  <item>
    <jobId>4</jobId>
    <jobTitle>QA Tester</jobTitle>
    <jobDescription>To develop andriod application</jobDescription>
    <experience>
      <experience>RRD</experience>
      <experience>ApD</experience>
      <experience>MobileIron</experience>
    </experience>
    <project>
      <project>
        <projectName>Eccc</projectName>
        <technology>
          <technology>Selenium</technology>
          <technology>Robot</technology>
        </technology>
      </project>
    </project>
  </item>
  <item>
    <jobId>612</jobId>
    <jobTitle>Data Engg</jobTitle>
    <jobDescription>Create machine learning apps</jobDescription>
    <experience>
      <experience>IBM</experience>
      <experience>INTEL</experience>
    </experience>
    <project>
      <project>
        <projectName>SCASE</projectName>
        <technology>
          <technology>Python</technology>
          <technology>R</technology>
        </technology>
      </project>
    </project>
  </item>
  <item>
    <jobId>124</jobId>
    <jobTitle>QA Tester</jobTitle>
    <jobDescription>To develop andriod application</jobDescription>
    <experience>
      <experience>RRD</experience>
      <experience>ApD</experience>
      <experience>MobileIron</experience>
    </experience>
    <project>
      <project>
        <projectName>Eccc</projectName>
        <technology>
          <technology>Selenium</technology>
          <technology>Robot</technology>
        </technology>
      </project>
    </project>
  </item>
  <item>
    <jobId>3</jobId>
    <jobTitle>Data Engg</jobTitle>
    <jobDescription>Create machine learning apps</jobDescription>
    <experience>
      <experience>IBM</experience>
      <experience>INTEL</experience>
    </experience>
    <project>
      <project>
        <projectName>SCASE</projectName>
        <technology>
          <technology>Python</technology>
          <technology>R</technology>
        </technology>
      </project>
    </project>
  </item>
  <item>
    <jobId>3</jobId>
    <jobTitle>Data Engg</jobTitle>
    <jobDescription>Create machine learning apps</jobDescription>
    <experience>
      <experience>IBM</experience>
      <experience>INTEL</experience>
    </experience>
    <project>
      <project>
        <projectName>SCASE</projectName>
        <technology>
          <technology>Python</technology>
          <technology>R</technology>
        </technology>
      </project>
    </project>
  </item>
  <item>
    <jobId>4</jobId>
    <jobTitle>QA Tester</jobTitle>
    <jobDescription>To develop andriod application</jobDescription>
    <experience>
      <experience>RRD</experience>
      <experience>ApD</experience>
      <experience>MobileIron</experience>
    </experience>
    <project>
      <project>
        <projectName>Eccc</projectName>
        <technology>
          <technology>Selenium</technology>
          <technology>Robot</technology>
        </technology>
      </project>
    </project>
  </item>
  <item>
    <jobId>27</jobId>
    <jobTitle>Data Engg</jobTitle>
    <jobDescription>Create machine learning apps</jobDescription>
    <experience>
      <experience>IBM</experience>
      <experience>INTEL</experience>
    </experience>
    <project>
      <project>
        <projectName>SCASE</projectName>
        <technology>
          <technology>Python</technology>
          <technology>R</technology>
        </technology>
      </project>
    </project>
  </item>
  <item>
    <jobId>276</jobId>
    <jobTitle>QA Tester</jobTitle>
    <jobDescription>To develop andriod application</jobDescription>
    <experience>
      <experience>RRD</experience>
      <experience>ApD</experience>
      <experience>MobileIron</experience>
    </experience>
    <project>
      <project>
        <projectName>Eccc</projectName>
        <technology>
          <technology>Selenium</technology>
          <technology>Robot</technology>
        </technology>
      </project>
    </project>
  </item>
  <item>
    <jobId>3</jobId>
    <jobTitle>Data Engg</jobTitle>
    <jobDescription>Create machine learning apps</jobDescription>
    <experience>
      <experience>IBM</experience>
      <experience>INTEL</experience>
    </experience>
    <project>
      <project>
        <projectName>SCASE</projectName>
        <technology>
          <technology>Python</technology>
          <technology>R</technology>
        </technology>
      </project>
    </project>
  </item>
  <item>
    <jobId>47</jobId>
    <jobTitle>LOS</jobTitle>
    <jobDescription>SOL</jobDescription>
    <experience>
      <experience>Nothing</experience>
    </experience>
    <project/>
  </item>
  <item>
    <jobId>99</jobId>
    <jobTitle>LOS</jobTitle>
    <jobDescription>SOL</jobDescription>
    <experience>
      <experience>Nothing</experience>
    </experience>
    <project/>
  </item>
  <item>
    <jobId>49</jobId>
    <jobTitle>LOS</jobTitle>
    <jobDescription>SOL</jobDescription>
    <experience>
      <experience>Nothing</experience>
    </experience>
    <project/>
  </item>
  <item>
    <jobId>99</jobId>
    <jobTitle>LOS</jobTitle>
    <jobDescription>SOL</jobDescription>
    <experience>
      <experience>Nothing</experience>
    </experience>
    <project/>
  </item>
  <item>
    <jobId>80</jobId>
    <jobTitle>LOS</jobTitle>
    <jobDescription>SOL</jobDescription>
    <experience>
      <experience>Nothing</experience>
    </experience>
    <project/>
  </item>
  <item>
    <jobId>0</jobId>
    <jobTitle>LOS</jobTitle>
    <jobDescription>SOL</jobDescription>
    <experience>
      <experience>Nothing</experience>
    </experience>
    <project/>
  </item>
  <item>
    <jobId>0</jobId>
    <jobTitle>LOS</jobTitle>
    <jobDescription>SOL</jobDescription>
    <experience>
      <experience>Nothing</experience>
    </experience>
    <project/>
  </item>
  <item>
    <jobId>0</jobId>
    <jobTitle>LOS</jobTitle>
    <jobDescription>SOL</jobDescription>
    <experience>
      <experience>Nothing</experience>
    </experience>
    <project/>
  </item>
  <item>
    <jobId>45</jobId>
    <jobTitle>QA Tester</jobTitle>
    <jobDescription>Finding bugs</jobDescription>
    <experience>
      <experience>Nothing</experience>
    </experience>
    <project/>
  </item>
  <item>
    <jobId>64</jobId>
    <jobTitle>QA Tester</jobTitle>
    <jobDescription>Finding bugs</jobDescription>
    <experience>
      <experience>Nothing</experience>
    </experience>
    <project/>
  </item>
  <item>
    <jobId>38</jobId>
    <jobTitle>QA Tester</jobTitle>
    <jobDescription>Finding bugs</jobDescription>
    <experience>
      <experience>Nothing</experience>
    </experience>
    <project/>
  </item>
  <item>
    <jobId>85</jobId>
    <jobTitle>LOS</jobTitle>
    <jobDescription>SOL</jobDescription>
    <experience>
      <experience>Nothing</experience>
    </experience>
    <project/>
  </item>
  <item>
    <jobId>9</jobId>
    <jobTitle>QA Tester</jobTitle>
    <jobDescription>Finding bugs</jobDescription>
    <experience>
      <experience>Nothing</experience>
    </experience>
    <project/>
  </item>
  <item>
    <jobId>85</jobId>
    <jobTitle>LOS</jobTitle>
    <jobDescription>SOL</jobDescription>
    <experience>
      <experience>Nothing</experience>
    </experience>
    <project/>
  </item>
  <item>
    <jobId>36</jobId>
    <jobTitle>LOS</jobTitle>
    <jobDescription>SOL</jobDescription>
    <experience>
      <experience>Nothing</experience>
    </experience>
    <project/>
  </item>
  <item>
    <jobId>41</jobId>
    <jobTitle>QA Tester</jobTitle>
    <jobDescription>Finding bugs</jobDescription>
    <experience>
      <experience>Nothing</experience>
    </experience>
    <project/>
  </item>
  <item>
    <jobId>42</jobId>
    <jobTitle>LOS</jobTitle>
    <jobDescription>SOL</jobDescription>
    <experience>
      <experience>Nothing</experience>
    </experience>
    <project/>
  </item>
  <item>
    <jobId>69</jobId>
    <jobTitle>LOS</jobTitle>
    <jobDescription>SOL</jobDescription>
    <experience>
      <experience>Nothing</experience>
    </experience>
    <project/>
  </item>
  <item>
    <jobId>13</jobId>
    <jobTitle>LOS</jobTitle>
    <jobDescription>SOL</jobDescription>
    <experience>
      <experience>Nothing</experience>
    </experience>
    <project/>
  </item>
  <item>
    <jobId>15</jobId>
    <jobTitle>LOS</jobTitle>
    <jobDescription>To develop andriod application and web application</jobDescription>
    <experience>
      <experience>Nothing</experience>
    </experience>
    <project/>
  </item>
  <item>
    <jobId>19</jobId>
    <jobTitle>LOS</jobTitle>
    <jobDescription>To develop andriod application and web application</jobDescription>
    <experience>
      <experience>Nothing</experience>
    </experience>
    <project/>
  </item>
  <item>
    <jobId>92</jobId>
    <jobTitle>Software Engg - 2</jobTitle>
    <jobDescription>To develop andriod application and web application</jobDescription>
    <experience>
      <experience>Nothing</experience>
    </experience>
    <project/>
  </item>
  <item>
    <jobId>54</jobId>
    <jobTitle>LOS</jobTitle>
    <jobDescription>SOL</jobDescription>
    <experience>
      <experience>Nothing</experience>
    </experience>
    <project/>
  </item>
  <item>
    <jobId>90</jobId>
    <jobTitle>Software Engg - 2</jobTitle>
    <jobDescription>To develop andriod application and web application</jobDescription>
    <experience>
      <experience>Nothing</experience>
    </experience>
    <project/>
  </item>
  <item>
    <jobId>38</jobId>
    <jobTitle>LOS</jobTitle>
    <jobDescription>SOL</jobDescription>
    <experience>
      <experience>Nothing</experience>
    </experience>
    <project/>
  </item>
  <item>
    <jobId>5</jobId>
    <jobTitle>Software Engg - 2</jobTitle>
    <jobDescription>To develop andriod application</jobDescription>
    <experience>
      <experience>Google</experience>
      <experience>Apple</experience>
      <experience>Mobile Iron</experience>
      <experience>Google</experience>
    </experience>
    <project>
      <project>
        <projectName>Movie App</projectName>
        <technology>
          <technology>Kotlin</technology>
          <technology>SQL Lite</technology>
          <technology>Gradle</technology>
          <technology>Jenkins</technology>
        </technology>
      </project>
    </project>
  </item>
  <item>
    <jobId>623</jobId>
    <jobTitle>Data Engg</jobTitle>
    <jobDescription>Create machine learning apps</jobDescription>
    <experience>
      <experience>IBM</experience>
      <experience>INTEL</experience>
    </experience>
    <project>
      <project>
        <projectName>SCASE</projectName>
        <technology>
          <technology>Python</technology>
          <technology>R</technology>
        </technology>
      </project>
    </project>
  </item>
  <item>
    <jobId>3</jobId>
    <jobTitle>Data Engg</jobTitle>
    <jobDescription>Create machine learning apps</jobDescription>
    <experience>
      <experience>IBM</experience>
      <experience>INTEL</experience>
    </experience>
    <project>
      <project>
        <projectName>SCASE</projectName>
        <technology>
          <technology>Python</technology>
          <technology>R</technology>
        </technology>
      </project>
    </project>
  </item>
  <item>
    <jobId>4</jobId>
    <jobTitle>QA Tester</jobTitle>
    <jobDescription>To develop andriod application</jobDescription>
    <experience>
      <experience>RRD</experience>
      <experience>ApD</experience>
      <experience>MobileIron</experience>
    </experience>
    <project>
      <project>
        <projectName>Eccc</projectName>
        <technology>
          <technology>Selenium</technology>
          <technology>Robot</technology>
        </technology>
      </project>
    </project>
  </item>
  <item>
    <jobId>345</jobId>
    <jobTitle>QA Tester</jobTitle>
    <jobDescription>To develop andriod application</jobDescription>
    <experience>
      <experience>RRD</experience>
      <experience>ApD</experience>
      <experience>MobileIron</experience>
    </experience>
    <project>
      <project>
        <projectName>Eccc</projectName>
        <technology>
          <technology>Selenium</technology>
          <technology>Robot</technology>
        </technology>
      </project>
    </project>
  </item>
  <item>
    <jobId>7</jobId>
    <jobTitle>Software Engg</jobTitle>
    <jobDescription>To develop andriod application</jobDescription>
    <experience>
      <experience>Google</experience>
      <experience>Apple</experience>
      <experience>Mobile Iron</experience>
      <experience>Subex</experience>
    </experience>
    <project>
      <project>
        <projectName>Movie App</projectName>
        <technology>
          <technology>Kotlin</technology>
          <technology>SQL Lite</technology>
          <technology>Gradle</technology>
          <technology>Jenkins</technology>
        </technology>
      </project>
    </project>
  </item>
  <item>
    <jobId>7</jobId>
    <jobTitle>Software Engg</jobTitle>
    <jobDescription>To develop andriod application</jobDescription>
    <experience>
      <experience>Google</experience>
      <experience>Apple</experience>
      <experience>Mobile Iron</experience>
      <experience>Subex</experience>
    </experience>
    <project>
      <project>
        <projectName>Movie App</projectName>
        <technology>
          <technology>Kotlin</technology>
          <technology>SQL Lite</technology>
          <technology>Gradle</technology>
          <technology>Jenkins</technology>
        </technology>
      </project>
    </project>
  </item>
  <item>
    <jobId>50</jobId>
    <jobTitle>Software Engg - 2</jobTitle>
    <jobDescription>To develop andriod application</jobDescription>
    <experience>
      <experience>Google</experience>
      <experience>Apple</experience>
      <experience>Mobile Iron</experience>
      <experience>Google</experience>
    </experience>
    <project>
      <project>
        <projectName>Movie App</projectName>
        <technology>
          <technology>Kotlin</technology>
          <technology>SQL Lite</technology>
          <technology>Gradle</technology>
          <technology>Jenkins</technology>
        </technology>
      </project>
    </project>
  </item>
  <item>
    <jobId>43</jobId>
    <jobTitle>Software Engg</jobTitle>
    <jobDescription>To develop andriod application</jobDescription>
    <experience>
      <experience>Google</experience>
      <experience>Apple</experience>
      <experience>Mobile Iron</experience>
      <experience>Subex</experience>
    </experience>
    <project>
      <project>
        <projectName>Movie App</projectName>
        <technology>
          <technology>Kotlin</technology>
          <technology>SQL Lite</technology>
          <technology>Gradle</technology>
          <technology>Jenkins</technology>
        </technology>
      </project>
    </project>
  </item>
  <item>
    <jobId>19</jobId>
    <jobTitle>LOS</jobTitle>
    <jobDescription>SOL</jobDescription>
    <experience>
      <experience>Nothing</experience>
    </experience>
    <project/>
  </item>
  <item>
    <jobId>7</jobId>
    <jobTitle>LOS</jobTitle>
    <jobDescription>SOL</jobDescription>
    <experience>
      <experience>Nothing</experience>
    </experience>
    <project/>
  </item>
  <item>
    <jobId>3</jobId>
    <jobTitle>Data Engg</jobTitle>
    <jobDescription>Create machine learning apps</jobDescription>
    <experience>
      <experience>IBM</experience>
      <experience>INTEL</experience>
    </experience>
    <project>
      <project>
        <projectName>SCASE</projectName>
        <technology>
          <technology>Python</technology>
          <technology>R</technology>
        </technology>
      </project>
    </project>
  </item>
  <item>
    <jobId>5</jobId>
    <jobTitle>Software Engg - 2</jobTitle>
    <jobDescription>To develop andriod application</jobDescription>
    <experience>
      <experience>Google</experience>
      <experience>Apple</experience>
      <experience>Mobile Iron</experience>
      <experience>Google</experience>
    </experience>
    <project>
      <project>
        <projectName>Movie App</projectName>
        <technology>
          <technology>Kotlin</technology>
          <technology>SQL Lite</technology>
          <technology>Gradle</technology>
          <technology>Jenkins</technology>
        </technology>
      </project>
    </project>
  </item>
  <item>
    <jobId>4</jobId>
    <jobTitle>QA Tester</jobTitle>
    <jobDescription>To develop andriod application</jobDescription>
    <experience>
      <experience>RRD</experience>
      <experience>ApD</experience>
      <experience>MobileIron</experience>
    </experience>
    <project>
      <project>
        <projectName>Eccc</projectName>
        <technology>
          <technology>Selenium</technology>
          <technology>Robot</technology>
        </technology>
      </project>
    </project>
  </item>
  <item>
    <jobId>135</jobId>
    <jobTitle>Data Engg</jobTitle>
    <jobDescription>Create machine learning apps</jobDescription>
    <experience>
      <experience>IBM</experience>
      <experience>INTEL</experience>
    </experience>
    <project>
      <project>
        <projectName>SCASE</projectName>
        <technology>
          <technology>Python</technology>
          <technology>R</technology>
        </technology>
      </project>
    </project>
  </item>
  <item>
    <jobId>647</jobId>
    <jobTitle>QA Tester</jobTitle>
    <jobDescription>To develop andriod application</jobDescription>
    <experience>
      <experience>RRD</experience>
      <experience>ApD</experience>
      <experience>MobileIron</experience>
    </experience>
    <project>
      <project>
        <projectName>Eccc</projectName>
        <technology>
          <technology>Selenium</technology>
          <technology>Robot</technology>
        </technology>
      </project>
    </project>
  </item>
  <item>
    <jobId>7</jobId>
    <jobTitle>Software Engg</jobTitle>
    <jobDescription>To develop andriod application</jobDescription>
    <experience>
      <experience>Google</experience>
      <experience>Apple</experience>
      <experience>Mobile Iron</experience>
      <experience>Subex</experience>
    </experience>
    <project>
      <project>
        <projectName>Movie App</projectName>
        <technology>
          <technology>Kotlin</technology>
          <technology>SQL Lite</technology>
          <technology>Gradle</technology>
          <technology>Jenkins</technology>
        </technology>
      </project>
    </project>
  </item>
  <item>
    <jobId>7</jobId>
    <jobTitle>Software Engg</jobTitle>
    <jobDescription>To develop andriod application</jobDescription>
    <experience>
      <experience>Google</experience>
      <experience>Apple</experience>
      <experience>Mobile Iron</experience>
      <experience>Subex</experience>
    </experience>
    <project>
      <project>
        <projectName>Movie App</projectName>
        <technology>
          <technology>Kotlin</technology>
          <technology>SQL Lite</technology>
          <technology>Gradle</technology>
          <technology>Jenkins</technology>
        </technology>
      </project>
    </project>
  </item>
  <item>
    <jobId>36</jobId>
    <jobTitle>Software Engg - 2</jobTitle>
    <jobDescription>To develop andriod application</jobDescription>
    <experience>
      <experience>Google</experience>
      <experience>Apple</experience>
      <experience>Mobile Iron</experience>
      <experience>Google</experience>
    </experience>
    <project>
      <project>
        <projectName>Movie App</projectName>
        <technology>
          <technology>Kotlin</technology>
          <technology>SQL Lite</technology>
          <technology>Gradle</technology>
          <technology>Jenkins</technology>
        </technology>
      </project>
    </project>
  </item>
  <item>
    <jobId>6</jobId>
    <jobTitle>Software Engg</jobTitle>
    <jobDescription>To develop andriod application</jobDescription>
    <experience>
      <experience>Google</experience>
      <experience>Apple</experience>
      <experience>Mobile Iron</experience>
      <experience>Subex</experience>
    </experience>
    <project>
      <project>
        <projectName>Movie App</projectName>
        <technology>
          <technology>Kotlin</technology>
          <technology>SQL Lite</technology>
          <technology>Gradle</technology>
          <technology>Jenkins</technology>
        </technology>
      </project>
    </project>
  </item>
  <item>
    <jobId>40</jobId>
    <jobTitle>LOS</jobTitle>
    <jobDescription>SOL</jobDescription>
    <experience>
      <experience>Nothing</experience>
    </experience>
    <project/>
  </item>
  <item>
    <jobId>59</jobId>
    <jobTitle>LOS</jobTitle>
    <jobDescription>SOL</jobDescription>
    <experience>
      <experience>Nothing</experience>
    </experience>
    <project/>
  </item>
  <item>
    <jobId>80</jobId>
    <jobTitle>LOS</jobTitle>
    <jobDescription>SOL</jobDescription>
    <experience>
      <experience>Nothing</experience>
    </experience>
    <project/>
  </item>
  <item>
    <jobId>4</jobId>
    <jobTitle>LOS</jobTitle>
    <jobDescription>SOL</jobDescription>
    <experience>
      <experience>Nothing</experience>
    </experience>
    <project/>
  </item>
  <item>
    <jobId>33</jobId>
    <jobTitle>LOS</jobTitle>
    <jobDescription>SOL</jobDescription>
    <experience>
      <experience>Nothing</experience>
    </experience>
    <project/>
  </item>
  <item>
    <jobId>70</jobId>
    <jobTitle>Software Engg - 2</jobTitle>
    <jobDescription>To develop andriod application and web application</jobDescription>
    <experience>
      <experience>Nothing</experience>
    </experience>
    <project/>
  </item>
  <item>
    <jobId>40</jobId>
    <jobTitle>LOS</jobTitle>
    <jobDescription>SOL</jobDescription>
    <experience>
      <experience>Nothing</experience>
    </experience>
    <project/>
  </item>
  <item>
    <jobId>32</jobId>
    <jobTitle>LOS</jobTitle>
    <jobDescription>SOL</jobDescription>
    <experience>
      <experience>Nothing</experience>
    </experience>
    <project/>
  </item>
  <item>
    <jobId>370</jobId>
    <jobTitle>IOS</jobTitle>
    <jobDescription>APPLE</jobDescription>
    <experience>
      <experience>Nothing</experience>
    </experience>
    <project/>
  </item>
  <item>
    <jobId>676</jobId>
    <jobTitle>IOS</jobTitle>
    <jobDescription>APPLE</jobDescription>
    <experience>
      <experience>Nothing</experience>
    </experience>
    <project/>
  </item>
  <item>
    <jobId>704</jobId>
    <jobTitle>IOS</jobTitle>
    <jobDescription>APPLE</jobDescription>
    <experience>
      <experience>Nothing</experience>
    </experience>
    <project/>
  </item>
  <item>
    <jobId>9980</jobId>
    <jobTitle>Data Analyst</jobTitle>
    <jobDescription>Develop machine learning models</jobDescription>
    <experience>
      <experience>Nothing</experience>
    </experience>
    <project/>
  </item>
  <item>
    <jobId>9980</jobId>
    <jobTitle>Data Analyst</jobTitle>
    <jobDescription>Develop machine learning models</jobDescription>
    <experience>
      <experience>Nothing</experience>
    </experience>
    <project/>
  </item>
  <item>
    <jobId>3</jobId>
    <jobTitle>Data Engg</jobTitle>
    <jobDescription>Create machine learning apps</jobDescription>
    <experience>
      <experience>IBM</experience>
      <experience>INTEL</experience>
    </experience>
    <project>
      <project>
        <projectName>SCASE</projectName>
        <technology>
          <technology>Python</technology>
          <technology>R</technology>
        </technology>
      </project>
    </project>
  </item>
  <item>
    <jobId>4</jobId>
    <jobTitle>QA Tester</jobTitle>
    <jobDescription>To develop andriod application</jobDescription>
    <experience>
      <experience>RRD</experience>
      <experience>ApD</experience>
      <experience>MobileIron</experience>
    </experience>
    <project>
      <project>
        <projectName>Eccc</projectName>
        <technology>
          <technology>Selenium</technology>
          <technology>Robot</technology>
        </technology>
      </project>
    </project>
  </item>
  <item>
    <jobId>82</jobId>
    <jobTitle>Data Engg</jobTitle>
    <jobDescription>Create machine learning apps</jobDescription>
    <experience>
      <experience>IBM</experience>
      <experience>INTEL</experience>
    </experience>
    <project>
      <project>
        <projectName>SCASE</projectName>
        <technology>
          <technology>Python</technology>
          <technology>R</technology>
        </technology>
      </project>
    </project>
  </item>
  <item>
    <jobId>291</jobId>
    <jobTitle>QA Tester</jobTitle>
    <jobDescription>To develop andriod application</jobDescription>
    <experience>
      <experience>RRD</experience>
      <experience>ApD</experience>
      <experience>MobileIron</experience>
    </experience>
    <project>
      <project>
        <projectName>Eccc</projectName>
        <technology>
          <technology>Selenium</technology>
          <technology>Robot</technology>
        </technology>
      </project>
    </project>
  </item>
  <item>
    <jobId>3</jobId>
    <jobTitle>Data Engg</jobTitle>
    <jobDescription>Create machine learning apps</jobDescription>
    <experience>
      <experience>IBM</experience>
      <experience>INTEL</experience>
    </experience>
    <project>
      <project>
        <projectName>SCASE</projectName>
        <technology>
          <technology>Python</technology>
          <technology>R</technology>
        </technology>
      </project>
    </project>
  </item>
  <item>
    <jobId>3</jobId>
    <jobTitle>Data Engg</jobTitle>
    <jobDescription>Create machine learning apps</jobDescription>
    <experience>
      <experience>IBM</experience>
      <experience>INTEL</experience>
    </experience>
    <project>
      <project>
        <projectName>SCASE</projectName>
        <technology>
          <technology>Python</technology>
          <technology>R</technology>
        </technology>
      </project>
    </project>
  </item>
  <item>
    <jobId>251</jobId>
    <jobTitle>LOS</jobTitle>
    <jobDescription>SOL</jobDescription>
    <experience>
      <experience>Nothing</experience>
    </experience>
    <project/>
  </item>
  <item>
    <jobId>19</jobId>
    <jobTitle>LOS</jobTitle>
    <jobDescription>SOL</jobDescription>
    <experience>
      <experience>Nothing</experience>
    </experience>
    <project/>
  </item>
</List>
 
14:22:59.919 [pool-2-thread-1] INFO  com.intuit.karate - karate.env system property was: null 
14:22:59.952 [pool-2-thread-2] INFO  com.intuit.karate - karate.env system property was: null 
14:22:59.972 [pool-2-thread-1] INFO  com.intuit.karate - [print] 69 
14:22:59.984 [pool-2-thread-5] ERROR com.intuit.karate - classpath:com/api/automation/getrequest/validateXMLContent.feature:15
And match response/List/item/jobId == '1'
match failed: EQUALS
  $ | data types don't match (LIST:STRING)
  ["1","3","4","640","430","3","3","4","404","412","3","3","4","612","124","3","3","4","27","276","3","47","99","49","99","80","0","0","0","45","64","38","85","9","85","36","41","42","69","13","15","19","92","54","90","38","5","623","3","4","345","7","7","50","43","19","7","3","5","4","135","647","7","7","36","6","40","59","80","4","33","70","40","32","370","676","704","9980","9980","3","4","82","291","3","3","251","19"]
  '1'

classpath:com/api/automation/getrequest/validateXMLContent.feature:15
14:22:59.992 [pool-2-thread-2] INFO  com.intuit.karate - [print] 0 
14:23:00.029 [pool-2-thread-3] DEBUG com.intuit.karate - request:
1 > POST http://localhost:9897/normal/webapi/add
1 > Accept: application/json
1 > Content-Type: application/json; charset=UTF-8
1 > Content-Length: 77
1 > Host: localhost:9897
1 > Connection: Keep-Alive
1 > User-Agent: Apache-HttpClient/4.5.14 (Java/16.0.1)
1 > Accept-Encoding: gzip,deflate
{"jobId":91,"jobTitle":"LOS","jobDescription":"SOL","experience":["Nothing"]}

14:23:00.064 [pool-2-thread-3] DEBUG com.intuit.karate - response time in milliseconds: 29
1 < 201
1 < X-Content-Type-Options: nosniff
1 < X-XSS-Protection: 1; mode=block
1 < Cache-Control: no-cache, no-store, max-age=0, must-revalidate
1 < Pragma: no-cache
1 < Expires: 0
1 < X-Frame-Options: DENY
1 < Content-Type: application/json
1 < Transfer-Encoding: chunked
1 < Date: Thu, 27 Jun 2024 19:22:59 GMT
1 < Keep-Alive: timeout=60
1 < Connection: keep-alive
{"jobId":91,"jobTitle":"LOS","jobDescription":"SOL","experience":["Nothing"],"project":[]}

14:23:00.080 [pool-2-thread-5] INFO  com.intuit.karate - karate.env system property was: null 
14:23:00.102 [pool-2-thread-3] INFO  com.intuit.karate - [print] {
  "responseJobId": 91,
  "responseHeaders": {
    "X-Content-Type-Options": [
      "nosniff"
    ],
    "X-XSS-Protection": [
      "1; mode=block"
    ],
    "Cache-Control": [
      "no-cache, no-store, max-age=0, must-revalidate"
    ],
    "Pragma": [
      "no-cache"
    ],
    "Expires": [
      "0"
    ],
    "X-Frame-Options": [
      "DENY"
    ],
    "Content-Type": [
      "application/json"
    ],
    "Transfer-Encoding": [
      "chunked"
    ],
    "Date": [
      "Thu, 27 Jun 2024 19:22:59 GMT"
    ],
    "Keep-Alive": [
      "timeout=60"
    ],
    "Connection": [
      "keep-alive"
    ],
    "Set-Cookie": [
    ]
  },
  "getRandomValue": "com.intuit.karate.graal.JsFunction$Instantiable@136ecd26",
  "responseTime": 29,
  "response": {
    "jobId": 91,
    "jobTitle": "LOS",
    "jobDescription": "SOL",
    "experience": [
      "Nothing"
    ],
    "project": [
    ]
  },
  "responseJobTitle": "LOS",
  "_path": "/normal/webapi/add",
  "_id": 91,
  "id": 640,
  "_url": "http://localhost:9897",
  "responseStatus": 201
}
 
14:23:00.161 [pool-2-thread-3] DEBUG com.intuit.karate - request:
1 > GET http://localhost:9897/normal/webapi/find?jobTitle=LOS&id=91
1 > Accept: application/json
1 > Host: localhost:9897
1 > Connection: Keep-Alive
1 > User-Agent: Apache-HttpClient/4.5.14 (Java/16.0.1)
1 > Accept-Encoding: gzip,deflate


14:23:00.161 [pool-2-thread-1] DEBUG com.intuit.karate - request:
1 > POST http://localhost:9897/normal/webapi/add
1 > Accept: application/json
1 > Content-Type: application/json; charset=UTF-8
1 > Content-Length: 77
1 > Host: localhost:9897
1 > Connection: Keep-Alive
1 > User-Agent: Apache-HttpClient/4.5.14 (Java/16.0.1)
1 > Accept-Encoding: gzip,deflate
{"jobId":69,"jobTitle":"LOS","jobDescription":"SOL","experience":["Nothing"]}

14:23:00.181 [pool-2-thread-3] DEBUG com.intuit.karate - response time in milliseconds: 15
1 < 200
1 < X-Content-Type-Options: nosniff
1 < X-XSS-Protection: 1; mode=block
1 < Cache-Control: no-cache, no-store, max-age=0, must-revalidate
1 < Pragma: no-cache
1 < Expires: 0
1 < X-Frame-Options: DENY
1 < Content-Type: application/json
1 < Transfer-Encoding: chunked
1 < Date: Thu, 27 Jun 2024 19:22:59 GMT
1 < Keep-Alive: timeout=60
1 < Connection: keep-alive
{"jobId":91,"jobTitle":"LOS","jobDescription":"SOL","experience":["Nothing"],"project":[]}

14:23:00.181 [pool-2-thread-1] DEBUG com.intuit.karate - response time in milliseconds: 15
1 < 201
1 < X-Content-Type-Options: nosniff
1 < X-XSS-Protection: 1; mode=block
1 < Cache-Control: no-cache, no-store, max-age=0, must-revalidate
1 < Pragma: no-cache
1 < Expires: 0
1 < X-Frame-Options: DENY
1 < Content-Type: application/json
1 < Transfer-Encoding: chunked
1 < Date: Thu, 27 Jun 2024 19:22:59 GMT
1 < Keep-Alive: timeout=60
1 < Connection: keep-alive
{"jobId":69,"jobTitle":"LOS","jobDescription":"SOL","experience":["Nothing"],"project":[]}

14:23:00.186 [pool-2-thread-3] INFO  com.intuit.karate - [print] {
  "jobId": 91,
  "jobTitle": "LOS",
  "jobDescription": "SOL",
  "experience": [
    "Nothing"
  ],
  "project": [
  ]
}
 
14:23:00.190 [pool-2-thread-5] INFO  com.intuit.karate - [print] 35 
14:23:00.198 [pool-2-thread-2] DEBUG com.intuit.karate - request:
1 > POST http://localhost:9897/normal/webapi/add
1 > Accept: application/json
1 > Content-Type: application/json; charset=UTF-8
1 > Content-Length: 76
1 > Host: localhost:9897
1 > Connection: Keep-Alive
1 > User-Agent: Apache-HttpClient/4.5.14 (Java/16.0.1)
1 > Accept-Encoding: gzip,deflate
{"jobId":0,"jobTitle":"LOS","jobDescription":"SOL","experience":["Nothing"]}

14:23:00.235 [pool-2-thread-2] DEBUG com.intuit.karate - response time in milliseconds: 36
1 < 201
1 < X-Content-Type-Options: nosniff
1 < X-XSS-Protection: 1; mode=block
1 < Cache-Control: no-cache, no-store, max-age=0, must-revalidate
1 < Pragma: no-cache
1 < Expires: 0
1 < X-Frame-Options: DENY
1 < Content-Type: application/json
1 < Transfer-Encoding: chunked
1 < Date: Thu, 27 Jun 2024 19:22:59 GMT
1 < Keep-Alive: timeout=60
1 < Connection: keep-alive
{"jobId":0,"jobTitle":"LOS","jobDescription":"SOL","experience":["Nothing"],"project":[]}

14:23:00.253 [pool-2-thread-1] DEBUG com.intuit.karate - request:
1 > PATCH http://localhost:9897/normal/webapi/update/details?jobTitle=QA+Tester&jobDescription=Finding+bugs&id=-1
1 > Accept: application/json
1 > Content-type: application/json; charset=UTF-8
1 > Content-Length: 2
1 > Host: localhost:9897
1 > Connection: Keep-Alive
1 > User-Agent: Apache-HttpClient/4.5.14 (Java/16.0.1)
1 > Accept-Encoding: gzip,deflate
{}

14:23:00.269 [pool-2-thread-1] DEBUG com.intuit.karate - response time in milliseconds: 15
1 < 404
1 < X-Content-Type-Options: nosniff
1 < X-XSS-Protection: 1; mode=block
1 < Cache-Control: no-cache, no-store, max-age=0, must-revalidate
1 < Pragma: no-cache
1 < Expires: 0
1 < X-Frame-Options: DENY
1 < Content-Type: application/json
1 < Transfer-Encoding: chunked
1 < Date: Thu, 27 Jun 2024 19:22:59 GMT
1 < Keep-Alive: timeout=60
1 < Connection: keep-alive
{"message":"Failed to find job with id=-1"}

14:23:00.290 [pool-2-thread-2] DEBUG com.intuit.karate - request:
1 > PATCH http://localhost:9897/normal/webapi/update/details?jobTitle=QA+Tester&jobDescription=Finding+bugs&id=0
1 > Accept: application/json
1 > Content-type: application/json
1 > Host: localhost:9897
1 > Connection: Keep-Alive
1 > User-Agent: Apache-HttpClient/4.5.14 (Java/16.0.1)
1 > Accept-Encoding: gzip,deflate


14:23:00.302 [pool-2-thread-2] DEBUG com.intuit.karate - response time in milliseconds: 10
1 < 200
1 < X-Content-Type-Options: nosniff
1 < X-XSS-Protection: 1; mode=block
1 < Cache-Control: no-cache, no-store, max-age=0, must-revalidate
1 < Pragma: no-cache
1 < Expires: 0
1 < X-Frame-Options: DENY
1 < Content-Type: application/json
1 < Transfer-Encoding: chunked
1 < Date: Thu, 27 Jun 2024 19:22:59 GMT
1 < Keep-Alive: timeout=60
1 < Connection: keep-alive
{"jobId":0,"jobTitle":"QA Tester","jobDescription":"Finding bugs","experience":["Nothing"],"project":[]}

14:23:00.346 [pool-2-thread-2] INFO  com.intuit.karate - [print] {
  "jobId": 0,
  "jobTitle": "QA Tester",
  "jobDescription": "Finding bugs",
  "experience": [
    "Nothing"
  ],
  "project": [
  ]
}
 
14:23:00.347 [pool-2-thread-1] INFO  com.intuit.karate - karate.env system property was: null 
14:23:00.347 [pool-2-thread-3] INFO  com.intuit.karate - karate.env system property was: null 
14:23:00.380 [pool-2-thread-2] INFO  com.intuit.karate - karate.env system property was: null 
14:23:00.403 [pool-2-thread-3] DEBUG com.intuit.karate - request:
1 > POST http://localhost:9897/normal/webapi/add
1 > Accept: application/json
1 > Content-Type: application/json; charset=UTF-8
1 > Content-Length: 175
1 > Host: localhost:9897
1 > Connection: Keep-Alive
1 > User-Agent: Apache-HttpClient/4.5.14 (Java/16.0.1)
1 > Accept-Encoding: gzip,deflate
{"jobId":3,"jobTitle":"Data Engg","jobDescription":"Create machine learning apps","experience":["IBM","INTEL"],"project":[{"projectName":"SCASE","technology":["Python","R"]}]}

14:23:00.408 [pool-2-thread-5] DEBUG com.intuit.karate - request:
1 > POST http://localhost:9897/normal/webapi/add
1 > Accept: application/json
1 > Content-Type: application/json; charset=UTF-8
1 > Content-Length: 77
1 > Host: localhost:9897
1 > Connection: Keep-Alive
1 > User-Agent: Apache-HttpClient/4.5.14 (Java/16.0.1)
1 > Accept-Encoding: gzip,deflate
{"jobId":35,"jobTitle":"LOS","jobDescription":"SOL","experience":["Nothing"]}

14:23:00.422 [pool-2-thread-4] ERROR com.intuit.karate - classpath:com/api/automation/getrequest/validateXMLContent.feature:34
And match response.List.item.experience.experience[0] == '#ignore'
js failed:
>>>>
01: response.List.item.experience.experience[0]
<<<<
org.graalvm.polyglot.PolyglotException: TypeError: Cannot read property "experience" from undefined
- <js>.:program(Unnamed:1)

classpath:com/api/automation/getrequest/validateXMLContent.feature:34
14:23:00.433 [pool-2-thread-3] DEBUG com.intuit.karate - response time in milliseconds: 28
1 < 201
1 < X-Content-Type-Options: nosniff
1 < X-XSS-Protection: 1; mode=block
1 < Cache-Control: no-cache, no-store, max-age=0, must-revalidate
1 < Pragma: no-cache
1 < Expires: 0
1 < X-Frame-Options: DENY
1 < Content-Type: application/json
1 < Transfer-Encoding: chunked
1 < Date: Thu, 27 Jun 2024 19:22:59 GMT
1 < Keep-Alive: timeout=60
1 < Connection: keep-alive
{"jobId":3,"jobTitle":"Data Engg","jobDescription":"Create machine learning apps","experience":["IBM","INTEL"],"project":[{"projectName":"SCASE","technology":["Python","R"]}]}

14:23:00.433 [pool-2-thread-5] DEBUG com.intuit.karate - response time in milliseconds: 23
1 < 201
1 < X-Content-Type-Options: nosniff
1 < X-XSS-Protection: 1; mode=block
1 < Cache-Control: no-cache, no-store, max-age=0, must-revalidate
1 < Pragma: no-cache
1 < Expires: 0
1 < X-Frame-Options: DENY
1 < Content-Type: application/json
1 < Transfer-Encoding: chunked
1 < Date: Thu, 27 Jun 2024 19:22:59 GMT
1 < Keep-Alive: timeout=60
1 < Connection: keep-alive
{"jobId":35,"jobTitle":"LOS","jobDescription":"SOL","experience":["Nothing"],"project":[]}

14:23:00.442 [pool-2-thread-2] DEBUG com.intuit.karate - request:
1 > POST http://localhost:9897/normal/webapi/add
1 > Accept: application/json
1 > Content-Type: application/json; charset=UTF-8
1 > Content-Length: 177
1 > Host: localhost:9897
1 > Connection: Keep-Alive
1 > User-Agent: Apache-HttpClient/4.5.14 (Java/16.0.1)
1 > Accept-Encoding: gzip,deflate
{"jobId":540,"jobTitle":"Data Engg","jobDescription":"Create machine learning apps","experience":["IBM","INTEL"],"project":[{"projectName":"SCASE","technology":["Python","R"]}]}

14:23:00.464 [pool-2-thread-2] DEBUG com.intuit.karate - response time in milliseconds: 20
1 < 201
1 < X-Content-Type-Options: nosniff
1 < X-XSS-Protection: 1; mode=block
1 < Cache-Control: no-cache, no-store, max-age=0, must-revalidate
1 < Pragma: no-cache
1 < Expires: 0
1 < X-Frame-Options: DENY
1 < Content-Type: application/json
1 < Transfer-Encoding: chunked
1 < Date: Thu, 27 Jun 2024 19:22:59 GMT
1 < Keep-Alive: timeout=60
1 < Connection: keep-alive
{"jobId":540,"jobTitle":"Data Engg","jobDescription":"Create machine learning apps","experience":["IBM","INTEL"],"project":[{"projectName":"SCASE","technology":["Python","R"]}]}

14:23:00.504 [pool-2-thread-4] INFO  com.intuit.karate - karate.env system property was: null 
14:23:00.526 [pool-2-thread-1] DEBUG com.intuit.karate - request:
1 > POST http://localhost:9897/normal/webapi/add
1 > Accept: application/xml
1 > Content-Type: application/xml; charset=UTF-8
1 > Content-Length: 621
1 > Host: localhost:9897
1 > Connection: Keep-Alive
1 > User-Agent: Apache-HttpClient/4.5.14 (Java/16.0.1)
1 > Accept-Encoding: gzip,deflate
<item>
        <jobId>4</jobId>
        <jobTitle>QA Tester</jobTitle>
        <jobDescription>To develop andriod application</jobDescription>
        <experience>
            <experience>RRD</experience>
            <experience>ApD</experience>
            <experience>MobileIron</experience>
        </experience>
        <project>
            <project>
                <projectName>Eccc</projectName>
                <technology>
                    <technology>Selenium</technology>
                    <technology>Robot</technology>
                </technology>
            </project>
        </project>
    </item>

14:23:00.547 [pool-2-thread-5] DEBUG com.intuit.karate - request:
1 > PATCH http://localhost:9897/normal/webapi/update/details?jobDescription=Finding+bugs&id=35
1 > Accept: application/json
1 > Content-type: application/json; charset=UTF-8
1 > Content-Length: 2
1 > Host: localhost:9897
1 > Connection: Keep-Alive
1 > User-Agent: Apache-HttpClient/4.5.14 (Java/16.0.1)
1 > Accept-Encoding: gzip,deflate
{}

14:23:00.567 [pool-2-thread-2] INFO  com.intuit.karate - karate.env system property was: null 
14:23:00.569 [pool-2-thread-1] DEBUG com.intuit.karate - response time in milliseconds: 29
1 < 201
1 < X-Content-Type-Options: nosniff
1 < X-XSS-Protection: 1; mode=block
1 < Cache-Control: no-cache, no-store, max-age=0, must-revalidate
1 < Pragma: no-cache
1 < Expires: 0
1 < X-Frame-Options: DENY
1 < Content-Type: application/xml
1 < Transfer-Encoding: chunked
1 < Date: Thu, 27 Jun 2024 19:23:00 GMT
1 < Keep-Alive: timeout=60
1 < Connection: keep-alive
<Job><jobId>4</jobId><jobTitle>QA Tester</jobTitle><jobDescription>To develop andriod application</jobDescription><experience><experience>RRD</experience><experience>ApD</experience><experience>MobileIron</experience></experience><project><project><projectName>Eccc</projectName><technology><technology>Selenium</technology><technology>Robot</technology></technology></project></project></Job>

14:23:00.569 [pool-2-thread-3] INFO  com.intuit.karate - karate.env system property was: null 
14:23:00.600 [pool-2-thread-3] INFO  com.intuit.karate - [print] 10 
14:23:00.603 [pool-2-thread-5] DEBUG com.intuit.karate - response time in milliseconds: 45
1 < 400
1 < X-Content-Type-Options: nosniff
1 < X-XSS-Protection: 1; mode=block
1 < Cache-Control: no-cache, no-store, max-age=0, must-revalidate
1 < Pragma: no-cache
1 < Expires: 0
1 < X-Frame-Options: DENY
1 < Content-Type: application/json
1 < Transfer-Encoding: chunked
1 < Date: Thu, 27 Jun 2024 19:23:00 GMT
1 < Connection: close
{"timestamp":"2024-06-27T19:23:00.576+0000","status":400,"error":"Bad Request","message":"Required String parameter 'jobTitle' is not present","path":"/normal/webapi/update/details"}

14:23:00.625 [pool-2-thread-2] DEBUG com.intuit.karate - request:
1 > POST http://localhost:9897/normal/webapi/add
1 > Accept: application/json
1 > Content-Type: application/json; charset=UTF-8
1 > Content-Length: 175
1 > Host: localhost:9897
1 > Connection: Keep-Alive
1 > User-Agent: Apache-HttpClient/4.5.14 (Java/16.0.1)
1 > Accept-Encoding: gzip,deflate
{"jobId":3,"jobTitle":"Data Engg","jobDescription":"Create machine learning apps","experience":["IBM","INTEL"],"project":[{"projectName":"SCASE","technology":["Python","R"]}]}

14:23:00.645 [pool-2-thread-2] DEBUG com.intuit.karate - response time in milliseconds: 17
1 < 201
1 < X-Content-Type-Options: nosniff
1 < X-XSS-Protection: 1; mode=block
1 < Cache-Control: no-cache, no-store, max-age=0, must-revalidate
1 < Pragma: no-cache
1 < Expires: 0
1 < X-Frame-Options: DENY
1 < Content-Type: application/json
1 < Transfer-Encoding: chunked
1 < Date: Thu, 27 Jun 2024 19:23:00 GMT
1 < Keep-Alive: timeout=60
1 < Connection: keep-alive
{"jobId":3,"jobTitle":"Data Engg","jobDescription":"Create machine learning apps","experience":["IBM","INTEL"],"project":[{"projectName":"SCASE","technology":["Python","R"]}]}

14:23:00.652 [pool-2-thread-4] DEBUG com.intuit.karate - request:
1 > POST http://localhost:9897/normal/webapi/add
1 > Accept: application/xml
1 > Content-Type: application/xml; charset=UTF-8
1 > Content-Length: 397
1 > Host: localhost:9897
1 > Connection: Keep-Alive
1 > User-Agent: Apache-HttpClient/4.5.14 (Java/16.0.1)
1 > Accept-Encoding: gzip,deflate
<item><jobId>952</jobId><jobTitle>QA Tester</jobTitle><jobDescription>To develop andriod application</jobDescription><experience><experience>RRD</experience><experience>ApD</experience><experience>MobileIron</experience></experience><project><project><projectName>Eccc</projectName><technology><technology>Selenium</technology><technology>Robot</technology></technology></project></project></item>

14:23:00.666 [pool-2-thread-3] INFO  com.intuit.karate - [print] Random Value as :  60 
14:23:00.690 [pool-2-thread-4] DEBUG com.intuit.karate - response time in milliseconds: 27
1 < 201
1 < X-Content-Type-Options: nosniff
1 < X-XSS-Protection: 1; mode=block
1 < Cache-Control: no-cache, no-store, max-age=0, must-revalidate
1 < Pragma: no-cache
1 < Expires: 0
1 < X-Frame-Options: DENY
1 < Content-Type: application/xml
1 < Transfer-Encoding: chunked
1 < Date: Thu, 27 Jun 2024 19:23:00 GMT
1 < Keep-Alive: timeout=60
1 < Connection: keep-alive
<Job><jobId>952</jobId><jobTitle>QA Tester</jobTitle><jobDescription>To develop andriod application</jobDescription><experience><experience>RRD</experience><experience>ApD</experience><experience>MobileIron</experience></experience><project><project><projectName>Eccc</projectName><technology><technology>Selenium</technology><technology>Robot</technology></technology></project></project></Job>

14:23:00.679 [pool-2-thread-1] INFO  com.intuit.karate - [print] <Job>
  <jobId>4</jobId>
  <jobTitle>QA Tester</jobTitle>
  <jobDescription>To develop andriod application</jobDescription>
  <experience>
    <experience>RRD</experience>
    <experience>ApD</experience>
    <experience>MobileIron</experience>
  </experience>
  <project>
    <project>
      <projectName>Eccc</projectName>
      <technology>
        <technology>Selenium</technology>
        <technology>Robot</technology>
      </technology>
    </project>
  </project>
</Job>
 
14:23:00.785 [pool-2-thread-3] INFO  com.intuit.karate - [print] Argument:  Hello World 
14:23:00.803 [pool-2-thread-5] INFO  com.intuit.karate - karate.env system property was: null 
14:23:00.804 [pool-2-thread-4] INFO  com.intuit.karate - [print] <Job>
  <jobId>952</jobId>
  <jobTitle>QA Tester</jobTitle>
  <jobDescription>To develop andriod application</jobDescription>
  <experience>
    <experience>RRD</experience>
    <experience>ApD</experience>
    <experience>MobileIron</experience>
  </experience>
  <project>
    <project>
      <projectName>Eccc</projectName>
      <technology>
        <technology>Selenium</technology>
        <technology>Robot</technology>
      </technology>
    </project>
  </project>
</Job>
 
14:23:00.887 [pool-2-thread-5] DEBUG com.intuit.karate - request:
1 > GET http://localhost:9897/normal/webapi/all
1 > Accept: application/json
1 > Host: localhost:9897
1 > Connection: Keep-Alive
1 > User-Agent: Apache-HttpClient/4.5.14 (Java/16.0.1)
1 > Accept-Encoding: gzip,deflate


14:23:00.920 [pool-2-thread-1] INFO  com.intuit.karate - karate.env system property was: null 
14:23:00.924 [pool-2-thread-5] DEBUG com.intuit.karate - response time in milliseconds: 26
1 < 200
1 < X-Content-Type-Options: nosniff
1 < X-XSS-Protection: 1; mode=block
1 < Cache-Control: no-cache, no-store, max-age=0, must-revalidate
1 < Pragma: no-cache
1 < Expires: 0
1 < X-Frame-Options: DENY
1 < Content-Type: application/json
1 < Transfer-Encoding: chunked
1 < Date: Thu, 27 Jun 2024 19:23:00 GMT
1 < Keep-Alive: timeout=60
1 < Connection: keep-alive
[{"jobId":1,"jobTitle":"Software Engg","jobDescription":"To develop andriod application","experience":["Google","Apple","Mobile Iron"],"project":[{"projectName":"Movie App","technology":["Kotlin","SQL Lite","Gradle"]}]},{"jobId":3,"jobTitle":"Data Engg","jobDescription":"Create machine learning apps","experience":["IBM","INTEL"],"project":[{"projectName":"SCASE","technology":["Python","R"]}]},{"jobId":4,"jobTitle":"Software Engg - 2","jobDescription":"To develop andriod application and web application","experience":["RRD","ApD","MobileIron"],"project":[{"projectName":"Eccc","technology":["Selenium","Robot"]}]},{"jobId":640,"jobTitle":"Data Engg","jobDescription":"Create machine learning apps","experience":["IBM","INTEL"],"project":[{"projectName":"SCASE","technology":["Python","R"]}]},{"jobId":430,"jobTitle":"QA Tester","jobDescription":"To develop andriod application","experience":["RRD","ApD","MobileIron"],"project":[{"projectName":"Eccc","technology":["Selenium","Robot"]}]},{"jobId":3,"jobTitle":"Data Engg","jobDescription":"Create machine learning apps","experience":["IBM","INTEL"],"project":[{"projectName":"SCASE","technology":["Python","R"]}]},{"jobId":3,"jobTitle":"Data Engg","jobDescription":"Create machine learning apps","experience":["IBM","INTEL"],"project":[{"projectName":"SCASE","technology":["Python","R"]}]},{"jobId":4,"jobTitle":"QA Tester","jobDescription":"To develop andriod application","experience":["RRD","ApD","MobileIron"],"project":[{"projectName":"Eccc","technology":["Selenium","Robot"]}]},{"jobId":404,"jobTitle":"Data Engg","jobDescription":"Create machine learning apps","experience":["IBM","INTEL"],"project":[{"projectName":"SCASE","technology":["Python","R"]}]},{"jobId":412,"jobTitle":"QA Tester","jobDescription":"To develop andriod application","experience":["RRD","ApD","MobileIron"],"project":[{"projectName":"Eccc","technology":["Selenium","Robot"]}]},{"jobId":3,"jobTitle":"Data Engg","jobDescription":"Create machine learning apps","experience":["IBM","INTEL"],"project":[{"projectName":"SCASE","technology":["Python","R"]}]},{"jobId":3,"jobTitle":"Data Engg","jobDescription":"Create machine learning apps","experience":["IBM","INTEL"],"project":[{"projectName":"SCASE","technology":["Python","R"]}]},{"jobId":4,"jobTitle":"QA Tester","jobDescription":"To develop andriod application","experience":["RRD","ApD","MobileIron"],"project":[{"projectName":"Eccc","technology":["Selenium","Robot"]}]},{"jobId":612,"jobTitle":"Data Engg","jobDescription":"Create machine learning apps","experience":["IBM","INTEL"],"project":[{"projectName":"SCASE","technology":["Python","R"]}]},{"jobId":124,"jobTitle":"QA Tester","jobDescription":"To develop andriod application","experience":["RRD","ApD","MobileIron"],"project":[{"projectName":"Eccc","technology":["Selenium","Robot"]}]},{"jobId":3,"jobTitle":"Data Engg","jobDescription":"Create machine learning apps","experience":["IBM","INTEL"],"project":[{"projectName":"SCASE","technology":["Python","R"]}]},{"jobId":3,"jobTitle":"Data Engg","jobDescription":"Create machine learning apps","experience":["IBM","INTEL"],"project":[{"projectName":"SCASE","technology":["Python","R"]}]},{"jobId":4,"jobTitle":"QA Tester","jobDescription":"To develop andriod application","experience":["RRD","ApD","MobileIron"],"project":[{"projectName":"Eccc","technology":["Selenium","Robot"]}]},{"jobId":27,"jobTitle":"Data Engg","jobDescription":"Create machine learning apps","experience":["IBM","INTEL"],"project":[{"projectName":"SCASE","technology":["Python","R"]}]},{"jobId":276,"jobTitle":"QA Tester","jobDescription":"To develop andriod application","experience":["RRD","ApD","MobileIron"],"project":[{"projectName":"Eccc","technology":["Selenium","Robot"]}]},{"jobId":3,"jobTitle":"Data Engg","jobDescription":"Create machine learning apps","experience":["IBM","INTEL"],"project":[{"projectName":"SCASE","technology":["Python","R"]}]},{"jobId":47,"jobTitle":"LOS","jobDescription":"SOL","experience":["Nothing"],"project":[]},{"jobId":99,"jobTitle":"LOS","jobDescription":"SOL","experience":["Nothing"],"project":[]},{"jobId":49,"jobTitle":"LOS","jobDescription":"SOL","experience":["Nothing"],"project":[]},{"jobId":99,"jobTitle":"LOS","jobDescription":"SOL","experience":["Nothing"],"project":[]},{"jobId":80,"jobTitle":"LOS","jobDescription":"SOL","experience":["Nothing"],"project":[]},{"jobId":0,"jobTitle":"QA Tester","jobDescription":"Finding bugs","experience":["Nothing"],"project":[]},{"jobId":0,"jobTitle":"LOS","jobDescription":"SOL","experience":["Nothing"],"project":[]},{"jobId":0,"jobTitle":"LOS","jobDescription":"SOL","experience":["Nothing"],"project":[]},{"jobId":45,"jobTitle":"QA Tester","jobDescription":"Finding bugs","experience":["Nothing"],"project":[]},{"jobId":64,"jobTitle":"QA Tester","jobDescription":"Finding bugs","experience":["Nothing"],"project":[]},{"jobId":38,"jobTitle":"QA Tester","jobDescription":"Finding bugs","experience":["Nothing"],"project":[]},{"jobId":85,"jobTitle":"LOS","jobDescription":"SOL","experience":["Nothing"],"project":[]},{"jobId":9,"jobTitle":"QA Tester","jobDescription":"Finding bugs","experience":["Nothing"],"project":[]},{"jobId":85,"jobTitle":"LOS","jobDescription":"SOL","experience":["Nothing"],"project":[]},{"jobId":36,"jobTitle":"LOS","jobDescription":"SOL","experience":["Nothing"],"project":[]},{"jobId":41,"jobTitle":"QA Tester","jobDescription":"Finding bugs","experience":["Nothing"],"project":[]},{"jobId":42,"jobTitle":"LOS","jobDescription":"SOL","experience":["Nothing"],"project":[]},{"jobId":69,"jobTitle":"LOS","jobDescription":"SOL","experience":["Nothing"],"project":[]},{"jobId":13,"jobTitle":"LOS","jobDescription":"SOL","experience":["Nothing"],"project":[]},{"jobId":15,"jobTitle":"LOS","jobDescription":"To develop andriod application and web application","experience":["Nothing"],"project":[]},{"jobId":19,"jobTitle":"LOS","jobDescription":"To develop andriod application and web application","experience":["Nothing"],"project":[]},{"jobId":92,"jobTitle":"Software Engg - 2","jobDescription":"To develop andriod application and web application","experience":["Nothing"],"project":[]},{"jobId":54,"jobTitle":"LOS","jobDescription":"SOL","experience":["Nothing"],"project":[]},{"jobId":90,"jobTitle":"Software Engg - 2","jobDescription":"To develop andriod application and web application","experience":["Nothing"],"project":[]},{"jobId":38,"jobTitle":"LOS","jobDescription":"SOL","experience":["Nothing"],"project":[]},{"jobId":5,"jobTitle":"Software Engg - 2","jobDescription":"To develop andriod application","experience":["Google","Apple","Mobile Iron","Google"],"project":[{"projectName":"Movie App","technology":["Kotlin","SQL Lite","Gradle","Jenkins"]}]},{"jobId":623,"jobTitle":"Data Engg","jobDescription":"Create machine learning apps","experience":["IBM","INTEL"],"project":[{"projectName":"SCASE","technology":["Python","R"]}]},{"jobId":3,"jobTitle":"Data Engg","jobDescription":"Create machine learning apps","experience":["IBM","INTEL"],"project":[{"projectName":"SCASE","technology":["Python","R"]}]},{"jobId":4,"jobTitle":"QA Tester","jobDescription":"To develop andriod application","experience":["RRD","ApD","MobileIron"],"project":[{"projectName":"Eccc","technology":["Selenium","Robot"]}]},{"jobId":345,"jobTitle":"QA Tester","jobDescription":"To develop andriod application","experience":["RRD","ApD","MobileIron"],"project":[{"projectName":"Eccc","technology":["Selenium","Robot"]}]},{"jobId":7,"jobTitle":"Software Engg","jobDescription":"To develop andriod application","experience":["Google","Apple","Mobile Iron","Subex"],"project":[{"projectName":"Movie App","technology":["Kotlin","SQL Lite","Gradle","Jenkins"]}]},{"jobId":7,"jobTitle":"Software Engg","jobDescription":"To develop andriod application","experience":["Google","Apple","Mobile Iron","Subex"],"project":[{"projectName":"Movie App","technology":["Kotlin","SQL Lite","Gradle","Jenkins"]}]},{"jobId":50,"jobTitle":"Software Engg - 2","jobDescription":"To develop andriod application","experience":["Google","Apple","Mobile Iron","Google"],"project":[{"projectName":"Movie App","technology":["Kotlin","SQL Lite","Gradle","Jenkins"]}]},{"jobId":43,"jobTitle":"Software Engg","jobDescription":"To develop andriod application","experience":["Google","Apple","Mobile Iron","Subex"],"project":[{"projectName":"Movie App","technology":["Kotlin","SQL Lite","Gradle","Jenkins"]}]},{"jobId":19,"jobTitle":"LOS","jobDescription":"SOL","experience":["Nothing"],"project":[]},{"jobId":7,"jobTitle":"LOS","jobDescription":"SOL","experience":["Nothing"],"project":[]},{"jobId":3,"jobTitle":"Data Engg","jobDescription":"Create machine learning apps","experience":["IBM","INTEL"],"project":[{"projectName":"SCASE","technology":["Python","R"]}]},{"jobId":5,"jobTitle":"Software Engg - 2","jobDescription":"To develop andriod application","experience":["Google","Apple","Mobile Iron","Google"],"project":[{"projectName":"Movie App","technology":["Kotlin","SQL Lite","Gradle","Jenkins"]}]},{"jobId":4,"jobTitle":"QA Tester","jobDescription":"To develop andriod application","experience":["RRD","ApD","MobileIron"],"project":[{"projectName":"Eccc","technology":["Selenium","Robot"]}]},{"jobId":135,"jobTitle":"Data Engg","jobDescription":"Create machine learning apps","experience":["IBM","INTEL"],"project":[{"projectName":"SCASE","technology":["Python","R"]}]},{"jobId":647,"jobTitle":"QA Tester","jobDescription":"To develop andriod application","experience":["RRD","ApD","MobileIron"],"project":[{"projectName":"Eccc","technology":["Selenium","Robot"]}]},{"jobId":7,"jobTitle":"Software Engg","jobDescription":"To develop andriod application","experience":["Google","Apple","Mobile Iron","Subex"],"project":[{"projectName":"Movie App","technology":["Kotlin","SQL Lite","Gradle","Jenkins"]}]},{"jobId":7,"jobTitle":"Software Engg","jobDescription":"To develop andriod application","experience":["Google","Apple","Mobile Iron","Subex"],"project":[{"projectName":"Movie App","technology":["Kotlin","SQL Lite","Gradle","Jenkins"]}]},{"jobId":36,"jobTitle":"Software Engg - 2","jobDescription":"To develop andriod application","experience":["Google","Apple","Mobile Iron","Google"],"project":[{"projectName":"Movie App","technology":["Kotlin","SQL Lite","Gradle","Jenkins"]}]},{"jobId":6,"jobTitle":"Software Engg","jobDescription":"To develop andriod application","experience":["Google","Apple","Mobile Iron","Subex"],"project":[{"projectName":"Movie App","technology":["Kotlin","SQL Lite","Gradle","Jenkins"]}]},{"jobId":40,"jobTitle":"LOS","jobDescription":"SOL","experience":["Nothing"],"project":[]},{"jobId":59,"jobTitle":"LOS","jobDescription":"SOL","experience":["Nothing"],"project":[]},{"jobId":80,"jobTitle":"LOS","jobDescription":"SOL","experience":["Nothing"],"project":[]},{"jobId":4,"jobTitle":"LOS","jobDescription":"SOL","experience":["Nothing"],"project":[]},{"jobId":33,"jobTitle":"LOS","jobDescription":"SOL","experience":["Nothing"],"project":[]},{"jobId":70,"jobTitle":"Software Engg - 2","jobDescription":"To develop andriod application and web application","experience":["Nothing"],"project":[]},{"jobId":40,"jobTitle":"LOS","jobDescription":"SOL","experience":["Nothing"],"project":[]},{"jobId":32,"jobTitle":"LOS","jobDescription":"SOL","experience":["Nothing"],"project":[]},{"jobId":370,"jobTitle":"IOS","jobDescription":"APPLE","experience":["Nothing"],"project":[]},{"jobId":676,"jobTitle":"IOS","jobDescription":"APPLE","experience":["Nothing"],"project":[]},{"jobId":704,"jobTitle":"IOS","jobDescription":"APPLE","experience":["Nothing"],"project":[]},{"jobId":9980,"jobTitle":"Data Analyst","jobDescription":"Develop machine learning models","experience":["Nothing"],"project":[]},{"jobId":9980,"jobTitle":"Data Analyst","jobDescription":"Develop machine learning models","experience":["Nothing"],"project":[]},{"jobId":3,"jobTitle":"Data Engg","jobDescription":"Create machine learning apps","experience":["IBM","INTEL"],"project":[{"projectName":"SCASE","technology":["Python","R"]}]},{"jobId":4,"jobTitle":"QA Tester","jobDescription":"To develop andriod application","experience":["RRD","ApD","MobileIron"],"project":[{"projectName":"Eccc","technology":["Selenium","Robot"]}]},{"jobId":82,"jobTitle":"Data Engg","jobDescription":"Create machine learning apps","experience":["IBM","INTEL"],"project":[{"projectName":"SCASE","technology":["Python","R"]}]},{"jobId":291,"jobTitle":"QA Tester","jobDescription":"To develop andriod application","experience":["RRD","ApD","MobileIron"],"project":[{"projectName":"Eccc","technology":["Selenium","Robot"]}]},{"jobId":3,"jobTitle":"Data Engg","jobDescription":"Create machine learning apps","experience":["IBM","INTEL"],"project":[{"projectName":"SCASE","technology":["Python","R"]}]},{"jobId":3,"jobTitle":"Data Engg","jobDescription":"Create machine learning apps","experience":["IBM","INTEL"],"project":[{"projectName":"SCASE","technology":["Python","R"]}]},{"jobId":251,"jobTitle":"LOS","jobDescription":"SOL","experience":["Nothing"],"project":[]},{"jobId":19,"jobTitle":"LOS","jobDescription":"SOL","experience":["Nothing"],"project":[]},{"jobId":91,"jobTitle":"LOS","jobDescription":"SOL","experience":["Nothing"],"project":[]},{"jobId":69,"jobTitle":"LOS","jobDescription":"SOL","experience":["Nothing"],"project":[]},{"jobId":0,"jobTitle":"LOS","jobDescription":"SOL","experience":["Nothing"],"project":[]},{"jobId":3,"jobTitle":"Data Engg","jobDescription":"Create machine learning apps","experience":["IBM","INTEL"],"project":[{"projectName":"SCASE","technology":["Python","R"]}]},{"jobId":35,"jobTitle":"LOS","jobDescription":"SOL","experience":["Nothing"],"project":[]},{"jobId":540,"jobTitle":"Data Engg","jobDescription":"Create machine learning apps","experience":["IBM","INTEL"],"project":[{"projectName":"SCASE","technology":["Python","R"]}]},{"jobId":4,"jobTitle":"QA Tester","jobDescription":"To develop andriod application","experience":["RRD","ApD","MobileIron"],"project":[{"projectName":"Eccc","technology":["Selenium","Robot"]}]},{"jobId":3,"jobTitle":"Data Engg","jobDescription":"Create machine learning apps","experience":["IBM","INTEL"],"project":[{"projectName":"SCASE","technology":["Python","R"]}]},{"jobId":952,"jobTitle":"QA Tester","jobDescription":"To develop andriod application","experience":["RRD","ApD","MobileIron"],"project":[{"projectName":"Eccc","technology":["Selenium","Robot"]}]}]

14:23:00.923 [pool-2-thread-4] INFO  com.intuit.karate - karate.env system property was: null 
14:23:00.921 [pool-2-thread-3] INFO  com.intuit.karate - karate.env system property was: null 
14:23:00.935 [pool-2-thread-2] INFO  com.intuit.karate - karate.env system property was: null 
14:23:00.953 [pool-2-thread-1] INFO  com.intuit.karate - [print] http://localhost:9897 
14:23:00.953 [pool-2-thread-3] INFO  com.intuit.karate - [print] http://localhost:9897 
14:23:00.954 [pool-2-thread-5] INFO  com.intuit.karate - [print] {
  "jobId": "#number",
  "jobTitle": "#string",
  "jobDescription": "#string",
  "experience": "#[] #string",
  "project": "#[] ##(projectSchema)"
}
 
14:23:00.983 [pool-2-thread-1] INFO  com.intuit.karate - [print] /normal/webapi/add 
14:23:00.984 [pool-2-thread-3] INFO  com.intuit.karate - [print] /normal/webapi/all 
14:23:00.992 [pool-2-thread-1] INFO  com.intuit.karate - [print] post 
14:23:00.992 [pool-2-thread-3] INFO  com.intuit.karate - [print] get 
14:23:01.004 [pool-2-thread-3] INFO  com.intuit.karate - [print] 200 
14:23:01.004 [pool-2-thread-1] INFO  com.intuit.karate - [print] 201 
14:23:01.045 [pool-2-thread-2] DEBUG com.intuit.karate - request:
1 > POST http://localhost:9897/normal/webapi/add
1 > Accept: application/json
1 > Content-Type: application/json; charset=UTF-8
1 > Content-Length: 118
1 > Host: localhost:9897
1 > Connection: Keep-Alive
1 > User-Agent: Apache-HttpClient/4.5.14 (Java/16.0.1)
1 > Accept-Encoding: gzip,deflate
{"jobId":"9980","jobTitle":"Data Analyst","jobDescription":"Develop machine learning models","experience":["Nothing"]}

14:23:01.045 [pool-2-thread-4] DEBUG com.intuit.karate - request:
1 > POST http://localhost:9897/normal/webapi/add
1 > Accept: application/json
1 > Content-Type: application/json; charset=UTF-8
1 > Content-Length: 114
1 > Host: localhost:9897
1 > Connection: Keep-Alive
1 > User-Agent: Apache-HttpClient/4.5.14 (Java/16.0.1)
1 > Accept-Encoding: gzip,deflate
{"jobId":"id","jobTitle":"QA Tester","jobDescription":"Trigger and develop test scripts","experience":["Nothing"]}

14:23:01.072 [pool-2-thread-4] DEBUG com.intuit.karate - response time in milliseconds: 20
1 < 400
1 < X-Content-Type-Options: nosniff
1 < X-XSS-Protection: 1; mode=block
1 < Cache-Control: no-cache, no-store, max-age=0, must-revalidate
1 < Pragma: no-cache
1 < Expires: 0
1 < X-Frame-Options: DENY
1 < Content-Type: application/json
1 < Transfer-Encoding: chunked
1 < Date: Thu, 27 Jun 2024 19:23:00 GMT
1 < Connection: close
{"timestamp":"2024-06-27T19:23:01.062+0000","status":400,"error":"Bad Request","message":"JSON parse error: Cannot deserialize value of type `int` from String \"id\": not a valid Integer value; nested exception is com.fasterxml.jackson.databind.exc.InvalidFormatException: Cannot deserialize value of type `int` from String \"id\": not a valid Integer value\n at [Source: (PushbackInputStream); line: 1, column: 10] (through reference chain: com.lab.jobportal.model.Job[\"jobId\"])","path":"/normal/webapi/add"}

14:23:01.073 [pool-2-thread-1] INFO  com.intuit.karate - karate.env system property was: null 
14:23:01.071 [pool-2-thread-3] INFO  com.intuit.karate - karate.env system property was: null 
14:23:01.073 [pool-2-thread-2] DEBUG com.intuit.karate - response time in milliseconds: 22
1 < 201
1 < X-Content-Type-Options: nosniff
1 < X-XSS-Protection: 1; mode=block
1 < Cache-Control: no-cache, no-store, max-age=0, must-revalidate
1 < Pragma: no-cache
1 < Expires: 0
1 < X-Frame-Options: DENY
1 < Content-Type: application/json
1 < Transfer-Encoding: chunked
1 < Date: Thu, 27 Jun 2024 19:23:00 GMT
1 < Keep-Alive: timeout=60
1 < Connection: keep-alive
{"jobId":9980,"jobTitle":"Data Analyst","jobDescription":"Develop machine learning models","experience":["Nothing"],"project":[]}

14:23:01.126 [pool-2-thread-2] INFO  com.intuit.karate - karate.env system property was: null 
14:23:01.126 [pool-2-thread-4] INFO  com.intuit.karate - karate.env system property was: null 
14:23:01.169 [pool-2-thread-1] DEBUG com.intuit.karate - request:
1 > POST http://localhost:9897/normal/webapi/add
1 > Accept: application/json
1 > Content-Type: application/json; charset=UTF-8
1 > Content-Length: 114
1 > Host: localhost:9897
1 > Connection: Keep-Alive
1 > User-Agent: Apache-HttpClient/4.5.14 (Java/16.0.1)
1 > Accept-Encoding: gzip,deflate
{"jobId":"id","jobTitle":"QA Tester","jobDescription":"Trigger and develop test scripts","experience":["Nothing"]}

14:23:01.177 [pool-2-thread-3] DEBUG com.intuit.karate - request:
1 > POST http://localhost:9897/normal/webapi/add
1 > Accept: application/json
1 > Content-Type: application/json; charset=UTF-8
1 > Content-Length: 118
1 > Host: localhost:9897
1 > Connection: Keep-Alive
1 > User-Agent: Apache-HttpClient/4.5.14 (Java/16.0.1)
1 > Accept-Encoding: gzip,deflate
{"jobId":"9980","jobTitle":"Data Analyst","jobDescription":"Develop machine learning models","experience":["Nothing"]}

14:23:01.198 [pool-2-thread-1] DEBUG com.intuit.karate - response time in milliseconds: 25
1 < 400
1 < X-Content-Type-Options: nosniff
1 < X-XSS-Protection: 1; mode=block
1 < Cache-Control: no-cache, no-store, max-age=0, must-revalidate
1 < Pragma: no-cache
1 < Expires: 0
1 < X-Frame-Options: DENY
1 < Content-Type: application/json
1 < Transfer-Encoding: chunked
1 < Date: Thu, 27 Jun 2024 19:23:00 GMT
1 < Connection: close
{"timestamp":"2024-06-27T19:23:01.189+0000","status":400,"error":"Bad Request","message":"JSON parse error: Cannot deserialize value of type `int` from String \"id\": not a valid Integer value; nested exception is com.fasterxml.jackson.databind.exc.InvalidFormatException: Cannot deserialize value of type `int` from String \"id\": not a valid Integer value\n at [Source: (PushbackInputStream); line: 1, column: 10] (through reference chain: com.lab.jobportal.model.Job[\"jobId\"])","path":"/normal/webapi/add"}

14:23:01.198 [pool-2-thread-3] DEBUG com.intuit.karate - response time in milliseconds: 18
1 < 201
1 < X-Content-Type-Options: nosniff
1 < X-XSS-Protection: 1; mode=block
1 < Cache-Control: no-cache, no-store, max-age=0, must-revalidate
1 < Pragma: no-cache
1 < Expires: 0
1 < X-Frame-Options: DENY
1 < Content-Type: application/json
1 < Transfer-Encoding: chunked
1 < Date: Thu, 27 Jun 2024 19:23:00 GMT
1 < Keep-Alive: timeout=60
1 < Connection: keep-alive
{"jobId":9980,"jobTitle":"Data Analyst","jobDescription":"Develop machine learning models","experience":["Nothing"],"project":[]}

14:23:01.273 [pool-2-thread-3] INFO  com.intuit.karate - karate.env system property was: null 
14:23:01.273 [pool-2-thread-1] INFO  com.intuit.karate - karate.env system property was: null 
14:23:01.339 [pool-2-thread-1] DEBUG com.intuit.karate - request:
1 > POST http://localhost:9897/normal/webapi/add
1 > Accept: application/json
1 > Content-Type: application/json; charset=UTF-8
1 > Content-Length: 78
1 > Host: localhost:9897
1 > Connection: Keep-Alive
1 > User-Agent: Apache-HttpClient/4.5.14 (Java/16.0.1)
1 > Accept-Encoding: gzip,deflate
{"jobId":771,"jobTitle":"LOS","jobDescription":"SOL","experience":["Nothing"]}

14:23:01.366 [pool-2-thread-1] DEBUG com.intuit.karate - response time in milliseconds: 23
1 < 201
1 < X-Content-Type-Options: nosniff
1 < X-XSS-Protection: 1; mode=block
1 < Cache-Control: no-cache, no-store, max-age=0, must-revalidate
1 < Pragma: no-cache
1 < Expires: 0
1 < X-Frame-Options: DENY
1 < Content-Type: application/json
1 < Transfer-Encoding: chunked
1 < Date: Thu, 27 Jun 2024 19:23:00 GMT
1 < Keep-Alive: timeout=60
1 < Connection: keep-alive
{"jobId":771,"jobTitle":"LOS","jobDescription":"SOL","experience":["Nothing"],"project":[]}

14:23:01.388 [pool-2-thread-1] INFO  com.intuit.karate - [print] {
  "jobId": 771,
  "jobTitle": "LOS",
  "jobDescription": "SOL",
  "experience": [
    "Nothing"
  ],
  "project": [
  ]
}
 
14:23:01.400 [pool-2-thread-2] DEBUG com.intuit.karate - request:
1 > POST http://localhost:9897/normal/webapi/upload
1 > Content-Type: multipart/form-data; boundary=6f4744039e6feaaa
1 > Content-Length: 483
1 > Host: localhost:9897
1 > Connection: Keep-Alive
1 > User-Agent: Apache-HttpClient/4.5.14 (Java/16.0.1)
1 > Accept-Encoding: gzip,deflate

Mixed: content-disposition: form-data; name="file"; filename="JsonRequest.json"
content-type: application/json; charset=UTF-8
content-length: 295
Completed: true
IsInMemory: true


14:23:01.400 [pool-2-thread-4] DEBUG com.intuit.karate - request:
1 > POST http://localhost:9897/normal/webapi/upload
1 > Content-Type: multipart/form-data; boundary=801c1119326591a1
1 > Content-Length: 4183
1 > Host: localhost:9897
1 > Connection: Keep-Alive
1 > User-Agent: Apache-HttpClient/4.5.14 (Java/16.0.1)
1 > Accept-Encoding: gzip,deflate

Mixed: content-disposition: form-data; name="file"; filename="fileToUpload.txt"
content-type: text/plain; charset=UTF-8
content-length: 4000
Completed: true
IsInMemory: true


14:23:01.416 [pool-2-thread-3] DEBUG com.intuit.karate - request:
1 > POST http://localhost:9897/normal/webapi/add
1 > Accept: application/json
1 > Content-Type: application/json; charset=UTF-8
1 > Content-Length: 78
1 > Host: localhost:9897
1 > Connection: Keep-Alive
1 > User-Agent: Apache-HttpClient/4.5.14 (Java/16.0.1)
1 > Accept-Encoding: gzip,deflate
{"jobId":426,"jobTitle":"LOS","jobDescription":"SOL","experience":["Nothing"]}

14:23:01.432 [pool-2-thread-3] DEBUG com.intuit.karate - response time in milliseconds: 13
1 < 201
1 < X-Content-Type-Options: nosniff
1 < X-XSS-Protection: 1; mode=block
1 < Cache-Control: no-cache, no-store, max-age=0, must-revalidate
1 < Pragma: no-cache
1 < Expires: 0
1 < X-Frame-Options: DENY
1 < Content-Type: application/json
1 < Transfer-Encoding: chunked
1 < Date: Thu, 27 Jun 2024 19:23:00 GMT
1 < Keep-Alive: timeout=60
1 < Connection: keep-alive
{"jobId":426,"jobTitle":"LOS","jobDescription":"SOL","experience":["Nothing"],"project":[]}

14:23:01.432 [pool-2-thread-4] DEBUG com.intuit.karate - response time in milliseconds: 30
1 < 200
1 < X-Content-Type-Options: nosniff
1 < X-XSS-Protection: 1; mode=block
1 < Cache-Control: no-cache, no-store, max-age=0, must-revalidate
1 < Pragma: no-cache
1 < Expires: 0
1 < X-Frame-Options: DENY
1 < Content-Type: application/json
1 < Transfer-Encoding: chunked
1 < Date: Thu, 27 Jun 2024 19:23:00 GMT
1 < Keep-Alive: timeout=60
1 < Connection: keep-alive
{"message":"File fileToUpload.txt uploaded at /var/folders/wm/kc35rbg56t32llzjx6yh6d_40000gn/T//"}

14:23:01.432 [pool-2-thread-2] DEBUG com.intuit.karate - response time in milliseconds: 31
1 < 200
1 < X-Content-Type-Options: nosniff
1 < X-XSS-Protection: 1; mode=block
1 < Cache-Control: no-cache, no-store, max-age=0, must-revalidate
1 < Pragma: no-cache
1 < Expires: 0
1 < X-Frame-Options: DENY
1 < Content-Type: application/json
1 < Transfer-Encoding: chunked
1 < Date: Thu, 27 Jun 2024 19:23:00 GMT
1 < Keep-Alive: timeout=60
1 < Connection: keep-alive
{"message":"File JsonRequest.json uploaded at /var/folders/wm/kc35rbg56t32llzjx6yh6d_40000gn/T//"}

14:23:01.433 [pool-2-thread-1] DEBUG com.intuit.karate - request:
2 > PUT http://localhost:9897/normal/webapi/update
2 > Accept: application/json
2 > Content-Type: application/json; charset=UTF-8
2 > Content-Length: 80
2 > Host: localhost:9897
2 > Connection: Keep-Alive
2 > User-Agent: Apache-HttpClient/4.5.14 (Java/16.0.1)
2 > Accept-Encoding: gzip,deflate
{"jobId":771,"jobTitle":"IOS","jobDescription":"APPLE","experience":["Nothing"]}

14:23:01.445 [pool-2-thread-4] INFO  com.intuit.karate - [print] {
  "message": "File fileToUpload.txt uploaded at /var/folders/wm/kc35rbg56t32llzjx6yh6d_40000gn/T//"
}
 
14:23:01.444 [pool-2-thread-2] INFO  com.intuit.karate - [print] {
  "message": "File JsonRequest.json uploaded at /var/folders/wm/kc35rbg56t32llzjx6yh6d_40000gn/T//"
}
 
14:23:01.485 [pool-2-thread-1] DEBUG com.intuit.karate - response time in milliseconds: 50
2 < 200
2 < X-Content-Type-Options: nosniff
2 < X-XSS-Protection: 1; mode=block
2 < Cache-Control: no-cache, no-store, max-age=0, must-revalidate
2 < Pragma: no-cache
2 < Expires: 0
2 < X-Frame-Options: DENY
2 < Content-Type: application/json
2 < Transfer-Encoding: chunked
2 < Date: Thu, 27 Jun 2024 19:23:00 GMT
2 < Keep-Alive: timeout=60
2 < Connection: keep-alive
{"jobId":771,"jobTitle":"IOS","jobDescription":"APPLE","experience":["Nothing"],"project":[]}

14:23:01.480 [pool-2-thread-4] INFO  com.intuit.karate - karate.env system property was: null 
14:23:01.485 [pool-2-thread-3] INFO  com.intuit.karate - [print] Calling :  426 
14:23:01.486 [pool-2-thread-2] INFO  com.intuit.karate - karate.env system property was: null 
14:23:01.505 [pool-2-thread-2] DEBUG com.intuit.karate - request:
1 > POST http://localhost:9897/normal/webapi/add
1 > Accept: application/json
1 > Content-Type: application/json; charset=UTF-8
1 > Content-Length: 241
1 > Host: localhost:9897
1 > Connection: Keep-Alive
1 > User-Agent: Apache-HttpClient/4.5.14 (Java/16.0.1)
1 > Accept-Encoding: gzip,deflate
{"jobId":5,"jobTitle":"Software Engg - 2","jobDescription":"To develop andriod application","experience":["Google","Apple","Mobile Iron","Google"],"project":[{"projectName":"Movie App","technology":["Kotlin","SQL Lite","Gradle","Jenkins"]}]}

14:23:01.529 [pool-2-thread-2] DEBUG com.intuit.karate - response time in milliseconds: 12
1 < 201
1 < X-Content-Type-Options: nosniff
1 < X-XSS-Protection: 1; mode=block
1 < Cache-Control: no-cache, no-store, max-age=0, must-revalidate
1 < Pragma: no-cache
1 < Expires: 0
1 < X-Frame-Options: DENY
1 < Content-Type: application/json
1 < Transfer-Encoding: chunked
1 < Date: Thu, 27 Jun 2024 19:23:00 GMT
1 < Keep-Alive: timeout=60
1 < Connection: keep-alive
{"jobId":5,"jobTitle":"Software Engg - 2","jobDescription":"To develop andriod application","experience":["Google","Apple","Mobile Iron","Google"],"project":[{"projectName":"Movie App","technology":["Kotlin","SQL Lite","Gradle","Jenkins"]}]}

14:23:01.545 [pool-2-thread-2] INFO  com.intuit.karate - [print] {
  "jobId": 5,
  "jobTitle": "Software Engg - 2",
  "jobDescription": "To develop andriod application",
  "experience": [
    "Google",
    "Apple",
    "Mobile Iron",
    "Google"
  ],
  "project": [
    {
      "projectName": "Movie App",
      "technology": [
        "Kotlin",
        "SQL Lite",
        "Gradle",
        "Jenkins"
      ]
    }
  ]
}
 
14:23:01.550 [pool-2-thread-3] DEBUG com.intuit.karate - request:
1 > PUT http://localhost:9897/normal/webapi/update
1 > Accept: application/json
1 > Content-Type: application/json; charset=UTF-8
1 > Content-Length: 80
1 > Host: localhost:9897
1 > Connection: Keep-Alive
1 > User-Agent: Apache-HttpClient/4.5.14 (Java/16.0.1)
1 > Accept-Encoding: gzip,deflate
{"jobId":426,"jobTitle":"IOS","jobDescription":"APPLE","experience":["Nothing"]}

14:23:01.579 [pool-2-thread-3] DEBUG com.intuit.karate - response time in milliseconds: 8
1 < 200
1 < X-Content-Type-Options: nosniff
1 < X-XSS-Protection: 1; mode=block
1 < Cache-Control: no-cache, no-store, max-age=0, must-revalidate
1 < Pragma: no-cache
1 < Expires: 0
1 < X-Frame-Options: DENY
1 < Content-Type: application/json
1 < Transfer-Encoding: chunked
1 < Date: Thu, 27 Jun 2024 19:23:01 GMT
1 < Keep-Alive: timeout=60
1 < Connection: keep-alive
{"jobId":426,"jobTitle":"IOS","jobDescription":"APPLE","experience":["Nothing"],"project":[]}

14:23:01.580 [pool-2-thread-2] INFO  com.intuit.karate - karate.env system property was: null 
14:23:01.580 [pool-2-thread-1] INFO  com.intuit.karate - karate.env system property was: null 
14:23:01.582 [pool-2-thread-5] ERROR com.intuit.karate - classpath:com/api/automation/postrequest/schemaValidation.feature:26
And match response ==
"""
'#[] ##(mainSchema)'
"""
match failed: EQUALS
  $ | all array elements matched (LIST:STRING)
  [{"jobId":1,"jobTitle":"Software Engg","jobDescription":"To develop andriod application","experience":["Google","Apple","Mobile Iron"],"project":[{"projectName":"Movie App","technology":["Kotlin","SQL Lite","Gradle"]}]},{"jobId":3,"jobTitle":"Data Engg","jobDescription":"Create machine learning apps","experience":["IBM","INTEL"],"project":[{"projectName":"SCASE","technology":["Python","R"]}]},{"jobId":4,"jobTitle":"Software Engg - 2","jobDescription":"To develop andriod application and web application","experience":["RRD","ApD","MobileIron"],"project":[{"projectName":"Eccc","technology":["Selenium","Robot"]}]},{"jobId":640,"jobTitle":"Data Engg","jobDescription":"Create machine learning apps","experience":["IBM","INTEL"],"project":[{"projectName":"SCASE","technology":["Python","R"]}]},{"jobId":430,"jobTitle":"QA Tester","jobDescription":"To develop andriod application","experience":["RRD","ApD","MobileIron"],"project":[{"projectName":"Eccc","technology":["Selenium","Robot"]}]},{"jobId":3,"jobTitle":"Data Engg","jobDescription":"Create machine learning apps","experience":["IBM","INTEL"],"project":[{"projectName":"SCASE","technology":["Python","R"]}]},{"jobId":3,"jobTitle":"Data Engg","jobDescription":"Create machine learning apps","experience":["IBM","INTEL"],"project":[{"projectName":"SCASE","technology":["Python","R"]}]},{"jobId":4,"jobTitle":"QA Tester","jobDescription":"To develop andriod application","experience":["RRD","ApD","MobileIron"],"project":[{"projectName":"Eccc","technology":["Selenium","Robot"]}]},{"jobId":404,"jobTitle":"Data Engg","jobDescription":"Create machine learning apps","experience":["IBM","INTEL"],"project":[{"projectName":"SCASE","technology":["Python","R"]}]},{"jobId":412,"jobTitle":"QA Tester","jobDescription":"To develop andriod application","experience":["RRD","ApD","MobileIron"],"project":[{"projectName":"Eccc","technology":["Selenium","Robot"]}]},{"jobId":3,"jobTitle":"Data Engg","jobDescription":"Create machine learning apps","experience":["IBM","INTEL"],"project":[{"projectName":"SCASE","technology":["Python","R"]}]},{"jobId":3,"jobTitle":"Data Engg","jobDescription":"Create machine learning apps","experience":["IBM","INTEL"],"project":[{"projectName":"SCASE","technology":["Python","R"]}]},{"jobId":4,"jobTitle":"QA Tester","jobDescription":"To develop andriod application","experience":["RRD","ApD","MobileIron"],"project":[{"projectName":"Eccc","technology":["Selenium","Robot"]}]},{"jobId":612,"jobTitle":"Data Engg","jobDescription":"Create machine learning apps","experience":["IBM","INTEL"],"project":[{"projectName":"SCASE","technology":["Python","R"]}]},{"jobId":124,"jobTitle":"QA Tester","jobDescription":"To develop andriod application","experience":["RRD","ApD","MobileIron"],"project":[{"projectName":"Eccc","technology":["Selenium","Robot"]}]},{"jobId":3,"jobTitle":"Data Engg","jobDescription":"Create machine learning apps","experience":["IBM","INTEL"],"project":[{"projectName":"SCASE","technology":["Python","R"]}]},{"jobId":3,"jobTitle":"Data Engg","jobDescription":"Create machine learning apps","experience":["IBM","INTEL"],"project":[{"projectName":"SCASE","technology":["Python","R"]}]},{"jobId":4,"jobTitle":"QA Tester","jobDescription":"To develop andriod application","experience":["RRD","ApD","MobileIron"],"project":[{"projectName":"Eccc","technology":["Selenium","Robot"]}]},{"jobId":27,"jobTitle":"Data Engg","jobDescription":"Create machine learning apps","experience":["IBM","INTEL"],"project":[{"projectName":"SCASE","technology":["Python","R"]}]},{"jobId":276,"jobTitle":"QA Tester","jobDescription":"To develop andriod application","experience":["RRD","ApD","MobileIron"],"project":[{"projectName":"Eccc","technology":["Selenium","Robot"]}]},{"jobId":3,"jobTitle":"Data Engg","jobDescription":"Create machine learning apps","experience":["IBM","INTEL"],"project":[{"projectName":"SCASE","technology":["Python","R"]}]},{"jobId":47,"jobTitle":"LOS","jobDescription":"SOL","experience":["Nothing"],"project":[]},{"jobId":99,"jobTitle":"LOS","jobDescription":"SOL","experience":["Nothing"],"project":[]},{"jobId":49,"jobTitle":"LOS","jobDescription":"SOL","experience":["Nothing"],"project":[]},{"jobId":99,"jobTitle":"LOS","jobDescription":"SOL","experience":["Nothing"],"project":[]},{"jobId":80,"jobTitle":"LOS","jobDescription":"SOL","experience":["Nothing"],"project":[]},{"jobId":0,"jobTitle":"QA Tester","jobDescription":"Finding bugs","experience":["Nothing"],"project":[]},{"jobId":0,"jobTitle":"LOS","jobDescription":"SOL","experience":["Nothing"],"project":[]},{"jobId":0,"jobTitle":"LOS","jobDescription":"SOL","experience":["Nothing"],"project":[]},{"jobId":45,"jobTitle":"QA Tester","jobDescription":"Finding bugs","experience":["Nothing"],"project":[]},{"jobId":64,"jobTitle":"QA Tester","jobDescription":"Finding bugs","experience":["Nothing"],"project":[]},{"jobId":38,"jobTitle":"QA Tester","jobDescription":"Finding bugs","experience":["Nothing"],"project":[]},{"jobId":85,"jobTitle":"LOS","jobDescription":"SOL","experience":["Nothing"],"project":[]},{"jobId":9,"jobTitle":"QA Tester","jobDescription":"Finding bugs","experience":["Nothing"],"project":[]},{"jobId":85,"jobTitle":"LOS","jobDescription":"SOL","experience":["Nothing"],"project":[]},{"jobId":36,"jobTitle":"LOS","jobDescription":"SOL","experience":["Nothing"],"project":[]},{"jobId":41,"jobTitle":"QA Tester","jobDescription":"Finding bugs","experience":["Nothing"],"project":[]},{"jobId":42,"jobTitle":"LOS","jobDescription":"SOL","experience":["Nothing"],"project":[]},{"jobId":69,"jobTitle":"LOS","jobDescription":"SOL","experience":["Nothing"],"project":[]},{"jobId":13,"jobTitle":"LOS","jobDescription":"SOL","experience":["Nothing"],"project":[]},{"jobId":15,"jobTitle":"LOS","jobDescription":"To develop andriod application and web application","experience":["Nothing"],"project":[]},{"jobId":19,"jobTitle":"LOS","jobDescription":"To develop andriod application and web application","experience":["Nothing"],"project":[]},{"jobId":92,"jobTitle":"Software Engg - 2","jobDescription":"To develop andriod application and web application","experience":["Nothing"],"project":[]},{"jobId":54,"jobTitle":"LOS","jobDescription":"SOL","experience":["Nothing"],"project":[]},{"jobId":90,"jobTitle":"Software Engg - 2","jobDescription":"To develop andriod application and web application","experience":["Nothing"],"project":[]},{"jobId":38,"jobTitle":"LOS","jobDescription":"SOL","experience":["Nothing"],"project":[]},{"jobId":5,"jobTitle":"Software Engg - 2","jobDescription":"To develop andriod application","experience":["Google","Apple","Mobile Iron","Google"],"project":[{"projectName":"Movie App","technology":["Kotlin","SQL Lite","Gradle","Jenkins"]}]},{"jobId":623,"jobTitle":"Data Engg","jobDescription":"Create machine learning apps","experience":["IBM","INTEL"],"project":[{"projectName":"SCASE","technology":["Python","R"]}]},{"jobId":3,"jobTitle":"Data Engg","jobDescription":"Create machine learning apps","experience":["IBM","INTEL"],"project":[{"projectName":"SCASE","technology":["Python","R"]}]},{"jobId":4,"jobTitle":"QA Tester","jobDescription":"To develop andriod application","experience":["RRD","ApD","MobileIron"],"project":[{"projectName":"Eccc","technology":["Selenium","Robot"]}]},{"jobId":345,"jobTitle":"QA Tester","jobDescription":"To develop andriod application","experience":["RRD","ApD","MobileIron"],"project":[{"projectName":"Eccc","technology":["Selenium","Robot"]}]},{"jobId":7,"jobTitle":"Software Engg","jobDescription":"To develop andriod application","experience":["Google","Apple","Mobile Iron","Subex"],"project":[{"projectName":"Movie App","technology":["Kotlin","SQL Lite","Gradle","Jenkins"]}]},{"jobId":7,"jobTitle":"Software Engg","jobDescription":"To develop andriod application","experience":["Google","Apple","Mobile Iron","Subex"],"project":[{"projectName":"Movie App","technology":["Kotlin","SQL Lite","Gradle","Jenkins"]}]},{"jobId":50,"jobTitle":"Software Engg - 2","jobDescription":"To develop andriod application","experience":["Google","Apple","Mobile Iron","Google"],"project":[{"projectName":"Movie App","technology":["Kotlin","SQL Lite","Gradle","Jenkins"]}]},{"jobId":43,"jobTitle":"Software Engg","jobDescription":"To develop andriod application","experience":["Google","Apple","Mobile Iron","Subex"],"project":[{"projectName":"Movie App","technology":["Kotlin","SQL Lite","Gradle","Jenkins"]}]},{"jobId":19,"jobTitle":"LOS","jobDescription":"SOL","experience":["Nothing"],"project":[]},{"jobId":7,"jobTitle":"LOS","jobDescription":"SOL","experience":["Nothing"],"project":[]},{"jobId":3,"jobTitle":"Data Engg","jobDescription":"Create machine learning apps","experience":["IBM","INTEL"],"project":[{"projectName":"SCASE","technology":["Python","R"]}]},{"jobId":5,"jobTitle":"Software Engg - 2","jobDescription":"To develop andriod application","experience":["Google","Apple","Mobile Iron","Google"],"project":[{"projectName":"Movie App","technology":["Kotlin","SQL Lite","Gradle","Jenkins"]}]},{"jobId":4,"jobTitle":"QA Tester","jobDescription":"To develop andriod application","experience":["RRD","ApD","MobileIron"],"project":[{"projectName":"Eccc","technology":["Selenium","Robot"]}]},{"jobId":135,"jobTitle":"Data Engg","jobDescription":"Create machine learning apps","experience":["IBM","INTEL"],"project":[{"projectName":"SCASE","technology":["Python","R"]}]},{"jobId":647,"jobTitle":"QA Tester","jobDescription":"To develop andriod application","experience":["RRD","ApD","MobileIron"],"project":[{"projectName":"Eccc","technology":["Selenium","Robot"]}]},{"jobId":7,"jobTitle":"Software Engg","jobDescription":"To develop andriod application","experience":["Google","Apple","Mobile Iron","Subex"],"project":[{"projectName":"Movie App","technology":["Kotlin","SQL Lite","Gradle","Jenkins"]}]},{"jobId":7,"jobTitle":"Software Engg","jobDescription":"To develop andriod application","experience":["Google","Apple","Mobile Iron","Subex"],"project":[{"projectName":"Movie App","technology":["Kotlin","SQL Lite","Gradle","Jenkins"]}]},{"jobId":36,"jobTitle":"Software Engg - 2","jobDescription":"To develop andriod application","experience":["Google","Apple","Mobile Iron","Google"],"project":[{"projectName":"Movie App","technology":["Kotlin","SQL Lite","Gradle","Jenkins"]}]},{"jobId":6,"jobTitle":"Software Engg","jobDescription":"To develop andriod application","experience":["Google","Apple","Mobile Iron","Subex"],"project":[{"projectName":"Movie App","technology":["Kotlin","SQL Lite","Gradle","Jenkins"]}]},{"jobId":40,"jobTitle":"LOS","jobDescription":"SOL","experience":["Nothing"],"project":[]},{"jobId":59,"jobTitle":"LOS","jobDescription":"SOL","experience":["Nothing"],"project":[]},{"jobId":80,"jobTitle":"LOS","jobDescription":"SOL","experience":["Nothing"],"project":[]},{"jobId":4,"jobTitle":"LOS","jobDescription":"SOL","experience":["Nothing"],"project":[]},{"jobId":33,"jobTitle":"LOS","jobDescription":"SOL","experience":["Nothing"],"project":[]},{"jobId":70,"jobTitle":"Software Engg - 2","jobDescription":"To develop andriod application and web application","experience":["Nothing"],"project":[]},{"jobId":40,"jobTitle":"LOS","jobDescription":"SOL","experience":["Nothing"],"project":[]},{"jobId":32,"jobTitle":"LOS","jobDescription":"SOL","experience":["Nothing"],"project":[]},{"jobId":370,"jobTitle":"IOS","jobDescription":"APPLE","experience":["Nothing"],"project":[]},{"jobId":676,"jobTitle":"IOS","jobDescription":"APPLE","experience":["Nothing"],"project":[]},{"jobId":704,"jobTitle":"IOS","jobDescription":"APPLE","experience":["Nothing"],"project":[]},{"jobId":9980,"jobTitle":"Data Analyst","jobDescription":"Develop machine learning models","experience":["Nothing"],"project":[]},{"jobId":9980,"jobTitle":"Data Analyst","jobDescription":"Develop machine learning models","experience":["Nothing"],"project":[]},{"jobId":3,"jobTitle":"Data Engg","jobDescription":"Create machine learning apps","experience":["IBM","INTEL"],"project":[{"projectName":"SCASE","technology":["Python","R"]}]},{"jobId":4,"jobTitle":"QA Tester","jobDescription":"To develop andriod application","experience":["RRD","ApD","MobileIron"],"project":[{"projectName":"Eccc","technology":["Selenium","Robot"]}]},{"jobId":82,"jobTitle":"Data Engg","jobDescription":"Create machine learning apps","experience":["IBM","INTEL"],"project":[{"projectName":"SCASE","technology":["Python","R"]}]},{"jobId":291,"jobTitle":"QA Tester","jobDescription":"To develop andriod application","experience":["RRD","ApD","MobileIron"],"project":[{"projectName":"Eccc","technology":["Selenium","Robot"]}]},{"jobId":3,"jobTitle":"Data Engg","jobDescription":"Create machine learning apps","experience":["IBM","INTEL"],"project":[{"projectName":"SCASE","technology":["Python","R"]}]},{"jobId":3,"jobTitle":"Data Engg","jobDescription":"Create machine learning apps","experience":["IBM","INTEL"],"project":[{"projectName":"SCASE","technology":["Python","R"]}]},{"jobId":251,"jobTitle":"LOS","jobDescription":"SOL","experience":["Nothing"],"project":[]},{"jobId":19,"jobTitle":"LOS","jobDescription":"SOL","experience":["Nothing"],"project":[]},{"jobId":91,"jobTitle":"LOS","jobDescription":"SOL","experience":["Nothing"],"project":[]},{"jobId":69,"jobTitle":"LOS","jobDescription":"SOL","experience":["Nothing"],"project":[]},{"jobId":0,"jobTitle":"LOS","jobDescription":"SOL","experience":["Nothing"],"project":[]},{"jobId":3,"jobTitle":"Data Engg","jobDescription":"Create machine learning apps","experience":["IBM","INTEL"],"project":[{"projectName":"SCASE","technology":["Python","R"]}]},{"jobId":35,"jobTitle":"LOS","jobDescription":"SOL","experience":["Nothing"],"project":[]},{"jobId":540,"jobTitle":"Data Engg","jobDescription":"Create machine learning apps","experience":["IBM","INTEL"],"project":[{"projectName":"SCASE","technology":["Python","R"]}]},{"jobId":4,"jobTitle":"QA Tester","jobDescription":"To develop andriod application","experience":["RRD","ApD","MobileIron"],"project":[{"projectName":"Eccc","technology":["Selenium","Robot"]}]},{"jobId":3,"jobTitle":"Data Engg","jobDescription":"Create machine learning apps","experience":["IBM","INTEL"],"project":[{"projectName":"SCASE","technology":["Python","R"]}]},{"jobId":952,"jobTitle":"QA Tester","jobDescription":"To develop andriod application","experience":["RRD","ApD","MobileIron"],"project":[{"projectName":"Eccc","technology":["Selenium","Robot"]}]}]
  '#[] ##(mainSchema)'

    $[21] | not equal | match failed for name: 'project' (MAP:MAP)
    {"jobId":47,"jobTitle":"LOS","jobDescription":"SOL","experience":["Nothing"],"project":[]}
    {"jobId":"#number","jobTitle":"#string","jobDescription":"#string","experience":"#[] #string","project":"#[] ##(projectSchema)"}

      $[21].project | all array elements matched (LIST:STRING)
      []
      '#[] ##(projectSchema)'


classpath:com/api/automation/postrequest/schemaValidation.feature:26
14:23:01.596 [pool-2-thread-4] DEBUG com.intuit.karate - request:
1 > POST http://localhost:9897/normal/webapi/add
1 > Accept: application/json
1 > Content-Type: application/json; charset=UTF-8
1 > Content-Length: 78
1 > Host: localhost:9897
1 > Connection: Keep-Alive
1 > User-Agent: Apache-HttpClient/4.5.14 (Java/16.0.1)
1 > Accept-Encoding: gzip,deflate
{"jobId":440,"jobTitle":"LOS","jobDescription":"SOL","experience":["Nothing"]}

14:23:01.620 [pool-2-thread-4] DEBUG com.intuit.karate - response time in milliseconds: 17
1 < 201
1 < X-Content-Type-Options: nosniff
1 < X-XSS-Protection: 1; mode=block
1 < Cache-Control: no-cache, no-store, max-age=0, must-revalidate
1 < Pragma: no-cache
1 < Expires: 0
1 < X-Frame-Options: DENY
1 < Content-Type: application/json
1 < Transfer-Encoding: chunked
1 < Date: Thu, 27 Jun 2024 19:23:01 GMT
1 < Keep-Alive: timeout=60
1 < Connection: keep-alive
{"jobId":440,"jobTitle":"LOS","jobDescription":"SOL","experience":["Nothing"],"project":[]}

14:23:01.666 [pool-2-thread-1] DEBUG com.intuit.karate - request:
1 > POST http://localhost:9897/normal/webapi/add
1 > Accept: application/json
1 > Content-Type: application/xml; charset=UTF-8
1 > Content-Length: 504
1 > Host: localhost:9897
1 > Connection: Keep-Alive
1 > User-Agent: Apache-HttpClient/4.5.14 (Java/16.0.1)
1 > Accept-Encoding: gzip,deflate
<item><jobId>7</jobId><jobTitle>Software Engg</jobTitle><jobDescription>To develop andriod application</jobDescription><experience><experience>Google</experience><experience>Apple</experience><experience>Mobile Iron</experience><experience>Subex</experience></experience><project><project><projectName>Movie App</projectName><technology><technology>Kotlin</technology><technology>SQL Lite</technology><technology>Gradle</technology><technology>Jenkins</technology></technology></project></project></item>

14:23:01.665 [pool-2-thread-2] DEBUG com.intuit.karate - request:
1 > POST http://localhost:9897/normal/webapi/add
1 > Accept: application/xml
1 > Content-Type: application/xml; charset=UTF-8
1 > Content-Length: 504
1 > Host: localhost:9897
1 > Connection: Keep-Alive
1 > User-Agent: Apache-HttpClient/4.5.14 (Java/16.0.1)
1 > Accept-Encoding: gzip,deflate
<item><jobId>7</jobId><jobTitle>Software Engg</jobTitle><jobDescription>To develop andriod application</jobDescription><experience><experience>Google</experience><experience>Apple</experience><experience>Mobile Iron</experience><experience>Subex</experience></experience><project><project><projectName>Movie App</projectName><technology><technology>Kotlin</technology><technology>SQL Lite</technology><technology>Gradle</technology><technology>Jenkins</technology></technology></project></project></item>

14:23:01.843 [pool-2-thread-1] DEBUG com.intuit.karate - response time in milliseconds: 111
1 < 201
1 < X-Content-Type-Options: nosniff
1 < X-XSS-Protection: 1; mode=block
1 < Cache-Control: no-cache, no-store, max-age=0, must-revalidate
1 < Pragma: no-cache
1 < Expires: 0
1 < X-Frame-Options: DENY
1 < Content-Type: application/json
1 < Transfer-Encoding: chunked
1 < Date: Thu, 27 Jun 2024 19:23:01 GMT
1 < Keep-Alive: timeout=60
1 < Connection: keep-alive
{"jobId":7,"jobTitle":"Software Engg","jobDescription":"To develop andriod application","experience":["Google","Apple","Mobile Iron","Subex"],"project":[{"projectName":"Movie App","technology":["Kotlin","SQL Lite","Gradle","Jenkins"]}]}

14:23:01.844 [pool-2-thread-2] DEBUG com.intuit.karate - response time in milliseconds: 110
1 < 201
1 < X-Content-Type-Options: nosniff
1 < X-XSS-Protection: 1; mode=block
1 < Cache-Control: no-cache, no-store, max-age=0, must-revalidate
1 < Pragma: no-cache
1 < Expires: 0
1 < X-Frame-Options: DENY
1 < Content-Type: application/xml
1 < Transfer-Encoding: chunked
1 < Date: Thu, 27 Jun 2024 19:23:01 GMT
1 < Keep-Alive: timeout=60
1 < Connection: keep-alive
<Job><jobId>7</jobId><jobTitle>Software Engg</jobTitle><jobDescription>To develop andriod application</jobDescription><experience><experience>Google</experience><experience>Apple</experience><experience>Mobile Iron</experience><experience>Subex</experience></experience><project><project><projectName>Movie App</projectName><technology><technology>Kotlin</technology><technology>SQL Lite</technology><technology>Gradle</technology><technology>Jenkins</technology></technology></project></project></Job>

14:23:02.083 [pool-2-thread-2] INFO  com.intuit.karate - [print] <Job>
  <jobId>7</jobId>
  <jobTitle>Software Engg</jobTitle>
  <jobDescription>To develop andriod application</jobDescription>
  <experience>
    <experience>Google</experience>
    <experience>Apple</experience>
    <experience>Mobile Iron</experience>
    <experience>Subex</experience>
  </experience>
  <project>
    <project>
      <projectName>Movie App</projectName>
      <technology>
        <technology>Kotlin</technology>
        <technology>SQL Lite</technology>
        <technology>Gradle</technology>
        <technology>Jenkins</technology>
      </technology>
    </project>
  </project>
</Job>
 
14:23:02.150 [pool-2-thread-4] DEBUG com.intuit.karate - request:
1 > PUT http://localhost:9897/normal/webapi/update
1 > Accept: application/json
1 > Content-Type: application/json; charset=UTF-8
1 > Content-Length: 80
1 > Host: localhost:9897
1 > Connection: Keep-Alive
1 > User-Agent: Apache-HttpClient/4.5.14 (Java/16.0.1)
1 > Accept-Encoding: gzip,deflate
{"jobId":440,"jobTitle":"IOS","jobDescription":"APPLE","experience":["Nothing"]}

14:23:02.082 [pool-2-thread-1] INFO  com.intuit.karate - [print] {
  "jobId": 7,
  "jobTitle": "Software Engg",
  "jobDescription": "To develop andriod application",
  "experience": [
    "Google",
    "Apple",
    "Mobile Iron",
    "Subex"
  ],
  "project": [
    {
      "projectName": "Movie App",
      "technology": [
        "Kotlin",
        "SQL Lite",
        "Gradle",
        "Jenkins"
      ]
    }
  ]
}
 
14:23:02.194 [pool-2-thread-4] DEBUG com.intuit.karate - response time in milliseconds: 39
1 < 200
1 < X-Content-Type-Options: nosniff
1 < X-XSS-Protection: 1; mode=block
1 < Cache-Control: no-cache, no-store, max-age=0, must-revalidate
1 < Pragma: no-cache
1 < Expires: 0
1 < X-Frame-Options: DENY
1 < Content-Type: application/json
1 < Transfer-Encoding: chunked
1 < Date: Thu, 27 Jun 2024 19:23:01 GMT
1 < Keep-Alive: timeout=60
1 < Connection: keep-alive
{"jobId":440,"jobTitle":"IOS","jobDescription":"APPLE","experience":["Nothing"],"project":[]}

14:23:02.385 [pool-2-thread-2] INFO  com.intuit.karate - karate.env system property was: null 
14:23:02.386 [pool-2-thread-1] INFO  com.intuit.karate - karate.env system property was: null 
14:23:02.386 [pool-2-thread-5] INFO  com.intuit.karate - karate.env system property was: null 
14:23:02.385 [pool-2-thread-3] INFO  com.intuit.karate - karate.env system property was: null 
14:23:02.385 [pool-2-thread-4] INFO  com.intuit.karate - karate.env system property was: null 
14:23:02.506 [pool-2-thread-1] DEBUG com.intuit.karate - request:
1 > POST http://localhost:9897/normal/webapi/add
1 > Accept: application/json
1 > Content-Type: application/json; charset=UTF-8
1 > Content-Length: 242
1 > Host: localhost:9897
1 > Connection: Keep-Alive
1 > User-Agent: Apache-HttpClient/4.5.14 (Java/16.0.1)
1 > Accept-Encoding: gzip,deflate
{"jobId":37,"jobTitle":"Software Engg - 2","jobDescription":"To develop andriod application","experience":["Google","Apple","Mobile Iron","Google"],"project":[{"projectName":"Movie App","technology":["Kotlin","SQL Lite","Gradle","Jenkins"]}]}

14:23:02.542 [pool-2-thread-1] DEBUG com.intuit.karate - response time in milliseconds: 19
1 < 201
1 < X-Content-Type-Options: nosniff
1 < X-XSS-Protection: 1; mode=block
1 < Cache-Control: no-cache, no-store, max-age=0, must-revalidate
1 < Pragma: no-cache
1 < Expires: 0
1 < X-Frame-Options: DENY
1 < Content-Type: application/json
1 < Transfer-Encoding: chunked
1 < Date: Thu, 27 Jun 2024 19:23:01 GMT
1 < Keep-Alive: timeout=60
1 < Connection: keep-alive
{"jobId":37,"jobTitle":"Software Engg - 2","jobDescription":"To develop andriod application","experience":["Google","Apple","Mobile Iron","Google"],"project":[{"projectName":"Movie App","technology":["Kotlin","SQL Lite","Gradle","Jenkins"]}]}

14:23:02.565 [pool-2-thread-3] ERROR com.intuit.karate - classpath:com/api/automation/tags/createJobEntry.feature:48
* def body = read("data/jobEntry.xml")
js failed:
>>>>
01: read("data/jobEntry.xml")
<<<<
org.graalvm.polyglot.PolyglotException: java.io.FileNotFoundException: /Users/jaredsalinas/IdeaProjects/KarateFrameworkTest/target/test-classes/com/api/automation/tags/data/jobEntry.xml (No such file or directory)
- com.intuit.karate.resource.FileResource.getStream(FileResource.java:98)
- com.intuit.karate.core.ScenarioFileReader.readFileAsStream(ScenarioFileReader.java:99)
- com.intuit.karate.core.ScenarioFileReader.readFileAsString(ScenarioFileReader.java:95)
- com.intuit.karate.core.ScenarioFileReader.readFile(ScenarioFileReader.java:54)
- com.intuit.karate.core.ScenarioEngine.lambda$new$0(ScenarioEngine.java:124)
- <js>.:program(Unnamed:1)

classpath:com/api/automation/tags/createJobEntry.feature:48
14:23:02.565 [pool-2-thread-5] ERROR com.intuit.karate - classpath:com/api/automation/tags/createJobEntry.feature:38
* def body = read("data/jobEntry.json")
js failed:
>>>>
01: read("data/jobEntry.json")
<<<<
org.graalvm.polyglot.PolyglotException: java.io.FileNotFoundException: /Users/jaredsalinas/IdeaProjects/KarateFrameworkTest/target/test-classes/com/api/automation/tags/data/jobEntry.json (No such file or directory)
- com.intuit.karate.resource.FileResource.getStream(FileResource.java:98)
- com.intuit.karate.core.ScenarioFileReader.readFileAsStream(ScenarioFileReader.java:99)
- com.intuit.karate.core.ScenarioFileReader.readFileAsString(ScenarioFileReader.java:95)
- com.intuit.karate.core.ScenarioFileReader.readFile(ScenarioFileReader.java:54)
- com.intuit.karate.core.ScenarioEngine.lambda$new$0(ScenarioEngine.java:124)
- <js>.:program(Unnamed:1)

classpath:com/api/automation/tags/createJobEntry.feature:38
14:23:02.565 [pool-2-thread-1] INFO  com.intuit.karate - [print] {
  "jobId": 37,
  "jobTitle": "Software Engg - 2",
  "jobDescription": "To develop andriod application",
  "experience": [
    "Google",
    "Apple",
    "Mobile Iron",
    "Google"
  ],
  "project": [
    {
      "projectName": "Movie App",
      "technology": [
        "Kotlin",
        "SQL Lite",
        "Gradle",
        "Jenkins"
      ]
    }
  ]
}
 
14:23:02.624 [pool-2-thread-5] INFO  com.intuit.karate - karate.env system property was: null 
14:23:02.625 [pool-2-thread-3] INFO  com.intuit.karate - karate.env system property was: null 
14:23:02.641 [pool-2-thread-4] DEBUG com.intuit.karate - request:
1 > POST http://localhost:9897/normal/webapi/add
1 > Accept: application/json
1 > Content-Type: application/xml; charset=UTF-8
1 > Content-Length: 505
1 > Host: localhost:9897
1 > Connection: Keep-Alive
1 > User-Agent: Apache-HttpClient/4.5.14 (Java/16.0.1)
1 > Accept-Encoding: gzip,deflate
<item><jobId>52</jobId><jobTitle>Software Engg</jobTitle><jobDescription>To develop andriod application</jobDescription><experience><experience>Google</experience><experience>Apple</experience><experience>Mobile Iron</experience><experience>Subex</experience></experience><project><project><projectName>Movie App</projectName><technology><technology>Kotlin</technology><technology>SQL Lite</technology><technology>Gradle</technology><technology>Jenkins</technology></technology></project></project></item>

14:23:02.685 [pool-2-thread-4] DEBUG com.intuit.karate - response time in milliseconds: 23
1 < 201
1 < X-Content-Type-Options: nosniff
1 < X-XSS-Protection: 1; mode=block
1 < Cache-Control: no-cache, no-store, max-age=0, must-revalidate
1 < Pragma: no-cache
1 < Expires: 0
1 < X-Frame-Options: DENY
1 < Content-Type: application/json
1 < Transfer-Encoding: chunked
1 < Date: Thu, 27 Jun 2024 19:23:02 GMT
1 < Keep-Alive: timeout=60
1 < Connection: keep-alive
{"jobId":52,"jobTitle":"Software Engg","jobDescription":"To develop andriod application","experience":["Google","Apple","Mobile Iron","Subex"],"project":[{"projectName":"Movie App","technology":["Kotlin","SQL Lite","Gradle","Jenkins"]}]}

14:23:02.699 [pool-2-thread-4] INFO  com.intuit.karate - [print] {
  "jobId": 52,
  "jobTitle": "Software Engg",
  "jobDescription": "To develop andriod application",
  "experience": [
    "Google",
    "Apple",
    "Mobile Iron",
    "Subex"
  ],
  "project": [
    {
      "projectName": "Movie App",
      "technology": [
        "Kotlin",
        "SQL Lite",
        "Gradle",
        "Jenkins"
      ]
    }
  ]
}
 
14:23:02.701 [pool-2-thread-1] INFO  com.intuit.karate - karate.env system property was: null 
14:23:02.779 [pool-2-thread-2] DEBUG com.intuit.karate - request:
1 > POST http://localhost:9897/normal/webapi/add
1 > Accept: application/json
1 > Content-Type: application/json; charset=UTF-8
1 > Content-Length: 77
1 > Host: localhost:9897
1 > Connection: Keep-Alive
1 > User-Agent: Apache-HttpClient/4.5.14 (Java/16.0.1)
1 > Accept-Encoding: gzip,deflate
{"jobId":51,"jobTitle":"LOS","jobDescription":"SOL","experience":["Nothing"]}

14:23:02.800 [pool-2-thread-2] DEBUG com.intuit.karate - response time in milliseconds: 16
1 < 201
1 < X-Content-Type-Options: nosniff
1 < X-XSS-Protection: 1; mode=block
1 < Cache-Control: no-cache, no-store, max-age=0, must-revalidate
1 < Pragma: no-cache
1 < Expires: 0
1 < X-Frame-Options: DENY
1 < Content-Type: application/json
1 < Transfer-Encoding: chunked
1 < Date: Thu, 27 Jun 2024 19:23:02 GMT
1 < Keep-Alive: timeout=60
1 < Connection: keep-alive
{"jobId":51,"jobTitle":"LOS","jobDescription":"SOL","experience":["Nothing"],"project":[]}

14:23:02.816 [pool-2-thread-4] INFO  com.intuit.karate - karate.env system property was: null 
14:23:02.845 [pool-2-thread-1] DEBUG com.intuit.karate - request:
1 > POST http://localhost:9897/normal/webapi/add
1 > Accept: application/json
1 > Content-Type: application/json; charset=UTF-8
1 > Content-Length: 77
1 > Host: localhost:9897
1 > Connection: Keep-Alive
1 > User-Agent: Apache-HttpClient/4.5.14 (Java/16.0.1)
1 > Accept-Encoding: gzip,deflate
{"jobId":95,"jobTitle":"LOS","jobDescription":"SOL","experience":["Nothing"]}

14:23:02.846 [pool-2-thread-5] DEBUG com.intuit.karate - request:
1 > POST http://localhost:9897/normal/webapi/add
1 > Accept: application/json
1 > Content-Type: application/json; charset=UTF-8
1 > Content-Length: 77
1 > Host: localhost:9897
1 > Connection: Keep-Alive
1 > User-Agent: Apache-HttpClient/4.5.14 (Java/16.0.1)
1 > Accept-Encoding: gzip,deflate
{"jobId":47,"jobTitle":"LOS","jobDescription":"SOL","experience":["Nothing"]}

14:23:02.845 [pool-2-thread-3] DEBUG com.intuit.karate - request:
1 > POST http://localhost:9897/normal/webapi/add
1 > Accept: application/json
1 > Content-Type: application/json; charset=UTF-8
1 > Content-Length: 77
1 > Host: localhost:9897
1 > Connection: Keep-Alive
1 > User-Agent: Apache-HttpClient/4.5.14 (Java/16.0.1)
1 > Accept-Encoding: gzip,deflate
{"jobId":10,"jobTitle":"LOS","jobDescription":"SOL","experience":["Nothing"]}

14:23:02.862 [pool-2-thread-2] DEBUG com.intuit.karate - request:
1 > DELETE http://localhost:9897/normal/webapi/remove/51
1 > Accept: application/json
1 > Host: localhost:9897
1 > Connection: Keep-Alive
1 > User-Agent: Apache-HttpClient/4.5.14 (Java/16.0.1)
1 > Accept-Encoding: gzip,deflate


14:23:02.889 [pool-2-thread-3] DEBUG com.intuit.karate - response time in milliseconds: 35
1 < 201
1 < X-Content-Type-Options: nosniff
1 < X-XSS-Protection: 1; mode=block
1 < Cache-Control: no-cache, no-store, max-age=0, must-revalidate
1 < Pragma: no-cache
1 < Expires: 0
1 < X-Frame-Options: DENY
1 < Content-Type: application/json
1 < Transfer-Encoding: chunked
1 < Date: Thu, 27 Jun 2024 19:23:02 GMT
1 < Keep-Alive: timeout=60
1 < Connection: keep-alive
{"jobId":10,"jobTitle":"LOS","jobDescription":"SOL","experience":["Nothing"],"project":[]}

14:23:02.888 [pool-2-thread-1] DEBUG com.intuit.karate - response time in milliseconds: 36
1 < 201
1 < X-Content-Type-Options: nosniff
1 < X-XSS-Protection: 1; mode=block
1 < Cache-Control: no-cache, no-store, max-age=0, must-revalidate
1 < Pragma: no-cache
1 < Expires: 0
1 < X-Frame-Options: DENY
1 < Content-Type: application/json
1 < Transfer-Encoding: chunked
1 < Date: Thu, 27 Jun 2024 19:23:02 GMT
1 < Keep-Alive: timeout=60
1 < Connection: keep-alive
{"jobId":95,"jobTitle":"LOS","jobDescription":"SOL","experience":["Nothing"],"project":[]}

14:23:02.889 [pool-2-thread-5] DEBUG com.intuit.karate - response time in milliseconds: 35
1 < 201
1 < X-Content-Type-Options: nosniff
1 < X-XSS-Protection: 1; mode=block
1 < Cache-Control: no-cache, no-store, max-age=0, must-revalidate
1 < Pragma: no-cache
1 < Expires: 0
1 < X-Frame-Options: DENY
1 < Content-Type: application/json
1 < Transfer-Encoding: chunked
1 < Date: Thu, 27 Jun 2024 19:23:02 GMT
1 < Keep-Alive: timeout=60
1 < Connection: keep-alive
{"jobId":47,"jobTitle":"LOS","jobDescription":"SOL","experience":["Nothing"],"project":[]}

14:23:02.903 [pool-2-thread-2] DEBUG com.intuit.karate - response time in milliseconds: 34
1 < 200
1 < X-Content-Type-Options: nosniff
1 < X-XSS-Protection: 1; mode=block
1 < Cache-Control: no-cache, no-store, max-age=0, must-revalidate
1 < Pragma: no-cache
1 < Expires: 0
1 < X-Frame-Options: DENY
1 < Content-Type: application/json
1 < Transfer-Encoding: chunked
1 < Date: Thu, 27 Jun 2024 19:23:02 GMT
1 < Keep-Alive: timeout=60
1 < Connection: keep-alive
{"jobId":51,"jobTitle":"LOS","jobDescription":"SOL","experience":["Nothing"],"project":[]}

14:23:02.931 [pool-2-thread-4] DEBUG com.intuit.karate - request:
1 > POST http://localhost:9897/normal/webapi/add
1 > Accept: application/json
1 > Content-Type: application/json; charset=UTF-8
1 > Content-Length: 77
1 > Host: localhost:9897
1 > Connection: Keep-Alive
1 > User-Agent: Apache-HttpClient/4.5.14 (Java/16.0.1)
1 > Accept-Encoding: gzip,deflate
{"jobId":88,"jobTitle":"LOS","jobDescription":"SOL","experience":["Nothing"]}

14:23:02.937 [pool-2-thread-1] DEBUG com.intuit.karate - request:
1 > GET http://localhost:9897/normal/webapi/find?jobTitle=Software+Engg+-+2&id=95
1 > Accept: application/json
1 > Host: localhost:9897
1 > Connection: Keep-Alive
1 > User-Agent: Apache-HttpClient/4.5.14 (Java/16.0.1)
1 > Accept-Encoding: gzip,deflate


14:23:02.940 [pool-2-thread-3] DEBUG com.intuit.karate - request:
1 > DELETE http://localhost:9897/normal/webapi/remove/10
1 > Accept: application/json
1 > Host: localhost:9897
1 > Connection: Keep-Alive
1 > User-Agent: Apache-HttpClient/4.5.14 (Java/16.0.1)
1 > Accept-Encoding: gzip,deflate


14:23:02.941 [pool-2-thread-2] DEBUG com.intuit.karate - request:
2 > GET http://localhost:9897/normal/webapi/find?jobTitle=Software+Engg+-+2&id=51
2 > Accept: application/json
2 > Host: localhost:9897
2 > Connection: Keep-Alive
2 > User-Agent: Apache-HttpClient/4.5.14 (Java/16.0.1)
2 > Accept-Encoding: gzip,deflate


14:23:02.946 [pool-2-thread-4] DEBUG com.intuit.karate - response time in milliseconds: 11
1 < 201
1 < X-Content-Type-Options: nosniff
1 < X-XSS-Protection: 1; mode=block
1 < Cache-Control: no-cache, no-store, max-age=0, must-revalidate
1 < Pragma: no-cache
1 < Expires: 0
1 < X-Frame-Options: DENY
1 < Content-Type: application/json
1 < Transfer-Encoding: chunked
1 < Date: Thu, 27 Jun 2024 19:23:02 GMT
1 < Keep-Alive: timeout=60
1 < Connection: keep-alive
{"jobId":88,"jobTitle":"LOS","jobDescription":"SOL","experience":["Nothing"],"project":[]}

14:23:02.957 [pool-2-thread-1] DEBUG com.intuit.karate - response time in milliseconds: 17
1 < 404
1 < X-Content-Type-Options: nosniff
1 < X-XSS-Protection: 1; mode=block
1 < Cache-Control: no-cache, no-store, max-age=0, must-revalidate
1 < Pragma: no-cache
1 < Expires: 0
1 < X-Frame-Options: DENY
1 < Content-Type: application/json
1 < Transfer-Encoding: chunked
1 < Date: Thu, 27 Jun 2024 19:23:02 GMT
1 < Keep-Alive: timeout=60
1 < Connection: keep-alive
{"message":"Failed to find job with id=95, jobTitle=Software Engg - 2"}

14:23:02.957 [pool-2-thread-2] DEBUG com.intuit.karate - response time in milliseconds: 10
2 < 404
2 < X-Content-Type-Options: nosniff
2 < X-XSS-Protection: 1; mode=block
2 < Cache-Control: no-cache, no-store, max-age=0, must-revalidate
2 < Pragma: no-cache
2 < Expires: 0
2 < X-Frame-Options: DENY
2 < Content-Type: application/json
2 < Transfer-Encoding: chunked
2 < Date: Thu, 27 Jun 2024 19:23:02 GMT
2 < Keep-Alive: timeout=60
2 < Connection: keep-alive
{"message":"Failed to find job with id=51, jobTitle=Software Engg - 2"}

14:23:02.972 [pool-2-thread-3] DEBUG com.intuit.karate - response time in milliseconds: 18
1 < 200
1 < X-Content-Type-Options: nosniff
1 < X-XSS-Protection: 1; mode=block
1 < Cache-Control: no-cache, no-store, max-age=0, must-revalidate
1 < Pragma: no-cache
1 < Expires: 0
1 < X-Frame-Options: DENY
1 < Content-Type: application/json
1 < Transfer-Encoding: chunked
1 < Date: Thu, 27 Jun 2024 19:23:02 GMT
1 < Keep-Alive: timeout=60
1 < Connection: keep-alive
{"jobId":10,"jobTitle":"LOS","jobDescription":"SOL","experience":["Nothing"],"project":[]}

14:23:03.017 [pool-2-thread-3] DEBUG com.intuit.karate - request:
2 > DELETE http://localhost:9897/normal/webapi/remove/10
2 > Accept: application/json
2 > Host: localhost:9897
2 > Connection: Keep-Alive
2 > User-Agent: Apache-HttpClient/4.5.14 (Java/16.0.1)
2 > Accept-Encoding: gzip,deflate


14:23:03.017 [pool-2-thread-5] DEBUG com.intuit.karate - request:
1 > PATCH http://localhost:9897/normal/webapi/update/details?jobTitle=LOS&jobDescription=To+develop+andriod+application+and+web+application&id=47
1 > Accept: application/json
1 > Content-Type: application/json; charset=UTF-8
1 > Content-Length: 2
1 > Host: localhost:9897
1 > Connection: Keep-Alive
1 > User-Agent: Apache-HttpClient/4.5.14 (Java/16.0.1)
1 > Accept-Encoding: gzip,deflate
{}

14:23:03.031 [pool-2-thread-4] DEBUG com.intuit.karate - request:
1 > GET http://localhost:9897/normal/webapi/find?jobTitle=Software+Engg+-+2&id=78542554
1 > Accept: application/json
1 > Host: localhost:9897
1 > Connection: Keep-Alive
1 > User-Agent: Apache-HttpClient/4.5.14 (Java/16.0.1)
1 > Accept-Encoding: gzip,deflate


14:23:03.044 [pool-2-thread-5] DEBUG com.intuit.karate - response time in milliseconds: 18
1 < 200
1 < X-Content-Type-Options: nosniff
1 < X-XSS-Protection: 1; mode=block
1 < Cache-Control: no-cache, no-store, max-age=0, must-revalidate
1 < Pragma: no-cache
1 < Expires: 0
1 < X-Frame-Options: DENY
1 < Content-Type: application/json
1 < Transfer-Encoding: chunked
1 < Date: Thu, 27 Jun 2024 19:23:02 GMT
1 < Keep-Alive: timeout=60
1 < Connection: keep-alive
{"jobId":47,"jobTitle":"LOS","jobDescription":"To develop andriod application and web application","experience":["Nothing"],"project":[]}

14:23:03.045 [pool-2-thread-3] DEBUG com.intuit.karate - response time in milliseconds: 19
2 < 404
2 < X-Content-Type-Options: nosniff
2 < X-XSS-Protection: 1; mode=block
2 < Cache-Control: no-cache, no-store, max-age=0, must-revalidate
2 < Pragma: no-cache
2 < Expires: 0
2 < X-Frame-Options: DENY
2 < Content-Type: application/json
2 < Transfer-Encoding: chunked
2 < Date: Thu, 27 Jun 2024 19:23:02 GMT
2 < Keep-Alive: timeout=60
2 < Connection: keep-alive
{"message":"Entry with id = 10 not found"}

14:23:03.047 [pool-2-thread-5] DEBUG c.intuit.karate.core.ScenarioEngine - over-writing existing variable 'jobId' with new value: response.jobId
14:23:03.047 [pool-2-thread-2] INFO  com.intuit.karate - karate.env system property was: null 
14:23:03.051 [pool-2-thread-5] DEBUG c.intuit.karate.core.ScenarioEngine - over-writing existing variable 'jobTitle' with new value: response.jobTitle
14:23:03.059 [pool-2-thread-4] DEBUG com.intuit.karate - response time in milliseconds: 20
1 < 404
1 < X-Content-Type-Options: nosniff
1 < X-XSS-Protection: 1; mode=block
1 < Cache-Control: no-cache, no-store, max-age=0, must-revalidate
1 < Pragma: no-cache
1 < Expires: 0
1 < X-Frame-Options: DENY
1 < Content-Type: application/json
1 < Transfer-Encoding: chunked
1 < Date: Thu, 27 Jun 2024 19:23:02 GMT
1 < Keep-Alive: timeout=60
1 < Connection: keep-alive
{"message":"Failed to find job with id=78542554, jobTitle=Software Engg - 2"}

14:23:03.075 [pool-2-thread-5] DEBUG com.intuit.karate - request:
2 > GET http://localhost:9897/normal/webapi/find?jobTitle=LOS&id=47
2 > Accept: application/json
2 > Host: localhost:9897
2 > Connection: Keep-Alive
2 > User-Agent: Apache-HttpClient/4.5.14 (Java/16.0.1)
2 > Accept-Encoding: gzip,deflate


14:23:03.080 [pool-2-thread-1] ERROR com.intuit.karate - classpath:com/api/automation/tags/queryParameter.feature:21
Then status 200
status code was: 404, expected: 200, response time in milliseconds: 17, url: http://localhost:9897/normal/webapi/find?jobTitle=Software+Engg+-+2&id=95, response: 
{"message":"Failed to find job with id=95, jobTitle=Software Engg - 2"}
classpath:com/api/automation/tags/queryParameter.feature:21
14:23:03.091 [pool-2-thread-3] INFO  com.intuit.karate - karate.env system property was: null 
14:23:03.092 [pool-2-thread-4] INFO  com.intuit.karate - karate.env system property was: null 
14:23:03.094 [pool-2-thread-5] DEBUG com.intuit.karate - response time in milliseconds: 16
2 < 200
2 < X-Content-Type-Options: nosniff
2 < X-XSS-Protection: 1; mode=block
2 < Cache-Control: no-cache, no-store, max-age=0, must-revalidate
2 < Pragma: no-cache
2 < Expires: 0
2 < X-Frame-Options: DENY
2 < Content-Type: application/json
2 < Transfer-Encoding: chunked
2 < Date: Thu, 27 Jun 2024 19:23:02 GMT
2 < Keep-Alive: timeout=60
2 < Connection: keep-alive
{"jobId":47,"jobTitle":"LOS","jobDescription":"To develop andriod application and web application","experience":["Nothing"],"project":[]}

14:23:03.113 [pool-2-thread-2] DEBUG com.intuit.karate - request:
1 > POST http://localhost:9897/normal/webapi/add
1 > Accept: application/json
1 > Content-Type: application/json; charset=UTF-8
1 > Content-Length: 77
1 > Host: localhost:9897
1 > Connection: Keep-Alive
1 > User-Agent: Apache-HttpClient/4.5.14 (Java/16.0.1)
1 > Accept-Encoding: gzip,deflate
{"jobId":55,"jobTitle":"LOS","jobDescription":"SOL","experience":["Nothing"]}

14:23:03.126 [pool-2-thread-4] DEBUG com.intuit.karate - request:
1 > POST http://localhost:9897/normal/webapi/add
1 > Accept: application/json
1 > Content-Type: application/json; charset=UTF-8
1 > Content-Length: 77
1 > Host: localhost:9897
1 > Connection: Keep-Alive
1 > User-Agent: Apache-HttpClient/4.5.14 (Java/16.0.1)
1 > Accept-Encoding: gzip,deflate
{"jobId":86,"jobTitle":"LOS","jobDescription":"SOL","experience":["Nothing"]}

14:23:03.127 [pool-2-thread-3] DEBUG com.intuit.karate - request:
1 > POST http://localhost:9897/normal/webapi/add
1 > Accept: application/json
1 > Content-Type: application/json; charset=UTF-8
1 > Content-Length: 77
1 > Host: localhost:9897
1 > Connection: Keep-Alive
1 > User-Agent: Apache-HttpClient/4.5.14 (Java/16.0.1)
1 > Accept-Encoding: gzip,deflate
{"jobId":51,"jobTitle":"LOS","jobDescription":"SOL","experience":["Nothing"]}

14:23:03.152 [pool-2-thread-2] DEBUG com.intuit.karate - response time in milliseconds: 24
1 < 201
1 < X-Content-Type-Options: nosniff
1 < X-XSS-Protection: 1; mode=block
1 < Cache-Control: no-cache, no-store, max-age=0, must-revalidate
1 < Pragma: no-cache
1 < Expires: 0
1 < X-Frame-Options: DENY
1 < Content-Type: application/json
1 < Transfer-Encoding: chunked
1 < Date: Thu, 27 Jun 2024 19:23:02 GMT
1 < Keep-Alive: timeout=60
1 < Connection: keep-alive
{"jobId":55,"jobTitle":"LOS","jobDescription":"SOL","experience":["Nothing"],"project":[]}

14:23:03.152 [pool-2-thread-4] DEBUG com.intuit.karate - response time in milliseconds: 18
1 < 201
1 < X-Content-Type-Options: nosniff
1 < X-XSS-Protection: 1; mode=block
1 < Cache-Control: no-cache, no-store, max-age=0, must-revalidate
1 < Pragma: no-cache
1 < Expires: 0
1 < X-Frame-Options: DENY
1 < Content-Type: application/json
1 < Transfer-Encoding: chunked
1 < Date: Thu, 27 Jun 2024 19:23:02 GMT
1 < Keep-Alive: timeout=60
1 < Connection: keep-alive
{"jobId":86,"jobTitle":"LOS","jobDescription":"SOL","experience":["Nothing"],"project":[]}

14:23:03.152 [pool-2-thread-3] DEBUG com.intuit.karate - response time in milliseconds: 18
1 < 201
1 < X-Content-Type-Options: nosniff
1 < X-XSS-Protection: 1; mode=block
1 < Cache-Control: no-cache, no-store, max-age=0, must-revalidate
1 < Pragma: no-cache
1 < Expires: 0
1 < X-Frame-Options: DENY
1 < Content-Type: application/json
1 < Transfer-Encoding: chunked
1 < Date: Thu, 27 Jun 2024 19:23:02 GMT
1 < Keep-Alive: timeout=60
1 < Connection: keep-alive
{"jobId":51,"jobTitle":"LOS","jobDescription":"SOL","experience":["Nothing"],"project":[]}

14:23:03.246 [pool-2-thread-3] DEBUG com.intuit.karate - request:
1 > PATCH http://localhost:9897/normal/webapi/update/details?jobTitle=Software+Engg+-+2&jobDescription=To+develop+andriod+application+and+web+application&id=-1
1 > Accept: application/json
1 > Content-Type: application/json; charset=UTF-8
1 > Content-Length: 2
1 > Host: localhost:9897
1 > Connection: Keep-Alive
1 > User-Agent: Apache-HttpClient/4.5.14 (Java/16.0.1)
1 > Accept-Encoding: gzip,deflate
{}

14:23:03.245 [pool-2-thread-2] DEBUG com.intuit.karate - request:
1 > PATCH http://localhost:9897/normal/webapi/update/details?jobTitle=Software+Engg+-+2&jobDescription=To+develop+andriod+application+and+web+application&id=55
1 > Accept: application/json
1 > Content-Type: application/json; charset=UTF-8
1 > Content-Length: 2
1 > Host: localhost:9897
1 > Connection: Keep-Alive
1 > User-Agent: Apache-HttpClient/4.5.14 (Java/16.0.1)
1 > Accept-Encoding: gzip,deflate
{}

14:23:03.245 [pool-2-thread-4] DEBUG com.intuit.karate - request:
1 > PATCH http://localhost:9897/normal/webapi/update/details?jobDescription=To+develop+andriod+application+and+web+application&id=86
1 > Accept: application/json
1 > Content-Type: application/json; charset=UTF-8
1 > Content-Length: 2
1 > Host: localhost:9897
1 > Connection: Keep-Alive
1 > User-Agent: Apache-HttpClient/4.5.14 (Java/16.0.1)
1 > Accept-Encoding: gzip,deflate
{}

14:23:03.272 [pool-2-thread-3] DEBUG com.intuit.karate - response time in milliseconds: 22
1 < 404
1 < X-Content-Type-Options: nosniff
1 < X-XSS-Protection: 1; mode=block
1 < Cache-Control: no-cache, no-store, max-age=0, must-revalidate
1 < Pragma: no-cache
1 < Expires: 0
1 < X-Frame-Options: DENY
1 < Content-Type: application/json
1 < Transfer-Encoding: chunked
1 < Date: Thu, 27 Jun 2024 19:23:02 GMT
1 < Keep-Alive: timeout=60
1 < Connection: keep-alive
{"message":"Failed to find job with id=-1"}

14:23:03.272 [pool-2-thread-2] DEBUG com.intuit.karate - response time in milliseconds: 22
1 < 200
1 < X-Content-Type-Options: nosniff
1 < X-XSS-Protection: 1; mode=block
1 < Cache-Control: no-cache, no-store, max-age=0, must-revalidate
1 < Pragma: no-cache
1 < Expires: 0
1 < X-Frame-Options: DENY
1 < Content-Type: application/json
1 < Transfer-Encoding: chunked
1 < Date: Thu, 27 Jun 2024 19:23:02 GMT
1 < Keep-Alive: timeout=60
1 < Connection: keep-alive
{"jobId":55,"jobTitle":"Software Engg - 2","jobDescription":"To develop andriod application and web application","experience":["Nothing"],"project":[]}

14:23:03.279 [pool-2-thread-4] DEBUG com.intuit.karate - response time in milliseconds: 29
1 < 400
1 < X-Content-Type-Options: nosniff
1 < X-XSS-Protection: 1; mode=block
1 < Cache-Control: no-cache, no-store, max-age=0, must-revalidate
1 < Pragma: no-cache
1 < Expires: 0
1 < X-Frame-Options: DENY
1 < Content-Type: application/json
1 < Transfer-Encoding: chunked
1 < Date: Thu, 27 Jun 2024 19:23:02 GMT
1 < Connection: close
{"timestamp":"2024-06-27T19:23:03.274+0000","status":400,"error":"Bad Request","message":"Required String parameter 'jobTitle' is not present","path":"/normal/webapi/update/details"}

---------------------------------------------------------
feature: classpath:com/api/automation/createJobEntry.feature
scenarios:  1 | passed:  1 | failed:  0 | time: 0.9623
---------------------------------------------------------

14:23:03.413 [pool-3-thread-1] INFO  com.intuit.karate.Suite - <<pass>> feature 1 of 23 (22 remaining) classpath:com/api/automation/createJobEntry.feature
---------------------------------------------------------
feature: classpath:com/api/automation/createJobEntryWithVariables.feature
scenarios:  1 | passed:  0 | failed:  1 | time: 0.0665
---------------------------------------------------------

14:23:03.862 [pool-3-thread-1] INFO  com.intuit.karate.Suite - <<fail>> feature 2 of 23 (21 remaining) classpath:com/api/automation/createJobEntryWithVariables.feature
---------------------------------------------------------
feature: classpath:com/api/automation/deleterequest/deleteJobEntry.feature
scenarios:  2 | passed:  2 | failed:  0 | time: 2.8216
---------------------------------------------------------

14:23:04.654 [pool-3-thread-1] INFO  com.intuit.karate.Suite - <<pass>> feature 3 of 23 (20 remaining) classpath:com/api/automation/deleterequest/deleteJobEntry.feature
---------------------------------------------------------
feature: classpath:com/api/automation/getrequest/ReadExternalFiles.feature
scenarios:  2 | passed:  0 | failed:  2 | time: 2.8764
---------------------------------------------------------

14:23:05.159 [pool-3-thread-1] INFO  com.intuit.karate.Suite - <<fail>> feature 4 of 23 (19 remaining) classpath:com/api/automation/getrequest/ReadExternalFiles.feature
---------------------------------------------------------
feature: classpath:com/api/automation/getrequest/Variables.feature
scenarios:  2 | passed:  2 | failed:  0 | time: 0.1886
---------------------------------------------------------

14:23:05.322 [pool-3-thread-1] INFO  com.intuit.karate.Suite - <<pass>> feature 5 of 23 (18 remaining) classpath:com/api/automation/getrequest/Variables.feature
---------------------------------------------------------
feature: classpath:com/api/automation/getrequest/getRequest2.feature
scenarios:  3 | passed:  3 | failed:  0 | time: 0.3628
---------------------------------------------------------

14:23:05.449 [pool-3-thread-1] INFO  com.intuit.karate.Suite - <<pass>> feature 7 of 23 (16 remaining) classpath:com/api/automation/getrequest/getRequest2.feature
---------------------------------------------------------
feature: classpath:com/api/automation/getrequest/jsonPathExpression.feature
scenarios:  1 | passed:  1 | failed:  0 | time: 0.8283
---------------------------------------------------------

14:23:05.513 [pool-3-thread-1] INFO  com.intuit.karate.Suite - <<pass>> feature 8 of 23 (15 remaining) classpath:com/api/automation/getrequest/jsonPathExpression.feature
---------------------------------------------------------
feature: classpath:com/api/automation/getrequest/responseMatcher.feature
scenarios:  4 | passed:  2 | failed:  2 | time: 1.6028
---------------------------------------------------------

14:23:05.668 [pool-3-thread-1] INFO  com.intuit.karate.Suite - <<fail>> feature 9 of 23 (14 remaining) classpath:com/api/automation/getrequest/responseMatcher.feature
---------------------------------------------------------
feature: classpath:com/api/automation/getrequest/validateJSONArray.feature
scenarios:  2 | passed:  2 | failed:  0 | time: 1.1371
---------------------------------------------------------

14:23:05.890 [pool-3-thread-1] INFO  com.intuit.karate.Suite - <<pass>> feature 10 of 23 (13 remaining) classpath:com/api/automation/getrequest/validateJSONArray.feature
---------------------------------------------------------
feature: classpath:com/api/automation/getrequest/validateXMLContent.feature
scenarios:  2 | passed:  0 | failed:  2 | time: 1.8671
---------------------------------------------------------

14:23:05.974 [pool-3-thread-1] INFO  com.intuit.karate.Suite - <<fail>> feature 11 of 23 (12 remaining) classpath:com/api/automation/getrequest/validateXMLContent.feature
---------------------------------------------------------
feature: classpath:com/api/automation/getrequest/queryparameters/queryParameter.feature
scenarios:  1 | passed:  1 | failed:  0 | time: 0.5863
---------------------------------------------------------

14:23:06.118 [pool-3-thread-1] INFO  com.intuit.karate.Suite - <<pass>> feature 12 of 23 (11 remaining) classpath:com/api/automation/getrequest/queryparameters/queryParameter.feature
---------------------------------------------------------
feature: classpath:com/api/automation/patchrequest/updateJobDescription.feature
scenarios:  3 | passed:  3 | failed:  0 | time: 1.2136
---------------------------------------------------------

14:23:06.289 [pool-3-thread-1] INFO  com.intuit.karate.Suite - <<pass>> feature 13 of 23 (10 remaining) classpath:com/api/automation/patchrequest/updateJobDescription.feature
---------------------------------------------------------
feature: classpath:com/api/automation/postrequest/createJobEntry.feature
scenarios:  4 | passed:  4 | failed:  0 | time: 1.0013
---------------------------------------------------------

14:23:06.387 [pool-3-thread-1] INFO  com.intuit.karate.Suite - <<pass>> feature 14 of 23 (9 remaining) classpath:com/api/automation/postrequest/createJobEntry.feature
---------------------------------------------------------
feature: classpath:com/api/automation/postrequest/javaScriptExecutor.feature
scenarios:  1 | passed:  1 | failed:  0 | time: 0.2258
---------------------------------------------------------

14:23:06.428 [pool-3-thread-1] INFO  com.intuit.karate.Suite - <<pass>> feature 15 of 23 (8 remaining) classpath:com/api/automation/postrequest/javaScriptExecutor.feature
---------------------------------------------------------
feature: classpath:com/api/automation/postrequest/schemaValidation.feature
scenarios:  2 | passed:  1 | failed:  1 | time: 0.9754
---------------------------------------------------------

14:23:06.487 [pool-3-thread-1] INFO  com.intuit.karate.Suite - <<fail>> feature 16 of 23 (7 remaining) classpath:com/api/automation/postrequest/schemaValidation.feature
---------------------------------------------------------
feature: classpath:com/api/automation/postrequest/datadriven/postDataDriven.feature
scenarios:  6 | passed:  6 | failed:  0 | time: 0.6615
---------------------------------------------------------

14:23:06.575 [pool-3-thread-1] INFO  com.intuit.karate.Suite - <<pass>> feature 17 of 23 (6 remaining) classpath:com/api/automation/postrequest/datadriven/postDataDriven.feature
---------------------------------------------------------
feature: classpath:com/api/automation/postrequest/fileUpload/fileUpload.feature
scenarios:  2 | passed:  2 | failed:  0 | time: 0.6160
---------------------------------------------------------

14:23:06.645 [pool-3-thread-1] INFO  com.intuit.karate.Suite - <<pass>> feature 18 of 23 (5 remaining) classpath:com/api/automation/postrequest/fileUpload/fileUpload.feature
---------------------------------------------------------
feature: classpath:com/api/automation/putrequest/updateJobEntry.feature
scenarios:  3 | passed:  3 | failed:  0 | time: 1.3768
---------------------------------------------------------

14:23:06.790 [pool-3-thread-1] INFO  com.intuit.karate.Suite - <<pass>> feature 19 of 23 (4 remaining) classpath:com/api/automation/putrequest/updateJobEntry.feature
---------------------------------------------------------
feature: classpath:com/api/automation/tags/createJobEntry.feature
scenarios:  7 | passed:  5 | failed:  2 | time: 2.1688
---------------------------------------------------------

14:23:06.898 [pool-3-thread-1] INFO  com.intuit.karate.Suite - <<fail>> feature 20 of 23 (3 remaining) classpath:com/api/automation/tags/createJobEntry.feature
---------------------------------------------------------
feature: classpath:com/api/automation/tags/deleteJobEntry.feature
scenarios:  3 | passed:  3 | failed:  0 | time: 1.3114
---------------------------------------------------------

14:23:07.056 [pool-3-thread-1] INFO  com.intuit.karate.Suite - <<pass>> feature 21 of 23 (2 remaining) classpath:com/api/automation/tags/deleteJobEntry.feature
---------------------------------------------------------
feature: classpath:com/api/automation/tags/queryParameter.feature
scenarios:  2 | passed:  1 | failed:  1 | time: 0.5987
---------------------------------------------------------

14:23:07.157 [pool-3-thread-1] INFO  com.intuit.karate.Suite - <<fail>> feature 22 of 23 (1 remaining) classpath:com/api/automation/tags/queryParameter.feature
---------------------------------------------------------
feature: classpath:com/api/automation/tags/updateJobDescription.feature
scenarios:  3 | passed:  3 | failed:  0 | time: 0.7064
---------------------------------------------------------

14:23:07.290 [pool-3-thread-1] INFO  com.intuit.karate.Suite - <<pass>> feature 23 of 23 (0 remaining) classpath:com/api/automation/tags/updateJobDescription.feature
Karate version: 1.4.1
======================================================
elapsed:  16.62 | threads:    5 | thread time: 24.16 
features:    22 | skipped:    1 | efficiency: 0.29
scenarios:   57 | passed:    46 | failed: 11
======================================================
>>> failed features:
js failed:
>>>>
01: _url
<<<<
org.graalvm.polyglot.PolyglotException: ReferenceError: "_url" is not defined
- <js>.:program(Unnamed:1)

classpath:com/api/automation/createJobEntryWithVariables.feature:5
match failed: EQUALS
  $ | not equal | actual array length is not equal to expected - 86:1 (LIST:LIST)
  [{"jobId":1,"jobTitle":"Software Engg","jobDescription":"To develop andriod application","experience":["Google","Apple","Mobile Iron"],"project":[{"projectName":"Movie App","technology":["Kotlin","SQL Lite","Gradle"]}]},{"jobId":3,"jobTitle":"Data Engg","jobDescription":"Create machine learning apps","experience":["IBM","INTEL"],"project":[{"projectName":"SCASE","technology":["Python","R"]}]},{"jobId":4,"jobTitle":"Software Engg - 2","jobDescription":"To develop andriod application and web application","experience":["RRD","ApD","MobileIron"],"project":[{"projectName":"Eccc","technology":["Selenium","Robot"]}]},{"jobId":640,"jobTitle":"Data Engg","jobDescription":"Create machine learning apps","experience":["IBM","INTEL"],"project":[{"projectName":"SCASE","technology":["Python","R"]}]},{"jobId":430,"jobTitle":"QA Tester","jobDescription":"To develop andriod application","experience":["RRD","ApD","MobileIron"],"project":[{"projectName":"Eccc","technology":["Selenium","Robot"]}]},{"jobId":3,"jobTitle":"Data Engg","jobDescription":"Create machine learning apps","experience":["IBM","INTEL"],"project":[{"projectName":"SCASE","technology":["Python","R"]}]},{"jobId":3,"jobTitle":"Data Engg","jobDescription":"Create machine learning apps","experience":["IBM","INTEL"],"project":[{"projectName":"SCASE","technology":["Python","R"]}]},{"jobId":4,"jobTitle":"QA Tester","jobDescription":"To develop andriod application","experience":["RRD","ApD","MobileIron"],"project":[{"projectName":"Eccc","technology":["Selenium","Robot"]}]},{"jobId":404,"jobTitle":"Data Engg","jobDescription":"Create machine learning apps","experience":["IBM","INTEL"],"project":[{"projectName":"SCASE","technology":["Python","R"]}]},{"jobId":412,"jobTitle":"QA Tester","jobDescription":"To develop andriod application","experience":["RRD","ApD","MobileIron"],"project":[{"projectName":"Eccc","technology":["Selenium","Robot"]}]},{"jobId":3,"jobTitle":"Data Engg","jobDescription":"Create machine learning apps","experience":["IBM","INTEL"],"project":[{"projectName":"SCASE","technology":["Python","R"]}]},{"jobId":3,"jobTitle":"Data Engg","jobDescription":"Create machine learning apps","experience":["IBM","INTEL"],"project":[{"projectName":"SCASE","technology":["Python","R"]}]},{"jobId":4,"jobTitle":"QA Tester","jobDescription":"To develop andriod application","experience":["RRD","ApD","MobileIron"],"project":[{"projectName":"Eccc","technology":["Selenium","Robot"]}]},{"jobId":612,"jobTitle":"Data Engg","jobDescription":"Create machine learning apps","experience":["IBM","INTEL"],"project":[{"projectName":"SCASE","technology":["Python","R"]}]},{"jobId":124,"jobTitle":"QA Tester","jobDescription":"To develop andriod application","experience":["RRD","ApD","MobileIron"],"project":[{"projectName":"Eccc","technology":["Selenium","Robot"]}]},{"jobId":3,"jobTitle":"Data Engg","jobDescription":"Create machine learning apps","experience":["IBM","INTEL"],"project":[{"projectName":"SCASE","technology":["Python","R"]}]},{"jobId":3,"jobTitle":"Data Engg","jobDescription":"Create machine learning apps","experience":["IBM","INTEL"],"project":[{"projectName":"SCASE","technology":["Python","R"]}]},{"jobId":4,"jobTitle":"QA Tester","jobDescription":"To develop andriod application","experience":["RRD","ApD","MobileIron"],"project":[{"projectName":"Eccc","technology":["Selenium","Robot"]}]},{"jobId":27,"jobTitle":"Data Engg","jobDescription":"Create machine learning apps","experience":["IBM","INTEL"],"project":[{"projectName":"SCASE","technology":["Python","R"]}]},{"jobId":276,"jobTitle":"QA Tester","jobDescription":"To develop andriod application","experience":["RRD","ApD","MobileIron"],"project":[{"projectName":"Eccc","technology":["Selenium","Robot"]}]},{"jobId":3,"jobTitle":"Data Engg","jobDescription":"Create machine learning apps","experience":["IBM","INTEL"],"project":[{"projectName":"SCASE","technology":["Python","R"]}]},{"jobId":47,"jobTitle":"LOS","jobDescription":"SOL","experience":["Nothing"],"project":[]},{"jobId":99,"jobTitle":"LOS","jobDescription":"SOL","experience":["Nothing"],"project":[]},{"jobId":49,"jobTitle":"LOS","jobDescription":"SOL","experience":["Nothing"],"project":[]},{"jobId":99,"jobTitle":"LOS","jobDescription":"SOL","experience":["Nothing"],"project":[]},{"jobId":80,"jobTitle":"LOS","jobDescription":"SOL","experience":["Nothing"],"project":[]},{"jobId":0,"jobTitle":"LOS","jobDescription":"SOL","experience":["Nothing"],"project":[]},{"jobId":0,"jobTitle":"LOS","jobDescription":"SOL","experience":["Nothing"],"project":[]},{"jobId":0,"jobTitle":"LOS","jobDescription":"SOL","experience":["Nothing"],"project":[]},{"jobId":45,"jobTitle":"QA Tester","jobDescription":"Finding bugs","experience":["Nothing"],"project":[]},{"jobId":64,"jobTitle":"QA Tester","jobDescription":"Finding bugs","experience":["Nothing"],"project":[]},{"jobId":38,"jobTitle":"QA Tester","jobDescription":"Finding bugs","experience":["Nothing"],"project":[]},{"jobId":85,"jobTitle":"LOS","jobDescription":"SOL","experience":["Nothing"],"project":[]},{"jobId":9,"jobTitle":"QA Tester","jobDescription":"Finding bugs","experience":["Nothing"],"project":[]},{"jobId":85,"jobTitle":"LOS","jobDescription":"SOL","experience":["Nothing"],"project":[]},{"jobId":36,"jobTitle":"LOS","jobDescription":"SOL","experience":["Nothing"],"project":[]},{"jobId":41,"jobTitle":"QA Tester","jobDescription":"Finding bugs","experience":["Nothing"],"project":[]},{"jobId":42,"jobTitle":"LOS","jobDescription":"SOL","experience":["Nothing"],"project":[]},{"jobId":69,"jobTitle":"LOS","jobDescription":"SOL","experience":["Nothing"],"project":[]},{"jobId":13,"jobTitle":"LOS","jobDescription":"SOL","experience":["Nothing"],"project":[]},{"jobId":15,"jobTitle":"LOS","jobDescription":"To develop andriod application and web application","experience":["Nothing"],"project":[]},{"jobId":19,"jobTitle":"LOS","jobDescription":"SOL","experience":["Nothing"],"project":[]},{"jobId":92,"jobTitle":"Software Engg - 2","jobDescription":"To develop andriod application and web application","experience":["Nothing"],"project":[]},{"jobId":54,"jobTitle":"LOS","jobDescription":"SOL","experience":["Nothing"],"project":[]},{"jobId":90,"jobTitle":"Software Engg - 2","jobDescription":"To develop andriod application and web application","experience":["Nothing"],"project":[]},{"jobId":38,"jobTitle":"LOS","jobDescription":"SOL","experience":["Nothing"],"project":[]},{"jobId":5,"jobTitle":"Software Engg - 2","jobDescription":"To develop andriod application","experience":["Google","Apple","Mobile Iron","Google"],"project":[{"projectName":"Movie App","technology":["Kotlin","SQL Lite","Gradle","Jenkins"]}]},{"jobId":623,"jobTitle":"Data Engg","jobDescription":"Create machine learning apps","experience":["IBM","INTEL"],"project":[{"projectName":"SCASE","technology":["Python","R"]}]},{"jobId":3,"jobTitle":"Data Engg","jobDescription":"Create machine learning apps","experience":["IBM","INTEL"],"project":[{"projectName":"SCASE","technology":["Python","R"]}]},{"jobId":4,"jobTitle":"QA Tester","jobDescription":"To develop andriod application","experience":["RRD","ApD","MobileIron"],"project":[{"projectName":"Eccc","technology":["Selenium","Robot"]}]},{"jobId":345,"jobTitle":"QA Tester","jobDescription":"To develop andriod application","experience":["RRD","ApD","MobileIron"],"project":[{"projectName":"Eccc","technology":["Selenium","Robot"]}]},{"jobId":7,"jobTitle":"Software Engg","jobDescription":"To develop andriod application","experience":["Google","Apple","Mobile Iron","Subex"],"project":[{"projectName":"Movie App","technology":["Kotlin","SQL Lite","Gradle","Jenkins"]}]},{"jobId":7,"jobTitle":"Software Engg","jobDescription":"To develop andriod application","experience":["Google","Apple","Mobile Iron","Subex"],"project":[{"projectName":"Movie App","technology":["Kotlin","SQL Lite","Gradle","Jenkins"]}]},{"jobId":50,"jobTitle":"Software Engg - 2","jobDescription":"To develop andriod application","experience":["Google","Apple","Mobile Iron","Google"],"project":[{"projectName":"Movie App","technology":["Kotlin","SQL Lite","Gradle","Jenkins"]}]},{"jobId":43,"jobTitle":"Software Engg","jobDescription":"To develop andriod application","experience":["Google","Apple","Mobile Iron","Subex"],"project":[{"projectName":"Movie App","technology":["Kotlin","SQL Lite","Gradle","Jenkins"]}]},{"jobId":19,"jobTitle":"LOS","jobDescription":"SOL","experience":["Nothing"],"project":[]},{"jobId":7,"jobTitle":"LOS","jobDescription":"SOL","experience":["Nothing"],"project":[]},{"jobId":3,"jobTitle":"Data Engg","jobDescription":"Create machine learning apps","experience":["IBM","INTEL"],"project":[{"projectName":"SCASE","technology":["Python","R"]}]},{"jobId":5,"jobTitle":"Software Engg - 2","jobDescription":"To develop andriod application","experience":["Google","Apple","Mobile Iron","Google"],"project":[{"projectName":"Movie App","technology":["Kotlin","SQL Lite","Gradle","Jenkins"]}]},{"jobId":4,"jobTitle":"QA Tester","jobDescription":"To develop andriod application","experience":["RRD","ApD","MobileIron"],"project":[{"projectName":"Eccc","technology":["Selenium","Robot"]}]},{"jobId":135,"jobTitle":"Data Engg","jobDescription":"Create machine learning apps","experience":["IBM","INTEL"],"project":[{"projectName":"SCASE","technology":["Python","R"]}]},{"jobId":647,"jobTitle":"QA Tester","jobDescription":"To develop andriod application","experience":["RRD","ApD","MobileIron"],"project":[{"projectName":"Eccc","technology":["Selenium","Robot"]}]},{"jobId":7,"jobTitle":"Software Engg","jobDescription":"To develop andriod application","experience":["Google","Apple","Mobile Iron","Subex"],"project":[{"projectName":"Movie App","technology":["Kotlin","SQL Lite","Gradle","Jenkins"]}]},{"jobId":7,"jobTitle":"Software Engg","jobDescription":"To develop andriod application","experience":["Google","Apple","Mobile Iron","Subex"],"project":[{"projectName":"Movie App","technology":["Kotlin","SQL Lite","Gradle","Jenkins"]}]},{"jobId":36,"jobTitle":"Software Engg - 2","jobDescription":"To develop andriod application","experience":["Google","Apple","Mobile Iron","Google"],"project":[{"projectName":"Movie App","technology":["Kotlin","SQL Lite","Gradle","Jenkins"]}]},{"jobId":6,"jobTitle":"Software Engg","jobDescription":"To develop andriod application","experience":["Google","Apple","Mobile Iron","Subex"],"project":[{"projectName":"Movie App","technology":["Kotlin","SQL Lite","Gradle","Jenkins"]}]},{"jobId":40,"jobTitle":"LOS","jobDescription":"SOL","experience":["Nothing"],"project":[]},{"jobId":59,"jobTitle":"LOS","jobDescription":"SOL","experience":["Nothing"],"project":[]},{"jobId":80,"jobTitle":"LOS","jobDescription":"SOL","experience":["Nothing"],"project":[]},{"jobId":4,"jobTitle":"LOS","jobDescription":"SOL","experience":["Nothing"],"project":[]},{"jobId":33,"jobTitle":"LOS","jobDescription":"SOL","experience":["Nothing"],"project":[]},{"jobId":70,"jobTitle":"Software Engg - 2","jobDescription":"To develop andriod application and web application","experience":["Nothing"],"project":[]},{"jobId":40,"jobTitle":"LOS","jobDescription":"SOL","experience":["Nothing"],"project":[]},{"jobId":32,"jobTitle":"LOS","jobDescription":"SOL","experience":["Nothing"],"project":[]},{"jobId":370,"jobTitle":"IOS","jobDescription":"APPLE","experience":["Nothing"],"project":[]},{"jobId":676,"jobTitle":"IOS","jobDescription":"APPLE","experience":["Nothing"],"project":[]},{"jobId":704,"jobTitle":"IOS","jobDescription":"APPLE","experience":["Nothing"],"project":[]},{"jobId":9980,"jobTitle":"Data Analyst","jobDescription":"Develop machine learning models","experience":["Nothing"],"project":[]},{"jobId":9980,"jobTitle":"Data Analyst","jobDescription":"Develop machine learning models","experience":["Nothing"],"project":[]},{"jobId":3,"jobTitle":"Data Engg","jobDescription":"Create machine learning apps","experience":["IBM","INTEL"],"project":[{"projectName":"SCASE","technology":["Python","R"]}]},{"jobId":4,"jobTitle":"QA Tester","jobDescription":"To develop andriod application","experience":["RRD","ApD","MobileIron"],"project":[{"projectName":"Eccc","technology":["Selenium","Robot"]}]},{"jobId":82,"jobTitle":"Data Engg","jobDescription":"Create machine learning apps","experience":["IBM","INTEL"],"project":[{"projectName":"SCASE","technology":["Python","R"]}]},{"jobId":291,"jobTitle":"QA Tester","jobDescription":"To develop andriod application","experience":["RRD","ApD","MobileIron"],"project":[{"projectName":"Eccc","technology":["Selenium","Robot"]}]},{"jobId":3,"jobTitle":"Data Engg","jobDescription":"Create machine learning apps","experience":["IBM","INTEL"],"project":[{"projectName":"SCASE","technology":["Python","R"]}]},{"jobId":3,"jobTitle":"Data Engg","jobDescription":"Create machine learning apps","experience":["IBM","INTEL"],"project":[{"projectName":"SCASE","technology":["Python","R"]}]},{"jobId":251,"jobTitle":"LOS","jobDescription":"SOL","experience":["Nothing"],"project":[]}]
  [{"jobId":1,"jobTitle":"Software Engg","jobDescription":"To develop andriod application","experience":["Google","Apple","Mobile Iron"],"project":[{"projectName":"Movie App","technology":["Kotlin","SQL Lite","Gradle"]}]}]


classpath:com/api/automation/getrequest/ReadExternalFiles.feature:15
match failed: EQUALS
  / | not equal | match failed for name: 'List' (XML:XML)
  <List><item><jobId>1</jobId><jobTitle>Software Engg</jobTitle><jobDescription>To develop andriod application</jobDescription><experience><experience>Google</experience><experience>Apple</experience><experience>Mobile Iron</experience></experience><project><project><projectName>Movie App</projectName><technology><technology>Kotlin</technology><technology>SQL Lite</technology><technology>Gradle</technology></technology></project></project></item><item><jobId>3</jobId><jobTitle>Data Engg</jobTitle><jobDescription>Create machine learning apps</jobDescription><experience><experience>IBM</experience><experience>INTEL</experience></experience><project><project><projectName>SCASE</projectName><technology><technology>Python</technology><technology>R</technology></technology></project></project></item><item><jobId>4</jobId><jobTitle>Software Engg - 2</jobTitle><jobDescription>To develop andriod application and web application</jobDescription><experience><experience>RRD</experience><experience>ApD</experience><experience>MobileIron</experience></experience><project><project><projectName>Eccc</projectName><technology><technology>Selenium</technology><technology>Robot</technology></technology></project></project></item><item><jobId>640</jobId><jobTitle>Data Engg</jobTitle><jobDescription>Create machine learning apps</jobDescription><experience><experience>IBM</experience><experience>INTEL</experience></experience><project><project><projectName>SCASE</projectName><technology><technology>Python</technology><technology>R</technology></technology></project></project></item><item><jobId>430</jobId><jobTitle>QA Tester</jobTitle><jobDescription>To develop andriod application</jobDescription><experience><experience>RRD</experience><experience>ApD</experience><experience>MobileIron</experience></experience><project><project><projectName>Eccc</projectName><technology><technology>Selenium</technology><technology>Robot</technology></technology></project></project></item><item><jobId>3</jobId><jobTitle>Data Engg</jobTitle><jobDescription>Create machine learning apps</jobDescription><experience><experience>IBM</experience><experience>INTEL</experience></experience><project><project><projectName>SCASE</projectName><technology><technology>Python</technology><technology>R</technology></technology></project></project></item><item><jobId>3</jobId><jobTitle>Data Engg</jobTitle><jobDescription>Create machine learning apps</jobDescription><experience><experience>IBM</experience><experience>INTEL</experience></experience><project><project><projectName>SCASE</projectName><technology><technology>Python</technology><technology>R</technology></technology></project></project></item><item><jobId>4</jobId><jobTitle>QA Tester</jobTitle><jobDescription>To develop andriod application</jobDescription><experience><experience>RRD</experience><experience>ApD</experience><experience>MobileIron</experience></experience><project><project><projectName>Eccc</projectName><technology><technology>Selenium</technology><technology>Robot</technology></technology></project></project></item><item><jobId>404</jobId><jobTitle>Data Engg</jobTitle><jobDescription>Create machine learning apps</jobDescription><experience><experience>IBM</experience><experience>INTEL</experience></experience><project><project><projectName>SCASE</projectName><technology><technology>Python</technology><technology>R</technology></technology></project></project></item><item><jobId>412</jobId><jobTitle>QA Tester</jobTitle><jobDescription>To develop andriod application</jobDescription><experience><experience>RRD</experience><experience>ApD</experience><experience>MobileIron</experience></experience><project><project><projectName>Eccc</projectName><technology><technology>Selenium</technology><technology>Robot</technology></technology></project></project></item><item><jobId>3</jobId><jobTitle>Data Engg</jobTitle><jobDescription>Create machine learning apps</jobDescription><experience><experience>IBM</experience><experience>INTEL</experience></experience><project><project><projectName>SCASE</projectName><technology><technology>Python</technology><technology>R</technology></technology></project></project></item><item><jobId>3</jobId><jobTitle>Data Engg</jobTitle><jobDescription>Create machine learning apps</jobDescription><experience><experience>IBM</experience><experience>INTEL</experience></experience><project><project><projectName>SCASE</projectName><technology><technology>Python</technology><technology>R</technology></technology></project></project></item><item><jobId>4</jobId><jobTitle>QA Tester</jobTitle><jobDescription>To develop andriod application</jobDescription><experience><experience>RRD</experience><experience>ApD</experience><experience>MobileIron</experience></experience><project><project><projectName>Eccc</projectName><technology><technology>Selenium</technology><technology>Robot</technology></technology></project></project></item><item><jobId>612</jobId><jobTitle>Data Engg</jobTitle><jobDescription>Create machine learning apps</jobDescription><experience><experience>IBM</experience><experience>INTEL</experience></experience><project><project><projectName>SCASE</projectName><technology><technology>Python</technology><technology>R</technology></technology></project></project></item><item><jobId>124</jobId><jobTitle>QA Tester</jobTitle><jobDescription>To develop andriod application</jobDescription><experience><experience>RRD</experience><experience>ApD</experience><experience>MobileIron</experience></experience><project><project><projectName>Eccc</projectName><technology><technology>Selenium</technology><technology>Robot</technology></technology></project></project></item><item><jobId>3</jobId><jobTitle>Data Engg</jobTitle><jobDescription>Create machine learning apps</jobDescription><experience><experience>IBM</experience><experience>INTEL</experience></experience><project><project><projectName>SCASE</projectName><technology><technology>Python</technology><technology>R</technology></technology></project></project></item><item><jobId>3</jobId><jobTitle>Data Engg</jobTitle><jobDescription>Create machine learning apps</jobDescription><experience><experience>IBM</experience><experience>INTEL</experience></experience><project><project><projectName>SCASE</projectName><technology><technology>Python</technology><technology>R</technology></technology></project></project></item><item><jobId>4</jobId><jobTitle>QA Tester</jobTitle><jobDescription>To develop andriod application</jobDescription><experience><experience>RRD</experience><experience>ApD</experience><experience>MobileIron</experience></experience><project><project><projectName>Eccc</projectName><technology><technology>Selenium</technology><technology>Robot</technology></technology></project></project></item><item><jobId>27</jobId><jobTitle>Data Engg</jobTitle><jobDescription>Create machine learning apps</jobDescription><experience><experience>IBM</experience><experience>INTEL</experience></experience><project><project><projectName>SCASE</projectName><technology><technology>Python</technology><technology>R</technology></technology></project></project></item><item><jobId>276</jobId><jobTitle>QA Tester</jobTitle><jobDescription>To develop andriod application</jobDescription><experience><experience>RRD</experience><experience>ApD</experience><experience>MobileIron</experience></experience><project><project><projectName>Eccc</projectName><technology><technology>Selenium</technology><technology>Robot</technology></technology></project></project></item><item><jobId>3</jobId><jobTitle>Data Engg</jobTitle><jobDescription>Create machine learning apps</jobDescription><experience><experience>IBM</experience><experience>INTEL</experience></experience><project><project><projectName>SCASE</projectName><technology><technology>Python</technology><technology>R</technology></technology></project></project></item><item><jobId>47</jobId><jobTitle>LOS</jobTitle><jobDescription>SOL</jobDescription><experience><experience>Nothing</experience></experience><project/></item><item><jobId>99</jobId><jobTitle>LOS</jobTitle><jobDescription>SOL</jobDescription><experience><experience>Nothing</experience></experience><project/></item><item><jobId>49</jobId><jobTitle>LOS</jobTitle><jobDescription>SOL</jobDescription><experience><experience>Nothing</experience></experience><project/></item><item><jobId>99</jobId><jobTitle>LOS</jobTitle><jobDescription>SOL</jobDescription><experience><experience>Nothing</experience></experience><project/></item><item><jobId>80</jobId><jobTitle>LOS</jobTitle><jobDescription>SOL</jobDescription><experience><experience>Nothing</experience></experience><project/></item><item><jobId>0</jobId><jobTitle>LOS</jobTitle><jobDescription>SOL</jobDescription><experience><experience>Nothing</experience></experience><project/></item><item><jobId>0</jobId><jobTitle>LOS</jobTitle><jobDescription>SOL</jobDescription><experience><experience>Nothing</experience></experience><project/></item><item><jobId>0</jobId><jobTitle>LOS</jobTitle><jobDescription>SOL</jobDescription><experience><experience>Nothing</experience></experience><project/></item><item><jobId>45</jobId><jobTitle>QA Tester</jobTitle><jobDescription>Finding bugs</jobDescription><experience><experience>Nothing</experience></experience><project/></item><item><jobId>64</jobId><jobTitle>QA Tester</jobTitle><jobDescription>Finding bugs</jobDescription><experience><experience>Nothing</experience></experience><project/></item><item><jobId>38</jobId><jobTitle>QA Tester</jobTitle><jobDescription>Finding bugs</jobDescription><experience><experience>Nothing</experience></experience><project/></item><item><jobId>85</jobId><jobTitle>LOS</jobTitle><jobDescription>SOL</jobDescription><experience><experience>Nothing</experience></experience><project/></item><item><jobId>9</jobId><jobTitle>QA Tester</jobTitle><jobDescription>Finding bugs</jobDescription><experience><experience>Nothing</experience></experience><project/></item><item><jobId>85</jobId><jobTitle>LOS</jobTitle><jobDescription>SOL</jobDescription><experience><experience>Nothing</experience></experience><project/></item><item><jobId>36</jobId><jobTitle>LOS</jobTitle><jobDescription>SOL</jobDescription><experience><experience>Nothing</experience></experience><project/></item><item><jobId>41</jobId><jobTitle>QA Tester</jobTitle><jobDescription>Finding bugs</jobDescription><experience><experience>Nothing</experience></experience><project/></item><item><jobId>42</jobId><jobTitle>LOS</jobTitle><jobDescription>SOL</jobDescription><experience><experience>Nothing</experience></experience><project/></item><item><jobId>69</jobId><jobTitle>LOS</jobTitle><jobDescription>SOL</jobDescription><experience><experience>Nothing</experience></experience><project/></item><item><jobId>13</jobId><jobTitle>LOS</jobTitle><jobDescription>SOL</jobDescription><experience><experience>Nothing</experience></experience><project/></item><item><jobId>15</jobId><jobTitle>LOS</jobTitle><jobDescription>To develop andriod application and web application</jobDescription><experience><experience>Nothing</experience></experience><project/></item><item><jobId>19</jobId><jobTitle>LOS</jobTitle><jobDescription>SOL</jobDescription><experience><experience>Nothing</experience></experience><project/></item><item><jobId>92</jobId><jobTitle>Software Engg - 2</jobTitle><jobDescription>To develop andriod application and web application</jobDescription><experience><experience>Nothing</experience></experience><project/></item><item><jobId>54</jobId><jobTitle>LOS</jobTitle><jobDescription>SOL</jobDescription><experience><experience>Nothing</experience></experience><project/></item><item><jobId>90</jobId><jobTitle>Software Engg - 2</jobTitle><jobDescription>To develop andriod application and web application</jobDescription><experience><experience>Nothing</experience></experience><project/></item><item><jobId>38</jobId><jobTitle>LOS</jobTitle><jobDescription>SOL</jobDescription><experience><experience>Nothing</experience></experience><project/></item><item><jobId>5</jobId><jobTitle>Software Engg - 2</jobTitle><jobDescription>To develop andriod application</jobDescription><experience><experience>Google</experience><experience>Apple</experience><experience>Mobile Iron</experience><experience>Google</experience></experience><project><project><projectName>Movie App</projectName><technology><technology>Kotlin</technology><technology>SQL Lite</technology><technology>Gradle</technology><technology>Jenkins</technology></technology></project></project></item><item><jobId>623</jobId><jobTitle>Data Engg</jobTitle><jobDescription>Create machine learning apps</jobDescription><experience><experience>IBM</experience><experience>INTEL</experience></experience><project><project><projectName>SCASE</projectName><technology><technology>Python</technology><technology>R</technology></technology></project></project></item><item><jobId>3</jobId><jobTitle>Data Engg</jobTitle><jobDescription>Create machine learning apps</jobDescription><experience><experience>IBM</experience><experience>INTEL</experience></experience><project><project><projectName>SCASE</projectName><technology><technology>Python</technology><technology>R</technology></technology></project></project></item><item><jobId>4</jobId><jobTitle>QA Tester</jobTitle><jobDescription>To develop andriod application</jobDescription><experience><experience>RRD</experience><experience>ApD</experience><experience>MobileIron</experience></experience><project><project><projectName>Eccc</projectName><technology><technology>Selenium</technology><technology>Robot</technology></technology></project></project></item><item><jobId>345</jobId><jobTitle>QA Tester</jobTitle><jobDescription>To develop andriod application</jobDescription><experience><experience>RRD</experience><experience>ApD</experience><experience>MobileIron</experience></experience><project><project><projectName>Eccc</projectName><technology><technology>Selenium</technology><technology>Robot</technology></technology></project></project></item><item><jobId>7</jobId><jobTitle>Software Engg</jobTitle><jobDescription>To develop andriod application</jobDescription><experience><experience>Google</experience><experience>Apple</experience><experience>Mobile Iron</experience><experience>Subex</experience></experience><project><project><projectName>Movie App</projectName><technology><technology>Kotlin</technology><technology>SQL Lite</technology><technology>Gradle</technology><technology>Jenkins</technology></technology></project></project></item><item><jobId>7</jobId><jobTitle>Software Engg</jobTitle><jobDescription>To develop andriod application</jobDescription><experience><experience>Google</experience><experience>Apple</experience><experience>Mobile Iron</experience><experience>Subex</experience></experience><project><project><projectName>Movie App</projectName><technology><technology>Kotlin</technology><technology>SQL Lite</technology><technology>Gradle</technology><technology>Jenkins</technology></technology></project></project></item><item><jobId>50</jobId><jobTitle>Software Engg - 2</jobTitle><jobDescription>To develop andriod application</jobDescription><experience><experience>Google</experience><experience>Apple</experience><experience>Mobile Iron</experience><experience>Google</experience></experience><project><project><projectName>Movie App</projectName><technology><technology>Kotlin</technology><technology>SQL Lite</technology><technology>Gradle</technology><technology>Jenkins</technology></technology></project></project></item><item><jobId>43</jobId><jobTitle>Software Engg</jobTitle><jobDescription>To develop andriod application</jobDescription><experience><experience>Google</experience><experience>Apple</experience><experience>Mobile Iron</experience><experience>Subex</experience></experience><project><project><projectName>Movie App</projectName><technology><technology>Kotlin</technology><technology>SQL Lite</technology><technology>Gradle</technology><technology>Jenkins</technology></technology></project></project></item><item><jobId>19</jobId><jobTitle>LOS</jobTitle><jobDescription>SOL</jobDescription><experience><experience>Nothing</experience></experience><project/></item><item><jobId>7</jobId><jobTitle>LOS</jobTitle><jobDescription>SOL</jobDescription><experience><experience>Nothing</experience></experience><project/></item><item><jobId>3</jobId><jobTitle>Data Engg</jobTitle><jobDescription>Create machine learning apps</jobDescription><experience><experience>IBM</experience><experience>INTEL</experience></experience><project><project><projectName>SCASE</projectName><technology><technology>Python</technology><technology>R</technology></technology></project></project></item><item><jobId>5</jobId><jobTitle>Software Engg - 2</jobTitle><jobDescription>To develop andriod application</jobDescription><experience><experience>Google</experience><experience>Apple</experience><experience>Mobile Iron</experience><experience>Google</experience></experience><project><project><projectName>Movie App</projectName><technology><technology>Kotlin</technology><technology>SQL Lite</technology><technology>Gradle</technology><technology>Jenkins</technology></technology></project></project></item><item><jobId>4</jobId><jobTitle>QA Tester</jobTitle><jobDescription>To develop andriod application</jobDescription><experience><experience>RRD</experience><experience>ApD</experience><experience>MobileIron</experience></experience><project><project><projectName>Eccc</projectName><technology><technology>Selenium</technology><technology>Robot</technology></technology></project></project></item><item><jobId>135</jobId><jobTitle>Data Engg</jobTitle><jobDescription>Create machine learning apps</jobDescription><experience><experience>IBM</experience><experience>INTEL</experience></experience><project><project><projectName>SCASE</projectName><technology><technology>Python</technology><technology>R</technology></technology></project></project></item><item><jobId>647</jobId><jobTitle>QA Tester</jobTitle><jobDescription>To develop andriod application</jobDescription><experience><experience>RRD</experience><experience>ApD</experience><experience>MobileIron</experience></experience><project><project><projectName>Eccc</projectName><technology><technology>Selenium</technology><technology>Robot</technology></technology></project></project></item><item><jobId>7</jobId><jobTitle>Software Engg</jobTitle><jobDescription>To develop andriod application</jobDescription><experience><experience>Google</experience><experience>Apple</experience><experience>Mobile Iron</experience><experience>Subex</experience></experience><project><project><projectName>Movie App</projectName><technology><technology>Kotlin</technology><technology>SQL Lite</technology><technology>Gradle</technology><technology>Jenkins</technology></technology></project></project></item><item><jobId>7</jobId><jobTitle>Software Engg</jobTitle><jobDescription>To develop andriod application</jobDescription><experience><experience>Google</experience><experience>Apple</experience><experience>Mobile Iron</experience><experience>Subex</experience></experience><project><project><projectName>Movie App</projectName><technology><technology>Kotlin</technology><technology>SQL Lite</technology><technology>Gradle</technology><technology>Jenkins</technology></technology></project></project></item><item><jobId>36</jobId><jobTitle>Software Engg - 2</jobTitle><jobDescription>To develop andriod application</jobDescription><experience><experience>Google</experience><experience>Apple</experience><experience>Mobile Iron</experience><experience>Google</experience></experience><project><project><projectName>Movie App</projectName><technology><technology>Kotlin</technology><technology>SQL Lite</technology><technology>Gradle</technology><technology>Jenkins</technology></technology></project></project></item><item><jobId>6</jobId><jobTitle>Software Engg</jobTitle><jobDescription>To develop andriod application</jobDescription><experience><experience>Google</experience><experience>Apple</experience><experience>Mobile Iron</experience><experience>Subex</experience></experience><project><project><projectName>Movie App</projectName><technology><technology>Kotlin</technology><technology>SQL Lite</technology><technology>Gradle</technology><technology>Jenkins</technology></technology></project></project></item><item><jobId>40</jobId><jobTitle>LOS</jobTitle><jobDescription>SOL</jobDescription><experience><experience>Nothing</experience></experience><project/></item><item><jobId>59</jobId><jobTitle>LOS</jobTitle><jobDescription>SOL</jobDescription><experience><experience>Nothing</experience></experience><project/></item><item><jobId>80</jobId><jobTitle>LOS</jobTitle><jobDescription>SOL</jobDescription><experience><experience>Nothing</experience></experience><project/></item><item><jobId>4</jobId><jobTitle>LOS</jobTitle><jobDescription>SOL</jobDescription><experience><experience>Nothing</experience></experience><project/></item><item><jobId>33</jobId><jobTitle>LOS</jobTitle><jobDescription>SOL</jobDescription><experience><experience>Nothing</experience></experience><project/></item><item><jobId>70</jobId><jobTitle>Software Engg - 2</jobTitle><jobDescription>To develop andriod application and web application</jobDescription><experience><experience>Nothing</experience></experience><project/></item><item><jobId>40</jobId><jobTitle>LOS</jobTitle><jobDescription>SOL</jobDescription><experience><experience>Nothing</experience></experience><project/></item><item><jobId>32</jobId><jobTitle>LOS</jobTitle><jobDescription>SOL</jobDescription><experience><experience>Nothing</experience></experience><project/></item><item><jobId>370</jobId><jobTitle>IOS</jobTitle><jobDescription>APPLE</jobDescription><experience><experience>Nothing</experience></experience><project/></item><item><jobId>676</jobId><jobTitle>IOS</jobTitle><jobDescription>APPLE</jobDescription><experience><experience>Nothing</experience></experience><project/></item><item><jobId>704</jobId><jobTitle>IOS</jobTitle><jobDescription>APPLE</jobDescription><experience><experience>Nothing</experience></experience><project/></item><item><jobId>9980</jobId><jobTitle>Data Analyst</jobTitle><jobDescription>Develop machine learning models</jobDescription><experience><experience>Nothing</experience></experience><project/></item><item><jobId>9980</jobId><jobTitle>Data Analyst</jobTitle><jobDescription>Develop machine learning models</jobDescription><experience><experience>Nothing</experience></experience><project/></item><item><jobId>3</jobId><jobTitle>Data Engg</jobTitle><jobDescription>Create machine learning apps</jobDescription><experience><experience>IBM</experience><experience>INTEL</experience></experience><project><project><projectName>SCASE</projectName><technology><technology>Python</technology><technology>R</technology></technology></project></project></item><item><jobId>4</jobId><jobTitle>QA Tester</jobTitle><jobDescription>To develop andriod application</jobDescription><experience><experience>RRD</experience><experience>ApD</experience><experience>MobileIron</experience></experience><project><project><projectName>Eccc</projectName><technology><technology>Selenium</technology><technology>Robot</technology></technology></project></project></item><item><jobId>82</jobId><jobTitle>Data Engg</jobTitle><jobDescription>Create machine learning apps</jobDescription><experience><experience>IBM</experience><experience>INTEL</experience></experience><project><project><projectName>SCASE</projectName><technology><technology>Python</technology><technology>R</technology></technology></project></project></item><item><jobId>291</jobId><jobTitle>QA Tester</jobTitle><jobDescription>To develop andriod application</jobDescription><experience><experience>RRD</experience><experience>ApD</experience><experience>MobileIron</experience></experience><project><project><projectName>Eccc</projectName><technology><technology>Selenium</technology><technology>Robot</technology></technology></project></project></item><item><jobId>3</jobId><jobTitle>Data Engg</jobTitle><jobDescription>Create machine learning apps</jobDescription><experience><experience>IBM</experience><experience>INTEL</experience></experience><project><project><projectName>SCASE</projectName><technology><technology>Python</technology><technology>R</technology></technology></project></project></item><item><jobId>3</jobId><jobTitle>Data Engg</jobTitle><jobDescription>Create machine learning apps</jobDescription><experience><experience>IBM</experience><experience>INTEL</experience></experience><project><project><projectName>SCASE</projectName><technology><technology>Python</technology><technology>R</technology></technology></project></project></item><item><jobId>251</jobId><jobTitle>LOS</jobTitle><jobDescription>SOL</jobDescription><experience><experience>Nothing</experience></experience><project/></item></List>
  <List>
    <item>
        <jobId>1</jobId>
        <jobTitle>Software Engg</jobTitle>
        <jobDescription>To develop andriod application</jobDescription>
        <experience>
            <experience>Google</experience>
            <experience>Apple</experience>
            <experience>Mobile Iron</experience>
        </experience>
        <project>
            <project>
                <projectName>Movie App</projectName>
                <technology>
                    <technology>Kotlin</technology>
                    <technology>SQL Lite</technology>
                    <technology>Gradle</technology>
                </technology>
            </project>
        </project>
    </item>
</List>

    /List | not equal | match failed for name: 'item' (MAP:MAP)
    <item><jobId>1</jobId><jobTitle>Software Engg</jobTitle><jobDescription>To develop andriod application</jobDescription><experience><experience>Google</experience><experience>Apple</experience><experience>Mobile Iron</experience></experience><project><project><projectName>Movie App</projectName><technology><technology>Kotlin</technology><technology>SQL Lite</technology><technology>Gradle</technology></technology></project></project></item>
    <item><jobId>1</jobId><jobTitle>Software Engg</jobTitle><jobDescription>To develop andriod application</jobDescription><experience><experience>Google</experience><experience>Apple</experience><experience>Mobile Iron</experience></experience><project><project><projectName>Movie App</projectName><technology><technology>Kotlin</technology><technology>SQL Lite</technology><technology>Gradle</technology></technology></project></project></item>

      /List/item | data types don't match (LIST:MAP)
      [{"jobId":"1","jobTitle":"Software Engg","jobDescription":"To develop andriod application","experience":{"experience":["Google","Apple","Mobile Iron"]},"project":{"project":{"projectName":"Movie App","technology":{"technology":["Kotlin","SQL Lite","Gradle"]}}}},{"jobId":"3","jobTitle":"Data Engg","jobDescription":"Create machine learning apps","experience":{"experience":["IBM","INTEL"]},"project":{"project":{"projectName":"SCASE","technology":{"technology":["Python","R"]}}}},{"jobId":"4","jobTitle":"Software Engg - 2","jobDescription":"To develop andriod application and web application","experience":{"experience":["RRD","ApD","MobileIron"]},"project":{"project":{"projectName":"Eccc","technology":{"technology":["Selenium","Robot"]}}}},{"jobId":"640","jobTitle":"Data Engg","jobDescription":"Create machine learning apps","experience":{"experience":["IBM","INTEL"]},"project":{"project":{"projectName":"SCASE","technology":{"technology":["Python","R"]}}}},{"jobId":"430","jobTitle":"QA Tester","jobDescription":"To develop andriod application","experience":{"experience":["RRD","ApD","MobileIron"]},"project":{"project":{"projectName":"Eccc","technology":{"technology":["Selenium","Robot"]}}}},{"jobId":"3","jobTitle":"Data Engg","jobDescription":"Create machine learning apps","experience":{"experience":["IBM","INTEL"]},"project":{"project":{"projectName":"SCASE","technology":{"technology":["Python","R"]}}}},{"jobId":"3","jobTitle":"Data Engg","jobDescription":"Create machine learning apps","experience":{"experience":["IBM","INTEL"]},"project":{"project":{"projectName":"SCASE","technology":{"technology":["Python","R"]}}}},{"jobId":"4","jobTitle":"QA Tester","jobDescription":"To develop andriod application","experience":{"experience":["RRD","ApD","MobileIron"]},"project":{"project":{"projectName":"Eccc","technology":{"technology":["Selenium","Robot"]}}}},{"jobId":"404","jobTitle":"Data Engg","jobDescription":"Create machine learning apps","experience":{"experience":["IBM","INTEL"]},"project":{"project":{"projectName":"SCASE","technology":{"technology":["Python","R"]}}}},{"jobId":"412","jobTitle":"QA Tester","jobDescription":"To develop andriod application","experience":{"experience":["RRD","ApD","MobileIron"]},"project":{"project":{"projectName":"Eccc","technology":{"technology":["Selenium","Robot"]}}}},{"jobId":"3","jobTitle":"Data Engg","jobDescription":"Create machine learning apps","experience":{"experience":["IBM","INTEL"]},"project":{"project":{"projectName":"SCASE","technology":{"technology":["Python","R"]}}}},{"jobId":"3","jobTitle":"Data Engg","jobDescription":"Create machine learning apps","experience":{"experience":["IBM","INTEL"]},"project":{"project":{"projectName":"SCASE","technology":{"technology":["Python","R"]}}}},{"jobId":"4","jobTitle":"QA Tester","jobDescription":"To develop andriod application","experience":{"experience":["RRD","ApD","MobileIron"]},"project":{"project":{"projectName":"Eccc","technology":{"technology":["Selenium","Robot"]}}}},{"jobId":"612","jobTitle":"Data Engg","jobDescription":"Create machine learning apps","experience":{"experience":["IBM","INTEL"]},"project":{"project":{"projectName":"SCASE","technology":{"technology":["Python","R"]}}}},{"jobId":"124","jobTitle":"QA Tester","jobDescription":"To develop andriod application","experience":{"experience":["RRD","ApD","MobileIron"]},"project":{"project":{"projectName":"Eccc","technology":{"technology":["Selenium","Robot"]}}}},{"jobId":"3","jobTitle":"Data Engg","jobDescription":"Create machine learning apps","experience":{"experience":["IBM","INTEL"]},"project":{"project":{"projectName":"SCASE","technology":{"technology":["Python","R"]}}}},{"jobId":"3","jobTitle":"Data Engg","jobDescription":"Create machine learning apps","experience":{"experience":["IBM","INTEL"]},"project":{"project":{"projectName":"SCASE","technology":{"technology":["Python","R"]}}}},{"jobId":"4","jobTitle":"QA Tester","jobDescription":"To develop andriod application","experience":{"experience":["RRD","ApD","MobileIron"]},"project":{"project":{"projectName":"Eccc","technology":{"technology":["Selenium","Robot"]}}}},{"jobId":"27","jobTitle":"Data Engg","jobDescription":"Create machine learning apps","experience":{"experience":["IBM","INTEL"]},"project":{"project":{"projectName":"SCASE","technology":{"technology":["Python","R"]}}}},{"jobId":"276","jobTitle":"QA Tester","jobDescription":"To develop andriod application","experience":{"experience":["RRD","ApD","MobileIron"]},"project":{"project":{"projectName":"Eccc","technology":{"technology":["Selenium","Robot"]}}}},{"jobId":"3","jobTitle":"Data Engg","jobDescription":"Create machine learning apps","experience":{"experience":["IBM","INTEL"]},"project":{"project":{"projectName":"SCASE","technology":{"technology":["Python","R"]}}}},{"jobId":"47","jobTitle":"LOS","jobDescription":"SOL","experience":{"experience":"Nothing"},"project":null},{"jobId":"99","jobTitle":"LOS","jobDescription":"SOL","experience":{"experience":"Nothing"},"project":null},{"jobId":"49","jobTitle":"LOS","jobDescription":"SOL","experience":{"experience":"Nothing"},"project":null},{"jobId":"99","jobTitle":"LOS","jobDescription":"SOL","experience":{"experience":"Nothing"},"project":null},{"jobId":"80","jobTitle":"LOS","jobDescription":"SOL","experience":{"experience":"Nothing"},"project":null},{"jobId":"0","jobTitle":"LOS","jobDescription":"SOL","experience":{"experience":"Nothing"},"project":null},{"jobId":"0","jobTitle":"LOS","jobDescription":"SOL","experience":{"experience":"Nothing"},"project":null},{"jobId":"0","jobTitle":"LOS","jobDescription":"SOL","experience":{"experience":"Nothing"},"project":null},{"jobId":"45","jobTitle":"QA Tester","jobDescription":"Finding bugs","experience":{"experience":"Nothing"},"project":null},{"jobId":"64","jobTitle":"QA Tester","jobDescription":"Finding bugs","experience":{"experience":"Nothing"},"project":null},{"jobId":"38","jobTitle":"QA Tester","jobDescription":"Finding bugs","experience":{"experience":"Nothing"},"project":null},{"jobId":"85","jobTitle":"LOS","jobDescription":"SOL","experience":{"experience":"Nothing"},"project":null},{"jobId":"9","jobTitle":"QA Tester","jobDescription":"Finding bugs","experience":{"experience":"Nothing"},"project":null},{"jobId":"85","jobTitle":"LOS","jobDescription":"SOL","experience":{"experience":"Nothing"},"project":null},{"jobId":"36","jobTitle":"LOS","jobDescription":"SOL","experience":{"experience":"Nothing"},"project":null},{"jobId":"41","jobTitle":"QA Tester","jobDescription":"Finding bugs","experience":{"experience":"Nothing"},"project":null},{"jobId":"42","jobTitle":"LOS","jobDescription":"SOL","experience":{"experience":"Nothing"},"project":null},{"jobId":"69","jobTitle":"LOS","jobDescription":"SOL","experience":{"experience":"Nothing"},"project":null},{"jobId":"13","jobTitle":"LOS","jobDescription":"SOL","experience":{"experience":"Nothing"},"project":null},{"jobId":"15","jobTitle":"LOS","jobDescription":"To develop andriod application and web application","experience":{"experience":"Nothing"},"project":null},{"jobId":"19","jobTitle":"LOS","jobDescription":"SOL","experience":{"experience":"Nothing"},"project":null},{"jobId":"92","jobTitle":"Software Engg - 2","jobDescription":"To develop andriod application and web application","experience":{"experience":"Nothing"},"project":null},{"jobId":"54","jobTitle":"LOS","jobDescription":"SOL","experience":{"experience":"Nothing"},"project":null},{"jobId":"90","jobTitle":"Software Engg - 2","jobDescription":"To develop andriod application and web application","experience":{"experience":"Nothing"},"project":null},{"jobId":"38","jobTitle":"LOS","jobDescription":"SOL","experience":{"experience":"Nothing"},"project":null},{"jobId":"5","jobTitle":"Software Engg - 2","jobDescription":"To develop andriod application","experience":{"experience":["Google","Apple","Mobile Iron","Google"]},"project":{"project":{"projectName":"Movie App","technology":{"technology":["Kotlin","SQL Lite","Gradle","Jenkins"]}}}},{"jobId":"623","jobTitle":"Data Engg","jobDescription":"Create machine learning apps","experience":{"experience":["IBM","INTEL"]},"project":{"project":{"projectName":"SCASE","technology":{"technology":["Python","R"]}}}},{"jobId":"3","jobTitle":"Data Engg","jobDescription":"Create machine learning apps","experience":{"experience":["IBM","INTEL"]},"project":{"project":{"projectName":"SCASE","technology":{"technology":["Python","R"]}}}},{"jobId":"4","jobTitle":"QA Tester","jobDescription":"To develop andriod application","experience":{"experience":["RRD","ApD","MobileIron"]},"project":{"project":{"projectName":"Eccc","technology":{"technology":["Selenium","Robot"]}}}},{"jobId":"345","jobTitle":"QA Tester","jobDescription":"To develop andriod application","experience":{"experience":["RRD","ApD","MobileIron"]},"project":{"project":{"projectName":"Eccc","technology":{"technology":["Selenium","Robot"]}}}},{"jobId":"7","jobTitle":"Software Engg","jobDescription":"To develop andriod application","experience":{"experience":["Google","Apple","Mobile Iron","Subex"]},"project":{"project":{"projectName":"Movie App","technology":{"technology":["Kotlin","SQL Lite","Gradle","Jenkins"]}}}},{"jobId":"7","jobTitle":"Software Engg","jobDescription":"To develop andriod application","experience":{"experience":["Google","Apple","Mobile Iron","Subex"]},"project":{"project":{"projectName":"Movie App","technology":{"technology":["Kotlin","SQL Lite","Gradle","Jenkins"]}}}},{"jobId":"50","jobTitle":"Software Engg - 2","jobDescription":"To develop andriod application","experience":{"experience":["Google","Apple","Mobile Iron","Google"]},"project":{"project":{"projectName":"Movie App","technology":{"technology":["Kotlin","SQL Lite","Gradle","Jenkins"]}}}},{"jobId":"43","jobTitle":"Software Engg","jobDescription":"To develop andriod application","experience":{"experience":["Google","Apple","Mobile Iron","Subex"]},"project":{"project":{"projectName":"Movie App","technology":{"technology":["Kotlin","SQL Lite","Gradle","Jenkins"]}}}},{"jobId":"19","jobTitle":"LOS","jobDescription":"SOL","experience":{"experience":"Nothing"},"project":null},{"jobId":"7","jobTitle":"LOS","jobDescription":"SOL","experience":{"experience":"Nothing"},"project":null},{"jobId":"3","jobTitle":"Data Engg","jobDescription":"Create machine learning apps","experience":{"experience":["IBM","INTEL"]},"project":{"project":{"projectName":"SCASE","technology":{"technology":["Python","R"]}}}},{"jobId":"5","jobTitle":"Software Engg - 2","jobDescription":"To develop andriod application","experience":{"experience":["Google","Apple","Mobile Iron","Google"]},"project":{"project":{"projectName":"Movie App","technology":{"technology":["Kotlin","SQL Lite","Gradle","Jenkins"]}}}},{"jobId":"4","jobTitle":"QA Tester","jobDescription":"To develop andriod application","experience":{"experience":["RRD","ApD","MobileIron"]},"project":{"project":{"projectName":"Eccc","technology":{"technology":["Selenium","Robot"]}}}},{"jobId":"135","jobTitle":"Data Engg","jobDescription":"Create machine learning apps","experience":{"experience":["IBM","INTEL"]},"project":{"project":{"projectName":"SCASE","technology":{"technology":["Python","R"]}}}},{"jobId":"647","jobTitle":"QA Tester","jobDescription":"To develop andriod application","experience":{"experience":["RRD","ApD","MobileIron"]},"project":{"project":{"projectName":"Eccc","technology":{"technology":["Selenium","Robot"]}}}},{"jobId":"7","jobTitle":"Software Engg","jobDescription":"To develop andriod application","experience":{"experience":["Google","Apple","Mobile Iron","Subex"]},"project":{"project":{"projectName":"Movie App","technology":{"technology":["Kotlin","SQL Lite","Gradle","Jenkins"]}}}},{"jobId":"7","jobTitle":"Software Engg","jobDescription":"To develop andriod application","experience":{"experience":["Google","Apple","Mobile Iron","Subex"]},"project":{"project":{"projectName":"Movie App","technology":{"technology":["Kotlin","SQL Lite","Gradle","Jenkins"]}}}},{"jobId":"36","jobTitle":"Software Engg - 2","jobDescription":"To develop andriod application","experience":{"experience":["Google","Apple","Mobile Iron","Google"]},"project":{"project":{"projectName":"Movie App","technology":{"technology":["Kotlin","SQL Lite","Gradle","Jenkins"]}}}},{"jobId":"6","jobTitle":"Software Engg","jobDescription":"To develop andriod application","experience":{"experience":["Google","Apple","Mobile Iron","Subex"]},"project":{"project":{"projectName":"Movie App","technology":{"technology":["Kotlin","SQL Lite","Gradle","Jenkins"]}}}},{"jobId":"40","jobTitle":"LOS","jobDescription":"SOL","experience":{"experience":"Nothing"},"project":null},{"jobId":"59","jobTitle":"LOS","jobDescription":"SOL","experience":{"experience":"Nothing"},"project":null},{"jobId":"80","jobTitle":"LOS","jobDescription":"SOL","experience":{"experience":"Nothing"},"project":null},{"jobId":"4","jobTitle":"LOS","jobDescription":"SOL","experience":{"experience":"Nothing"},"project":null},{"jobId":"33","jobTitle":"LOS","jobDescription":"SOL","experience":{"experience":"Nothing"},"project":null},{"jobId":"70","jobTitle":"Software Engg - 2","jobDescription":"To develop andriod application and web application","experience":{"experience":"Nothing"},"project":null},{"jobId":"40","jobTitle":"LOS","jobDescription":"SOL","experience":{"experience":"Nothing"},"project":null},{"jobId":"32","jobTitle":"LOS","jobDescription":"SOL","experience":{"experience":"Nothing"},"project":null},{"jobId":"370","jobTitle":"IOS","jobDescription":"APPLE","experience":{"experience":"Nothing"},"project":null},{"jobId":"676","jobTitle":"IOS","jobDescription":"APPLE","experience":{"experience":"Nothing"},"project":null},{"jobId":"704","jobTitle":"IOS","jobDescription":"APPLE","experience":{"experience":"Nothing"},"project":null},{"jobId":"9980","jobTitle":"Data Analyst","jobDescription":"Develop machine learning models","experience":{"experience":"Nothing"},"project":null},{"jobId":"9980","jobTitle":"Data Analyst","jobDescription":"Develop machine learning models","experience":{"experience":"Nothing"},"project":null},{"jobId":"3","jobTitle":"Data Engg","jobDescription":"Create machine learning apps","experience":{"experience":["IBM","INTEL"]},"project":{"project":{"projectName":"SCASE","technology":{"technology":["Python","R"]}}}},{"jobId":"4","jobTitle":"QA Tester","jobDescription":"To develop andriod application","experience":{"experience":["RRD","ApD","MobileIron"]},"project":{"project":{"projectName":"Eccc","technology":{"technology":["Selenium","Robot"]}}}},{"jobId":"82","jobTitle":"Data Engg","jobDescription":"Create machine learning apps","experience":{"experience":["IBM","INTEL"]},"project":{"project":{"projectName":"SCASE","technology":{"technology":["Python","R"]}}}},{"jobId":"291","jobTitle":"QA Tester","jobDescription":"To develop andriod application","experience":{"experience":["RRD","ApD","MobileIron"]},"project":{"project":{"projectName":"Eccc","technology":{"technology":["Selenium","Robot"]}}}},{"jobId":"3","jobTitle":"Data Engg","jobDescription":"Create machine learning apps","experience":{"experience":["IBM","INTEL"]},"project":{"project":{"projectName":"SCASE","technology":{"technology":["Python","R"]}}}},{"jobId":"3","jobTitle":"Data Engg","jobDescription":"Create machine learning apps","experience":{"experience":["IBM","INTEL"]},"project":{"project":{"projectName":"SCASE","technology":{"technology":["Python","R"]}}}},{"jobId":"251","jobTitle":"LOS","jobDescription":"SOL","experience":{"experience":"Nothing"},"project":null}]
      <jobId>1</jobId>

classpath:com/api/automation/getrequest/ReadExternalFiles.feature:24
match failed: EQUALS
  $ | not equal | actual array length is not equal to expected - 87:1 (LIST:LIST)
  [{"jobId":1,"jobTitle":"Software Engg","jobDescription":"To develop andriod application","experience":["Google","Apple","Mobile Iron"],"project":[{"projectName":"Movie App","technology":["Kotlin","SQL Lite","Gradle"]}]},{"jobId":3,"jobTitle":"Data Engg","jobDescription":"Create machine learning apps","experience":["IBM","INTEL"],"project":[{"projectName":"SCASE","technology":["Python","R"]}]},{"jobId":4,"jobTitle":"Software Engg - 2","jobDescription":"To develop andriod application and web application","experience":["RRD","ApD","MobileIron"],"project":[{"projectName":"Eccc","technology":["Selenium","Robot"]}]},{"jobId":640,"jobTitle":"Data Engg","jobDescription":"Create machine learning apps","experience":["IBM","INTEL"],"project":[{"projectName":"SCASE","technology":["Python","R"]}]},{"jobId":430,"jobTitle":"QA Tester","jobDescription":"To develop andriod application","experience":["RRD","ApD","MobileIron"],"project":[{"projectName":"Eccc","technology":["Selenium","Robot"]}]},{"jobId":3,"jobTitle":"Data Engg","jobDescription":"Create machine learning apps","experience":["IBM","INTEL"],"project":[{"projectName":"SCASE","technology":["Python","R"]}]},{"jobId":3,"jobTitle":"Data Engg","jobDescription":"Create machine learning apps","experience":["IBM","INTEL"],"project":[{"projectName":"SCASE","technology":["Python","R"]}]},{"jobId":4,"jobTitle":"QA Tester","jobDescription":"To develop andriod application","experience":["RRD","ApD","MobileIron"],"project":[{"projectName":"Eccc","technology":["Selenium","Robot"]}]},{"jobId":404,"jobTitle":"Data Engg","jobDescription":"Create machine learning apps","experience":["IBM","INTEL"],"project":[{"projectName":"SCASE","technology":["Python","R"]}]},{"jobId":412,"jobTitle":"QA Tester","jobDescription":"To develop andriod application","experience":["RRD","ApD","MobileIron"],"project":[{"projectName":"Eccc","technology":["Selenium","Robot"]}]},{"jobId":3,"jobTitle":"Data Engg","jobDescription":"Create machine learning apps","experience":["IBM","INTEL"],"project":[{"projectName":"SCASE","technology":["Python","R"]}]},{"jobId":3,"jobTitle":"Data Engg","jobDescription":"Create machine learning apps","experience":["IBM","INTEL"],"project":[{"projectName":"SCASE","technology":["Python","R"]}]},{"jobId":4,"jobTitle":"QA Tester","jobDescription":"To develop andriod application","experience":["RRD","ApD","MobileIron"],"project":[{"projectName":"Eccc","technology":["Selenium","Robot"]}]},{"jobId":612,"jobTitle":"Data Engg","jobDescription":"Create machine learning apps","experience":["IBM","INTEL"],"project":[{"projectName":"SCASE","technology":["Python","R"]}]},{"jobId":124,"jobTitle":"QA Tester","jobDescription":"To develop andriod application","experience":["RRD","ApD","MobileIron"],"project":[{"projectName":"Eccc","technology":["Selenium","Robot"]}]},{"jobId":3,"jobTitle":"Data Engg","jobDescription":"Create machine learning apps","experience":["IBM","INTEL"],"project":[{"projectName":"SCASE","technology":["Python","R"]}]},{"jobId":3,"jobTitle":"Data Engg","jobDescription":"Create machine learning apps","experience":["IBM","INTEL"],"project":[{"projectName":"SCASE","technology":["Python","R"]}]},{"jobId":4,"jobTitle":"QA Tester","jobDescription":"To develop andriod application","experience":["RRD","ApD","MobileIron"],"project":[{"projectName":"Eccc","technology":["Selenium","Robot"]}]},{"jobId":27,"jobTitle":"Data Engg","jobDescription":"Create machine learning apps","experience":["IBM","INTEL"],"project":[{"projectName":"SCASE","technology":["Python","R"]}]},{"jobId":276,"jobTitle":"QA Tester","jobDescription":"To develop andriod application","experience":["RRD","ApD","MobileIron"],"project":[{"projectName":"Eccc","technology":["Selenium","Robot"]}]},{"jobId":3,"jobTitle":"Data Engg","jobDescription":"Create machine learning apps","experience":["IBM","INTEL"],"project":[{"projectName":"SCASE","technology":["Python","R"]}]},{"jobId":47,"jobTitle":"LOS","jobDescription":"SOL","experience":["Nothing"],"project":[]},{"jobId":99,"jobTitle":"LOS","jobDescription":"SOL","experience":["Nothing"],"project":[]},{"jobId":49,"jobTitle":"LOS","jobDescription":"SOL","experience":["Nothing"],"project":[]},{"jobId":99,"jobTitle":"LOS","jobDescription":"SOL","experience":["Nothing"],"project":[]},{"jobId":80,"jobTitle":"LOS","jobDescription":"SOL","experience":["Nothing"],"project":[]},{"jobId":0,"jobTitle":"LOS","jobDescription":"SOL","experience":["Nothing"],"project":[]},{"jobId":0,"jobTitle":"LOS","jobDescription":"SOL","experience":["Nothing"],"project":[]},{"jobId":0,"jobTitle":"LOS","jobDescription":"SOL","experience":["Nothing"],"project":[]},{"jobId":45,"jobTitle":"QA Tester","jobDescription":"Finding bugs","experience":["Nothing"],"project":[]},{"jobId":64,"jobTitle":"QA Tester","jobDescription":"Finding bugs","experience":["Nothing"],"project":[]},{"jobId":38,"jobTitle":"QA Tester","jobDescription":"Finding bugs","experience":["Nothing"],"project":[]},{"jobId":85,"jobTitle":"LOS","jobDescription":"SOL","experience":["Nothing"],"project":[]},{"jobId":9,"jobTitle":"QA Tester","jobDescription":"Finding bugs","experience":["Nothing"],"project":[]},{"jobId":85,"jobTitle":"LOS","jobDescription":"SOL","experience":["Nothing"],"project":[]},{"jobId":36,"jobTitle":"LOS","jobDescription":"SOL","experience":["Nothing"],"project":[]},{"jobId":41,"jobTitle":"QA Tester","jobDescription":"Finding bugs","experience":["Nothing"],"project":[]},{"jobId":42,"jobTitle":"LOS","jobDescription":"SOL","experience":["Nothing"],"project":[]},{"jobId":69,"jobTitle":"LOS","jobDescription":"SOL","experience":["Nothing"],"project":[]},{"jobId":13,"jobTitle":"LOS","jobDescription":"SOL","experience":["Nothing"],"project":[]},{"jobId":15,"jobTitle":"LOS","jobDescription":"To develop andriod application and web application","experience":["Nothing"],"project":[]},{"jobId":19,"jobTitle":"LOS","jobDescription":"To develop andriod application and web application","experience":["Nothing"],"project":[]},{"jobId":92,"jobTitle":"Software Engg - 2","jobDescription":"To develop andriod application and web application","experience":["Nothing"],"project":[]},{"jobId":54,"jobTitle":"LOS","jobDescription":"SOL","experience":["Nothing"],"project":[]},{"jobId":90,"jobTitle":"Software Engg - 2","jobDescription":"To develop andriod application and web application","experience":["Nothing"],"project":[]},{"jobId":38,"jobTitle":"LOS","jobDescription":"SOL","experience":["Nothing"],"project":[]},{"jobId":5,"jobTitle":"Software Engg - 2","jobDescription":"To develop andriod application","experience":["Google","Apple","Mobile Iron","Google"],"project":[{"projectName":"Movie App","technology":["Kotlin","SQL Lite","Gradle","Jenkins"]}]},{"jobId":623,"jobTitle":"Data Engg","jobDescription":"Create machine learning apps","experience":["IBM","INTEL"],"project":[{"projectName":"SCASE","technology":["Python","R"]}]},{"jobId":3,"jobTitle":"Data Engg","jobDescription":"Create machine learning apps","experience":["IBM","INTEL"],"project":[{"projectName":"SCASE","technology":["Python","R"]}]},{"jobId":4,"jobTitle":"QA Tester","jobDescription":"To develop andriod application","experience":["RRD","ApD","MobileIron"],"project":[{"projectName":"Eccc","technology":["Selenium","Robot"]}]},{"jobId":345,"jobTitle":"QA Tester","jobDescription":"To develop andriod application","experience":["RRD","ApD","MobileIron"],"project":[{"projectName":"Eccc","technology":["Selenium","Robot"]}]},{"jobId":7,"jobTitle":"Software Engg","jobDescription":"To develop andriod application","experience":["Google","Apple","Mobile Iron","Subex"],"project":[{"projectName":"Movie App","technology":["Kotlin","SQL Lite","Gradle","Jenkins"]}]},{"jobId":7,"jobTitle":"Software Engg","jobDescription":"To develop andriod application","experience":["Google","Apple","Mobile Iron","Subex"],"project":[{"projectName":"Movie App","technology":["Kotlin","SQL Lite","Gradle","Jenkins"]}]},{"jobId":50,"jobTitle":"Software Engg - 2","jobDescription":"To develop andriod application","experience":["Google","Apple","Mobile Iron","Google"],"project":[{"projectName":"Movie App","technology":["Kotlin","SQL Lite","Gradle","Jenkins"]}]},{"jobId":43,"jobTitle":"Software Engg","jobDescription":"To develop andriod application","experience":["Google","Apple","Mobile Iron","Subex"],"project":[{"projectName":"Movie App","technology":["Kotlin","SQL Lite","Gradle","Jenkins"]}]},{"jobId":19,"jobTitle":"LOS","jobDescription":"SOL","experience":["Nothing"],"project":[]},{"jobId":7,"jobTitle":"LOS","jobDescription":"SOL","experience":["Nothing"],"project":[]},{"jobId":3,"jobTitle":"Data Engg","jobDescription":"Create machine learning apps","experience":["IBM","INTEL"],"project":[{"projectName":"SCASE","technology":["Python","R"]}]},{"jobId":5,"jobTitle":"Software Engg - 2","jobDescription":"To develop andriod application","experience":["Google","Apple","Mobile Iron","Google"],"project":[{"projectName":"Movie App","technology":["Kotlin","SQL Lite","Gradle","Jenkins"]}]},{"jobId":4,"jobTitle":"QA Tester","jobDescription":"To develop andriod application","experience":["RRD","ApD","MobileIron"],"project":[{"projectName":"Eccc","technology":["Selenium","Robot"]}]},{"jobId":135,"jobTitle":"Data Engg","jobDescription":"Create machine learning apps","experience":["IBM","INTEL"],"project":[{"projectName":"SCASE","technology":["Python","R"]}]},{"jobId":647,"jobTitle":"QA Tester","jobDescription":"To develop andriod application","experience":["RRD","ApD","MobileIron"],"project":[{"projectName":"Eccc","technology":["Selenium","Robot"]}]},{"jobId":7,"jobTitle":"Software Engg","jobDescription":"To develop andriod application","experience":["Google","Apple","Mobile Iron","Subex"],"project":[{"projectName":"Movie App","technology":["Kotlin","SQL Lite","Gradle","Jenkins"]}]},{"jobId":7,"jobTitle":"Software Engg","jobDescription":"To develop andriod application","experience":["Google","Apple","Mobile Iron","Subex"],"project":[{"projectName":"Movie App","technology":["Kotlin","SQL Lite","Gradle","Jenkins"]}]},{"jobId":36,"jobTitle":"Software Engg - 2","jobDescription":"To develop andriod application","experience":["Google","Apple","Mobile Iron","Google"],"project":[{"projectName":"Movie App","technology":["Kotlin","SQL Lite","Gradle","Jenkins"]}]},{"jobId":6,"jobTitle":"Software Engg","jobDescription":"To develop andriod application","experience":["Google","Apple","Mobile Iron","Subex"],"project":[{"projectName":"Movie App","technology":["Kotlin","SQL Lite","Gradle","Jenkins"]}]},{"jobId":40,"jobTitle":"LOS","jobDescription":"SOL","experience":["Nothing"],"project":[]},{"jobId":59,"jobTitle":"LOS","jobDescription":"SOL","experience":["Nothing"],"project":[]},{"jobId":80,"jobTitle":"LOS","jobDescription":"SOL","experience":["Nothing"],"project":[]},{"jobId":4,"jobTitle":"LOS","jobDescription":"SOL","experience":["Nothing"],"project":[]},{"jobId":33,"jobTitle":"LOS","jobDescription":"SOL","experience":["Nothing"],"project":[]},{"jobId":70,"jobTitle":"Software Engg - 2","jobDescription":"To develop andriod application and web application","experience":["Nothing"],"project":[]},{"jobId":40,"jobTitle":"LOS","jobDescription":"SOL","experience":["Nothing"],"project":[]},{"jobId":32,"jobTitle":"LOS","jobDescription":"SOL","experience":["Nothing"],"project":[]},{"jobId":370,"jobTitle":"IOS","jobDescription":"APPLE","experience":["Nothing"],"project":[]},{"jobId":676,"jobTitle":"IOS","jobDescription":"APPLE","experience":["Nothing"],"project":[]},{"jobId":704,"jobTitle":"IOS","jobDescription":"APPLE","experience":["Nothing"],"project":[]},{"jobId":9980,"jobTitle":"Data Analyst","jobDescription":"Develop machine learning models","experience":["Nothing"],"project":[]},{"jobId":9980,"jobTitle":"Data Analyst","jobDescription":"Develop machine learning models","experience":["Nothing"],"project":[]},{"jobId":3,"jobTitle":"Data Engg","jobDescription":"Create machine learning apps","experience":["IBM","INTEL"],"project":[{"projectName":"SCASE","technology":["Python","R"]}]},{"jobId":4,"jobTitle":"QA Tester","jobDescription":"To develop andriod application","experience":["RRD","ApD","MobileIron"],"project":[{"projectName":"Eccc","technology":["Selenium","Robot"]}]},{"jobId":82,"jobTitle":"Data Engg","jobDescription":"Create machine learning apps","experience":["IBM","INTEL"],"project":[{"projectName":"SCASE","technology":["Python","R"]}]},{"jobId":291,"jobTitle":"QA Tester","jobDescription":"To develop andriod application","experience":["RRD","ApD","MobileIron"],"project":[{"projectName":"Eccc","technology":["Selenium","Robot"]}]},{"jobId":3,"jobTitle":"Data Engg","jobDescription":"Create machine learning apps","experience":["IBM","INTEL"],"project":[{"projectName":"SCASE","technology":["Python","R"]}]},{"jobId":3,"jobTitle":"Data Engg","jobDescription":"Create machine learning apps","experience":["IBM","INTEL"],"project":[{"projectName":"SCASE","technology":["Python","R"]}]},{"jobId":251,"jobTitle":"LOS","jobDescription":"SOL","experience":["Nothing"],"project":[]},{"jobId":19,"jobTitle":"LOS","jobDescription":"SOL","experience":["Nothing"],"project":[]}]
  [{"jobId":1,"jobTitle":"Software Engg","jobDescription":"To develop andriod application","experience":["Google","Apple","Mobile Iron"],"project":[{"projectName":"Movie App","technology":["Kotlin","SQL Lite","Gradle"]}]}]


classpath:com/api/automation/getrequest/responseMatcher.feature:13
match failed: EQUALS
  / | not equal | match failed for name: 'List' (XML:XML)
  <List><item><jobId>1</jobId><jobTitle>Software Engg</jobTitle><jobDescription>To develop andriod application</jobDescription><experience><experience>Google</experience><experience>Apple</experience><experience>Mobile Iron</experience></experience><project><project><projectName>Movie App</projectName><technology><technology>Kotlin</technology><technology>SQL Lite</technology><technology>Gradle</technology></technology></project></project></item><item><jobId>3</jobId><jobTitle>Data Engg</jobTitle><jobDescription>Create machine learning apps</jobDescription><experience><experience>IBM</experience><experience>INTEL</experience></experience><project><project><projectName>SCASE</projectName><technology><technology>Python</technology><technology>R</technology></technology></project></project></item><item><jobId>4</jobId><jobTitle>Software Engg - 2</jobTitle><jobDescription>To develop andriod application and web application</jobDescription><experience><experience>RRD</experience><experience>ApD</experience><experience>MobileIron</experience></experience><project><project><projectName>Eccc</projectName><technology><technology>Selenium</technology><technology>Robot</technology></technology></project></project></item><item><jobId>640</jobId><jobTitle>Data Engg</jobTitle><jobDescription>Create machine learning apps</jobDescription><experience><experience>IBM</experience><experience>INTEL</experience></experience><project><project><projectName>SCASE</projectName><technology><technology>Python</technology><technology>R</technology></technology></project></project></item><item><jobId>430</jobId><jobTitle>QA Tester</jobTitle><jobDescription>To develop andriod application</jobDescription><experience><experience>RRD</experience><experience>ApD</experience><experience>MobileIron</experience></experience><project><project><projectName>Eccc</projectName><technology><technology>Selenium</technology><technology>Robot</technology></technology></project></project></item><item><jobId>3</jobId><jobTitle>Data Engg</jobTitle><jobDescription>Create machine learning apps</jobDescription><experience><experience>IBM</experience><experience>INTEL</experience></experience><project><project><projectName>SCASE</projectName><technology><technology>Python</technology><technology>R</technology></technology></project></project></item><item><jobId>3</jobId><jobTitle>Data Engg</jobTitle><jobDescription>Create machine learning apps</jobDescription><experience><experience>IBM</experience><experience>INTEL</experience></experience><project><project><projectName>SCASE</projectName><technology><technology>Python</technology><technology>R</technology></technology></project></project></item><item><jobId>4</jobId><jobTitle>QA Tester</jobTitle><jobDescription>To develop andriod application</jobDescription><experience><experience>RRD</experience><experience>ApD</experience><experience>MobileIron</experience></experience><project><project><projectName>Eccc</projectName><technology><technology>Selenium</technology><technology>Robot</technology></technology></project></project></item><item><jobId>404</jobId><jobTitle>Data Engg</jobTitle><jobDescription>Create machine learning apps</jobDescription><experience><experience>IBM</experience><experience>INTEL</experience></experience><project><project><projectName>SCASE</projectName><technology><technology>Python</technology><technology>R</technology></technology></project></project></item><item><jobId>412</jobId><jobTitle>QA Tester</jobTitle><jobDescription>To develop andriod application</jobDescription><experience><experience>RRD</experience><experience>ApD</experience><experience>MobileIron</experience></experience><project><project><projectName>Eccc</projectName><technology><technology>Selenium</technology><technology>Robot</technology></technology></project></project></item><item><jobId>3</jobId><jobTitle>Data Engg</jobTitle><jobDescription>Create machine learning apps</jobDescription><experience><experience>IBM</experience><experience>INTEL</experience></experience><project><project><projectName>SCASE</projectName><technology><technology>Python</technology><technology>R</technology></technology></project></project></item><item><jobId>3</jobId><jobTitle>Data Engg</jobTitle><jobDescription>Create machine learning apps</jobDescription><experience><experience>IBM</experience><experience>INTEL</experience></experience><project><project><projectName>SCASE</projectName><technology><technology>Python</technology><technology>R</technology></technology></project></project></item><item><jobId>4</jobId><jobTitle>QA Tester</jobTitle><jobDescription>To develop andriod application</jobDescription><experience><experience>RRD</experience><experience>ApD</experience><experience>MobileIron</experience></experience><project><project><projectName>Eccc</projectName><technology><technology>Selenium</technology><technology>Robot</technology></technology></project></project></item><item><jobId>612</jobId><jobTitle>Data Engg</jobTitle><jobDescription>Create machine learning apps</jobDescription><experience><experience>IBM</experience><experience>INTEL</experience></experience><project><project><projectName>SCASE</projectName><technology><technology>Python</technology><technology>R</technology></technology></project></project></item><item><jobId>124</jobId><jobTitle>QA Tester</jobTitle><jobDescription>To develop andriod application</jobDescription><experience><experience>RRD</experience><experience>ApD</experience><experience>MobileIron</experience></experience><project><project><projectName>Eccc</projectName><technology><technology>Selenium</technology><technology>Robot</technology></technology></project></project></item><item><jobId>3</jobId><jobTitle>Data Engg</jobTitle><jobDescription>Create machine learning apps</jobDescription><experience><experience>IBM</experience><experience>INTEL</experience></experience><project><project><projectName>SCASE</projectName><technology><technology>Python</technology><technology>R</technology></technology></project></project></item><item><jobId>3</jobId><jobTitle>Data Engg</jobTitle><jobDescription>Create machine learning apps</jobDescription><experience><experience>IBM</experience><experience>INTEL</experience></experience><project><project><projectName>SCASE</projectName><technology><technology>Python</technology><technology>R</technology></technology></project></project></item><item><jobId>4</jobId><jobTitle>QA Tester</jobTitle><jobDescription>To develop andriod application</jobDescription><experience><experience>RRD</experience><experience>ApD</experience><experience>MobileIron</experience></experience><project><project><projectName>Eccc</projectName><technology><technology>Selenium</technology><technology>Robot</technology></technology></project></project></item><item><jobId>27</jobId><jobTitle>Data Engg</jobTitle><jobDescription>Create machine learning apps</jobDescription><experience><experience>IBM</experience><experience>INTEL</experience></experience><project><project><projectName>SCASE</projectName><technology><technology>Python</technology><technology>R</technology></technology></project></project></item><item><jobId>276</jobId><jobTitle>QA Tester</jobTitle><jobDescription>To develop andriod application</jobDescription><experience><experience>RRD</experience><experience>ApD</experience><experience>MobileIron</experience></experience><project><project><projectName>Eccc</projectName><technology><technology>Selenium</technology><technology>Robot</technology></technology></project></project></item><item><jobId>3</jobId><jobTitle>Data Engg</jobTitle><jobDescription>Create machine learning apps</jobDescription><experience><experience>IBM</experience><experience>INTEL</experience></experience><project><project><projectName>SCASE</projectName><technology><technology>Python</technology><technology>R</technology></technology></project></project></item><item><jobId>47</jobId><jobTitle>LOS</jobTitle><jobDescription>SOL</jobDescription><experience><experience>Nothing</experience></experience><project/></item><item><jobId>99</jobId><jobTitle>LOS</jobTitle><jobDescription>SOL</jobDescription><experience><experience>Nothing</experience></experience><project/></item><item><jobId>49</jobId><jobTitle>LOS</jobTitle><jobDescription>SOL</jobDescription><experience><experience>Nothing</experience></experience><project/></item><item><jobId>99</jobId><jobTitle>LOS</jobTitle><jobDescription>SOL</jobDescription><experience><experience>Nothing</experience></experience><project/></item><item><jobId>80</jobId><jobTitle>LOS</jobTitle><jobDescription>SOL</jobDescription><experience><experience>Nothing</experience></experience><project/></item><item><jobId>0</jobId><jobTitle>LOS</jobTitle><jobDescription>SOL</jobDescription><experience><experience>Nothing</experience></experience><project/></item><item><jobId>0</jobId><jobTitle>LOS</jobTitle><jobDescription>SOL</jobDescription><experience><experience>Nothing</experience></experience><project/></item><item><jobId>0</jobId><jobTitle>LOS</jobTitle><jobDescription>SOL</jobDescription><experience><experience>Nothing</experience></experience><project/></item><item><jobId>45</jobId><jobTitle>QA Tester</jobTitle><jobDescription>Finding bugs</jobDescription><experience><experience>Nothing</experience></experience><project/></item><item><jobId>64</jobId><jobTitle>QA Tester</jobTitle><jobDescription>Finding bugs</jobDescription><experience><experience>Nothing</experience></experience><project/></item><item><jobId>38</jobId><jobTitle>QA Tester</jobTitle><jobDescription>Finding bugs</jobDescription><experience><experience>Nothing</experience></experience><project/></item><item><jobId>85</jobId><jobTitle>LOS</jobTitle><jobDescription>SOL</jobDescription><experience><experience>Nothing</experience></experience><project/></item><item><jobId>9</jobId><jobTitle>QA Tester</jobTitle><jobDescription>Finding bugs</jobDescription><experience><experience>Nothing</experience></experience><project/></item><item><jobId>85</jobId><jobTitle>LOS</jobTitle><jobDescription>SOL</jobDescription><experience><experience>Nothing</experience></experience><project/></item><item><jobId>36</jobId><jobTitle>LOS</jobTitle><jobDescription>SOL</jobDescription><experience><experience>Nothing</experience></experience><project/></item><item><jobId>41</jobId><jobTitle>QA Tester</jobTitle><jobDescription>Finding bugs</jobDescription><experience><experience>Nothing</experience></experience><project/></item><item><jobId>42</jobId><jobTitle>LOS</jobTitle><jobDescription>SOL</jobDescription><experience><experience>Nothing</experience></experience><project/></item><item><jobId>69</jobId><jobTitle>LOS</jobTitle><jobDescription>SOL</jobDescription><experience><experience>Nothing</experience></experience><project/></item><item><jobId>13</jobId><jobTitle>LOS</jobTitle><jobDescription>SOL</jobDescription><experience><experience>Nothing</experience></experience><project/></item><item><jobId>15</jobId><jobTitle>LOS</jobTitle><jobDescription>To develop andriod application and web application</jobDescription><experience><experience>Nothing</experience></experience><project/></item><item><jobId>19</jobId><jobTitle>LOS</jobTitle><jobDescription>To develop andriod application and web application</jobDescription><experience><experience>Nothing</experience></experience><project/></item><item><jobId>92</jobId><jobTitle>Software Engg - 2</jobTitle><jobDescription>To develop andriod application and web application</jobDescription><experience><experience>Nothing</experience></experience><project/></item><item><jobId>54</jobId><jobTitle>LOS</jobTitle><jobDescription>SOL</jobDescription><experience><experience>Nothing</experience></experience><project/></item><item><jobId>90</jobId><jobTitle>Software Engg - 2</jobTitle><jobDescription>To develop andriod application and web application</jobDescription><experience><experience>Nothing</experience></experience><project/></item><item><jobId>38</jobId><jobTitle>LOS</jobTitle><jobDescription>SOL</jobDescription><experience><experience>Nothing</experience></experience><project/></item><item><jobId>5</jobId><jobTitle>Software Engg - 2</jobTitle><jobDescription>To develop andriod application</jobDescription><experience><experience>Google</experience><experience>Apple</experience><experience>Mobile Iron</experience><experience>Google</experience></experience><project><project><projectName>Movie App</projectName><technology><technology>Kotlin</technology><technology>SQL Lite</technology><technology>Gradle</technology><technology>Jenkins</technology></technology></project></project></item><item><jobId>623</jobId><jobTitle>Data Engg</jobTitle><jobDescription>Create machine learning apps</jobDescription><experience><experience>IBM</experience><experience>INTEL</experience></experience><project><project><projectName>SCASE</projectName><technology><technology>Python</technology><technology>R</technology></technology></project></project></item><item><jobId>3</jobId><jobTitle>Data Engg</jobTitle><jobDescription>Create machine learning apps</jobDescription><experience><experience>IBM</experience><experience>INTEL</experience></experience><project><project><projectName>SCASE</projectName><technology><technology>Python</technology><technology>R</technology></technology></project></project></item><item><jobId>4</jobId><jobTitle>QA Tester</jobTitle><jobDescription>To develop andriod application</jobDescription><experience><experience>RRD</experience><experience>ApD</experience><experience>MobileIron</experience></experience><project><project><projectName>Eccc</projectName><technology><technology>Selenium</technology><technology>Robot</technology></technology></project></project></item><item><jobId>345</jobId><jobTitle>QA Tester</jobTitle><jobDescription>To develop andriod application</jobDescription><experience><experience>RRD</experience><experience>ApD</experience><experience>MobileIron</experience></experience><project><project><projectName>Eccc</projectName><technology><technology>Selenium</technology><technology>Robot</technology></technology></project></project></item><item><jobId>7</jobId><jobTitle>Software Engg</jobTitle><jobDescription>To develop andriod application</jobDescription><experience><experience>Google</experience><experience>Apple</experience><experience>Mobile Iron</experience><experience>Subex</experience></experience><project><project><projectName>Movie App</projectName><technology><technology>Kotlin</technology><technology>SQL Lite</technology><technology>Gradle</technology><technology>Jenkins</technology></technology></project></project></item><item><jobId>7</jobId><jobTitle>Software Engg</jobTitle><jobDescription>To develop andriod application</jobDescription><experience><experience>Google</experience><experience>Apple</experience><experience>Mobile Iron</experience><experience>Subex</experience></experience><project><project><projectName>Movie App</projectName><technology><technology>Kotlin</technology><technology>SQL Lite</technology><technology>Gradle</technology><technology>Jenkins</technology></technology></project></project></item><item><jobId>50</jobId><jobTitle>Software Engg - 2</jobTitle><jobDescription>To develop andriod application</jobDescription><experience><experience>Google</experience><experience>Apple</experience><experience>Mobile Iron</experience><experience>Google</experience></experience><project><project><projectName>Movie App</projectName><technology><technology>Kotlin</technology><technology>SQL Lite</technology><technology>Gradle</technology><technology>Jenkins</technology></technology></project></project></item><item><jobId>43</jobId><jobTitle>Software Engg</jobTitle><jobDescription>To develop andriod application</jobDescription><experience><experience>Google</experience><experience>Apple</experience><experience>Mobile Iron</experience><experience>Subex</experience></experience><project><project><projectName>Movie App</projectName><technology><technology>Kotlin</technology><technology>SQL Lite</technology><technology>Gradle</technology><technology>Jenkins</technology></technology></project></project></item><item><jobId>19</jobId><jobTitle>LOS</jobTitle><jobDescription>SOL</jobDescription><experience><experience>Nothing</experience></experience><project/></item><item><jobId>7</jobId><jobTitle>LOS</jobTitle><jobDescription>SOL</jobDescription><experience><experience>Nothing</experience></experience><project/></item><item><jobId>3</jobId><jobTitle>Data Engg</jobTitle><jobDescription>Create machine learning apps</jobDescription><experience><experience>IBM</experience><experience>INTEL</experience></experience><project><project><projectName>SCASE</projectName><technology><technology>Python</technology><technology>R</technology></technology></project></project></item><item><jobId>5</jobId><jobTitle>Software Engg - 2</jobTitle><jobDescription>To develop andriod application</jobDescription><experience><experience>Google</experience><experience>Apple</experience><experience>Mobile Iron</experience><experience>Google</experience></experience><project><project><projectName>Movie App</projectName><technology><technology>Kotlin</technology><technology>SQL Lite</technology><technology>Gradle</technology><technology>Jenkins</technology></technology></project></project></item><item><jobId>4</jobId><jobTitle>QA Tester</jobTitle><jobDescription>To develop andriod application</jobDescription><experience><experience>RRD</experience><experience>ApD</experience><experience>MobileIron</experience></experience><project><project><projectName>Eccc</projectName><technology><technology>Selenium</technology><technology>Robot</technology></technology></project></project></item><item><jobId>135</jobId><jobTitle>Data Engg</jobTitle><jobDescription>Create machine learning apps</jobDescription><experience><experience>IBM</experience><experience>INTEL</experience></experience><project><project><projectName>SCASE</projectName><technology><technology>Python</technology><technology>R</technology></technology></project></project></item><item><jobId>647</jobId><jobTitle>QA Tester</jobTitle><jobDescription>To develop andriod application</jobDescription><experience><experience>RRD</experience><experience>ApD</experience><experience>MobileIron</experience></experience><project><project><projectName>Eccc</projectName><technology><technology>Selenium</technology><technology>Robot</technology></technology></project></project></item><item><jobId>7</jobId><jobTitle>Software Engg</jobTitle><jobDescription>To develop andriod application</jobDescription><experience><experience>Google</experience><experience>Apple</experience><experience>Mobile Iron</experience><experience>Subex</experience></experience><project><project><projectName>Movie App</projectName><technology><technology>Kotlin</technology><technology>SQL Lite</technology><technology>Gradle</technology><technology>Jenkins</technology></technology></project></project></item><item><jobId>7</jobId><jobTitle>Software Engg</jobTitle><jobDescription>To develop andriod application</jobDescription><experience><experience>Google</experience><experience>Apple</experience><experience>Mobile Iron</experience><experience>Subex</experience></experience><project><project><projectName>Movie App</projectName><technology><technology>Kotlin</technology><technology>SQL Lite</technology><technology>Gradle</technology><technology>Jenkins</technology></technology></project></project></item><item><jobId>36</jobId><jobTitle>Software Engg - 2</jobTitle><jobDescription>To develop andriod application</jobDescription><experience><experience>Google</experience><experience>Apple</experience><experience>Mobile Iron</experience><experience>Google</experience></experience><project><project><projectName>Movie App</projectName><technology><technology>Kotlin</technology><technology>SQL Lite</technology><technology>Gradle</technology><technology>Jenkins</technology></technology></project></project></item><item><jobId>6</jobId><jobTitle>Software Engg</jobTitle><jobDescription>To develop andriod application</jobDescription><experience><experience>Google</experience><experience>Apple</experience><experience>Mobile Iron</experience><experience>Subex</experience></experience><project><project><projectName>Movie App</projectName><technology><technology>Kotlin</technology><technology>SQL Lite</technology><technology>Gradle</technology><technology>Jenkins</technology></technology></project></project></item><item><jobId>40</jobId><jobTitle>LOS</jobTitle><jobDescription>SOL</jobDescription><experience><experience>Nothing</experience></experience><project/></item><item><jobId>59</jobId><jobTitle>LOS</jobTitle><jobDescription>SOL</jobDescription><experience><experience>Nothing</experience></experience><project/></item><item><jobId>80</jobId><jobTitle>LOS</jobTitle><jobDescription>SOL</jobDescription><experience><experience>Nothing</experience></experience><project/></item><item><jobId>4</jobId><jobTitle>LOS</jobTitle><jobDescription>SOL</jobDescription><experience><experience>Nothing</experience></experience><project/></item><item><jobId>33</jobId><jobTitle>LOS</jobTitle><jobDescription>SOL</jobDescription><experience><experience>Nothing</experience></experience><project/></item><item><jobId>70</jobId><jobTitle>Software Engg - 2</jobTitle><jobDescription>To develop andriod application and web application</jobDescription><experience><experience>Nothing</experience></experience><project/></item><item><jobId>40</jobId><jobTitle>LOS</jobTitle><jobDescription>SOL</jobDescription><experience><experience>Nothing</experience></experience><project/></item><item><jobId>32</jobId><jobTitle>LOS</jobTitle><jobDescription>SOL</jobDescription><experience><experience>Nothing</experience></experience><project/></item><item><jobId>370</jobId><jobTitle>IOS</jobTitle><jobDescription>APPLE</jobDescription><experience><experience>Nothing</experience></experience><project/></item><item><jobId>676</jobId><jobTitle>IOS</jobTitle><jobDescription>APPLE</jobDescription><experience><experience>Nothing</experience></experience><project/></item><item><jobId>704</jobId><jobTitle>IOS</jobTitle><jobDescription>APPLE</jobDescription><experience><experience>Nothing</experience></experience><project/></item><item><jobId>9980</jobId><jobTitle>Data Analyst</jobTitle><jobDescription>Develop machine learning models</jobDescription><experience><experience>Nothing</experience></experience><project/></item><item><jobId>9980</jobId><jobTitle>Data Analyst</jobTitle><jobDescription>Develop machine learning models</jobDescription><experience><experience>Nothing</experience></experience><project/></item><item><jobId>3</jobId><jobTitle>Data Engg</jobTitle><jobDescription>Create machine learning apps</jobDescription><experience><experience>IBM</experience><experience>INTEL</experience></experience><project><project><projectName>SCASE</projectName><technology><technology>Python</technology><technology>R</technology></technology></project></project></item><item><jobId>4</jobId><jobTitle>QA Tester</jobTitle><jobDescription>To develop andriod application</jobDescription><experience><experience>RRD</experience><experience>ApD</experience><experience>MobileIron</experience></experience><project><project><projectName>Eccc</projectName><technology><technology>Selenium</technology><technology>Robot</technology></technology></project></project></item><item><jobId>82</jobId><jobTitle>Data Engg</jobTitle><jobDescription>Create machine learning apps</jobDescription><experience><experience>IBM</experience><experience>INTEL</experience></experience><project><project><projectName>SCASE</projectName><technology><technology>Python</technology><technology>R</technology></technology></project></project></item><item><jobId>291</jobId><jobTitle>QA Tester</jobTitle><jobDescription>To develop andriod application</jobDescription><experience><experience>RRD</experience><experience>ApD</experience><experience>MobileIron</experience></experience><project><project><projectName>Eccc</projectName><technology><technology>Selenium</technology><technology>Robot</technology></technology></project></project></item><item><jobId>3</jobId><jobTitle>Data Engg</jobTitle><jobDescription>Create machine learning apps</jobDescription><experience><experience>IBM</experience><experience>INTEL</experience></experience><project><project><projectName>SCASE</projectName><technology><technology>Python</technology><technology>R</technology></technology></project></project></item><item><jobId>3</jobId><jobTitle>Data Engg</jobTitle><jobDescription>Create machine learning apps</jobDescription><experience><experience>IBM</experience><experience>INTEL</experience></experience><project><project><projectName>SCASE</projectName><technology><technology>Python</technology><technology>R</technology></technology></project></project></item><item><jobId>251</jobId><jobTitle>LOS</jobTitle><jobDescription>SOL</jobDescription><experience><experience>Nothing</experience></experience><project/></item><item><jobId>19</jobId><jobTitle>LOS</jobTitle><jobDescription>SOL</jobDescription><experience><experience>Nothing</experience></experience><project/></item></List>
  <List>
<item>
<jobId>1</jobId>
<jobTitle>Software Engg</jobTitle>
<jobDescription>To develop andriod application</jobDescription>
<experience>
  <experience>Google</experience>
  <experience>Apple</experience>
  <experience>Mobile Iron</experience>
</experience>
<project>
  <project>
    <projectName>Movie App</projectName>
    <technology>
      <technology>Kotlin</technology>
      <technology>SQL Lite</technology>
      <technology>Gradle</technology>
    </technology>
  </project>
</project>
</item>
</List>

    /List | not equal | match failed for name: 'item' (MAP:MAP)
    <item><jobId>1</jobId><jobTitle>Software Engg</jobTitle><jobDescription>To develop andriod application</jobDescription><experience><experience>Google</experience><experience>Apple</experience><experience>Mobile Iron</experience></experience><project><project><projectName>Movie App</projectName><technology><technology>Kotlin</technology><technology>SQL Lite</technology><technology>Gradle</technology></technology></project></project></item>
    <item><jobId>1</jobId><jobTitle>Software Engg</jobTitle><jobDescription>To develop andriod application</jobDescription><experience><experience>Google</experience><experience>Apple</experience><experience>Mobile Iron</experience></experience><project><project><projectName>Movie App</projectName><technology><technology>Kotlin</technology><technology>SQL Lite</technology><technology>Gradle</technology></technology></project></project></item>

      /List/item | data types don't match (LIST:MAP)
      [{"jobId":"1","jobTitle":"Software Engg","jobDescription":"To develop andriod application","experience":{"experience":["Google","Apple","Mobile Iron"]},"project":{"project":{"projectName":"Movie App","technology":{"technology":["Kotlin","SQL Lite","Gradle"]}}}},{"jobId":"3","jobTitle":"Data Engg","jobDescription":"Create machine learning apps","experience":{"experience":["IBM","INTEL"]},"project":{"project":{"projectName":"SCASE","technology":{"technology":["Python","R"]}}}},{"jobId":"4","jobTitle":"Software Engg - 2","jobDescription":"To develop andriod application and web application","experience":{"experience":["RRD","ApD","MobileIron"]},"project":{"project":{"projectName":"Eccc","technology":{"technology":["Selenium","Robot"]}}}},{"jobId":"640","jobTitle":"Data Engg","jobDescription":"Create machine learning apps","experience":{"experience":["IBM","INTEL"]},"project":{"project":{"projectName":"SCASE","technology":{"technology":["Python","R"]}}}},{"jobId":"430","jobTitle":"QA Tester","jobDescription":"To develop andriod application","experience":{"experience":["RRD","ApD","MobileIron"]},"project":{"project":{"projectName":"Eccc","technology":{"technology":["Selenium","Robot"]}}}},{"jobId":"3","jobTitle":"Data Engg","jobDescription":"Create machine learning apps","experience":{"experience":["IBM","INTEL"]},"project":{"project":{"projectName":"SCASE","technology":{"technology":["Python","R"]}}}},{"jobId":"3","jobTitle":"Data Engg","jobDescription":"Create machine learning apps","experience":{"experience":["IBM","INTEL"]},"project":{"project":{"projectName":"SCASE","technology":{"technology":["Python","R"]}}}},{"jobId":"4","jobTitle":"QA Tester","jobDescription":"To develop andriod application","experience":{"experience":["RRD","ApD","MobileIron"]},"project":{"project":{"projectName":"Eccc","technology":{"technology":["Selenium","Robot"]}}}},{"jobId":"404","jobTitle":"Data Engg","jobDescription":"Create machine learning apps","experience":{"experience":["IBM","INTEL"]},"project":{"project":{"projectName":"SCASE","technology":{"technology":["Python","R"]}}}},{"jobId":"412","jobTitle":"QA Tester","jobDescription":"To develop andriod application","experience":{"experience":["RRD","ApD","MobileIron"]},"project":{"project":{"projectName":"Eccc","technology":{"technology":["Selenium","Robot"]}}}},{"jobId":"3","jobTitle":"Data Engg","jobDescription":"Create machine learning apps","experience":{"experience":["IBM","INTEL"]},"project":{"project":{"projectName":"SCASE","technology":{"technology":["Python","R"]}}}},{"jobId":"3","jobTitle":"Data Engg","jobDescription":"Create machine learning apps","experience":{"experience":["IBM","INTEL"]},"project":{"project":{"projectName":"SCASE","technology":{"technology":["Python","R"]}}}},{"jobId":"4","jobTitle":"QA Tester","jobDescription":"To develop andriod application","experience":{"experience":["RRD","ApD","MobileIron"]},"project":{"project":{"projectName":"Eccc","technology":{"technology":["Selenium","Robot"]}}}},{"jobId":"612","jobTitle":"Data Engg","jobDescription":"Create machine learning apps","experience":{"experience":["IBM","INTEL"]},"project":{"project":{"projectName":"SCASE","technology":{"technology":["Python","R"]}}}},{"jobId":"124","jobTitle":"QA Tester","jobDescription":"To develop andriod application","experience":{"experience":["RRD","ApD","MobileIron"]},"project":{"project":{"projectName":"Eccc","technology":{"technology":["Selenium","Robot"]}}}},{"jobId":"3","jobTitle":"Data Engg","jobDescription":"Create machine learning apps","experience":{"experience":["IBM","INTEL"]},"project":{"project":{"projectName":"SCASE","technology":{"technology":["Python","R"]}}}},{"jobId":"3","jobTitle":"Data Engg","jobDescription":"Create machine learning apps","experience":{"experience":["IBM","INTEL"]},"project":{"project":{"projectName":"SCASE","technology":{"technology":["Python","R"]}}}},{"jobId":"4","jobTitle":"QA Tester","jobDescription":"To develop andriod application","experience":{"experience":["RRD","ApD","MobileIron"]},"project":{"project":{"projectName":"Eccc","technology":{"technology":["Selenium","Robot"]}}}},{"jobId":"27","jobTitle":"Data Engg","jobDescription":"Create machine learning apps","experience":{"experience":["IBM","INTEL"]},"project":{"project":{"projectName":"SCASE","technology":{"technology":["Python","R"]}}}},{"jobId":"276","jobTitle":"QA Tester","jobDescription":"To develop andriod application","experience":{"experience":["RRD","ApD","MobileIron"]},"project":{"project":{"projectName":"Eccc","technology":{"technology":["Selenium","Robot"]}}}},{"jobId":"3","jobTitle":"Data Engg","jobDescription":"Create machine learning apps","experience":{"experience":["IBM","INTEL"]},"project":{"project":{"projectName":"SCASE","technology":{"technology":["Python","R"]}}}},{"jobId":"47","jobTitle":"LOS","jobDescription":"SOL","experience":{"experience":"Nothing"},"project":null},{"jobId":"99","jobTitle":"LOS","jobDescription":"SOL","experience":{"experience":"Nothing"},"project":null},{"jobId":"49","jobTitle":"LOS","jobDescription":"SOL","experience":{"experience":"Nothing"},"project":null},{"jobId":"99","jobTitle":"LOS","jobDescription":"SOL","experience":{"experience":"Nothing"},"project":null},{"jobId":"80","jobTitle":"LOS","jobDescription":"SOL","experience":{"experience":"Nothing"},"project":null},{"jobId":"0","jobTitle":"LOS","jobDescription":"SOL","experience":{"experience":"Nothing"},"project":null},{"jobId":"0","jobTitle":"LOS","jobDescription":"SOL","experience":{"experience":"Nothing"},"project":null},{"jobId":"0","jobTitle":"LOS","jobDescription":"SOL","experience":{"experience":"Nothing"},"project":null},{"jobId":"45","jobTitle":"QA Tester","jobDescription":"Finding bugs","experience":{"experience":"Nothing"},"project":null},{"jobId":"64","jobTitle":"QA Tester","jobDescription":"Finding bugs","experience":{"experience":"Nothing"},"project":null},{"jobId":"38","jobTitle":"QA Tester","jobDescription":"Finding bugs","experience":{"experience":"Nothing"},"project":null},{"jobId":"85","jobTitle":"LOS","jobDescription":"SOL","experience":{"experience":"Nothing"},"project":null},{"jobId":"9","jobTitle":"QA Tester","jobDescription":"Finding bugs","experience":{"experience":"Nothing"},"project":null},{"jobId":"85","jobTitle":"LOS","jobDescription":"SOL","experience":{"experience":"Nothing"},"project":null},{"jobId":"36","jobTitle":"LOS","jobDescription":"SOL","experience":{"experience":"Nothing"},"project":null},{"jobId":"41","jobTitle":"QA Tester","jobDescription":"Finding bugs","experience":{"experience":"Nothing"},"project":null},{"jobId":"42","jobTitle":"LOS","jobDescription":"SOL","experience":{"experience":"Nothing"},"project":null},{"jobId":"69","jobTitle":"LOS","jobDescription":"SOL","experience":{"experience":"Nothing"},"project":null},{"jobId":"13","jobTitle":"LOS","jobDescription":"SOL","experience":{"experience":"Nothing"},"project":null},{"jobId":"15","jobTitle":"LOS","jobDescription":"To develop andriod application and web application","experience":{"experience":"Nothing"},"project":null},{"jobId":"19","jobTitle":"LOS","jobDescription":"To develop andriod application and web application","experience":{"experience":"Nothing"},"project":null},{"jobId":"92","jobTitle":"Software Engg - 2","jobDescription":"To develop andriod application and web application","experience":{"experience":"Nothing"},"project":null},{"jobId":"54","jobTitle":"LOS","jobDescription":"SOL","experience":{"experience":"Nothing"},"project":null},{"jobId":"90","jobTitle":"Software Engg - 2","jobDescription":"To develop andriod application and web application","experience":{"experience":"Nothing"},"project":null},{"jobId":"38","jobTitle":"LOS","jobDescription":"SOL","experience":{"experience":"Nothing"},"project":null},{"jobId":"5","jobTitle":"Software Engg - 2","jobDescription":"To develop andriod application","experience":{"experience":["Google","Apple","Mobile Iron","Google"]},"project":{"project":{"projectName":"Movie App","technology":{"technology":["Kotlin","SQL Lite","Gradle","Jenkins"]}}}},{"jobId":"623","jobTitle":"Data Engg","jobDescription":"Create machine learning apps","experience":{"experience":["IBM","INTEL"]},"project":{"project":{"projectName":"SCASE","technology":{"technology":["Python","R"]}}}},{"jobId":"3","jobTitle":"Data Engg","jobDescription":"Create machine learning apps","experience":{"experience":["IBM","INTEL"]},"project":{"project":{"projectName":"SCASE","technology":{"technology":["Python","R"]}}}},{"jobId":"4","jobTitle":"QA Tester","jobDescription":"To develop andriod application","experience":{"experience":["RRD","ApD","MobileIron"]},"project":{"project":{"projectName":"Eccc","technology":{"technology":["Selenium","Robot"]}}}},{"jobId":"345","jobTitle":"QA Tester","jobDescription":"To develop andriod application","experience":{"experience":["RRD","ApD","MobileIron"]},"project":{"project":{"projectName":"Eccc","technology":{"technology":["Selenium","Robot"]}}}},{"jobId":"7","jobTitle":"Software Engg","jobDescription":"To develop andriod application","experience":{"experience":["Google","Apple","Mobile Iron","Subex"]},"project":{"project":{"projectName":"Movie App","technology":{"technology":["Kotlin","SQL Lite","Gradle","Jenkins"]}}}},{"jobId":"7","jobTitle":"Software Engg","jobDescription":"To develop andriod application","experience":{"experience":["Google","Apple","Mobile Iron","Subex"]},"project":{"project":{"projectName":"Movie App","technology":{"technology":["Kotlin","SQL Lite","Gradle","Jenkins"]}}}},{"jobId":"50","jobTitle":"Software Engg - 2","jobDescription":"To develop andriod application","experience":{"experience":["Google","Apple","Mobile Iron","Google"]},"project":{"project":{"projectName":"Movie App","technology":{"technology":["Kotlin","SQL Lite","Gradle","Jenkins"]}}}},{"jobId":"43","jobTitle":"Software Engg","jobDescription":"To develop andriod application","experience":{"experience":["Google","Apple","Mobile Iron","Subex"]},"project":{"project":{"projectName":"Movie App","technology":{"technology":["Kotlin","SQL Lite","Gradle","Jenkins"]}}}},{"jobId":"19","jobTitle":"LOS","jobDescription":"SOL","experience":{"experience":"Nothing"},"project":null},{"jobId":"7","jobTitle":"LOS","jobDescription":"SOL","experience":{"experience":"Nothing"},"project":null},{"jobId":"3","jobTitle":"Data Engg","jobDescription":"Create machine learning apps","experience":{"experience":["IBM","INTEL"]},"project":{"project":{"projectName":"SCASE","technology":{"technology":["Python","R"]}}}},{"jobId":"5","jobTitle":"Software Engg - 2","jobDescription":"To develop andriod application","experience":{"experience":["Google","Apple","Mobile Iron","Google"]},"project":{"project":{"projectName":"Movie App","technology":{"technology":["Kotlin","SQL Lite","Gradle","Jenkins"]}}}},{"jobId":"4","jobTitle":"QA Tester","jobDescription":"To develop andriod application","experience":{"experience":["RRD","ApD","MobileIron"]},"project":{"project":{"projectName":"Eccc","technology":{"technology":["Selenium","Robot"]}}}},{"jobId":"135","jobTitle":"Data Engg","jobDescription":"Create machine learning apps","experience":{"experience":["IBM","INTEL"]},"project":{"project":{"projectName":"SCASE","technology":{"technology":["Python","R"]}}}},{"jobId":"647","jobTitle":"QA Tester","jobDescription":"To develop andriod application","experience":{"experience":["RRD","ApD","MobileIron"]},"project":{"project":{"projectName":"Eccc","technology":{"technology":["Selenium","Robot"]}}}},{"jobId":"7","jobTitle":"Software Engg","jobDescription":"To develop andriod application","experience":{"experience":["Google","Apple","Mobile Iron","Subex"]},"project":{"project":{"projectName":"Movie App","technology":{"technology":["Kotlin","SQL Lite","Gradle","Jenkins"]}}}},{"jobId":"7","jobTitle":"Software Engg","jobDescription":"To develop andriod application","experience":{"experience":["Google","Apple","Mobile Iron","Subex"]},"project":{"project":{"projectName":"Movie App","technology":{"technology":["Kotlin","SQL Lite","Gradle","Jenkins"]}}}},{"jobId":"36","jobTitle":"Software Engg - 2","jobDescription":"To develop andriod application","experience":{"experience":["Google","Apple","Mobile Iron","Google"]},"project":{"project":{"projectName":"Movie App","technology":{"technology":["Kotlin","SQL Lite","Gradle","Jenkins"]}}}},{"jobId":"6","jobTitle":"Software Engg","jobDescription":"To develop andriod application","experience":{"experience":["Google","Apple","Mobile Iron","Subex"]},"project":{"project":{"projectName":"Movie App","technology":{"technology":["Kotlin","SQL Lite","Gradle","Jenkins"]}}}},{"jobId":"40","jobTitle":"LOS","jobDescription":"SOL","experience":{"experience":"Nothing"},"project":null},{"jobId":"59","jobTitle":"LOS","jobDescription":"SOL","experience":{"experience":"Nothing"},"project":null},{"jobId":"80","jobTitle":"LOS","jobDescription":"SOL","experience":{"experience":"Nothing"},"project":null},{"jobId":"4","jobTitle":"LOS","jobDescription":"SOL","experience":{"experience":"Nothing"},"project":null},{"jobId":"33","jobTitle":"LOS","jobDescription":"SOL","experience":{"experience":"Nothing"},"project":null},{"jobId":"70","jobTitle":"Software Engg - 2","jobDescription":"To develop andriod application and web application","experience":{"experience":"Nothing"},"project":null},{"jobId":"40","jobTitle":"LOS","jobDescription":"SOL","experience":{"experience":"Nothing"},"project":null},{"jobId":"32","jobTitle":"LOS","jobDescription":"SOL","experience":{"experience":"Nothing"},"project":null},{"jobId":"370","jobTitle":"IOS","jobDescription":"APPLE","experience":{"experience":"Nothing"},"project":null},{"jobId":"676","jobTitle":"IOS","jobDescription":"APPLE","experience":{"experience":"Nothing"},"project":null},{"jobId":"704","jobTitle":"IOS","jobDescription":"APPLE","experience":{"experience":"Nothing"},"project":null},{"jobId":"9980","jobTitle":"Data Analyst","jobDescription":"Develop machine learning models","experience":{"experience":"Nothing"},"project":null},{"jobId":"9980","jobTitle":"Data Analyst","jobDescription":"Develop machine learning models","experience":{"experience":"Nothing"},"project":null},{"jobId":"3","jobTitle":"Data Engg","jobDescription":"Create machine learning apps","experience":{"experience":["IBM","INTEL"]},"project":{"project":{"projectName":"SCASE","technology":{"technology":["Python","R"]}}}},{"jobId":"4","jobTitle":"QA Tester","jobDescription":"To develop andriod application","experience":{"experience":["RRD","ApD","MobileIron"]},"project":{"project":{"projectName":"Eccc","technology":{"technology":["Selenium","Robot"]}}}},{"jobId":"82","jobTitle":"Data Engg","jobDescription":"Create machine learning apps","experience":{"experience":["IBM","INTEL"]},"project":{"project":{"projectName":"SCASE","technology":{"technology":["Python","R"]}}}},{"jobId":"291","jobTitle":"QA Tester","jobDescription":"To develop andriod application","experience":{"experience":["RRD","ApD","MobileIron"]},"project":{"project":{"projectName":"Eccc","technology":{"technology":["Selenium","Robot"]}}}},{"jobId":"3","jobTitle":"Data Engg","jobDescription":"Create machine learning apps","experience":{"experience":["IBM","INTEL"]},"project":{"project":{"projectName":"SCASE","technology":{"technology":["Python","R"]}}}},{"jobId":"3","jobTitle":"Data Engg","jobDescription":"Create machine learning apps","experience":{"experience":["IBM","INTEL"]},"project":{"project":{"projectName":"SCASE","technology":{"technology":["Python","R"]}}}},{"jobId":"251","jobTitle":"LOS","jobDescription":"SOL","experience":{"experience":"Nothing"},"project":null},{"jobId":"19","jobTitle":"LOS","jobDescription":"SOL","experience":{"experience":"Nothing"},"project":null}]
      <jobId>1</jobId>

classpath:com/api/automation/getrequest/responseMatcher.feature:46
match failed: EQUALS
  $ | data types don't match (LIST:STRING)
  ["1","3","4","640","430","3","3","4","404","412","3","3","4","612","124","3","3","4","27","276","3","47","99","49","99","80","0","0","0","45","64","38","85","9","85","36","41","42","69","13","15","19","92","54","90","38","5","623","3","4","345","7","7","50","43","19","7","3","5","4","135","647","7","7","36","6","40","59","80","4","33","70","40","32","370","676","704","9980","9980","3","4","82","291","3","3","251","19"]
  '1'

classpath:com/api/automation/getrequest/validateXMLContent.feature:15
js failed:
>>>>
01: response.List.item.experience.experience[0]
<<<<
org.graalvm.polyglot.PolyglotException: TypeError: Cannot read property "experience" from undefined
- <js>.:program(Unnamed:1)

classpath:com/api/automation/getrequest/validateXMLContent.feature:34
match failed: EQUALS
  $ | all array elements matched (LIST:STRING)
  [{"jobId":1,"jobTitle":"Software Engg","jobDescription":"To develop andriod application","experience":["Google","Apple","Mobile Iron"],"project":[{"projectName":"Movie App","technology":["Kotlin","SQL Lite","Gradle"]}]},{"jobId":3,"jobTitle":"Data Engg","jobDescription":"Create machine learning apps","experience":["IBM","INTEL"],"project":[{"projectName":"SCASE","technology":["Python","R"]}]},{"jobId":4,"jobTitle":"Software Engg - 2","jobDescription":"To develop andriod application and web application","experience":["RRD","ApD","MobileIron"],"project":[{"projectName":"Eccc","technology":["Selenium","Robot"]}]},{"jobId":640,"jobTitle":"Data Engg","jobDescription":"Create machine learning apps","experience":["IBM","INTEL"],"project":[{"projectName":"SCASE","technology":["Python","R"]}]},{"jobId":430,"jobTitle":"QA Tester","jobDescription":"To develop andriod application","experience":["RRD","ApD","MobileIron"],"project":[{"projectName":"Eccc","technology":["Selenium","Robot"]}]},{"jobId":3,"jobTitle":"Data Engg","jobDescription":"Create machine learning apps","experience":["IBM","INTEL"],"project":[{"projectName":"SCASE","technology":["Python","R"]}]},{"jobId":3,"jobTitle":"Data Engg","jobDescription":"Create machine learning apps","experience":["IBM","INTEL"],"project":[{"projectName":"SCASE","technology":["Python","R"]}]},{"jobId":4,"jobTitle":"QA Tester","jobDescription":"To develop andriod application","experience":["RRD","ApD","MobileIron"],"project":[{"projectName":"Eccc","technology":["Selenium","Robot"]}]},{"jobId":404,"jobTitle":"Data Engg","jobDescription":"Create machine learning apps","experience":["IBM","INTEL"],"project":[{"projectName":"SCASE","technology":["Python","R"]}]},{"jobId":412,"jobTitle":"QA Tester","jobDescription":"To develop andriod application","experience":["RRD","ApD","MobileIron"],"project":[{"projectName":"Eccc","technology":["Selenium","Robot"]}]},{"jobId":3,"jobTitle":"Data Engg","jobDescription":"Create machine learning apps","experience":["IBM","INTEL"],"project":[{"projectName":"SCASE","technology":["Python","R"]}]},{"jobId":3,"jobTitle":"Data Engg","jobDescription":"Create machine learning apps","experience":["IBM","INTEL"],"project":[{"projectName":"SCASE","technology":["Python","R"]}]},{"jobId":4,"jobTitle":"QA Tester","jobDescription":"To develop andriod application","experience":["RRD","ApD","MobileIron"],"project":[{"projectName":"Eccc","technology":["Selenium","Robot"]}]},{"jobId":612,"jobTitle":"Data Engg","jobDescription":"Create machine learning apps","experience":["IBM","INTEL"],"project":[{"projectName":"SCASE","technology":["Python","R"]}]},{"jobId":124,"jobTitle":"QA Tester","jobDescription":"To develop andriod application","experience":["RRD","ApD","MobileIron"],"project":[{"projectName":"Eccc","technology":["Selenium","Robot"]}]},{"jobId":3,"jobTitle":"Data Engg","jobDescription":"Create machine learning apps","experience":["IBM","INTEL"],"project":[{"projectName":"SCASE","technology":["Python","R"]}]},{"jobId":3,"jobTitle":"Data Engg","jobDescription":"Create machine learning apps","experience":["IBM","INTEL"],"project":[{"projectName":"SCASE","technology":["Python","R"]}]},{"jobId":4,"jobTitle":"QA Tester","jobDescription":"To develop andriod application","experience":["RRD","ApD","MobileIron"],"project":[{"projectName":"Eccc","technology":["Selenium","Robot"]}]},{"jobId":27,"jobTitle":"Data Engg","jobDescription":"Create machine learning apps","experience":["IBM","INTEL"],"project":[{"projectName":"SCASE","technology":["Python","R"]}]},{"jobId":276,"jobTitle":"QA Tester","jobDescription":"To develop andriod application","experience":["RRD","ApD","MobileIron"],"project":[{"projectName":"Eccc","technology":["Selenium","Robot"]}]},{"jobId":3,"jobTitle":"Data Engg","jobDescription":"Create machine learning apps","experience":["IBM","INTEL"],"project":[{"projectName":"SCASE","technology":["Python","R"]}]},{"jobId":47,"jobTitle":"LOS","jobDescription":"SOL","experience":["Nothing"],"project":[]},{"jobId":99,"jobTitle":"LOS","jobDescription":"SOL","experience":["Nothing"],"project":[]},{"jobId":49,"jobTitle":"LOS","jobDescription":"SOL","experience":["Nothing"],"project":[]},{"jobId":99,"jobTitle":"LOS","jobDescription":"SOL","experience":["Nothing"],"project":[]},{"jobId":80,"jobTitle":"LOS","jobDescription":"SOL","experience":["Nothing"],"project":[]},{"jobId":0,"jobTitle":"QA Tester","jobDescription":"Finding bugs","experience":["Nothing"],"project":[]},{"jobId":0,"jobTitle":"LOS","jobDescription":"SOL","experience":["Nothing"],"project":[]},{"jobId":0,"jobTitle":"LOS","jobDescription":"SOL","experience":["Nothing"],"project":[]},{"jobId":45,"jobTitle":"QA Tester","jobDescription":"Finding bugs","experience":["Nothing"],"project":[]},{"jobId":64,"jobTitle":"QA Tester","jobDescription":"Finding bugs","experience":["Nothing"],"project":[]},{"jobId":38,"jobTitle":"QA Tester","jobDescription":"Finding bugs","experience":["Nothing"],"project":[]},{"jobId":85,"jobTitle":"LOS","jobDescription":"SOL","experience":["Nothing"],"project":[]},{"jobId":9,"jobTitle":"QA Tester","jobDescription":"Finding bugs","experience":["Nothing"],"project":[]},{"jobId":85,"jobTitle":"LOS","jobDescription":"SOL","experience":["Nothing"],"project":[]},{"jobId":36,"jobTitle":"LOS","jobDescription":"SOL","experience":["Nothing"],"project":[]},{"jobId":41,"jobTitle":"QA Tester","jobDescription":"Finding bugs","experience":["Nothing"],"project":[]},{"jobId":42,"jobTitle":"LOS","jobDescription":"SOL","experience":["Nothing"],"project":[]},{"jobId":69,"jobTitle":"LOS","jobDescription":"SOL","experience":["Nothing"],"project":[]},{"jobId":13,"jobTitle":"LOS","jobDescription":"SOL","experience":["Nothing"],"project":[]},{"jobId":15,"jobTitle":"LOS","jobDescription":"To develop andriod application and web application","experience":["Nothing"],"project":[]},{"jobId":19,"jobTitle":"LOS","jobDescription":"To develop andriod application and web application","experience":["Nothing"],"project":[]},{"jobId":92,"jobTitle":"Software Engg - 2","jobDescription":"To develop andriod application and web application","experience":["Nothing"],"project":[]},{"jobId":54,"jobTitle":"LOS","jobDescription":"SOL","experience":["Nothing"],"project":[]},{"jobId":90,"jobTitle":"Software Engg - 2","jobDescription":"To develop andriod application and web application","experience":["Nothing"],"project":[]},{"jobId":38,"jobTitle":"LOS","jobDescription":"SOL","experience":["Nothing"],"project":[]},{"jobId":5,"jobTitle":"Software Engg - 2","jobDescription":"To develop andriod application","experience":["Google","Apple","Mobile Iron","Google"],"project":[{"projectName":"Movie App","technology":["Kotlin","SQL Lite","Gradle","Jenkins"]}]},{"jobId":623,"jobTitle":"Data Engg","jobDescription":"Create machine learning apps","experience":["IBM","INTEL"],"project":[{"projectName":"SCASE","technology":["Python","R"]}]},{"jobId":3,"jobTitle":"Data Engg","jobDescription":"Create machine learning apps","experience":["IBM","INTEL"],"project":[{"projectName":"SCASE","technology":["Python","R"]}]},{"jobId":4,"jobTitle":"QA Tester","jobDescription":"To develop andriod application","experience":["RRD","ApD","MobileIron"],"project":[{"projectName":"Eccc","technology":["Selenium","Robot"]}]},{"jobId":345,"jobTitle":"QA Tester","jobDescription":"To develop andriod application","experience":["RRD","ApD","MobileIron"],"project":[{"projectName":"Eccc","technology":["Selenium","Robot"]}]},{"jobId":7,"jobTitle":"Software Engg","jobDescription":"To develop andriod application","experience":["Google","Apple","Mobile Iron","Subex"],"project":[{"projectName":"Movie App","technology":["Kotlin","SQL Lite","Gradle","Jenkins"]}]},{"jobId":7,"jobTitle":"Software Engg","jobDescription":"To develop andriod application","experience":["Google","Apple","Mobile Iron","Subex"],"project":[{"projectName":"Movie App","technology":["Kotlin","SQL Lite","Gradle","Jenkins"]}]},{"jobId":50,"jobTitle":"Software Engg - 2","jobDescription":"To develop andriod application","experience":["Google","Apple","Mobile Iron","Google"],"project":[{"projectName":"Movie App","technology":["Kotlin","SQL Lite","Gradle","Jenkins"]}]},{"jobId":43,"jobTitle":"Software Engg","jobDescription":"To develop andriod application","experience":["Google","Apple","Mobile Iron","Subex"],"project":[{"projectName":"Movie App","technology":["Kotlin","SQL Lite","Gradle","Jenkins"]}]},{"jobId":19,"jobTitle":"LOS","jobDescription":"SOL","experience":["Nothing"],"project":[]},{"jobId":7,"jobTitle":"LOS","jobDescription":"SOL","experience":["Nothing"],"project":[]},{"jobId":3,"jobTitle":"Data Engg","jobDescription":"Create machine learning apps","experience":["IBM","INTEL"],"project":[{"projectName":"SCASE","technology":["Python","R"]}]},{"jobId":5,"jobTitle":"Software Engg - 2","jobDescription":"To develop andriod application","experience":["Google","Apple","Mobile Iron","Google"],"project":[{"projectName":"Movie App","technology":["Kotlin","SQL Lite","Gradle","Jenkins"]}]},{"jobId":4,"jobTitle":"QA Tester","jobDescription":"To develop andriod application","experience":["RRD","ApD","MobileIron"],"project":[{"projectName":"Eccc","technology":["Selenium","Robot"]}]},{"jobId":135,"jobTitle":"Data Engg","jobDescription":"Create machine learning apps","experience":["IBM","INTEL"],"project":[{"projectName":"SCASE","technology":["Python","R"]}]},{"jobId":647,"jobTitle":"QA Tester","jobDescription":"To develop andriod application","experience":["RRD","ApD","MobileIron"],"project":[{"projectName":"Eccc","technology":["Selenium","Robot"]}]},{"jobId":7,"jobTitle":"Software Engg","jobDescription":"To develop andriod application","experience":["Google","Apple","Mobile Iron","Subex"],"project":[{"projectName":"Movie App","technology":["Kotlin","SQL Lite","Gradle","Jenkins"]}]},{"jobId":7,"jobTitle":"Software Engg","jobDescription":"To develop andriod application","experience":["Google","Apple","Mobile Iron","Subex"],"project":[{"projectName":"Movie App","technology":["Kotlin","SQL Lite","Gradle","Jenkins"]}]},{"jobId":36,"jobTitle":"Software Engg - 2","jobDescription":"To develop andriod application","experience":["Google","Apple","Mobile Iron","Google"],"project":[{"projectName":"Movie App","technology":["Kotlin","SQL Lite","Gradle","Jenkins"]}]},{"jobId":6,"jobTitle":"Software Engg","jobDescription":"To develop andriod application","experience":["Google","Apple","Mobile Iron","Subex"],"project":[{"projectName":"Movie App","technology":["Kotlin","SQL Lite","Gradle","Jenkins"]}]},{"jobId":40,"jobTitle":"LOS","jobDescription":"SOL","experience":["Nothing"],"project":[]},{"jobId":59,"jobTitle":"LOS","jobDescription":"SOL","experience":["Nothing"],"project":[]},{"jobId":80,"jobTitle":"LOS","jobDescription":"SOL","experience":["Nothing"],"project":[]},{"jobId":4,"jobTitle":"LOS","jobDescription":"SOL","experience":["Nothing"],"project":[]},{"jobId":33,"jobTitle":"LOS","jobDescription":"SOL","experience":["Nothing"],"project":[]},{"jobId":70,"jobTitle":"Software Engg - 2","jobDescription":"To develop andriod application and web application","experience":["Nothing"],"project":[]},{"jobId":40,"jobTitle":"LOS","jobDescription":"SOL","experience":["Nothing"],"project":[]},{"jobId":32,"jobTitle":"LOS","jobDescription":"SOL","experience":["Nothing"],"project":[]},{"jobId":370,"jobTitle":"IOS","jobDescription":"APPLE","experience":["Nothing"],"project":[]},{"jobId":676,"jobTitle":"IOS","jobDescription":"APPLE","experience":["Nothing"],"project":[]},{"jobId":704,"jobTitle":"IOS","jobDescription":"APPLE","experience":["Nothing"],"project":[]},{"jobId":9980,"jobTitle":"Data Analyst","jobDescription":"Develop machine learning models","experience":["Nothing"],"project":[]},{"jobId":9980,"jobTitle":"Data Analyst","jobDescription":"Develop machine learning models","experience":["Nothing"],"project":[]},{"jobId":3,"jobTitle":"Data Engg","jobDescription":"Create machine learning apps","experience":["IBM","INTEL"],"project":[{"projectName":"SCASE","technology":["Python","R"]}]},{"jobId":4,"jobTitle":"QA Tester","jobDescription":"To develop andriod application","experience":["RRD","ApD","MobileIron"],"project":[{"projectName":"Eccc","technology":["Selenium","Robot"]}]},{"jobId":82,"jobTitle":"Data Engg","jobDescription":"Create machine learning apps","experience":["IBM","INTEL"],"project":[{"projectName":"SCASE","technology":["Python","R"]}]},{"jobId":291,"jobTitle":"QA Tester","jobDescription":"To develop andriod application","experience":["RRD","ApD","MobileIron"],"project":[{"projectName":"Eccc","technology":["Selenium","Robot"]}]},{"jobId":3,"jobTitle":"Data Engg","jobDescription":"Create machine learning apps","experience":["IBM","INTEL"],"project":[{"projectName":"SCASE","technology":["Python","R"]}]},{"jobId":3,"jobTitle":"Data Engg","jobDescription":"Create machine learning apps","experience":["IBM","INTEL"],"project":[{"projectName":"SCASE","technology":["Python","R"]}]},{"jobId":251,"jobTitle":"LOS","jobDescription":"SOL","experience":["Nothing"],"project":[]},{"jobId":19,"jobTitle":"LOS","jobDescription":"SOL","experience":["Nothing"],"project":[]},{"jobId":91,"jobTitle":"LOS","jobDescription":"SOL","experience":["Nothing"],"project":[]},{"jobId":69,"jobTitle":"LOS","jobDescription":"SOL","experience":["Nothing"],"project":[]},{"jobId":0,"jobTitle":"LOS","jobDescription":"SOL","experience":["Nothing"],"project":[]},{"jobId":3,"jobTitle":"Data Engg","jobDescription":"Create machine learning apps","experience":["IBM","INTEL"],"project":[{"projectName":"SCASE","technology":["Python","R"]}]},{"jobId":35,"jobTitle":"LOS","jobDescription":"SOL","experience":["Nothing"],"project":[]},{"jobId":540,"jobTitle":"Data Engg","jobDescription":"Create machine learning apps","experience":["IBM","INTEL"],"project":[{"projectName":"SCASE","technology":["Python","R"]}]},{"jobId":4,"jobTitle":"QA Tester","jobDescription":"To develop andriod application","experience":["RRD","ApD","MobileIron"],"project":[{"projectName":"Eccc","technology":["Selenium","Robot"]}]},{"jobId":3,"jobTitle":"Data Engg","jobDescription":"Create machine learning apps","experience":["IBM","INTEL"],"project":[{"projectName":"SCASE","technology":["Python","R"]}]},{"jobId":952,"jobTitle":"QA Tester","jobDescription":"To develop andriod application","experience":["RRD","ApD","MobileIron"],"project":[{"projectName":"Eccc","technology":["Selenium","Robot"]}]}]
  '#[] ##(mainSchema)'

    $[21] | not equal | match failed for name: 'project' (MAP:MAP)
    {"jobId":47,"jobTitle":"LOS","jobDescription":"SOL","experience":["Nothing"],"project":[]}
    {"jobId":"#number","jobTitle":"#string","jobDescription":"#string","experience":"#[] #string","project":"#[] ##(projectSchema)"}

      $[21].project | all array elements matched (LIST:STRING)
      []
      '#[] ##(projectSchema)'


classpath:com/api/automation/postrequest/schemaValidation.feature:26
js failed:
>>>>
01: read("data/jobEntry.json")
<<<<
org.graalvm.polyglot.PolyglotException: java.io.FileNotFoundException: /Users/jaredsalinas/IdeaProjects/KarateFrameworkTest/target/test-classes/com/api/automation/tags/data/jobEntry.json (No such file or directory)
- com.intuit.karate.resource.FileResource.getStream(FileResource.java:98)
- com.intuit.karate.core.ScenarioFileReader.readFileAsStream(ScenarioFileReader.java:99)
- com.intuit.karate.core.ScenarioFileReader.readFileAsString(ScenarioFileReader.java:95)
- com.intuit.karate.core.ScenarioFileReader.readFile(ScenarioFileReader.java:54)
- com.intuit.karate.core.ScenarioEngine.lambda$new$0(ScenarioEngine.java:124)
- <js>.:program(Unnamed:1)

classpath:com/api/automation/tags/createJobEntry.feature:38
js failed:
>>>>
01: read("data/jobEntry.xml")
<<<<
org.graalvm.polyglot.PolyglotException: java.io.FileNotFoundException: /Users/jaredsalinas/IdeaProjects/KarateFrameworkTest/target/test-classes/com/api/automation/tags/data/jobEntry.xml (No such file or directory)
- com.intuit.karate.resource.FileResource.getStream(FileResource.java:98)
- com.intuit.karate.core.ScenarioFileReader.readFileAsStream(ScenarioFileReader.java:99)
- com.intuit.karate.core.ScenarioFileReader.readFileAsString(ScenarioFileReader.java:95)
- com.intuit.karate.core.ScenarioFileReader.readFile(ScenarioFileReader.java:54)
- com.intuit.karate.core.ScenarioEngine.lambda$new$0(ScenarioEngine.java:124)
- <js>.:program(Unnamed:1)

classpath:com/api/automation/tags/createJobEntry.feature:48
status code was: 404, expected: 200, response time in milliseconds: 17, url: http://localhost:9897/normal/webapi/find?jobTitle=Software+Engg+-+2&id=95, response: 
{"message":"Failed to find job with id=95, jobTitle=Software Engg - 2"}
classpath:com/api/automation/tags/queryParameter.feature:21
<<<

HTML report: (paste into browser to view) | Karate version: 1.4.1
file:///Users/jaredsalinas/IdeaProjects/KarateFrameworkTest/target/karate-reports/karate-summary.html
===================================================================

Total Feature => 22
Total Scenarios => 57
Passed Scenarios => 46
]]></system-out>
  </testcase>
</testsuite>